2006.12.14 12:03 B C:\Documents and Settings\User\Mis documentos\paginas web\nering\torre linda\torrelindafinal\depas\departamentos\detalle\14piso\1302duplexb.gif --> www.ggmdesign.com /public_html/proyectos/torrelindafinal/depas/departamentos/detalle/14piso 1302duplexb.gif
2006.12.14 12:03 B C:\Documents and Settings\User\Mis documentos\paginas web\nering\torre linda\torrelindafinal\depas\departamentos\detalle\14piso\1302duplexb.htm --> www.ggmdesign.com /public_html/proyectos/torrelindafinal/depas/departamentos/detalle/14piso 1302duplexb.htm
2006.12.14 12:04 B C:\Documents and Settings\User\Mis documentos\paginas web\nering\torre linda\torrelindafinal\depas\departamentos\detalle\14piso\1401.gif --> www.ggmdesign.com /public_html/proyectos/torrelindafinal/depas/departamentos/detalle/14piso 1401.gif
2006.12.14 12:04 B C:\Documents and Settings\User\Mis documentos\paginas web\nering\torre linda\torrelindafinal\depas\departamentos\detalle\14piso\1401.htm --> www.ggmdesign.com /public_html/proyectos/torrelindafinal/depas/departamentos/detalle/14piso 1401.htm
2006.12.14 12:04 B C:\Documents and Settings\User\Mis documentos\paginas web\nering\torre linda\torrelindafinal\depas\departamentos\detalle\14piso\1402.gif --> www.ggmdesign.com /public_html/proyectos/torrelindafinal/depas/departamentos/detalle/14piso 1402.gif
2006.12.14 12:04 B C:\Documents and Settings\User\Mis documentos\paginas web\nering\torre linda\torrelindafinal\depas\departamentos\detalle\14piso\1402.htm --> www.ggmdesign.com /public_html/proyectos/torrelindafinal/depas/departamentos/detalle/14piso 1402.htm
2006.12.14 12:05 B C:\Documents and Settings\User\Mis documentos\paginas web\nering\torre linda\torrelindafinal\depas\departamentos\detalle\14piso\Thumbs.db --> www.ggmdesign.com /public_html/proyectos/torrelindafinal/depas/departamentos/detalle/14piso Thumbs.db
2006.12.17 10:32 B C:\Documents and Settings\User\Mis documentos\paginas web\nering\torre linda\torrelindafinal\depas\departamentos\detalle\14piso\1302duplexb.gif --> www.nering.com.pe /public_html/depas/departamentos/detalle/14piso 1302duplexb.gif
2006.12.17 10:32 B C:\Documents and Settings\User\Mis documentos\paginas web\nering\torre linda\torrelindafinal\depas\departamentos\detalle\14piso\1302duplexb.htm --> www.nering.com.pe /public_html/depas/departamentos/detalle/14piso 1302duplexb.htm
2006.12.17 10:32 B C:\Documents and Settings\User\Mis documentos\paginas web\nering\torre linda\torrelindafinal\depas\departamentos\detalle\14piso\1401.gif --> www.nering.com.pe /public_html/depas/departamentos/detalle/14piso 1401.gif
2006.12.17 10:32 B C:\Documents and Settings\User\Mis documentos\paginas web\nering\torre linda\torrelindafinal\depas\departamentos\detalle\14piso\1401.htm --> www.nering.com.pe /public_html/depas/departamentos/detalle/14piso 1401.htm
2006.12.17 10:32 B C:\Documents and Settings\User\Mis documentos\paginas web\nering\torre linda\torrelindafinal\depas\departamentos\detalle\14piso\1402.gif --> www.nering.com.pe /public_html/depas/departamentos/detalle/14piso 1402.gif
2006.12.17 10:32 B C:\Documents and Settings\User\Mis documentos\paginas web\nering\torre linda\torrelindafinal\depas\departamentos\detalle\14piso\1402.htm --> www.nering.com.pe /public_html/depas/departamentos/detalle/14piso 1402.htm
2006.12.17 10:32 B C:\Documents and Settings\User\Mis documentos\paginas web\nering\torre linda\torrelindafinal\depas\departamentos\detalle\14piso\Thumbs.db --> www.nering.com.pe /public_html/depas/departamentos/detalle/14piso Thumbs.db
2006.12.17 10:32 B C:\Documents and Settings\User\Mis documentos\paginas web\nering\torre linda\torrelindafinal\depas\departamentos\detalle\14piso\WS_FTP.LOG --> www.nering.com.pe /public_html/depas/departamentos/detalle/14piso WS_FTP.LOG
2007.05.09 19:37 B C:\Documents and Settings\User\Mis documentos\paginas web\torre linda\torrelindafinal07\depas\planos\detalle\14piso\1302duplexb.gif --> www.nering.com.pe /public_html/depas/planos/detalle/14piso 1302duplexb.gif
2007.05.09 19:37 B C:\Documents and Settings\User\Mis documentos\paginas web\torre linda\torrelindafinal07\depas\planos\detalle\14piso\1302duplexb.htm --> www.nering.com.pe /public_html/depas/planos/detalle/14piso 1302duplexb.htm
2007.05.09 19:37 B C:\Documents and Settings\User\Mis documentos\paginas web\torre linda\torrelindafinal07\depas\planos\detalle\14piso\1401.gif --> www.nering.com.pe /public_html/depas/planos/detalle/14piso 1401.gif
2007.05.09 19:37 B C:\Documents and Settings\User\Mis documentos\paginas web\torre linda\torrelindafinal07\depas\planos\detalle\14piso\1401.htm --> www.nering.com.pe /public_html/depas/planos/detalle/14piso 1401.htm
2007.05.09 19:37 B C:\Documents and Settings\User\Mis documentos\paginas web\torre linda\torrelindafinal07\depas\planos\detalle\14piso\1402.gif --> www.nering.com.pe /public_html/depas/planos/detalle/14piso 1402.gif
2007.05.09 19:37 B C:\Documents and Settings\User\Mis documentos\paginas web\torre linda\torrelindafinal07\depas\planos\detalle\14piso\1402.htm --> www.nering.com.pe /public_html/depas/planos/detalle/14piso 1402.htm
2007.05.09 19:37 B C:\Documents and Settings\User\Mis documentos\paginas web\torre linda\torrelindafinal07\depas\planos\detalle\14piso\Thumbs.db --> www.nering.com.pe /public_html/depas/planos/detalle/14piso Thumbs.db
2007.05.09 19:37 B C:\Documents and Settings\User\Mis documentos\paginas web\torre linda\torrelindafinal07\depas\planos\detalle\14piso\WS_FTP.LOG --> www.nering.com.pe /public_html/depas/planos/detalle/14piso WS_FTP.LOG
2007.05.17 10:24 B C:\Documents and Settings\User\Mis documentos\paginas web\torre linda\torrelindafinal07\depas\planos\detalle\14piso\1302duplexb.gif --> www.nering.com.pe /public_html/depas/planos/detalle/14piso 1302duplexb.gif
2007.05.17 10:24 B C:\Documents and Settings\User\Mis documentos\paginas web\torre linda\torrelindafinal07\depas\planos\detalle\14piso\1302duplexb.htm --> www.nering.com.pe /public_html/depas/planos/detalle/14piso 1302duplexb.htm
2007.05.17 10:24 B C:\Documents and Settings\User\Mis documentos\paginas web\torre linda\torrelindafinal07\depas\planos\detalle\14piso\1401.gif --> www.nering.com.pe /public_html/depas/planos/detalle/14piso 1401.gif
2007.05.17 10:24 B C:\Documents and Settings\User\Mis documentos\paginas web\torre linda\torrelindafinal07\depas\planos\detalle\14piso\1401.htm --> www.nering.com.pe /public_html/depas/planos/detalle/14piso 1401.htm
2007.05.17 10:24 B C:\Documents and Settings\User\Mis documentos\paginas web\torre linda\torrelindafinal07\depas\planos\detalle\14piso\1402.gif --> www.nering.com.pe /public_html/depas/planos/detalle/14piso 1402.gif
2007.05.17 10:24 B C:\Documents and Settings\User\Mis documentos\paginas web\torre linda\torrelindafinal07\depas\planos\detalle\14piso\1402.htm --> www.nering.com.pe /public_html/depas/planos/detalle/14piso 1402.htm
2008.01.07 11:37 B C:\Documents and Settings\Yanina\Mis documentos\PAGINAS WEB\torre linda\torrelindafinal07\depas\planos\detalle\14piso\1302duplexb.gif --> www.nering.net /depas/planos/detalle/14piso 1302duplexb.gif
2008.01.07 11:37 B C:\Documents and Settings\Yanina\Mis documentos\PAGINAS WEB\torre linda\torrelindafinal07\depas\planos\detalle\14piso\1302duplexb.htm --> www.nering.net /depas/planos/detalle/14piso 1302duplexb.htm
2008.01.07 11:37 B C:\Documents and Settings\Yanina\Mis documentos\PAGINAS WEB\torre linda\torrelindafinal07\depas\planos\detalle\14piso\1401.gif --> www.nering.net /depas/planos/detalle/14piso 1401.gif
2008.01.07 11:37 B C:\Documents and Settings\Yanina\Mis documentos\PAGINAS WEB\torre linda\torrelindafinal07\depas\planos\detalle\14piso\1401.htm --> www.nering.net /depas/planos/detalle/14piso 1401.htm
2008.01.07 11:38 B C:\Documents and Settings\Yanina\Mis documentos\PAGINAS WEB\torre linda\torrelindafinal07\depas\planos\detalle\14piso\1402.gif --> www.nering.net /depas/planos/detalle/14piso 1402.gif
2008.01.07 11:38 B C:\Documents and Settings\Yanina\Mis documentos\PAGINAS WEB\torre linda\torrelindafinal07\depas\planos\detalle\14piso\1402.htm --> www.nering.net /depas/planos/detalle/14piso 1402.htm
2008.01.07 11:38 B C:\Documents and Settings\Yanina\Mis documentos\PAGINAS WEB\torre linda\torrelindafinal07\depas\planos\detalle\14piso\Thumbs.db --> www.nering.net /depas/planos/detalle/14piso Thumbs.db
