2006.11.20 08:51 B C:\Documents and Settings\User\Mis documentos\paginas web\nering\torre linda\torrelindafinal\proyectos\proyecto1.htm --> www.ggmdesign.com /public_html/proyectos/torrelinda/proyectos proyecto1.htm
2006.11.20 08:51 B C:\Documents and Settings\User\Mis documentos\paginas web\nering\torre linda\torrelindafinal\proyectos\proyecto1a.htm --> www.ggmdesign.com /public_html/proyectos/torrelinda/proyectos proyecto1a.htm
2006.11.20 08:51 B C:\Documents and Settings\User\Mis documentos\paginas web\nering\torre linda\torrelindafinal\proyectos\proyecto2.htm --> www.ggmdesign.com /public_html/proyectos/torrelinda/proyectos proyecto2.htm
2006.11.20 08:51 B C:\Documents and Settings\User\Mis documentos\paginas web\nering\torre linda\torrelindafinal\proyectos\proyecto3.htm --> www.ggmdesign.com /public_html/proyectos/torrelinda/proyectos proyecto3.htm
2006.11.20 08:51 B C:\Documents and Settings\User\Mis documentos\paginas web\nering\torre linda\torrelindafinal\proyectos\proyecto3a.htm --> www.ggmdesign.com /public_html/proyectos/torrelinda/proyectos proyecto3a.htm
2006.11.20 08:51 B C:\Documents and Settings\User\Mis documentos\paginas web\nering\torre linda\torrelindafinal\proyectos\proyectoform.swf --> www.ggmdesign.com /public_html/proyectos/torrelinda/proyectos proyectoform.swf
2006.11.20 08:51 B C:\Documents and Settings\User\Mis documentos\paginas web\nering\torre linda\torrelindafinal\proyectos\send1.php --> www.ggmdesign.com /public_html/proyectos/torrelinda/proyectos send1.php
2006.11.20 09:09 B C:\Documents and Settings\User\Mis documentos\paginas web\nering\torre linda\torrelindafinal\proyectos\proyecto1.htm --> www.ggmdesign.com /public_html/proyectos/torrelinda/proyectos proyecto1.htm
2006.11.20 09:09 B C:\Documents and Settings\User\Mis documentos\paginas web\nering\torre linda\torrelindafinal\proyectos\proyecto1a.htm --> www.ggmdesign.com /public_html/proyectos/torrelinda/proyectos proyecto1a.htm
2006.11.20 09:09 B C:\Documents and Settings\User\Mis documentos\paginas web\nering\torre linda\torrelindafinal\proyectos\proyecto2.htm --> www.ggmdesign.com /public_html/proyectos/torrelinda/proyectos proyecto2.htm
2006.11.20 09:09 B C:\Documents and Settings\User\Mis documentos\paginas web\nering\torre linda\torrelindafinal\proyectos\proyecto3.htm --> www.ggmdesign.com /public_html/proyectos/torrelinda/proyectos proyecto3.htm
2006.11.20 09:09 B C:\Documents and Settings\User\Mis documentos\paginas web\nering\torre linda\torrelindafinal\proyectos\proyecto3a.htm --> www.ggmdesign.com /public_html/proyectos/torrelinda/proyectos proyecto3a.htm
2006.12.14 13:27 B C:\Documents and Settings\User\Mis documentos\paginas web\nering\torre linda\torrelindafinal\proyectos\proyecto1.htm --> www.ggmdesign.com /public_html/proyectos/torrelindafinal/proyectos proyecto1.htm
2006.12.14 13:27 B C:\Documents and Settings\User\Mis documentos\paginas web\nering\torre linda\torrelindafinal\proyectos\proyecto1a.htm --> www.ggmdesign.com /public_html/proyectos/torrelindafinal/proyectos proyecto1a.htm
2006.12.14 13:27 B C:\Documents and Settings\User\Mis documentos\paginas web\nering\torre linda\torrelindafinal\proyectos\proyecto2.htm --> www.ggmdesign.com /public_html/proyectos/torrelindafinal/proyectos proyecto2.htm
2006.12.14 13:27 B C:\Documents and Settings\User\Mis documentos\paginas web\nering\torre linda\torrelindafinal\proyectos\proyecto3.htm --> www.ggmdesign.com /public_html/proyectos/torrelindafinal/proyectos proyecto3.htm
2006.12.14 13:27 B C:\Documents and Settings\User\Mis documentos\paginas web\nering\torre linda\torrelindafinal\proyectos\proyecto3a.htm --> www.ggmdesign.com /public_html/proyectos/torrelindafinal/proyectos proyecto3a.htm
2006.12.14 13:27 B C:\Documents and Settings\User\Mis documentos\paginas web\nering\torre linda\torrelindafinal\proyectos\proyectoform.swf --> www.ggmdesign.com /public_html/proyectos/torrelindafinal/proyectos proyectoform.swf
2006.12.14 13:27 B C:\Documents and Settings\User\Mis documentos\paginas web\nering\torre linda\torrelindafinal\proyectos\send1.php --> www.ggmdesign.com /public_html/proyectos/torrelindafinal/proyectos send1.php
2006.12.14 13:27 B C:\Documents and Settings\User\Mis documentos\paginas web\nering\torre linda\torrelindafinal\proyectos\WS_FTP.LOG --> www.ggmdesign.com /public_html/proyectos/torrelindafinal/proyectos WS_FTP.LOG
2006.12.17 10:51 B C:\Documents and Settings\User\Mis documentos\paginas web\nering\torre linda\torrelindafinal\proyectos\proyecto1.htm --> www.nering.com.pe /public_html/proyectos proyecto1.htm
2006.12.17 10:51 B C:\Documents and Settings\User\Mis documentos\paginas web\nering\torre linda\torrelindafinal\proyectos\proyecto1a.htm --> www.nering.com.pe /public_html/proyectos proyecto1a.htm
2006.12.17 10:51 B C:\Documents and Settings\User\Mis documentos\paginas web\nering\torre linda\torrelindafinal\proyectos\proyecto2.htm --> www.nering.com.pe /public_html/proyectos proyecto2.htm
2006.12.17 10:51 B C:\Documents and Settings\User\Mis documentos\paginas web\nering\torre linda\torrelindafinal\proyectos\proyecto3.htm --> www.nering.com.pe /public_html/proyectos proyecto3.htm
2006.12.17 10:51 B C:\Documents and Settings\User\Mis documentos\paginas web\nering\torre linda\torrelindafinal\proyectos\proyecto3a.htm --> www.nering.com.pe /public_html/proyectos proyecto3a.htm
2006.12.17 10:51 B C:\Documents and Settings\User\Mis documentos\paginas web\nering\torre linda\torrelindafinal\proyectos\proyectoform.swf --> www.nering.com.pe /public_html/proyectos proyectoform.swf
2006.12.17 10:51 B C:\Documents and Settings\User\Mis documentos\paginas web\nering\torre linda\torrelindafinal\proyectos\send1.php --> www.nering.com.pe /public_html/proyectos send1.php
2006.12.17 10:51 B C:\Documents and Settings\User\Mis documentos\paginas web\nering\torre linda\torrelindafinal\proyectos\WS_FTP.LOG --> www.nering.com.pe /public_html/proyectos WS_FTP.LOG
2006.12.18 07:42 B C:\Documents and Settings\User\Mis documentos\paginas web\nering\torre linda\torrelindafinal\proyectos\arribainter1.swf --> www.nering.com.pe /public_html/proyectos arribainter1.swf
2006.12.18 07:42 B C:\Documents and Settings\User\Mis documentos\paginas web\nering\torre linda\torrelindafinal\proyectos\proyecto1.htm --> www.nering.com.pe /public_html/proyectos proyecto1.htm
2006.12.18 07:42 B C:\Documents and Settings\User\Mis documentos\paginas web\nering\torre linda\torrelindafinal\proyectos\proyecto1a.htm --> www.nering.com.pe /public_html/proyectos proyecto1a.htm
2006.12.18 07:42 B C:\Documents and Settings\User\Mis documentos\paginas web\nering\torre linda\torrelindafinal\proyectos\proyecto2.htm --> www.nering.com.pe /public_html/proyectos proyecto2.htm
2006.12.18 07:42 B C:\Documents and Settings\User\Mis documentos\paginas web\nering\torre linda\torrelindafinal\proyectos\proyecto3.htm --> www.nering.com.pe /public_html/proyectos proyecto3.htm
2006.12.18 07:42 B C:\Documents and Settings\User\Mis documentos\paginas web\nering\torre linda\torrelindafinal\proyectos\proyecto3a.htm --> www.nering.com.pe /public_html/proyectos proyecto3a.htm
2006.12.18 07:42 B C:\Documents and Settings\User\Mis documentos\paginas web\nering\torre linda\torrelindafinal\proyectos\proyectoform.swf --> www.nering.com.pe /public_html/proyectos proyectoform.swf
2006.12.18 07:42 B C:\Documents and Settings\User\Mis documentos\paginas web\nering\torre linda\torrelindafinal\proyectos\send1.php --> www.nering.com.pe /public_html/proyectos send1.php
2006.12.18 07:45 B C:\Documents and Settings\User\Mis documentos\paginas web\nering\torre linda\torrelindafinal\proyectos\send1.php --> www.nering.com.pe /public_html/proyectos send1.php
2006.12.18 07:47 B C:\Documents and Settings\User\Mis documentos\paginas web\nering\torre linda\torrelindafinal\proyectos\send1.php --> www.nering.com.pe /public_html/proyectos send1.php
2006.12.18 08:43 B C:\Documents and Settings\User\Mis documentos\paginas web\nering\torre linda\torrelindafinal\proyectos\arribainter1.swf --> www.nering.com.pe /public_html/proyectos arribainter1.swf
2006.12.18 08:43 B C:\Documents and Settings\User\Mis documentos\paginas web\nering\torre linda\torrelindafinal\proyectos\proyecto1.htm --> www.nering.com.pe /public_html/proyectos proyecto1.htm
2006.12.18 08:43 B C:\Documents and Settings\User\Mis documentos\paginas web\nering\torre linda\torrelindafinal\proyectos\proyecto1a.htm --> www.nering.com.pe /public_html/proyectos proyecto1a.htm
2006.12.18 08:43 B C:\Documents and Settings\User\Mis documentos\paginas web\nering\torre linda\torrelindafinal\proyectos\proyecto2.htm --> www.nering.com.pe /public_html/proyectos proyecto2.htm
2006.12.18 08:43 B C:\Documents and Settings\User\Mis documentos\paginas web\nering\torre linda\torrelindafinal\proyectos\proyecto3.htm --> www.nering.com.pe /public_html/proyectos proyecto3.htm
2006.12.18 08:43 B C:\Documents and Settings\User\Mis documentos\paginas web\nering\torre linda\torrelindafinal\proyectos\proyecto3a.htm --> www.nering.com.pe /public_html/proyectos proyecto3a.htm
2006.12.18 08:43 B C:\Documents and Settings\User\Mis documentos\paginas web\nering\torre linda\torrelindafinal\proyectos\proyectoform.swf --> www.nering.com.pe /public_html/proyectos proyectoform.swf
2006.12.18 08:43 B C:\Documents and Settings\User\Mis documentos\paginas web\nering\torre linda\torrelindafinal\proyectos\send1.php --> www.nering.com.pe /public_html/proyectos send1.php
2006.12.18 10:25 B C:\Documents and Settings\User\Mis documentos\paginas web\nering\torre linda\torrelindafinal\proyectos\arribainter1.swf --> www.nering.com.pe /public_html/proyectos arribainter1.swf
2006.12.31 12:15 B C:\Documents and Settings\User\Mis documentos\paginas web\nering\torre linda\torrelindafinal\proyectos\arribainter1.swf --> www.nering.com.pe /public_html/proyectos arribainter1.swf
2008.01.07 11:46 B C:\Documents and Settings\Yanina\Mis documentos\PAGINAS WEB\torre linda\torrelindafinal07\proyectos\arribainter1.swf --> www.nering.net /proyectos arribainter1.swf
2008.01.07 11:46 B C:\Documents and Settings\Yanina\Mis documentos\PAGINAS WEB\torre linda\torrelindafinal07\proyectos\proyecto1.htm --> www.nering.net /proyectos proyecto1.htm
2008.01.07 11:46 B C:\Documents and Settings\Yanina\Mis documentos\PAGINAS WEB\torre linda\torrelindafinal07\proyectos\proyecto1a.htm --> www.nering.net /proyectos proyecto1a.htm
2008.01.07 11:46 B C:\Documents and Settings\Yanina\Mis documentos\PAGINAS WEB\torre linda\torrelindafinal07\proyectos\proyecto2.htm --> www.nering.net /proyectos proyecto2.htm
2008.01.07 11:46 B C:\Documents and Settings\Yanina\Mis documentos\PAGINAS WEB\torre linda\torrelindafinal07\proyectos\proyecto3.htm --> www.nering.net /proyectos proyecto3.htm
2008.01.07 11:46 B C:\Documents and Settings\Yanina\Mis documentos\PAGINAS WEB\torre linda\torrelindafinal07\proyectos\proyecto3a.htm --> www.nering.net /proyectos proyecto3a.htm
2008.01.07 11:46 B C:\Documents and Settings\Yanina\Mis documentos\PAGINAS WEB\torre linda\torrelindafinal07\proyectos\proyectoform.swf --> www.nering.net /proyectos proyectoform.swf
2008.01.07 11:46 B C:\Documents and Settings\Yanina\Mis documentos\PAGINAS WEB\torre linda\torrelindafinal07\proyectos\send1.php --> www.nering.net /proyectos send1.php
