2006.11.07 07:20 B C:\Documents and Settings\User\Mis documentos\paginas web\nering\torre linda\torrelindafinal\menuprinc\_notes\menuprinc_r1_c1.jpg.mno --> www.ggmdesign.com /public_html/proyectos/torrelinda/menuprinc/_notes menuprinc_r1_c1.jpg.mno
2006.11.07 07:20 B C:\Documents and Settings\User\Mis documentos\paginas web\nering\torre linda\torrelindafinal\menuprinc\_notes\menuprinc_r1_c10.jpg.mno --> www.ggmdesign.com /public_html/proyectos/torrelinda/menuprinc/_notes menuprinc_r1_c10.jpg.mno
2006.11.07 07:20 B C:\Documents and Settings\User\Mis documentos\paginas web\nering\torre linda\torrelindafinal\menuprinc\_notes\menuprinc_r1_c10_f2.jpg.mno --> www.ggmdesign.com /public_html/proyectos/torrelinda/menuprinc/_notes menuprinc_r1_c10_f2.jpg.mno
2006.11.07 07:20 B C:\Documents and Settings\User\Mis documentos\paginas web\nering\torre linda\torrelindafinal\menuprinc\_notes\menuprinc_r1_c10_f3.jpg.mno --> www.ggmdesign.com /public_html/proyectos/torrelinda/menuprinc/_notes menuprinc_r1_c10_f3.jpg.mno
2006.11.07 07:20 B C:\Documents and Settings\User\Mis documentos\paginas web\nering\torre linda\torrelindafinal\menuprinc\_notes\menuprinc_r1_c11.jpg.mno --> www.ggmdesign.com /public_html/proyectos/torrelinda/menuprinc/_notes menuprinc_r1_c11.jpg.mno
2006.11.07 07:20 B C:\Documents and Settings\User\Mis documentos\paginas web\nering\torre linda\torrelindafinal\menuprinc\_notes\menuprinc_r1_c12.jpg.mno --> www.ggmdesign.com /public_html/proyectos/torrelinda/menuprinc/_notes menuprinc_r1_c12.jpg.mno
2006.11.07 07:20 B C:\Documents and Settings\User\Mis documentos\paginas web\nering\torre linda\torrelindafinal\menuprinc\_notes\menuprinc_r1_c12_f2.jpg.mno --> www.ggmdesign.com /public_html/proyectos/torrelinda/menuprinc/_notes menuprinc_r1_c12_f2.jpg.mno
2006.11.07 07:20 B C:\Documents and Settings\User\Mis documentos\paginas web\nering\torre linda\torrelindafinal\menuprinc\_notes\menuprinc_r1_c12_f3.jpg.mno --> www.ggmdesign.com /public_html/proyectos/torrelinda/menuprinc/_notes menuprinc_r1_c12_f3.jpg.mno
2006.11.07 07:20 B C:\Documents and Settings\User\Mis documentos\paginas web\nering\torre linda\torrelindafinal\menuprinc\_notes\menuprinc_r1_c13.jpg.mno --> www.ggmdesign.com /public_html/proyectos/torrelinda/menuprinc/_notes menuprinc_r1_c13.jpg.mno
2006.11.07 07:20 B C:\Documents and Settings\User\Mis documentos\paginas web\nering\torre linda\torrelindafinal\menuprinc\_notes\menuprinc_r1_c14.jpg.mno --> www.ggmdesign.com /public_html/proyectos/torrelinda/menuprinc/_notes menuprinc_r1_c14.jpg.mno
2006.11.07 07:20 B C:\Documents and Settings\User\Mis documentos\paginas web\nering\torre linda\torrelindafinal\menuprinc\_notes\menuprinc_r1_c14_f2.jpg.mno --> www.ggmdesign.com /public_html/proyectos/torrelinda/menuprinc/_notes menuprinc_r1_c14_f2.jpg.mno
2006.11.07 07:20 B C:\Documents and Settings\User\Mis documentos\paginas web\nering\torre linda\torrelindafinal\menuprinc\_notes\menuprinc_r1_c14_f3.jpg.mno --> www.ggmdesign.com /public_html/proyectos/torrelinda/menuprinc/_notes menuprinc_r1_c14_f3.jpg.mno
2006.11.07 07:20 B C:\Documents and Settings\User\Mis documentos\paginas web\nering\torre linda\torrelindafinal\menuprinc\_notes\menuprinc_r1_c15.jpg.mno --> www.ggmdesign.com /public_html/proyectos/torrelinda/menuprinc/_notes menuprinc_r1_c15.jpg.mno
2006.11.07 07:20 B C:\Documents and Settings\User\Mis documentos\paginas web\nering\torre linda\torrelindafinal\menuprinc\_notes\menuprinc_r1_c16.jpg.mno --> www.ggmdesign.com /public_html/proyectos/torrelinda/menuprinc/_notes menuprinc_r1_c16.jpg.mno
2006.11.07 07:20 B C:\Documents and Settings\User\Mis documentos\paginas web\nering\torre linda\torrelindafinal\menuprinc\_notes\menuprinc_r1_c16_f2.jpg.mno --> www.ggmdesign.com /public_html/proyectos/torrelinda/menuprinc/_notes menuprinc_r1_c16_f2.jpg.mno
2006.11.07 07:20 B C:\Documents and Settings\User\Mis documentos\paginas web\nering\torre linda\torrelindafinal\menuprinc\_notes\menuprinc_r1_c16_f3.jpg.mno --> www.ggmdesign.com /public_html/proyectos/torrelinda/menuprinc/_notes menuprinc_r1_c16_f3.jpg.mno
2006.11.07 07:20 B C:\Documents and Settings\User\Mis documentos\paginas web\nering\torre linda\torrelindafinal\menuprinc\_notes\menuprinc_r1_c17.jpg.mno --> www.ggmdesign.com /public_html/proyectos/torrelinda/menuprinc/_notes menuprinc_r1_c17.jpg.mno
2006.11.07 07:20 B C:\Documents and Settings\User\Mis documentos\paginas web\nering\torre linda\torrelindafinal\menuprinc\_notes\menuprinc_r1_c2.jpg.mno --> www.ggmdesign.com /public_html/proyectos/torrelinda/menuprinc/_notes menuprinc_r1_c2.jpg.mno
2006.11.07 07:20 B C:\Documents and Settings\User\Mis documentos\paginas web\nering\torre linda\torrelindafinal\menuprinc\_notes\menuprinc_r1_c2_f2.jpg.mno --> www.ggmdesign.com /public_html/proyectos/torrelinda/menuprinc/_notes menuprinc_r1_c2_f2.jpg.mno
2006.11.07 07:20 B C:\Documents and Settings\User\Mis documentos\paginas web\nering\torre linda\torrelindafinal\menuprinc\_notes\menuprinc_r1_c2_f3.jpg.mno --> www.ggmdesign.com /public_html/proyectos/torrelinda/menuprinc/_notes menuprinc_r1_c2_f3.jpg.mno
2006.11.07 07:20 B C:\Documents and Settings\User\Mis documentos\paginas web\nering\torre linda\torrelindafinal\menuprinc\_notes\menuprinc_r1_c3.jpg.mno --> www.ggmdesign.com /public_html/proyectos/torrelinda/menuprinc/_notes menuprinc_r1_c3.jpg.mno
2006.11.07 07:20 B C:\Documents and Settings\User\Mis documentos\paginas web\nering\torre linda\torrelindafinal\menuprinc\_notes\menuprinc_r1_c4.jpg.mno --> www.ggmdesign.com /public_html/proyectos/torrelinda/menuprinc/_notes menuprinc_r1_c4.jpg.mno
2006.11.07 07:20 B C:\Documents and Settings\User\Mis documentos\paginas web\nering\torre linda\torrelindafinal\menuprinc\_notes\menuprinc_r1_c4_f2.jpg.mno --> www.ggmdesign.com /public_html/proyectos/torrelinda/menuprinc/_notes menuprinc_r1_c4_f2.jpg.mno
2006.11.07 07:20 B C:\Documents and Settings\User\Mis documentos\paginas web\nering\torre linda\torrelindafinal\menuprinc\_notes\menuprinc_r1_c4_f3.jpg.mno --> www.ggmdesign.com /public_html/proyectos/torrelinda/menuprinc/_notes menuprinc_r1_c4_f3.jpg.mno
2006.11.07 07:20 B C:\Documents and Settings\User\Mis documentos\paginas web\nering\torre linda\torrelindafinal\menuprinc\_notes\menuprinc_r1_c5.jpg.mno --> www.ggmdesign.com /public_html/proyectos/torrelinda/menuprinc/_notes menuprinc_r1_c5.jpg.mno
2006.11.07 07:20 B C:\Documents and Settings\User\Mis documentos\paginas web\nering\torre linda\torrelindafinal\menuprinc\_notes\menuprinc_r1_c6.jpg.mno --> www.ggmdesign.com /public_html/proyectos/torrelinda/menuprinc/_notes menuprinc_r1_c6.jpg.mno
2006.11.07 07:20 B C:\Documents and Settings\User\Mis documentos\paginas web\nering\torre linda\torrelindafinal\menuprinc\_notes\menuprinc_r1_c6_f2.jpg.mno --> www.ggmdesign.com /public_html/proyectos/torrelinda/menuprinc/_notes menuprinc_r1_c6_f2.jpg.mno
2006.11.07 07:20 B C:\Documents and Settings\User\Mis documentos\paginas web\nering\torre linda\torrelindafinal\menuprinc\_notes\menuprinc_r1_c6_f3.jpg.mno --> www.ggmdesign.com /public_html/proyectos/torrelinda/menuprinc/_notes menuprinc_r1_c6_f3.jpg.mno
2006.11.07 07:20 B C:\Documents and Settings\User\Mis documentos\paginas web\nering\torre linda\torrelindafinal\menuprinc\_notes\menuprinc_r1_c7.jpg.mno --> www.ggmdesign.com /public_html/proyectos/torrelinda/menuprinc/_notes menuprinc_r1_c7.jpg.mno
2006.11.07 07:20 B C:\Documents and Settings\User\Mis documentos\paginas web\nering\torre linda\torrelindafinal\menuprinc\_notes\menuprinc_r1_c8.jpg.mno --> www.ggmdesign.com /public_html/proyectos/torrelinda/menuprinc/_notes menuprinc_r1_c8.jpg.mno
2006.11.07 07:20 B C:\Documents and Settings\User\Mis documentos\paginas web\nering\torre linda\torrelindafinal\menuprinc\_notes\menuprinc_r1_c8_f2.jpg.mno --> www.ggmdesign.com /public_html/proyectos/torrelinda/menuprinc/_notes menuprinc_r1_c8_f2.jpg.mno
2006.11.07 07:20 B C:\Documents and Settings\User\Mis documentos\paginas web\nering\torre linda\torrelindafinal\menuprinc\_notes\menuprinc_r1_c8_f3.jpg.mno --> www.ggmdesign.com /public_html/proyectos/torrelinda/menuprinc/_notes menuprinc_r1_c8_f3.jpg.mno
2006.11.07 07:20 B C:\Documents and Settings\User\Mis documentos\paginas web\nering\torre linda\torrelindafinal\menuprinc\_notes\menuprinc_r1_c9.jpg.mno --> www.ggmdesign.com /public_html/proyectos/torrelinda/menuprinc/_notes menuprinc_r1_c9.jpg.mno
2006.12.14 13:25 B C:\Documents and Settings\User\Mis documentos\paginas web\nering\torre linda\torrelindafinal\menuprinc\_notes\menuprinc_r1_c1.jpg.mno --> www.ggmdesign.com /public_html/proyectos/torrelindafinal/menuprinc/_notes menuprinc_r1_c1.jpg.mno
2006.12.14 13:25 B C:\Documents and Settings\User\Mis documentos\paginas web\nering\torre linda\torrelindafinal\menuprinc\_notes\menuprinc_r1_c10.jpg.mno --> www.ggmdesign.com /public_html/proyectos/torrelindafinal/menuprinc/_notes menuprinc_r1_c10.jpg.mno
2006.12.14 13:25 B C:\Documents and Settings\User\Mis documentos\paginas web\nering\torre linda\torrelindafinal\menuprinc\_notes\menuprinc_r1_c10_f2.jpg.mno --> www.ggmdesign.com /public_html/proyectos/torrelindafinal/menuprinc/_notes menuprinc_r1_c10_f2.jpg.mno
2006.12.14 13:25 B C:\Documents and Settings\User\Mis documentos\paginas web\nering\torre linda\torrelindafinal\menuprinc\_notes\menuprinc_r1_c10_f3.jpg.mno --> www.ggmdesign.com /public_html/proyectos/torrelindafinal/menuprinc/_notes menuprinc_r1_c10_f3.jpg.mno
2006.12.14 13:25 B C:\Documents and Settings\User\Mis documentos\paginas web\nering\torre linda\torrelindafinal\menuprinc\_notes\menuprinc_r1_c11.jpg.mno --> www.ggmdesign.com /public_html/proyectos/torrelindafinal/menuprinc/_notes menuprinc_r1_c11.jpg.mno
2006.12.14 13:25 B C:\Documents and Settings\User\Mis documentos\paginas web\nering\torre linda\torrelindafinal\menuprinc\_notes\menuprinc_r1_c12.jpg.mno --> www.ggmdesign.com /public_html/proyectos/torrelindafinal/menuprinc/_notes menuprinc_r1_c12.jpg.mno
2006.12.14 13:25 B C:\Documents and Settings\User\Mis documentos\paginas web\nering\torre linda\torrelindafinal\menuprinc\_notes\menuprinc_r1_c12_f2.jpg.mno --> www.ggmdesign.com /public_html/proyectos/torrelindafinal/menuprinc/_notes menuprinc_r1_c12_f2.jpg.mno
2006.12.14 13:25 B C:\Documents and Settings\User\Mis documentos\paginas web\nering\torre linda\torrelindafinal\menuprinc\_notes\menuprinc_r1_c12_f3.jpg.mno --> www.ggmdesign.com /public_html/proyectos/torrelindafinal/menuprinc/_notes menuprinc_r1_c12_f3.jpg.mno
2006.12.14 13:25 B C:\Documents and Settings\User\Mis documentos\paginas web\nering\torre linda\torrelindafinal\menuprinc\_notes\menuprinc_r1_c13.jpg.mno --> www.ggmdesign.com /public_html/proyectos/torrelindafinal/menuprinc/_notes menuprinc_r1_c13.jpg.mno
2006.12.14 13:25 B C:\Documents and Settings\User\Mis documentos\paginas web\nering\torre linda\torrelindafinal\menuprinc\_notes\menuprinc_r1_c14.jpg.mno --> www.ggmdesign.com /public_html/proyectos/torrelindafinal/menuprinc/_notes menuprinc_r1_c14.jpg.mno
2006.12.14 13:25 B C:\Documents and Settings\User\Mis documentos\paginas web\nering\torre linda\torrelindafinal\menuprinc\_notes\menuprinc_r1_c14_f2.jpg.mno --> www.ggmdesign.com /public_html/proyectos/torrelindafinal/menuprinc/_notes menuprinc_r1_c14_f2.jpg.mno
2006.12.14 13:25 B C:\Documents and Settings\User\Mis documentos\paginas web\nering\torre linda\torrelindafinal\menuprinc\_notes\menuprinc_r1_c14_f3.jpg.mno --> www.ggmdesign.com /public_html/proyectos/torrelindafinal/menuprinc/_notes menuprinc_r1_c14_f3.jpg.mno
2006.12.14 13:25 B C:\Documents and Settings\User\Mis documentos\paginas web\nering\torre linda\torrelindafinal\menuprinc\_notes\menuprinc_r1_c15.jpg.mno --> www.ggmdesign.com /public_html/proyectos/torrelindafinal/menuprinc/_notes menuprinc_r1_c15.jpg.mno
2006.12.14 13:25 B C:\Documents and Settings\User\Mis documentos\paginas web\nering\torre linda\torrelindafinal\menuprinc\_notes\menuprinc_r1_c16.jpg.mno --> www.ggmdesign.com /public_html/proyectos/torrelindafinal/menuprinc/_notes menuprinc_r1_c16.jpg.mno
2006.12.14 13:25 B C:\Documents and Settings\User\Mis documentos\paginas web\nering\torre linda\torrelindafinal\menuprinc\_notes\menuprinc_r1_c16_f2.jpg.mno --> www.ggmdesign.com /public_html/proyectos/torrelindafinal/menuprinc/_notes menuprinc_r1_c16_f2.jpg.mno
2006.12.14 13:25 B C:\Documents and Settings\User\Mis documentos\paginas web\nering\torre linda\torrelindafinal\menuprinc\_notes\menuprinc_r1_c16_f3.jpg.mno --> www.ggmdesign.com /public_html/proyectos/torrelindafinal/menuprinc/_notes menuprinc_r1_c16_f3.jpg.mno
2006.12.14 13:25 B C:\Documents and Settings\User\Mis documentos\paginas web\nering\torre linda\torrelindafinal\menuprinc\_notes\menuprinc_r1_c17.jpg.mno --> www.ggmdesign.com /public_html/proyectos/torrelindafinal/menuprinc/_notes menuprinc_r1_c17.jpg.mno
2006.12.14 13:25 B C:\Documents and Settings\User\Mis documentos\paginas web\nering\torre linda\torrelindafinal\menuprinc\_notes\menuprinc_r1_c2.jpg.mno --> www.ggmdesign.com /public_html/proyectos/torrelindafinal/menuprinc/_notes menuprinc_r1_c2.jpg.mno
2006.12.14 13:25 B C:\Documents and Settings\User\Mis documentos\paginas web\nering\torre linda\torrelindafinal\menuprinc\_notes\menuprinc_r1_c2_f2.jpg.mno --> www.ggmdesign.com /public_html/proyectos/torrelindafinal/menuprinc/_notes menuprinc_r1_c2_f2.jpg.mno
2006.12.14 13:25 B C:\Documents and Settings\User\Mis documentos\paginas web\nering\torre linda\torrelindafinal\menuprinc\_notes\menuprinc_r1_c2_f3.jpg.mno --> www.ggmdesign.com /public_html/proyectos/torrelindafinal/menuprinc/_notes menuprinc_r1_c2_f3.jpg.mno
2006.12.14 13:25 B C:\Documents and Settings\User\Mis documentos\paginas web\nering\torre linda\torrelindafinal\menuprinc\_notes\menuprinc_r1_c3.jpg.mno --> www.ggmdesign.com /public_html/proyectos/torrelindafinal/menuprinc/_notes menuprinc_r1_c3.jpg.mno
2006.12.14 13:25 B C:\Documents and Settings\User\Mis documentos\paginas web\nering\torre linda\torrelindafinal\menuprinc\_notes\menuprinc_r1_c4.jpg.mno --> www.ggmdesign.com /public_html/proyectos/torrelindafinal/menuprinc/_notes menuprinc_r1_c4.jpg.mno
2006.12.14 13:25 B C:\Documents and Settings\User\Mis documentos\paginas web\nering\torre linda\torrelindafinal\menuprinc\_notes\menuprinc_r1_c4_f2.jpg.mno --> www.ggmdesign.com /public_html/proyectos/torrelindafinal/menuprinc/_notes menuprinc_r1_c4_f2.jpg.mno
2006.12.14 13:25 B C:\Documents and Settings\User\Mis documentos\paginas web\nering\torre linda\torrelindafinal\menuprinc\_notes\menuprinc_r1_c4_f3.jpg.mno --> www.ggmdesign.com /public_html/proyectos/torrelindafinal/menuprinc/_notes menuprinc_r1_c4_f3.jpg.mno
2006.12.14 13:25 B C:\Documents and Settings\User\Mis documentos\paginas web\nering\torre linda\torrelindafinal\menuprinc\_notes\menuprinc_r1_c5.jpg.mno --> www.ggmdesign.com /public_html/proyectos/torrelindafinal/menuprinc/_notes menuprinc_r1_c5.jpg.mno
2006.12.14 13:25 B C:\Documents and Settings\User\Mis documentos\paginas web\nering\torre linda\torrelindafinal\menuprinc\_notes\menuprinc_r1_c6.jpg.mno --> www.ggmdesign.com /public_html/proyectos/torrelindafinal/menuprinc/_notes menuprinc_r1_c6.jpg.mno
2006.12.14 13:25 B C:\Documents and Settings\User\Mis documentos\paginas web\nering\torre linda\torrelindafinal\menuprinc\_notes\menuprinc_r1_c6_f2.jpg.mno --> www.ggmdesign.com /public_html/proyectos/torrelindafinal/menuprinc/_notes menuprinc_r1_c6_f2.jpg.mno
2006.12.14 13:25 B C:\Documents and Settings\User\Mis documentos\paginas web\nering\torre linda\torrelindafinal\menuprinc\_notes\menuprinc_r1_c6_f3.jpg.mno --> www.ggmdesign.com /public_html/proyectos/torrelindafinal/menuprinc/_notes menuprinc_r1_c6_f3.jpg.mno
2006.12.14 13:25 B C:\Documents and Settings\User\Mis documentos\paginas web\nering\torre linda\torrelindafinal\menuprinc\_notes\menuprinc_r1_c7.jpg.mno --> www.ggmdesign.com /public_html/proyectos/torrelindafinal/menuprinc/_notes menuprinc_r1_c7.jpg.mno
2006.12.14 13:25 B C:\Documents and Settings\User\Mis documentos\paginas web\nering\torre linda\torrelindafinal\menuprinc\_notes\menuprinc_r1_c8.jpg.mno --> www.ggmdesign.com /public_html/proyectos/torrelindafinal/menuprinc/_notes menuprinc_r1_c8.jpg.mno
2006.12.14 13:25 B C:\Documents and Settings\User\Mis documentos\paginas web\nering\torre linda\torrelindafinal\menuprinc\_notes\menuprinc_r1_c8_f2.jpg.mno --> www.ggmdesign.com /public_html/proyectos/torrelindafinal/menuprinc/_notes menuprinc_r1_c8_f2.jpg.mno
2006.12.14 13:25 B C:\Documents and Settings\User\Mis documentos\paginas web\nering\torre linda\torrelindafinal\menuprinc\_notes\menuprinc_r1_c8_f3.jpg.mno --> www.ggmdesign.com /public_html/proyectos/torrelindafinal/menuprinc/_notes menuprinc_r1_c8_f3.jpg.mno
2006.12.14 13:25 B C:\Documents and Settings\User\Mis documentos\paginas web\nering\torre linda\torrelindafinal\menuprinc\_notes\menuprinc_r1_c9.jpg.mno --> www.ggmdesign.com /public_html/proyectos/torrelindafinal/menuprinc/_notes menuprinc_r1_c9.jpg.mno
2006.12.14 13:25 B C:\Documents and Settings\User\Mis documentos\paginas web\nering\torre linda\torrelindafinal\menuprinc\_notes\WS_FTP.LOG --> www.ggmdesign.com /public_html/proyectos/torrelindafinal/menuprinc/_notes WS_FTP.LOG
2006.12.17 10:49 B C:\Documents and Settings\User\Mis documentos\paginas web\nering\torre linda\torrelindafinal\menuprinc\_notes\menuprinc_r1_c1.jpg.mno --> www.nering.com.pe /public_html/menuprinc/_notes menuprinc_r1_c1.jpg.mno
2006.12.17 10:49 B C:\Documents and Settings\User\Mis documentos\paginas web\nering\torre linda\torrelindafinal\menuprinc\_notes\menuprinc_r1_c10.jpg.mno --> www.nering.com.pe /public_html/menuprinc/_notes menuprinc_r1_c10.jpg.mno
2006.12.17 10:49 B C:\Documents and Settings\User\Mis documentos\paginas web\nering\torre linda\torrelindafinal\menuprinc\_notes\menuprinc_r1_c10_f2.jpg.mno --> www.nering.com.pe /public_html/menuprinc/_notes menuprinc_r1_c10_f2.jpg.mno
2006.12.17 10:49 B C:\Documents and Settings\User\Mis documentos\paginas web\nering\torre linda\torrelindafinal\menuprinc\_notes\menuprinc_r1_c10_f3.jpg.mno --> www.nering.com.pe /public_html/menuprinc/_notes menuprinc_r1_c10_f3.jpg.mno
2006.12.17 10:49 B C:\Documents and Settings\User\Mis documentos\paginas web\nering\torre linda\torrelindafinal\menuprinc\_notes\menuprinc_r1_c11.jpg.mno --> www.nering.com.pe /public_html/menuprinc/_notes menuprinc_r1_c11.jpg.mno
2006.12.17 10:49 B C:\Documents and Settings\User\Mis documentos\paginas web\nering\torre linda\torrelindafinal\menuprinc\_notes\menuprinc_r1_c12.jpg.mno --> www.nering.com.pe /public_html/menuprinc/_notes menuprinc_r1_c12.jpg.mno
2006.12.17 10:49 B C:\Documents and Settings\User\Mis documentos\paginas web\nering\torre linda\torrelindafinal\menuprinc\_notes\menuprinc_r1_c12_f2.jpg.mno --> www.nering.com.pe /public_html/menuprinc/_notes menuprinc_r1_c12_f2.jpg.mno
2006.12.17 10:49 B C:\Documents and Settings\User\Mis documentos\paginas web\nering\torre linda\torrelindafinal\menuprinc\_notes\menuprinc_r1_c12_f3.jpg.mno --> www.nering.com.pe /public_html/menuprinc/_notes menuprinc_r1_c12_f3.jpg.mno
2006.12.17 10:49 B C:\Documents and Settings\User\Mis documentos\paginas web\nering\torre linda\torrelindafinal\menuprinc\_notes\menuprinc_r1_c13.jpg.mno --> www.nering.com.pe /public_html/menuprinc/_notes menuprinc_r1_c13.jpg.mno
2006.12.17 10:49 B C:\Documents and Settings\User\Mis documentos\paginas web\nering\torre linda\torrelindafinal\menuprinc\_notes\menuprinc_r1_c14.jpg.mno --> www.nering.com.pe /public_html/menuprinc/_notes menuprinc_r1_c14.jpg.mno
2006.12.17 10:49 B C:\Documents and Settings\User\Mis documentos\paginas web\nering\torre linda\torrelindafinal\menuprinc\_notes\menuprinc_r1_c14_f2.jpg.mno --> www.nering.com.pe /public_html/menuprinc/_notes menuprinc_r1_c14_f2.jpg.mno
2006.12.17 10:49 B C:\Documents and Settings\User\Mis documentos\paginas web\nering\torre linda\torrelindafinal\menuprinc\_notes\menuprinc_r1_c14_f3.jpg.mno --> www.nering.com.pe /public_html/menuprinc/_notes menuprinc_r1_c14_f3.jpg.mno
2006.12.17 10:49 B C:\Documents and Settings\User\Mis documentos\paginas web\nering\torre linda\torrelindafinal\menuprinc\_notes\menuprinc_r1_c15.jpg.mno --> www.nering.com.pe /public_html/menuprinc/_notes menuprinc_r1_c15.jpg.mno
2006.12.17 10:49 B C:\Documents and Settings\User\Mis documentos\paginas web\nering\torre linda\torrelindafinal\menuprinc\_notes\menuprinc_r1_c16.jpg.mno --> www.nering.com.pe /public_html/menuprinc/_notes menuprinc_r1_c16.jpg.mno
2006.12.17 10:49 B C:\Documents and Settings\User\Mis documentos\paginas web\nering\torre linda\torrelindafinal\menuprinc\_notes\menuprinc_r1_c16_f2.jpg.mno --> www.nering.com.pe /public_html/menuprinc/_notes menuprinc_r1_c16_f2.jpg.mno
2006.12.17 10:49 B C:\Documents and Settings\User\Mis documentos\paginas web\nering\torre linda\torrelindafinal\menuprinc\_notes\menuprinc_r1_c16_f3.jpg.mno --> www.nering.com.pe /public_html/menuprinc/_notes menuprinc_r1_c16_f3.jpg.mno
2006.12.17 10:49 B C:\Documents and Settings\User\Mis documentos\paginas web\nering\torre linda\torrelindafinal\menuprinc\_notes\menuprinc_r1_c17.jpg.mno --> www.nering.com.pe /public_html/menuprinc/_notes menuprinc_r1_c17.jpg.mno
2006.12.17 10:49 B C:\Documents and Settings\User\Mis documentos\paginas web\nering\torre linda\torrelindafinal\menuprinc\_notes\menuprinc_r1_c2.jpg.mno --> www.nering.com.pe /public_html/menuprinc/_notes menuprinc_r1_c2.jpg.mno
2006.12.17 10:49 B C:\Documents and Settings\User\Mis documentos\paginas web\nering\torre linda\torrelindafinal\menuprinc\_notes\menuprinc_r1_c2_f2.jpg.mno --> www.nering.com.pe /public_html/menuprinc/_notes menuprinc_r1_c2_f2.jpg.mno
2006.12.17 10:49 B C:\Documents and Settings\User\Mis documentos\paginas web\nering\torre linda\torrelindafinal\menuprinc\_notes\menuprinc_r1_c2_f3.jpg.mno --> www.nering.com.pe /public_html/menuprinc/_notes menuprinc_r1_c2_f3.jpg.mno
2006.12.17 10:49 B C:\Documents and Settings\User\Mis documentos\paginas web\nering\torre linda\torrelindafinal\menuprinc\_notes\menuprinc_r1_c3.jpg.mno --> www.nering.com.pe /public_html/menuprinc/_notes menuprinc_r1_c3.jpg.mno
2006.12.17 10:49 B C:\Documents and Settings\User\Mis documentos\paginas web\nering\torre linda\torrelindafinal\menuprinc\_notes\menuprinc_r1_c4.jpg.mno --> www.nering.com.pe /public_html/menuprinc/_notes menuprinc_r1_c4.jpg.mno
2006.12.17 10:49 B C:\Documents and Settings\User\Mis documentos\paginas web\nering\torre linda\torrelindafinal\menuprinc\_notes\menuprinc_r1_c4_f2.jpg.mno --> www.nering.com.pe /public_html/menuprinc/_notes menuprinc_r1_c4_f2.jpg.mno
2006.12.17 10:49 B C:\Documents and Settings\User\Mis documentos\paginas web\nering\torre linda\torrelindafinal\menuprinc\_notes\menuprinc_r1_c4_f3.jpg.mno --> www.nering.com.pe /public_html/menuprinc/_notes menuprinc_r1_c4_f3.jpg.mno
2006.12.17 10:49 B C:\Documents and Settings\User\Mis documentos\paginas web\nering\torre linda\torrelindafinal\menuprinc\_notes\menuprinc_r1_c5.jpg.mno --> www.nering.com.pe /public_html/menuprinc/_notes menuprinc_r1_c5.jpg.mno
2006.12.17 10:49 B C:\Documents and Settings\User\Mis documentos\paginas web\nering\torre linda\torrelindafinal\menuprinc\_notes\menuprinc_r1_c6.jpg.mno --> www.nering.com.pe /public_html/menuprinc/_notes menuprinc_r1_c6.jpg.mno
2006.12.17 10:49 B C:\Documents and Settings\User\Mis documentos\paginas web\nering\torre linda\torrelindafinal\menuprinc\_notes\menuprinc_r1_c6_f2.jpg.mno --> www.nering.com.pe /public_html/menuprinc/_notes menuprinc_r1_c6_f2.jpg.mno
2006.12.17 10:49 B C:\Documents and Settings\User\Mis documentos\paginas web\nering\torre linda\torrelindafinal\menuprinc\_notes\menuprinc_r1_c6_f3.jpg.mno --> www.nering.com.pe /public_html/menuprinc/_notes menuprinc_r1_c6_f3.jpg.mno
2006.12.17 10:49 B C:\Documents and Settings\User\Mis documentos\paginas web\nering\torre linda\torrelindafinal\menuprinc\_notes\menuprinc_r1_c7.jpg.mno --> www.nering.com.pe /public_html/menuprinc/_notes menuprinc_r1_c7.jpg.mno
2006.12.17 10:49 B C:\Documents and Settings\User\Mis documentos\paginas web\nering\torre linda\torrelindafinal\menuprinc\_notes\menuprinc_r1_c8.jpg.mno --> www.nering.com.pe /public_html/menuprinc/_notes menuprinc_r1_c8.jpg.mno
2006.12.17 10:50 B C:\Documents and Settings\User\Mis documentos\paginas web\nering\torre linda\torrelindafinal\menuprinc\_notes\menuprinc_r1_c8_f2.jpg.mno --> www.nering.com.pe /public_html/menuprinc/_notes menuprinc_r1_c8_f2.jpg.mno
2006.12.17 10:50 B C:\Documents and Settings\User\Mis documentos\paginas web\nering\torre linda\torrelindafinal\menuprinc\_notes\menuprinc_r1_c8_f3.jpg.mno --> www.nering.com.pe /public_html/menuprinc/_notes menuprinc_r1_c8_f3.jpg.mno
2006.12.17 10:50 B C:\Documents and Settings\User\Mis documentos\paginas web\nering\torre linda\torrelindafinal\menuprinc\_notes\menuprinc_r1_c9.jpg.mno --> www.nering.com.pe /public_html/menuprinc/_notes menuprinc_r1_c9.jpg.mno
2006.12.17 10:50 B C:\Documents and Settings\User\Mis documentos\paginas web\nering\torre linda\torrelindafinal\menuprinc\_notes\WS_FTP.LOG --> www.nering.com.pe /public_html/menuprinc/_notes WS_FTP.LOG
2007.05.09 19:21 B C:\Documents and Settings\User\Mis documentos\paginas web\torre linda\torrelindafinal07\menuprinc\_notes\menu_r1_c1.gif.mno --> www.nering.com.pe /public_html/menuprinc/_notes/_notes menu_r1_c1.gif.mno
2007.05.09 19:21 B C:\Documents and Settings\User\Mis documentos\paginas web\torre linda\torrelindafinal07\menuprinc\_notes\menu_r2_c1.gif.mno --> www.nering.com.pe /public_html/menuprinc/_notes/_notes menu_r2_c1.gif.mno
2007.05.09 19:21 B C:\Documents and Settings\User\Mis documentos\paginas web\torre linda\torrelindafinal07\menuprinc\_notes\menu_r2_c10.gif.mno --> www.nering.com.pe /public_html/menuprinc/_notes/_notes menu_r2_c10.gif.mno
2007.05.09 19:21 B C:\Documents and Settings\User\Mis documentos\paginas web\torre linda\torrelindafinal07\menuprinc\_notes\menu_r2_c10_f2.gif.mno --> www.nering.com.pe /public_html/menuprinc/_notes/_notes menu_r2_c10_f2.gif.mno
2007.05.09 19:22 B C:\Documents and Settings\User\Mis documentos\paginas web\torre linda\torrelindafinal07\menuprinc\_notes\menu_r2_c11.gif.mno --> www.nering.com.pe /public_html/menuprinc/_notes/_notes menu_r2_c11.gif.mno
2007.05.09 19:22 B C:\Documents and Settings\User\Mis documentos\paginas web\torre linda\torrelindafinal07\menuprinc\_notes\menu_r2_c12.gif.mno --> www.nering.com.pe /public_html/menuprinc/_notes/_notes menu_r2_c12.gif.mno
2007.05.09 19:22 B C:\Documents and Settings\User\Mis documentos\paginas web\torre linda\torrelindafinal07\menuprinc\_notes\menu_r2_c12_f2.gif.mno --> www.nering.com.pe /public_html/menuprinc/_notes/_notes menu_r2_c12_f2.gif.mno
2007.05.09 19:22 B C:\Documents and Settings\User\Mis documentos\paginas web\torre linda\torrelindafinal07\menuprinc\_notes\menu_r2_c13.gif.mno --> www.nering.com.pe /public_html/menuprinc/_notes/_notes menu_r2_c13.gif.mno
2007.05.09 19:22 B C:\Documents and Settings\User\Mis documentos\paginas web\torre linda\torrelindafinal07\menuprinc\_notes\menu_r2_c14.gif.mno --> www.nering.com.pe /public_html/menuprinc/_notes/_notes menu_r2_c14.gif.mno
2007.05.09 19:22 B C:\Documents and Settings\User\Mis documentos\paginas web\torre linda\torrelindafinal07\menuprinc\_notes\menu_r2_c14_f2.gif.mno --> www.nering.com.pe /public_html/menuprinc/_notes/_notes menu_r2_c14_f2.gif.mno
2007.05.09 19:22 B C:\Documents and Settings\User\Mis documentos\paginas web\torre linda\torrelindafinal07\menuprinc\_notes\menu_r2_c15.gif.mno --> www.nering.com.pe /public_html/menuprinc/_notes/_notes menu_r2_c15.gif.mno
2007.05.09 19:22 B C:\Documents and Settings\User\Mis documentos\paginas web\torre linda\torrelindafinal07\menuprinc\_notes\menu_r2_c16.gif.mno --> www.nering.com.pe /public_html/menuprinc/_notes/_notes menu_r2_c16.gif.mno
2007.05.09 19:22 B C:\Documents and Settings\User\Mis documentos\paginas web\torre linda\torrelindafinal07\menuprinc\_notes\menu_r2_c16_f2.gif.mno --> www.nering.com.pe /public_html/menuprinc/_notes/_notes menu_r2_c16_f2.gif.mno
2007.05.09 19:22 B C:\Documents and Settings\User\Mis documentos\paginas web\torre linda\torrelindafinal07\menuprinc\_notes\menu_r2_c17.gif.mno --> www.nering.com.pe /public_html/menuprinc/_notes/_notes menu_r2_c17.gif.mno
2007.05.09 19:22 B C:\Documents and Settings\User\Mis documentos\paginas web\torre linda\torrelindafinal07\menuprinc\_notes\menu_r2_c1_f2.gif.mno --> www.nering.com.pe /public_html/menuprinc/_notes/_notes menu_r2_c1_f2.gif.mno
2007.05.09 19:22 B C:\Documents and Settings\User\Mis documentos\paginas web\torre linda\torrelindafinal07\menuprinc\_notes\menu_r2_c2.gif.mno --> www.nering.com.pe /public_html/menuprinc/_notes/_notes menu_r2_c2.gif.mno
2007.05.09 19:22 B C:\Documents and Settings\User\Mis documentos\paginas web\torre linda\torrelindafinal07\menuprinc\_notes\menu_r2_c3.gif.mno --> www.nering.com.pe /public_html/menuprinc/_notes/_notes menu_r2_c3.gif.mno
2007.05.09 19:22 B C:\Documents and Settings\User\Mis documentos\paginas web\torre linda\torrelindafinal07\menuprinc\_notes\menu_r2_c3_f2.gif.mno --> www.nering.com.pe /public_html/menuprinc/_notes/_notes menu_r2_c3_f2.gif.mno
2007.05.09 19:22 B C:\Documents and Settings\User\Mis documentos\paginas web\torre linda\torrelindafinal07\menuprinc\_notes\menu_r2_c4.gif.mno --> www.nering.com.pe /public_html/menuprinc/_notes/_notes menu_r2_c4.gif.mno
2007.05.09 19:22 B C:\Documents and Settings\User\Mis documentos\paginas web\torre linda\torrelindafinal07\menuprinc\_notes\menu_r2_c4_f2.gif.mno --> www.nering.com.pe /public_html/menuprinc/_notes/_notes menu_r2_c4_f2.gif.mno
2007.05.09 19:22 B C:\Documents and Settings\User\Mis documentos\paginas web\torre linda\torrelindafinal07\menuprinc\_notes\menu_r2_c5.gif.mno --> www.nering.com.pe /public_html/menuprinc/_notes/_notes menu_r2_c5.gif.mno
2007.05.09 19:22 B C:\Documents and Settings\User\Mis documentos\paginas web\torre linda\torrelindafinal07\menuprinc\_notes\menu_r2_c6.gif.mno --> www.nering.com.pe /public_html/menuprinc/_notes/_notes menu_r2_c6.gif.mno
2007.05.09 19:22 B C:\Documents and Settings\User\Mis documentos\paginas web\torre linda\torrelindafinal07\menuprinc\_notes\menu_r2_c6_f2.gif.mno --> www.nering.com.pe /public_html/menuprinc/_notes/_notes menu_r2_c6_f2.gif.mno
2007.05.09 19:22 B C:\Documents and Settings\User\Mis documentos\paginas web\torre linda\torrelindafinal07\menuprinc\_notes\menu_r2_c7.gif.mno --> www.nering.com.pe /public_html/menuprinc/_notes/_notes menu_r2_c7.gif.mno
2007.05.09 19:22 B C:\Documents and Settings\User\Mis documentos\paginas web\torre linda\torrelindafinal07\menuprinc\_notes\menu_r2_c8.gif.mno --> www.nering.com.pe /public_html/menuprinc/_notes/_notes menu_r2_c8.gif.mno
2007.05.09 19:22 B C:\Documents and Settings\User\Mis documentos\paginas web\torre linda\torrelindafinal07\menuprinc\_notes\menu_r2_c8_f2.gif.mno --> www.nering.com.pe /public_html/menuprinc/_notes/_notes menu_r2_c8_f2.gif.mno
2007.05.09 19:22 B C:\Documents and Settings\User\Mis documentos\paginas web\torre linda\torrelindafinal07\menuprinc\_notes\menu_r2_c9.gif.mno --> www.nering.com.pe /public_html/menuprinc/_notes/_notes menu_r2_c9.gif.mno
2007.05.09 19:22 B C:\Documents and Settings\User\Mis documentos\paginas web\torre linda\torrelindafinal07\menuprinc\_notes\menu_r3_c1.gif.mno --> www.nering.com.pe /public_html/menuprinc/_notes/_notes menu_r3_c1.gif.mno
2007.05.09 19:22 B C:\Documents and Settings\User\Mis documentos\paginas web\torre linda\torrelindafinal07\menuprinc\_notes\menu_r3_c10.gif.mno --> www.nering.com.pe /public_html/menuprinc/_notes/_notes menu_r3_c10.gif.mno
2007.05.09 19:22 B C:\Documents and Settings\User\Mis documentos\paginas web\torre linda\torrelindafinal07\menuprinc\_notes\menu_r3_c12.gif.mno --> www.nering.com.pe /public_html/menuprinc/_notes/_notes menu_r3_c12.gif.mno
2007.05.09 19:22 B C:\Documents and Settings\User\Mis documentos\paginas web\torre linda\torrelindafinal07\menuprinc\_notes\menu_r3_c14.gif.mno --> www.nering.com.pe /public_html/menuprinc/_notes/_notes menu_r3_c14.gif.mno
2007.05.09 19:22 B C:\Documents and Settings\User\Mis documentos\paginas web\torre linda\torrelindafinal07\menuprinc\_notes\menu_r3_c16.gif.mno --> www.nering.com.pe /public_html/menuprinc/_notes/_notes menu_r3_c16.gif.mno
2007.05.09 19:22 B C:\Documents and Settings\User\Mis documentos\paginas web\torre linda\torrelindafinal07\menuprinc\_notes\menu_r3_c3.gif.mno --> www.nering.com.pe /public_html/menuprinc/_notes/_notes menu_r3_c3.gif.mno
2007.05.09 19:22 B C:\Documents and Settings\User\Mis documentos\paginas web\torre linda\torrelindafinal07\menuprinc\_notes\menu_r3_c6.gif.mno --> www.nering.com.pe /public_html/menuprinc/_notes/_notes menu_r3_c6.gif.mno
2007.05.09 19:22 B C:\Documents and Settings\User\Mis documentos\paginas web\torre linda\torrelindafinal07\menuprinc\_notes\menu_r3_c8.gif.mno --> www.nering.com.pe /public_html/menuprinc/_notes/_notes menu_r3_c8.gif.mno
2007.05.09 19:22 B C:\Documents and Settings\User\Mis documentos\paginas web\torre linda\torrelindafinal07\menuprinc\_notes\WS_FTP.LOG --> www.nering.com.pe /public_html/menuprinc/_notes/_notes WS_FTP.LOG
2008.01.07 11:45 B C:\Documents and Settings\Yanina\Mis documentos\PAGINAS WEB\torre linda\torrelindafinal07\menuprinc\_notes\menu_r1_c1.gif.mno --> www.nering.net /menuprinc/_notes menu_r1_c1.gif.mno
2008.01.07 11:45 B C:\Documents and Settings\Yanina\Mis documentos\PAGINAS WEB\torre linda\torrelindafinal07\menuprinc\_notes\menu_r2_c1.gif.mno --> www.nering.net /menuprinc/_notes menu_r2_c1.gif.mno
2008.01.07 11:45 B C:\Documents and Settings\Yanina\Mis documentos\PAGINAS WEB\torre linda\torrelindafinal07\menuprinc\_notes\menu_r2_c10.gif.mno --> www.nering.net /menuprinc/_notes menu_r2_c10.gif.mno
2008.01.07 11:45 B C:\Documents and Settings\Yanina\Mis documentos\PAGINAS WEB\torre linda\torrelindafinal07\menuprinc\_notes\menu_r2_c10_f2.gif.mno --> www.nering.net /menuprinc/_notes menu_r2_c10_f2.gif.mno
2008.01.07 11:45 B C:\Documents and Settings\Yanina\Mis documentos\PAGINAS WEB\torre linda\torrelindafinal07\menuprinc\_notes\menu_r2_c11.gif.mno --> www.nering.net /menuprinc/_notes menu_r2_c11.gif.mno
2008.01.07 11:45 B C:\Documents and Settings\Yanina\Mis documentos\PAGINAS WEB\torre linda\torrelindafinal07\menuprinc\_notes\menu_r2_c12.gif.mno --> www.nering.net /menuprinc/_notes menu_r2_c12.gif.mno
2008.01.07 11:45 B C:\Documents and Settings\Yanina\Mis documentos\PAGINAS WEB\torre linda\torrelindafinal07\menuprinc\_notes\menu_r2_c12_f2.gif.mno --> www.nering.net /menuprinc/_notes menu_r2_c12_f2.gif.mno
2008.01.07 11:45 B C:\Documents and Settings\Yanina\Mis documentos\PAGINAS WEB\torre linda\torrelindafinal07\menuprinc\_notes\menu_r2_c13.gif.mno --> www.nering.net /menuprinc/_notes menu_r2_c13.gif.mno
2008.01.07 11:45 B C:\Documents and Settings\Yanina\Mis documentos\PAGINAS WEB\torre linda\torrelindafinal07\menuprinc\_notes\menu_r2_c14.gif.mno --> www.nering.net /menuprinc/_notes menu_r2_c14.gif.mno
2008.01.07 11:45 B C:\Documents and Settings\Yanina\Mis documentos\PAGINAS WEB\torre linda\torrelindafinal07\menuprinc\_notes\menu_r2_c14_f2.gif.mno --> www.nering.net /menuprinc/_notes menu_r2_c14_f2.gif.mno
2008.01.07 11:45 B C:\Documents and Settings\Yanina\Mis documentos\PAGINAS WEB\torre linda\torrelindafinal07\menuprinc\_notes\menu_r2_c15.gif.mno --> www.nering.net /menuprinc/_notes menu_r2_c15.gif.mno
2008.01.07 11:45 B C:\Documents and Settings\Yanina\Mis documentos\PAGINAS WEB\torre linda\torrelindafinal07\menuprinc\_notes\menu_r2_c16.gif.mno --> www.nering.net /menuprinc/_notes menu_r2_c16.gif.mno
2008.01.07 11:45 B C:\Documents and Settings\Yanina\Mis documentos\PAGINAS WEB\torre linda\torrelindafinal07\menuprinc\_notes\menu_r2_c16_f2.gif.mno --> www.nering.net /menuprinc/_notes menu_r2_c16_f2.gif.mno
2008.01.07 11:45 B C:\Documents and Settings\Yanina\Mis documentos\PAGINAS WEB\torre linda\torrelindafinal07\menuprinc\_notes\menu_r2_c17.gif.mno --> www.nering.net /menuprinc/_notes menu_r2_c17.gif.mno
2008.01.07 11:45 B C:\Documents and Settings\Yanina\Mis documentos\PAGINAS WEB\torre linda\torrelindafinal07\menuprinc\_notes\menu_r2_c1_f2.gif.mno --> www.nering.net /menuprinc/_notes menu_r2_c1_f2.gif.mno
2008.01.07 11:45 B C:\Documents and Settings\Yanina\Mis documentos\PAGINAS WEB\torre linda\torrelindafinal07\menuprinc\_notes\menu_r2_c2.gif.mno --> www.nering.net /menuprinc/_notes menu_r2_c2.gif.mno
2008.01.07 11:45 B C:\Documents and Settings\Yanina\Mis documentos\PAGINAS WEB\torre linda\torrelindafinal07\menuprinc\_notes\menu_r2_c3.gif.mno --> www.nering.net /menuprinc/_notes menu_r2_c3.gif.mno
2008.01.07 11:45 B C:\Documents and Settings\Yanina\Mis documentos\PAGINAS WEB\torre linda\torrelindafinal07\menuprinc\_notes\menu_r2_c3_f2.gif.mno --> www.nering.net /menuprinc/_notes menu_r2_c3_f2.gif.mno
2008.01.07 11:45 B C:\Documents and Settings\Yanina\Mis documentos\PAGINAS WEB\torre linda\torrelindafinal07\menuprinc\_notes\menu_r2_c4.gif.mno --> www.nering.net /menuprinc/_notes menu_r2_c4.gif.mno
2008.01.07 11:45 B C:\Documents and Settings\Yanina\Mis documentos\PAGINAS WEB\torre linda\torrelindafinal07\menuprinc\_notes\menu_r2_c4_f2.gif.mno --> www.nering.net /menuprinc/_notes menu_r2_c4_f2.gif.mno
2008.01.07 11:45 B C:\Documents and Settings\Yanina\Mis documentos\PAGINAS WEB\torre linda\torrelindafinal07\menuprinc\_notes\menu_r2_c5.gif.mno --> www.nering.net /menuprinc/_notes menu_r2_c5.gif.mno
2008.01.07 11:45 B C:\Documents and Settings\Yanina\Mis documentos\PAGINAS WEB\torre linda\torrelindafinal07\menuprinc\_notes\menu_r2_c6.gif.mno --> www.nering.net /menuprinc/_notes menu_r2_c6.gif.mno
2008.01.07 11:45 B C:\Documents and Settings\Yanina\Mis documentos\PAGINAS WEB\torre linda\torrelindafinal07\menuprinc\_notes\menu_r2_c6_f2.gif.mno --> www.nering.net /menuprinc/_notes menu_r2_c6_f2.gif.mno
2008.01.07 11:45 B C:\Documents and Settings\Yanina\Mis documentos\PAGINAS WEB\torre linda\torrelindafinal07\menuprinc\_notes\menu_r2_c7.gif.mno --> www.nering.net /menuprinc/_notes menu_r2_c7.gif.mno
2008.01.07 11:45 B C:\Documents and Settings\Yanina\Mis documentos\PAGINAS WEB\torre linda\torrelindafinal07\menuprinc\_notes\menu_r2_c8.gif.mno --> www.nering.net /menuprinc/_notes menu_r2_c8.gif.mno
2008.01.07 11:45 B C:\Documents and Settings\Yanina\Mis documentos\PAGINAS WEB\torre linda\torrelindafinal07\menuprinc\_notes\menu_r2_c8_f2.gif.mno --> www.nering.net /menuprinc/_notes menu_r2_c8_f2.gif.mno
2008.01.07 11:45 B C:\Documents and Settings\Yanina\Mis documentos\PAGINAS WEB\torre linda\torrelindafinal07\menuprinc\_notes\menu_r2_c9.gif.mno --> www.nering.net /menuprinc/_notes menu_r2_c9.gif.mno
2008.01.07 11:45 B C:\Documents and Settings\Yanina\Mis documentos\PAGINAS WEB\torre linda\torrelindafinal07\menuprinc\_notes\menu_r3_c1.gif.mno --> www.nering.net /menuprinc/_notes menu_r3_c1.gif.mno
2008.01.07 11:45 B C:\Documents and Settings\Yanina\Mis documentos\PAGINAS WEB\torre linda\torrelindafinal07\menuprinc\_notes\menu_r3_c10.gif.mno --> www.nering.net /menuprinc/_notes menu_r3_c10.gif.mno
2008.01.07 11:45 B C:\Documents and Settings\Yanina\Mis documentos\PAGINAS WEB\torre linda\torrelindafinal07\menuprinc\_notes\menu_r3_c12.gif.mno --> www.nering.net /menuprinc/_notes menu_r3_c12.gif.mno
2008.01.07 11:45 B C:\Documents and Settings\Yanina\Mis documentos\PAGINAS WEB\torre linda\torrelindafinal07\menuprinc\_notes\menu_r3_c14.gif.mno --> www.nering.net /menuprinc/_notes menu_r3_c14.gif.mno
2008.01.07 11:45 B C:\Documents and Settings\Yanina\Mis documentos\PAGINAS WEB\torre linda\torrelindafinal07\menuprinc\_notes\menu_r3_c16.gif.mno --> www.nering.net /menuprinc/_notes menu_r3_c16.gif.mno
2008.01.07 11:45 B C:\Documents and Settings\Yanina\Mis documentos\PAGINAS WEB\torre linda\torrelindafinal07\menuprinc\_notes\menu_r3_c3.gif.mno --> www.nering.net /menuprinc/_notes menu_r3_c3.gif.mno
2008.01.07 11:45 B C:\Documents and Settings\Yanina\Mis documentos\PAGINAS WEB\torre linda\torrelindafinal07\menuprinc\_notes\menu_r3_c6.gif.mno --> www.nering.net /menuprinc/_notes menu_r3_c6.gif.mno
2008.01.07 11:45 B C:\Documents and Settings\Yanina\Mis documentos\PAGINAS WEB\torre linda\torrelindafinal07\menuprinc\_notes\menu_r3_c8.gif.mno --> www.nering.net /menuprinc/_notes menu_r3_c8.gif.mno
