2006.11.20 08:52 B C:\Documents and Settings\User\Mis documentos\paginas web\nering\torre linda\torrelindafinal\areas\menuareas\_notes\menuareas_r1_c1.gif.mno --> www.ggmdesign.com /public_html/proyectos/torrelinda/areas/menuareas/_notes menuareas_r1_c1.gif.mno
2006.11.20 08:52 B C:\Documents and Settings\User\Mis documentos\paginas web\nering\torre linda\torrelindafinal\areas\menuareas\_notes\menuareas_r2_c1.gif.mno --> www.ggmdesign.com /public_html/proyectos/torrelinda/areas/menuareas/_notes menuareas_r2_c1.gif.mno
2006.11.20 08:52 B C:\Documents and Settings\User\Mis documentos\paginas web\nering\torre linda\torrelindafinal\areas\menuareas\_notes\menuareas_r2_c1_f2.gif.mno --> www.ggmdesign.com /public_html/proyectos/torrelinda/areas/menuareas/_notes menuareas_r2_c1_f2.gif.mno
2006.11.20 08:52 B C:\Documents and Settings\User\Mis documentos\paginas web\nering\torre linda\torrelindafinal\areas\menuareas\_notes\menuareas_r2_c1_f3.gif.mno --> www.ggmdesign.com /public_html/proyectos/torrelinda/areas/menuareas/_notes menuareas_r2_c1_f3.gif.mno
2006.11.20 08:52 B C:\Documents and Settings\User\Mis documentos\paginas web\nering\torre linda\torrelindafinal\areas\menuareas\_notes\menuareas_r3_c1.gif.mno --> www.ggmdesign.com /public_html/proyectos/torrelinda/areas/menuareas/_notes menuareas_r3_c1.gif.mno
2006.11.20 08:52 B C:\Documents and Settings\User\Mis documentos\paginas web\nering\torre linda\torrelindafinal\areas\menuareas\_notes\menuareas_r4_c1.gif.mno --> www.ggmdesign.com /public_html/proyectos/torrelinda/areas/menuareas/_notes menuareas_r4_c1.gif.mno
2006.11.20 08:52 B C:\Documents and Settings\User\Mis documentos\paginas web\nering\torre linda\torrelindafinal\areas\menuareas\_notes\menuareas_r4_c1_f2.gif.mno --> www.ggmdesign.com /public_html/proyectos/torrelinda/areas/menuareas/_notes menuareas_r4_c1_f2.gif.mno
2006.11.20 08:52 B C:\Documents and Settings\User\Mis documentos\paginas web\nering\torre linda\torrelindafinal\areas\menuareas\_notes\menuareas_r4_c1_f3.gif.mno --> www.ggmdesign.com /public_html/proyectos/torrelinda/areas/menuareas/_notes menuareas_r4_c1_f3.gif.mno
2006.11.20 08:52 B C:\Documents and Settings\User\Mis documentos\paginas web\nering\torre linda\torrelindafinal\areas\menuareas\_notes\menuareas_r5_c1.gif.mno --> www.ggmdesign.com /public_html/proyectos/torrelinda/areas/menuareas/_notes menuareas_r5_c1.gif.mno
2006.12.14 11:43 B C:\Documents and Settings\User\Mis documentos\paginas web\nering\torre linda\torrelindafinal\areas\menuareas\_notes\menuareas_r1_c1.gif.mno --> www.ggmdesign.com /public_html/proyectos/torrelindafinal/areas/menuareas/_notes menuareas_r1_c1.gif.mno
2006.12.14 11:43 B C:\Documents and Settings\User\Mis documentos\paginas web\nering\torre linda\torrelindafinal\areas\menuareas\_notes\menuareas_r2_c1.gif.mno --> www.ggmdesign.com /public_html/proyectos/torrelindafinal/areas/menuareas/_notes menuareas_r2_c1.gif.mno
2006.12.14 11:44 B C:\Documents and Settings\User\Mis documentos\paginas web\nering\torre linda\torrelindafinal\areas\menuareas\_notes\menuareas_r2_c1_f2.gif.mno --> www.ggmdesign.com /public_html/proyectos/torrelindafinal/areas/menuareas/_notes menuareas_r2_c1_f2.gif.mno
2006.12.14 11:44 B C:\Documents and Settings\User\Mis documentos\paginas web\nering\torre linda\torrelindafinal\areas\menuareas\_notes\menuareas_r2_c1_f3.gif.mno --> www.ggmdesign.com /public_html/proyectos/torrelindafinal/areas/menuareas/_notes menuareas_r2_c1_f3.gif.mno
2006.12.14 11:45 B C:\Documents and Settings\User\Mis documentos\paginas web\nering\torre linda\torrelindafinal\areas\menuareas\_notes\menuareas_r3_c1.gif.mno --> www.ggmdesign.com /public_html/proyectos/torrelindafinal/areas/menuareas/_notes menuareas_r3_c1.gif.mno
2006.12.14 11:45 B C:\Documents and Settings\User\Mis documentos\paginas web\nering\torre linda\torrelindafinal\areas\menuareas\_notes\menuareas_r4_c1.gif.mno --> www.ggmdesign.com /public_html/proyectos/torrelindafinal/areas/menuareas/_notes menuareas_r4_c1.gif.mno
2006.12.14 11:45 B C:\Documents and Settings\User\Mis documentos\paginas web\nering\torre linda\torrelindafinal\areas\menuareas\_notes\menuareas_r4_c1_f2.gif.mno --> www.ggmdesign.com /public_html/proyectos/torrelindafinal/areas/menuareas/_notes menuareas_r4_c1_f2.gif.mno
2006.12.14 11:46 B C:\Documents and Settings\User\Mis documentos\paginas web\nering\torre linda\torrelindafinal\areas\menuareas\_notes\menuareas_r4_c1_f3.gif.mno --> www.ggmdesign.com /public_html/proyectos/torrelindafinal/areas/menuareas/_notes menuareas_r4_c1_f3.gif.mno
2006.12.14 11:46 B C:\Documents and Settings\User\Mis documentos\paginas web\nering\torre linda\torrelindafinal\areas\menuareas\_notes\menuareas_r5_c1.gif.mno --> www.ggmdesign.com /public_html/proyectos/torrelindafinal/areas/menuareas/_notes menuareas_r5_c1.gif.mno
2006.12.14 11:46 B C:\Documents and Settings\User\Mis documentos\paginas web\nering\torre linda\torrelindafinal\areas\menuareas\_notes\WS_FTP.LOG --> www.ggmdesign.com /public_html/proyectos/torrelindafinal/areas/menuareas/_notes WS_FTP.LOG
2006.12.17 10:28 B C:\Documents and Settings\User\Mis documentos\paginas web\nering\torre linda\torrelindafinal\areas\menuareas\_notes\menuareas_r1_c1.gif.mno --> www.nering.com.pe /public_html/areas/menuareas/_notes menuareas_r1_c1.gif.mno
2006.12.17 10:28 B C:\Documents and Settings\User\Mis documentos\paginas web\nering\torre linda\torrelindafinal\areas\menuareas\_notes\menuareas_r2_c1.gif.mno --> www.nering.com.pe /public_html/areas/menuareas/_notes menuareas_r2_c1.gif.mno
2006.12.17 10:28 B C:\Documents and Settings\User\Mis documentos\paginas web\nering\torre linda\torrelindafinal\areas\menuareas\_notes\menuareas_r2_c1_f2.gif.mno --> www.nering.com.pe /public_html/areas/menuareas/_notes menuareas_r2_c1_f2.gif.mno
2006.12.17 10:28 B C:\Documents and Settings\User\Mis documentos\paginas web\nering\torre linda\torrelindafinal\areas\menuareas\_notes\menuareas_r2_c1_f3.gif.mno --> www.nering.com.pe /public_html/areas/menuareas/_notes menuareas_r2_c1_f3.gif.mno
2006.12.17 10:28 B C:\Documents and Settings\User\Mis documentos\paginas web\nering\torre linda\torrelindafinal\areas\menuareas\_notes\menuareas_r3_c1.gif.mno --> www.nering.com.pe /public_html/areas/menuareas/_notes menuareas_r3_c1.gif.mno
2006.12.17 10:28 B C:\Documents and Settings\User\Mis documentos\paginas web\nering\torre linda\torrelindafinal\areas\menuareas\_notes\menuareas_r4_c1.gif.mno --> www.nering.com.pe /public_html/areas/menuareas/_notes menuareas_r4_c1.gif.mno
2006.12.17 10:28 B C:\Documents and Settings\User\Mis documentos\paginas web\nering\torre linda\torrelindafinal\areas\menuareas\_notes\menuareas_r4_c1_f2.gif.mno --> www.nering.com.pe /public_html/areas/menuareas/_notes menuareas_r4_c1_f2.gif.mno
2006.12.17 10:28 B C:\Documents and Settings\User\Mis documentos\paginas web\nering\torre linda\torrelindafinal\areas\menuareas\_notes\menuareas_r4_c1_f3.gif.mno --> www.nering.com.pe /public_html/areas/menuareas/_notes menuareas_r4_c1_f3.gif.mno
2006.12.17 10:28 B C:\Documents and Settings\User\Mis documentos\paginas web\nering\torre linda\torrelindafinal\areas\menuareas\_notes\menuareas_r5_c1.gif.mno --> www.nering.com.pe /public_html/areas/menuareas/_notes menuareas_r5_c1.gif.mno
2006.12.17 10:28 B C:\Documents and Settings\User\Mis documentos\paginas web\nering\torre linda\torrelindafinal\areas\menuareas\_notes\WS_FTP.LOG --> www.nering.com.pe /public_html/areas/menuareas/_notes WS_FTP.LOG
2008.01.07 11:28 B C:\Documents and Settings\Yanina\Mis documentos\PAGINAS WEB\torre linda\torrelindafinal07\areas\menuareas\_notes\menuareas_r1_c1.gif.mno --> www.nering.net /areas/menuareas/_notes menuareas_r1_c1.gif.mno
2008.01.07 11:28 B C:\Documents and Settings\Yanina\Mis documentos\PAGINAS WEB\torre linda\torrelindafinal07\areas\menuareas\_notes\menuareas_r2_c1.gif.mno --> www.nering.net /areas/menuareas/_notes menuareas_r2_c1.gif.mno
2008.01.07 11:28 B C:\Documents and Settings\Yanina\Mis documentos\PAGINAS WEB\torre linda\torrelindafinal07\areas\menuareas\_notes\menuareas_r2_c1_f2.gif.mno --> www.nering.net /areas/menuareas/_notes menuareas_r2_c1_f2.gif.mno
2008.01.07 11:28 B C:\Documents and Settings\Yanina\Mis documentos\PAGINAS WEB\torre linda\torrelindafinal07\areas\menuareas\_notes\menuareas_r2_c1_f3.gif.mno --> www.nering.net /areas/menuareas/_notes menuareas_r2_c1_f3.gif.mno
2008.01.07 11:28 B C:\Documents and Settings\Yanina\Mis documentos\PAGINAS WEB\torre linda\torrelindafinal07\areas\menuareas\_notes\menuareas_r3_c1.gif.mno --> www.nering.net /areas/menuareas/_notes menuareas_r3_c1.gif.mno
2008.01.07 11:28 B C:\Documents and Settings\Yanina\Mis documentos\PAGINAS WEB\torre linda\torrelindafinal07\areas\menuareas\_notes\menuareas_r4_c1.gif.mno --> www.nering.net /areas/menuareas/_notes menuareas_r4_c1.gif.mno
2008.01.07 11:28 B C:\Documents and Settings\Yanina\Mis documentos\PAGINAS WEB\torre linda\torrelindafinal07\areas\menuareas\_notes\menuareas_r4_c1_f2.gif.mno --> www.nering.net /areas/menuareas/_notes menuareas_r4_c1_f2.gif.mno
2008.01.07 11:28 B C:\Documents and Settings\Yanina\Mis documentos\PAGINAS WEB\torre linda\torrelindafinal07\areas\menuareas\_notes\menuareas_r4_c1_f3.gif.mno --> www.nering.net /areas/menuareas/_notes menuareas_r4_c1_f3.gif.mno
2008.01.07 11:28 B C:\Documents and Settings\Yanina\Mis documentos\PAGINAS WEB\torre linda\torrelindafinal07\areas\menuareas\_notes\menuareas_r5_c1.gif.mno --> www.nering.net /areas/menuareas/_notes menuareas_r5_c1.gif.mno
