2006.12.14 12:05 B C:\Documents and Settings\User\Mis documentos\paginas web\nering\torre linda\torrelindafinal\depas\departamentos\detalle\1piso\101a.gif --> www.ggmdesign.com /public_html/proyectos/torrelindafinal/depas/departamentos/detalle/1piso 101a.gif
2006.12.14 12:05 B C:\Documents and Settings\User\Mis documentos\paginas web\nering\torre linda\torrelindafinal\depas\departamentos\detalle\1piso\102a.gif --> www.ggmdesign.com /public_html/proyectos/torrelindafinal/depas/departamentos/detalle/1piso 102a.gif
2006.12.14 12:06 B C:\Documents and Settings\User\Mis documentos\paginas web\nering\torre linda\torrelindafinal\depas\departamentos\detalle\1piso\103.gif --> www.ggmdesign.com /public_html/proyectos/torrelindafinal/depas/departamentos/detalle/1piso 103.gif
2006.12.14 12:06 B C:\Documents and Settings\User\Mis documentos\paginas web\nering\torre linda\torrelindafinal\depas\departamentos\detalle\1piso\104.gif --> www.ggmdesign.com /public_html/proyectos/torrelindafinal/depas/departamentos/detalle/1piso 104.gif
2006.12.14 12:06 B C:\Documents and Settings\User\Mis documentos\paginas web\nering\torre linda\torrelindafinal\depas\departamentos\detalle\1piso\duplex101a.htm --> www.ggmdesign.com /public_html/proyectos/torrelindafinal/depas/departamentos/detalle/1piso duplex101a.htm
2006.12.14 12:07 B C:\Documents and Settings\User\Mis documentos\paginas web\nering\torre linda\torrelindafinal\depas\departamentos\detalle\1piso\duplex102a.htm --> www.ggmdesign.com /public_html/proyectos/torrelindafinal/depas/departamentos/detalle/1piso duplex102a.htm
2006.12.14 12:07 B C:\Documents and Settings\User\Mis documentos\paginas web\nering\torre linda\torrelindafinal\depas\departamentos\detalle\1piso\flat103.htm --> www.ggmdesign.com /public_html/proyectos/torrelindafinal/depas/departamentos/detalle/1piso flat103.htm
2006.12.14 12:07 B C:\Documents and Settings\User\Mis documentos\paginas web\nering\torre linda\torrelindafinal\depas\departamentos\detalle\1piso\flat104.htm --> www.ggmdesign.com /public_html/proyectos/torrelindafinal/depas/departamentos/detalle/1piso flat104.htm
2006.12.17 10:33 B C:\Documents and Settings\User\Mis documentos\paginas web\nering\torre linda\torrelindafinal\depas\departamentos\detalle\1piso\101a.gif --> www.nering.com.pe /public_html/depas/departamentos/detalle/1piso 101a.gif
2006.12.17 10:33 B C:\Documents and Settings\User\Mis documentos\paginas web\nering\torre linda\torrelindafinal\depas\departamentos\detalle\1piso\102a.gif --> www.nering.com.pe /public_html/depas/departamentos/detalle/1piso 102a.gif
2006.12.17 10:33 B C:\Documents and Settings\User\Mis documentos\paginas web\nering\torre linda\torrelindafinal\depas\departamentos\detalle\1piso\103.gif --> www.nering.com.pe /public_html/depas/departamentos/detalle/1piso 103.gif
2006.12.17 10:33 B C:\Documents and Settings\User\Mis documentos\paginas web\nering\torre linda\torrelindafinal\depas\departamentos\detalle\1piso\104.gif --> www.nering.com.pe /public_html/depas/departamentos/detalle/1piso 104.gif
2006.12.17 10:33 B C:\Documents and Settings\User\Mis documentos\paginas web\nering\torre linda\torrelindafinal\depas\departamentos\detalle\1piso\duplex101a.htm --> www.nering.com.pe /public_html/depas/departamentos/detalle/1piso duplex101a.htm
2006.12.17 10:33 B C:\Documents and Settings\User\Mis documentos\paginas web\nering\torre linda\torrelindafinal\depas\departamentos\detalle\1piso\duplex102a.htm --> www.nering.com.pe /public_html/depas/departamentos/detalle/1piso duplex102a.htm
2006.12.17 10:33 B C:\Documents and Settings\User\Mis documentos\paginas web\nering\torre linda\torrelindafinal\depas\departamentos\detalle\1piso\flat103.htm --> www.nering.com.pe /public_html/depas/departamentos/detalle/1piso flat103.htm
2006.12.17 10:33 B C:\Documents and Settings\User\Mis documentos\paginas web\nering\torre linda\torrelindafinal\depas\departamentos\detalle\1piso\flat104.htm --> www.nering.com.pe /public_html/depas/departamentos/detalle/1piso flat104.htm
2006.12.17 10:33 B C:\Documents and Settings\User\Mis documentos\paginas web\nering\torre linda\torrelindafinal\depas\departamentos\detalle\1piso\WS_FTP.LOG --> www.nering.com.pe /public_html/depas/departamentos/detalle/1piso WS_FTP.LOG
2007.05.09 19:37 B C:\Documents and Settings\User\Mis documentos\paginas web\torre linda\torrelindafinal07\depas\planos\detalle\1piso\101a.gif --> www.nering.com.pe /public_html/depas/planos/detalle/1piso 101a.gif
2007.05.09 19:37 B C:\Documents and Settings\User\Mis documentos\paginas web\torre linda\torrelindafinal07\depas\planos\detalle\1piso\102a.gif --> www.nering.com.pe /public_html/depas/planos/detalle/1piso 102a.gif
2007.05.09 19:37 B C:\Documents and Settings\User\Mis documentos\paginas web\torre linda\torrelindafinal07\depas\planos\detalle\1piso\103.gif --> www.nering.com.pe /public_html/depas/planos/detalle/1piso 103.gif
2007.05.09 19:38 B C:\Documents and Settings\User\Mis documentos\paginas web\torre linda\torrelindafinal07\depas\planos\detalle\1piso\104.gif --> www.nering.com.pe /public_html/depas/planos/detalle/1piso 104.gif
2007.05.09 19:38 B C:\Documents and Settings\User\Mis documentos\paginas web\torre linda\torrelindafinal07\depas\planos\detalle\1piso\duplex101a.htm --> www.nering.com.pe /public_html/depas/planos/detalle/1piso duplex101a.htm
2007.05.09 19:38 B C:\Documents and Settings\User\Mis documentos\paginas web\torre linda\torrelindafinal07\depas\planos\detalle\1piso\duplex102a.htm --> www.nering.com.pe /public_html/depas/planos/detalle/1piso duplex102a.htm
2007.05.09 19:38 B C:\Documents and Settings\User\Mis documentos\paginas web\torre linda\torrelindafinal07\depas\planos\detalle\1piso\flat103.htm --> www.nering.com.pe /public_html/depas/planos/detalle/1piso flat103.htm
2007.05.09 19:38 B C:\Documents and Settings\User\Mis documentos\paginas web\torre linda\torrelindafinal07\depas\planos\detalle\1piso\flat104.htm --> www.nering.com.pe /public_html/depas/planos/detalle/1piso flat104.htm
2007.05.09 19:38 B C:\Documents and Settings\User\Mis documentos\paginas web\torre linda\torrelindafinal07\depas\planos\detalle\1piso\WS_FTP.LOG --> www.nering.com.pe /public_html/depas/planos/detalle/1piso WS_FTP.LOG
2007.05.17 10:52 B C:\Documents and Settings\User\Mis documentos\paginas web\torre linda\torrelindafinal07\depas\planos\detalle\1piso\101a.gif --> www.nering.com.pe /public_html/depas/planos/detalle/1piso 101a.gif
2007.05.17 10:52 B C:\Documents and Settings\User\Mis documentos\paginas web\torre linda\torrelindafinal07\depas\planos\detalle\1piso\102a.gif --> www.nering.com.pe /public_html/depas/planos/detalle/1piso 102a.gif
2007.05.17 10:52 B C:\Documents and Settings\User\Mis documentos\paginas web\torre linda\torrelindafinal07\depas\planos\detalle\1piso\103.gif --> www.nering.com.pe /public_html/depas/planos/detalle/1piso 103.gif
2007.05.17 10:52 B C:\Documents and Settings\User\Mis documentos\paginas web\torre linda\torrelindafinal07\depas\planos\detalle\1piso\104.gif --> www.nering.com.pe /public_html/depas/planos/detalle/1piso 104.gif
2007.05.17 10:52 B C:\Documents and Settings\User\Mis documentos\paginas web\torre linda\torrelindafinal07\depas\planos\detalle\1piso\duplex101a.htm --> www.nering.com.pe /public_html/depas/planos/detalle/1piso duplex101a.htm
2007.05.17 10:52 B C:\Documents and Settings\User\Mis documentos\paginas web\torre linda\torrelindafinal07\depas\planos\detalle\1piso\duplex102a.htm --> www.nering.com.pe /public_html/depas/planos/detalle/1piso duplex102a.htm
2007.05.17 10:52 B C:\Documents and Settings\User\Mis documentos\paginas web\torre linda\torrelindafinal07\depas\planos\detalle\1piso\flat103.htm --> www.nering.com.pe /public_html/depas/planos/detalle/1piso flat103.htm
2007.05.17 10:52 B C:\Documents and Settings\User\Mis documentos\paginas web\torre linda\torrelindafinal07\depas\planos\detalle\1piso\flat104.htm --> www.nering.com.pe /public_html/depas/planos/detalle/1piso flat104.htm
2008.01.07 11:38 B C:\Documents and Settings\Yanina\Mis documentos\PAGINAS WEB\torre linda\torrelindafinal07\depas\planos\detalle\1piso\101a.gif --> www.nering.net /depas/planos/detalle/1piso 101a.gif
2008.01.07 11:38 B C:\Documents and Settings\Yanina\Mis documentos\PAGINAS WEB\torre linda\torrelindafinal07\depas\planos\detalle\1piso\102a.gif --> www.nering.net /depas/planos/detalle/1piso 102a.gif
2008.01.07 11:38 B C:\Documents and Settings\Yanina\Mis documentos\PAGINAS WEB\torre linda\torrelindafinal07\depas\planos\detalle\1piso\103.gif --> www.nering.net /depas/planos/detalle/1piso 103.gif
2008.01.07 11:38 B C:\Documents and Settings\Yanina\Mis documentos\PAGINAS WEB\torre linda\torrelindafinal07\depas\planos\detalle\1piso\104.gif --> www.nering.net /depas/planos/detalle/1piso 104.gif
2008.01.07 11:38 B C:\Documents and Settings\Yanina\Mis documentos\PAGINAS WEB\torre linda\torrelindafinal07\depas\planos\detalle\1piso\duplex101a.htm --> www.nering.net /depas/planos/detalle/1piso duplex101a.htm
2008.01.07 11:38 B C:\Documents and Settings\Yanina\Mis documentos\PAGINAS WEB\torre linda\torrelindafinal07\depas\planos\detalle\1piso\duplex102a.htm --> www.nering.net /depas/planos/detalle/1piso duplex102a.htm
2008.01.07 11:38 B C:\Documents and Settings\Yanina\Mis documentos\PAGINAS WEB\torre linda\torrelindafinal07\depas\planos\detalle\1piso\flat103.htm --> www.nering.net /depas/planos/detalle/1piso flat103.htm
2008.01.07 11:38 B C:\Documents and Settings\Yanina\Mis documentos\PAGINAS WEB\torre linda\torrelindafinal07\depas\planos\detalle\1piso\flat104.htm --> www.nering.net /depas/planos/detalle/1piso flat104.htm
2008.01.07 11:38 B C:\Documents and Settings\Yanina\Mis documentos\PAGINAS WEB\torre linda\torrelindafinal07\depas\planos\detalle\1piso\Thumbs.db --> www.nering.net /depas/planos/detalle/1piso Thumbs.db
