2006.11.07 07:17 B C:\Documents and Settings\User\Mis documentos\paginas web\nering\torre linda\torrelindafinal\depas\departamentos\12piso.htm --> www.ggmdesign.com /public_html/proyectos/torrelinda/depas/departamentos 12piso.htm
2006.11.07 07:17 B C:\Documents and Settings\User\Mis documentos\paginas web\nering\torre linda\torrelindafinal\depas\departamentos\13piso.htm --> www.ggmdesign.com /public_html/proyectos/torrelinda/depas/departamentos 13piso.htm
2006.11.07 07:17 B C:\Documents and Settings\User\Mis documentos\paginas web\nering\torre linda\torrelindafinal\depas\departamentos\14piso.htm --> www.ggmdesign.com /public_html/proyectos/torrelinda/depas/departamentos 14piso.htm
2006.11.07 07:17 B C:\Documents and Settings\User\Mis documentos\paginas web\nering\torre linda\torrelindafinal\depas\departamentos\1piso.htm --> www.ggmdesign.com /public_html/proyectos/torrelinda/depas/departamentos 1piso.htm
2006.11.07 07:17 B C:\Documents and Settings\User\Mis documentos\paginas web\nering\torre linda\torrelindafinal\depas\departamentos\2piso.htm --> www.ggmdesign.com /public_html/proyectos/torrelinda/depas/departamentos 2piso.htm
2006.11.07 07:17 B C:\Documents and Settings\User\Mis documentos\paginas web\nering\torre linda\torrelindafinal\depas\departamentos\arribainter2.swf --> www.ggmdesign.com /public_html/proyectos/torrelinda/depas/departamentos arribainter2.swf
2006.11.07 07:17 B C:\Documents and Settings\User\Mis documentos\paginas web\nering\torre linda\torrelindafinal\depas\departamentos\azotea.htm --> www.ggmdesign.com /public_html/proyectos/torrelinda/depas/departamentos azotea.htm
2006.11.07 07:17 B C:\Documents and Settings\User\Mis documentos\paginas web\nering\torre linda\torrelindafinal\depas\departamentos\impares.htm --> www.ggmdesign.com /public_html/proyectos/torrelinda/depas/departamentos impares.htm
2006.11.07 07:17 B C:\Documents and Settings\User\Mis documentos\paginas web\nering\torre linda\torrelindafinal\depas\departamentos\pares.htm --> www.ggmdesign.com /public_html/proyectos/torrelinda/depas/departamentos pares.htm
2006.11.07 07:17 B C:\Documents and Settings\User\Mis documentos\paginas web\nering\torre linda\torrelindafinal\depas\departamentos\semisotano.htm --> www.ggmdesign.com /public_html/proyectos/torrelinda/depas/departamentos semisotano.htm
2006.11.07 07:17 B C:\Documents and Settings\User\Mis documentos\paginas web\nering\torre linda\torrelindafinal\depas\departamentos\titimpares.gif --> www.ggmdesign.com /public_html/proyectos/torrelinda/depas/departamentos titimpares.gif
2006.11.20 08:55 B C:\Documents and Settings\User\Mis documentos\paginas web\nering\torre linda\torrelindafinal\depas\departamentos\WS_FTP.LOG --> www.ggmdesign.com /public_html/proyectos/torrelinda/depas/departamentos WS_FTP.LOG
2006.11.28 11:10 B C:\Documents and Settings\User\Mis documentos\paginas web\nering\torre linda\torrelindafinal\depas\departamentos\arribainter2.swf --> www.ggmdesign.com /public_html/proyectos/torrelinda/depas/departamentos arribainter2.swf
2006.12.14 12:45 B C:\Documents and Settings\User\Mis documentos\paginas web\nering\torre linda\torrelindafinal\depas\departamentos\12piso.htm --> www.ggmdesign.com /public_html/proyectos/torrelindafinal/depas/departamentos 12piso.htm
2006.12.14 12:45 B C:\Documents and Settings\User\Mis documentos\paginas web\nering\torre linda\torrelindafinal\depas\departamentos\13piso.htm --> www.ggmdesign.com /public_html/proyectos/torrelindafinal/depas/departamentos 13piso.htm
2006.12.14 12:46 B C:\Documents and Settings\User\Mis documentos\paginas web\nering\torre linda\torrelindafinal\depas\departamentos\14piso.htm --> www.ggmdesign.com /public_html/proyectos/torrelindafinal/depas/departamentos 14piso.htm
2006.12.14 12:46 B C:\Documents and Settings\User\Mis documentos\paginas web\nering\torre linda\torrelindafinal\depas\departamentos\1piso.htm --> www.ggmdesign.com /public_html/proyectos/torrelindafinal/depas/departamentos 1piso.htm
2006.12.14 12:47 B C:\Documents and Settings\User\Mis documentos\paginas web\nering\torre linda\torrelindafinal\depas\departamentos\2piso.htm --> www.ggmdesign.com /public_html/proyectos/torrelindafinal/depas/departamentos 2piso.htm
2006.12.14 12:47 B C:\Documents and Settings\User\Mis documentos\paginas web\nering\torre linda\torrelindafinal\depas\departamentos\arribainter2.swf --> www.ggmdesign.com /public_html/proyectos/torrelindafinal/depas/departamentos arribainter2.swf
2006.12.14 12:47 B C:\Documents and Settings\User\Mis documentos\paginas web\nering\torre linda\torrelindafinal\depas\departamentos\azotea.htm --> www.ggmdesign.com /public_html/proyectos/torrelindafinal/depas/departamentos azotea.htm
2006.12.14 12:48 B C:\Documents and Settings\User\Mis documentos\paginas web\nering\torre linda\torrelindafinal\depas\departamentos\impares.htm --> www.ggmdesign.com /public_html/proyectos/torrelindafinal/depas/departamentos impares.htm
2006.12.14 12:48 B C:\Documents and Settings\User\Mis documentos\paginas web\nering\torre linda\torrelindafinal\depas\departamentos\pares.htm --> www.ggmdesign.com /public_html/proyectos/torrelindafinal/depas/departamentos pares.htm
2006.12.14 12:49 B C:\Documents and Settings\User\Mis documentos\paginas web\nering\torre linda\torrelindafinal\depas\departamentos\semisotano.htm --> www.ggmdesign.com /public_html/proyectos/torrelindafinal/depas/departamentos semisotano.htm
2006.12.14 12:49 B C:\Documents and Settings\User\Mis documentos\paginas web\nering\torre linda\torrelindafinal\depas\departamentos\titimpares.gif --> www.ggmdesign.com /public_html/proyectos/torrelindafinal/depas/departamentos titimpares.gif
2006.12.14 12:49 B C:\Documents and Settings\User\Mis documentos\paginas web\nering\torre linda\torrelindafinal\depas\departamentos\WS_FTP.LOG --> www.ggmdesign.com /public_html/proyectos/torrelindafinal/depas/departamentos WS_FTP.LOG
2006.12.17 10:39 B C:\Documents and Settings\User\Mis documentos\paginas web\nering\torre linda\torrelindafinal\depas\departamentos\12piso.htm --> www.nering.com.pe /public_html/depas/departamentos 12piso.htm
2006.12.17 10:39 B C:\Documents and Settings\User\Mis documentos\paginas web\nering\torre linda\torrelindafinal\depas\departamentos\13piso.htm --> www.nering.com.pe /public_html/depas/departamentos 13piso.htm
2006.12.17 10:39 B C:\Documents and Settings\User\Mis documentos\paginas web\nering\torre linda\torrelindafinal\depas\departamentos\14piso.htm --> www.nering.com.pe /public_html/depas/departamentos 14piso.htm
2006.12.17 10:39 B C:\Documents and Settings\User\Mis documentos\paginas web\nering\torre linda\torrelindafinal\depas\departamentos\1piso.htm --> www.nering.com.pe /public_html/depas/departamentos 1piso.htm
2006.12.17 10:39 B C:\Documents and Settings\User\Mis documentos\paginas web\nering\torre linda\torrelindafinal\depas\departamentos\2piso.htm --> www.nering.com.pe /public_html/depas/departamentos 2piso.htm
2006.12.17 10:39 B C:\Documents and Settings\User\Mis documentos\paginas web\nering\torre linda\torrelindafinal\depas\departamentos\arribainter2.swf --> www.nering.com.pe /public_html/depas/departamentos arribainter2.swf
2006.12.17 10:40 B C:\Documents and Settings\User\Mis documentos\paginas web\nering\torre linda\torrelindafinal\depas\departamentos\azotea.htm --> www.nering.com.pe /public_html/depas/departamentos azotea.htm
2006.12.17 10:40 B C:\Documents and Settings\User\Mis documentos\paginas web\nering\torre linda\torrelindafinal\depas\departamentos\impares.htm --> www.nering.com.pe /public_html/depas/departamentos impares.htm
2006.12.17 10:40 B C:\Documents and Settings\User\Mis documentos\paginas web\nering\torre linda\torrelindafinal\depas\departamentos\pares.htm --> www.nering.com.pe /public_html/depas/departamentos pares.htm
2006.12.17 10:40 B C:\Documents and Settings\User\Mis documentos\paginas web\nering\torre linda\torrelindafinal\depas\departamentos\semisotano.htm --> www.nering.com.pe /public_html/depas/departamentos semisotano.htm
2006.12.17 10:40 B C:\Documents and Settings\User\Mis documentos\paginas web\nering\torre linda\torrelindafinal\depas\departamentos\titimpares.gif --> www.nering.com.pe /public_html/depas/departamentos titimpares.gif
2006.12.17 10:40 B C:\Documents and Settings\User\Mis documentos\paginas web\nering\torre linda\torrelindafinal\depas\departamentos\WS_FTP.LOG --> www.nering.com.pe /public_html/depas/departamentos WS_FTP.LOG
2006.12.18 10:25 B C:\Documents and Settings\User\Mis documentos\paginas web\nering\torre linda\torrelindafinal\depas\departamentos\arribainter2.swf --> www.nering.com.pe /public_html/depas/departamentos arribainter2.swf
2006.12.18 10:25 B C:\Documents and Settings\User\Mis documentos\paginas web\nering\torre linda\torrelindafinal\depas\departamentos\arribainter2.swf --> www.nering.com.pe /public_html/depas/departamentos arribainter2.swf
2006.12.31 12:14 B C:\Documents and Settings\User\Mis documentos\paginas web\nering\torre linda\torrelindafinal\depas\departamentos\arribainter2.swf --> www.nering.com.pe /public_html/depas/departamentos arribainter2.swf
2007.05.04 10:52 B C:\Documents and Settings\User\Mis documentos\paginas web\torre linda\torrelindafinal07\depas\departamentos\12piso.htm --> www.nering.com.pe /public_html/depas/departamentos 12piso.htm
2007.05.04 10:52 B C:\Documents and Settings\User\Mis documentos\paginas web\torre linda\torrelindafinal07\depas\departamentos\13piso.htm --> www.nering.com.pe /public_html/depas/departamentos 13piso.htm
2007.05.04 10:52 B C:\Documents and Settings\User\Mis documentos\paginas web\torre linda\torrelindafinal07\depas\departamentos\14piso.htm --> www.nering.com.pe /public_html/depas/departamentos 14piso.htm
2007.05.04 10:52 B C:\Documents and Settings\User\Mis documentos\paginas web\torre linda\torrelindafinal07\depas\departamentos\1piso.htm --> www.nering.com.pe /public_html/depas/departamentos 1piso.htm
2007.05.04 10:52 B C:\Documents and Settings\User\Mis documentos\paginas web\torre linda\torrelindafinal07\depas\departamentos\2piso.htm --> www.nering.com.pe /public_html/depas/departamentos 2piso.htm
2007.05.04 10:52 B C:\Documents and Settings\User\Mis documentos\paginas web\torre linda\torrelindafinal07\depas\departamentos\arribainter2.swf --> www.nering.com.pe /public_html/depas/departamentos arribainter2.swf
2007.05.04 10:52 B C:\Documents and Settings\User\Mis documentos\paginas web\torre linda\torrelindafinal07\depas\departamentos\azotea.htm --> www.nering.com.pe /public_html/depas/departamentos azotea.htm
2007.05.04 10:52 B C:\Documents and Settings\User\Mis documentos\paginas web\torre linda\torrelindafinal07\depas\departamentos\impares.htm --> www.nering.com.pe /public_html/depas/departamentos impares.htm
2007.05.04 10:52 B C:\Documents and Settings\User\Mis documentos\paginas web\torre linda\torrelindafinal07\depas\departamentos\pares.htm --> www.nering.com.pe /public_html/depas/departamentos pares.htm
2007.05.04 10:52 B C:\Documents and Settings\User\Mis documentos\paginas web\torre linda\torrelindafinal07\depas\departamentos\semisotano.htm --> www.nering.com.pe /public_html/depas/departamentos semisotano.htm
2007.05.04 10:52 B C:\Documents and Settings\User\Mis documentos\paginas web\torre linda\torrelindafinal07\depas\departamentos\titimpares.gif --> www.nering.com.pe /public_html/depas/departamentos titimpares.gif
2007.05.04 18:36 B C:\Documents and Settings\User\Mis documentos\paginas web\torre linda\torrelindafinal07\depas\departamentos\12piso.htm --> www.nering.com.pe /public_html/depas/departamentos 12piso.htm
2007.05.04 18:36 B C:\Documents and Settings\User\Mis documentos\paginas web\torre linda\torrelindafinal07\depas\departamentos\13piso.htm --> www.nering.com.pe /public_html/depas/departamentos 13piso.htm
2007.05.04 18:36 B C:\Documents and Settings\User\Mis documentos\paginas web\torre linda\torrelindafinal07\depas\departamentos\14piso.htm --> www.nering.com.pe /public_html/depas/departamentos 14piso.htm
2007.05.04 18:36 B C:\Documents and Settings\User\Mis documentos\paginas web\torre linda\torrelindafinal07\depas\departamentos\1piso.htm --> www.nering.com.pe /public_html/depas/departamentos 1piso.htm
2007.05.04 18:36 B C:\Documents and Settings\User\Mis documentos\paginas web\torre linda\torrelindafinal07\depas\departamentos\2piso.htm --> www.nering.com.pe /public_html/depas/departamentos 2piso.htm
2007.05.04 18:36 B C:\Documents and Settings\User\Mis documentos\paginas web\torre linda\torrelindafinal07\depas\departamentos\arribainter2.swf --> www.nering.com.pe /public_html/depas/departamentos arribainter2.swf
2007.05.04 18:36 B C:\Documents and Settings\User\Mis documentos\paginas web\torre linda\torrelindafinal07\depas\departamentos\azotea.htm --> www.nering.com.pe /public_html/depas/departamentos azotea.htm
2007.05.04 18:36 B C:\Documents and Settings\User\Mis documentos\paginas web\torre linda\torrelindafinal07\depas\departamentos\impares.htm --> www.nering.com.pe /public_html/depas/departamentos impares.htm
2007.05.04 18:36 B C:\Documents and Settings\User\Mis documentos\paginas web\torre linda\torrelindafinal07\depas\departamentos\pares.htm --> www.nering.com.pe /public_html/depas/departamentos pares.htm
2007.05.04 18:36 B C:\Documents and Settings\User\Mis documentos\paginas web\torre linda\torrelindafinal07\depas\departamentos\semisotano.htm --> www.nering.com.pe /public_html/depas/departamentos semisotano.htm
2007.05.04 18:36 B C:\Documents and Settings\User\Mis documentos\paginas web\torre linda\torrelindafinal07\depas\departamentos\titimpares.gif --> www.nering.com.pe /public_html/depas/departamentos titimpares.gif
2007.05.09 19:42 B C:\Documents and Settings\User\Mis documentos\paginas web\torre linda\torrelindafinal07\depas\planos\12piso.htm --> www.nering.com.pe /public_html/depas/planos 12piso.htm
2007.05.09 19:42 B C:\Documents and Settings\User\Mis documentos\paginas web\torre linda\torrelindafinal07\depas\planos\13piso.htm --> www.nering.com.pe /public_html/depas/planos 13piso.htm
2007.05.09 19:42 B C:\Documents and Settings\User\Mis documentos\paginas web\torre linda\torrelindafinal07\depas\planos\14piso.htm --> www.nering.com.pe /public_html/depas/planos 14piso.htm
2007.05.09 19:42 B C:\Documents and Settings\User\Mis documentos\paginas web\torre linda\torrelindafinal07\depas\planos\1piso.htm --> www.nering.com.pe /public_html/depas/planos 1piso.htm
2007.05.09 19:42 B C:\Documents and Settings\User\Mis documentos\paginas web\torre linda\torrelindafinal07\depas\planos\2piso.htm --> www.nering.com.pe /public_html/depas/planos 2piso.htm
2007.05.09 19:42 B C:\Documents and Settings\User\Mis documentos\paginas web\torre linda\torrelindafinal07\depas\planos\arribainter2.swf --> www.nering.com.pe /public_html/depas/planos arribainter2.swf
2007.05.09 19:42 B C:\Documents and Settings\User\Mis documentos\paginas web\torre linda\torrelindafinal07\depas\planos\azotea.htm --> www.nering.com.pe /public_html/depas/planos azotea.htm
2007.05.09 19:42 B C:\Documents and Settings\User\Mis documentos\paginas web\torre linda\torrelindafinal07\depas\planos\impares.htm --> www.nering.com.pe /public_html/depas/planos impares.htm
2007.05.09 19:42 B C:\Documents and Settings\User\Mis documentos\paginas web\torre linda\torrelindafinal07\depas\planos\pares.htm --> www.nering.com.pe /public_html/depas/planos pares.htm
2007.05.09 19:42 B C:\Documents and Settings\User\Mis documentos\paginas web\torre linda\torrelindafinal07\depas\planos\semisotano.htm --> www.nering.com.pe /public_html/depas/planos semisotano.htm
2007.05.09 19:42 B C:\Documents and Settings\User\Mis documentos\paginas web\torre linda\torrelindafinal07\depas\planos\titimpares.gif --> www.nering.com.pe /public_html/depas/planos titimpares.gif
2007.05.09 19:42 B C:\Documents and Settings\User\Mis documentos\paginas web\torre linda\torrelindafinal07\depas\planos\WS_FTP.LOG --> www.nering.com.pe /public_html/depas/planos WS_FTP.LOG
2008.01.07 11:42 B C:\Documents and Settings\Yanina\Mis documentos\PAGINAS WEB\torre linda\torrelindafinal07\depas\planos\12piso.htm --> www.nering.net /depas/planos 12piso.htm
2008.01.07 11:42 B C:\Documents and Settings\Yanina\Mis documentos\PAGINAS WEB\torre linda\torrelindafinal07\depas\planos\13piso.htm --> www.nering.net /depas/planos 13piso.htm
2008.01.07 11:42 B C:\Documents and Settings\Yanina\Mis documentos\PAGINAS WEB\torre linda\torrelindafinal07\depas\planos\14piso.htm --> www.nering.net /depas/planos 14piso.htm
2008.01.07 11:42 B C:\Documents and Settings\Yanina\Mis documentos\PAGINAS WEB\torre linda\torrelindafinal07\depas\planos\1piso.htm --> www.nering.net /depas/planos 1piso.htm
2008.01.07 11:42 B C:\Documents and Settings\Yanina\Mis documentos\PAGINAS WEB\torre linda\torrelindafinal07\depas\planos\2piso.htm --> www.nering.net /depas/planos 2piso.htm
2008.01.07 11:42 B C:\Documents and Settings\Yanina\Mis documentos\PAGINAS WEB\torre linda\torrelindafinal07\depas\planos\arribainter2.swf --> www.nering.net /depas/planos arribainter2.swf
2008.01.07 11:42 B C:\Documents and Settings\Yanina\Mis documentos\PAGINAS WEB\torre linda\torrelindafinal07\depas\planos\azotea.htm --> www.nering.net /depas/planos azotea.htm
2008.01.07 11:42 B C:\Documents and Settings\Yanina\Mis documentos\PAGINAS WEB\torre linda\torrelindafinal07\depas\planos\impares.htm --> www.nering.net /depas/planos impares.htm
2008.01.07 11:42 B C:\Documents and Settings\Yanina\Mis documentos\PAGINAS WEB\torre linda\torrelindafinal07\depas\planos\pares.htm --> www.nering.net /depas/planos pares.htm
2008.01.07 11:42 B C:\Documents and Settings\Yanina\Mis documentos\PAGINAS WEB\torre linda\torrelindafinal07\depas\planos\semisotano.htm --> www.nering.net /depas/planos semisotano.htm
2008.01.07 11:42 B C:\Documents and Settings\Yanina\Mis documentos\PAGINAS WEB\torre linda\torrelindafinal07\depas\planos\titimpares.gif --> www.nering.net /depas/planos titimpares.gif
