2006.12.14 13:19 B C:\Documents and Settings\User\Mis documentos\paginas web\nering\torre linda\torrelindafinal\depas\precios\calidad constructiva.pdf --> www.ggmdesign.com /public_html/proyectos/torrelindafinal/depas/precios calidad constructiva.pdf
2006.12.14 13:19 B C:\Documents and Settings\User\Mis documentos\paginas web\nering\torre linda\torrelindafinal\depas\precios\Cuadro de Ventajas Comparativas del PROYECTO - Anverso.pdf --> www.ggmdesign.com /public_html/proyectos/torrelindafinal/depas/precios Cuadro de Ventajas Comparativas del PROYECTO - Anverso.pdf
2006.12.14 13:19 B C:\Documents and Settings\User\Mis documentos\paginas web\nering\torre linda\torrelindafinal\depas\precios\imagprecios.jpg --> www.ggmdesign.com /public_html/proyectos/torrelindafinal/depas/precios imagprecios.jpg
2006.12.14 13:20 B C:\Documents and Settings\User\Mis documentos\paginas web\nering\torre linda\torrelindafinal\depas\precios\Precios al 21 Oct 06 - VENTAS(1).pdf --> www.ggmdesign.com /public_html/proyectos/torrelindafinal/depas/precios Precios al 21 Oct 06 - VENTAS(1).pdf
2006.12.17 10:46 B C:\Documents and Settings\User\Mis documentos\paginas web\nering\torre linda\torrelindafinal\depas\precios\calidad constructiva.pdf --> www.nering.com.pe /public_html/depas/precios calidad constructiva.pdf
2006.12.17 10:46 B C:\Documents and Settings\User\Mis documentos\paginas web\nering\torre linda\torrelindafinal\depas\precios\Cuadro de Ventajas Comparativas del PROYECTO - Anverso.pdf --> www.nering.com.pe /public_html/depas/precios Cuadro de Ventajas Comparativas del PROYECTO - Anverso.pdf
2006.12.17 10:46 B C:\Documents and Settings\User\Mis documentos\paginas web\nering\torre linda\torrelindafinal\depas\precios\imagprecios.jpg --> www.nering.com.pe /public_html/depas/precios imagprecios.jpg
2006.12.17 10:46 B C:\Documents and Settings\User\Mis documentos\paginas web\nering\torre linda\torrelindafinal\depas\precios\Precios al 21 Oct 06 - VENTAS(1).pdf --> www.nering.com.pe /public_html/depas/precios Precios al 21 Oct 06 - VENTAS(1).pdf
2006.12.17 10:46 B C:\Documents and Settings\User\Mis documentos\paginas web\nering\torre linda\torrelindafinal\depas\precios\WS_FTP.LOG --> www.nering.com.pe /public_html/depas/precios WS_FTP.LOG
2006.12.18 10:18 B C:\Documents and Settings\User\Mis documentos\paginas web\nering\torre linda\torrelindafinal\depas\precios\calidad constructiva.pdf --> www.nering.com.pe /public_html/depas/precios calidad constructiva.pdf
2006.12.18 10:18 B C:\Documents and Settings\User\Mis documentos\paginas web\nering\torre linda\torrelindafinal\depas\precios\Cuadro de Ventajas Comparativas del PROYECTO - Anverso.pdf --> www.nering.com.pe /public_html/depas/precios Cuadro de Ventajas Comparativas del PROYECTO - Anverso.pdf
2006.12.18 10:18 B C:\Documents and Settings\User\Mis documentos\paginas web\nering\torre linda\torrelindafinal\depas\precios\imagprecios.jpg --> www.nering.com.pe /public_html/depas/precios imagprecios.jpg
2006.12.18 10:19 B C:\Documents and Settings\User\Mis documentos\paginas web\nering\torre linda\torrelindafinal\depas\precios\Precios al 06-12.xls --> www.nering.com.pe /public_html/depas/precios Precios al 06-12.xls
2006.12.18 10:19 B C:\Documents and Settings\User\Mis documentos\paginas web\nering\torre linda\torrelindafinal\depas\precios\Precios al 21 Oct 06 - VENTAS(1).pdf --> www.nering.com.pe /public_html/depas/precios Precios al 21 Oct 06 - VENTAS(1).pdf
2006.12.31 11:46 B C:\Documents and Settings\User\Mis documentos\paginas web\nering\torre linda\torrelindafinal\depas\precios\calidad constructiva.pdf --> www.nering.com.pe /public_html/depas/precios calidad constructiva.pdf
2006.12.31 11:46 B C:\Documents and Settings\User\Mis documentos\paginas web\nering\torre linda\torrelindafinal\depas\precios\Cuadro de Ventajas Comparativas del PROYECTO - Anverso.pdf --> www.nering.com.pe /public_html/depas/precios Cuadro de Ventajas Comparativas del PROYECTO - Anverso.pdf
2006.12.31 11:46 B C:\Documents and Settings\User\Mis documentos\paginas web\nering\torre linda\torrelindafinal\depas\precios\imagprecios.jpg --> www.nering.com.pe /public_html/depas/precios imagprecios.jpg
2006.12.31 11:46 B C:\Documents and Settings\User\Mis documentos\paginas web\nering\torre linda\torrelindafinal\depas\precios\Precios al 06 Dic 06 - VENTAS.pdf --> www.nering.com.pe /public_html/depas/precios Precios al 06 Dic 06 - VENTAS.pdf
2007.01.02 13:23 B C:\Documents and Settings\User\Mis documentos\paginas web\nering\torre linda\torrelindafinal\depas\precios\preciosfinal06.pdf --> www.nering.com.pe /public_html/depas/precios preciosfinal06.pdf
2007.01.02 17:33 B C:\Documents and Settings\User\Mis documentos\paginas web\nering\torre linda\torrelindafinal\depas\precios\preciosfinalfinal06.pdf --> www.nering.com.pe /public_html/depas/precios preciosfinalfinal06.pdf
2007.04.09 14:34 B C:\Documents and Settings\User\Mis documentos\paginas web\nering\torre linda\torrelindafinal\depas\precios\calidad constructiva.pdf --> www.nering.com.pe /public_html/depas/precios calidad constructiva.pdf
2007.04.09 14:34 B C:\Documents and Settings\User\Mis documentos\paginas web\nering\torre linda\torrelindafinal\depas\precios\Cuadro de Ventajas Comparativas del PROYECTO - Anverso.pdf --> www.nering.com.pe /public_html/depas/precios Cuadro de Ventajas Comparativas del PROYECTO - Anverso.pdf
2007.04.09 14:34 B C:\Documents and Settings\User\Mis documentos\paginas web\nering\torre linda\torrelindafinal\depas\precios\imagprecios.jpg --> www.nering.com.pe /public_html/depas/precios imagprecios.jpg
2007.04.09 14:34 B C:\Documents and Settings\User\Mis documentos\paginas web\nering\torre linda\torrelindafinal\depas\precios\preciosfinalfinal06.pdf --> www.nering.com.pe /public_html/depas/precios preciosfinalfinal06.pdf
2007.04.09 14:34 B C:\Documents and Settings\User\Mis documentos\paginas web\nering\torre linda\torrelindafinal\depas\precios\PreciosTorreLindaal21-03-07web.xls --> www.nering.com.pe /public_html/depas/precios PreciosTorreLindaal21-03-07web.xls
2007.04.19 17:52 B C:\Documents and Settings\User\Mis documentos\paginas web\nering\torre linda\torrelindafinal\depas\precios\Precios Torre Linda al 19-04-07 Web.xls --> www.nering.com.pe /public_html/depas/precios Precios Torre Linda al 19-04-07 Web.xls
2007.05.09 19:43 B C:\Documents and Settings\User\Mis documentos\paginas web\torre linda\torrelindafinal07\depas\precios\calidad constructiva.pdf --> www.nering.com.pe /public_html/depas/precios calidad constructiva.pdf
2007.05.09 19:43 B C:\Documents and Settings\User\Mis documentos\paginas web\torre linda\torrelindafinal07\depas\precios\Cuadro de Ventajas Comparativas del PROYECTO - Anverso.pdf --> www.nering.com.pe /public_html/depas/precios Cuadro de Ventajas Comparativas del PROYECTO - Anverso.pdf
2007.05.09 19:43 B C:\Documents and Settings\User\Mis documentos\paginas web\torre linda\torrelindafinal07\depas\precios\imagprecios.jpg --> www.nering.com.pe /public_html/depas/precios imagprecios.jpg
2007.05.09 19:43 B C:\Documents and Settings\User\Mis documentos\paginas web\torre linda\torrelindafinal07\depas\precios\Precios Torre Linda al 19-04-07 Web.xls --> www.nering.com.pe /public_html/depas/precios Precios Torre Linda al 19-04-07 Web.xls
2007.05.09 19:43 B C:\Documents and Settings\User\Mis documentos\paginas web\torre linda\torrelindafinal07\depas\precios\preciosfinalfinal06.pdf --> www.nering.com.pe /public_html/depas/precios preciosfinalfinal06.pdf
2007.05.09 19:43 B C:\Documents and Settings\User\Mis documentos\paginas web\torre linda\torrelindafinal07\depas\precios\WS_FTP.LOG --> www.nering.com.pe /public_html/depas/precios WS_FTP.LOG
2007.05.09 20:12 B C:\Documents and Settings\User\Mis documentos\paginas web\torre linda\torrelindafinal07\depas\precios\calidad constructiva.pdf --> www.nering.com.pe /public_html/depas/precios calidad constructiva.pdf
2007.05.09 20:12 B C:\Documents and Settings\User\Mis documentos\paginas web\torre linda\torrelindafinal07\depas\precios\Cuadro de Ventajas Comparativas del PROYECTO - Anverso.pdf --> www.nering.com.pe /public_html/depas/precios Cuadro de Ventajas Comparativas del PROYECTO - Anverso.pdf
2007.05.09 20:12 B C:\Documents and Settings\User\Mis documentos\paginas web\torre linda\torrelindafinal07\depas\precios\imagprecios.jpg --> www.nering.com.pe /public_html/depas/precios imagprecios.jpg
2007.05.09 20:12 B C:\Documents and Settings\User\Mis documentos\paginas web\torre linda\torrelindafinal07\depas\precios\Precios Torre Linda al 19-04-07 Web.xls --> www.nering.com.pe /public_html/depas/precios Precios Torre Linda al 19-04-07 Web.xls
2007.05.09 20:12 B C:\Documents and Settings\User\Mis documentos\paginas web\torre linda\torrelindafinal07\depas\precios\preciosfinalfinal06.pdf --> www.nering.com.pe /public_html/depas/precios preciosfinalfinal06.pdf
2007.05.09 20:12 B C:\Documents and Settings\User\Mis documentos\paginas web\torre linda\torrelindafinal07\depas\precios\PreciosTorreLindaal08-05-07UnionAndinayWeb.xls --> www.nering.com.pe /public_html/depas/precios PreciosTorreLindaal08-05-07UnionAndinayWeb.xls
2007.05.25 16:34 B C:\Documents and Settings\User\Mis documentos\paginas web\torre linda\torrelindafinal07\depas\precios\preciosfinalfinal06.pdf --> www.nering.com.pe /public_html/depas/precios preciosfinalfinal06.pdf
2007.05.25 16:35 B C:\Documents and Settings\User\Mis documentos\paginas web\torre linda\torrelindafinal07\depas\precios\Precios al 25-05-07(1).pdf --> www.nering.com.pe /public_html/depas/precios Precios al 25-05-07(1).pdf
2007.05.25 17:42 B C:\Documents and Settings\User\Mis documentos\paginas web\torre linda\torrelindafinal07\depas\precios\calidad constructiva.pdf --> www.nering.com.pe /public_html/depas/precios calidad constructiva.pdf
2007.05.25 17:42 B C:\Documents and Settings\User\Mis documentos\paginas web\torre linda\torrelindafinal07\depas\precios\Cuadro de Ventajas Comparativas del PROYECTO - Anverso.pdf --> www.nering.com.pe /public_html/depas/precios Cuadro de Ventajas Comparativas del PROYECTO - Anverso.pdf
2007.05.25 17:42 B C:\Documents and Settings\User\Mis documentos\paginas web\torre linda\torrelindafinal07\depas\precios\imagprecios.jpg --> www.nering.com.pe /public_html/depas/precios imagprecios.jpg
2007.05.25 17:42 B C:\Documents and Settings\User\Mis documentos\paginas web\torre linda\torrelindafinal07\depas\precios\Precios al 25-05-07 de Ventas.pdf --> www.nering.com.pe /public_html/depas/precios Precios al 25-05-07 de Ventas.pdf
2008.01.07 11:43 B C:\Documents and Settings\Yanina\Mis documentos\PAGINAS WEB\torre linda\torrelindafinal07\depas\precios\calidad constructiva.pdf --> www.nering.net /depas/precios calidad constructiva.pdf
2008.01.07 11:43 B C:\Documents and Settings\Yanina\Mis documentos\PAGINAS WEB\torre linda\torrelindafinal07\depas\precios\Cuadro de Ventajas Comparativas del PROYECTO - Anverso.pdf --> www.nering.net /depas/precios Cuadro de Ventajas Comparativas del PROYECTO - Anverso.pdf
2008.01.07 11:43 B C:\Documents and Settings\Yanina\Mis documentos\PAGINAS WEB\torre linda\torrelindafinal07\depas\precios\imagprecios.jpg --> www.nering.net /depas/precios imagprecios.jpg
2008.01.07 11:43 B C:\Documents and Settings\Yanina\Mis documentos\PAGINAS WEB\torre linda\torrelindafinal07\depas\precios\Precios al 25-05-07 de Ventas.pdf --> www.nering.net /depas/precios Precios al 25-05-07 de Ventas.pdf
