2006.11.20 08:51 B C:\Documents and Settings\User\Mis documentos\paginas web\nering\torre linda\torrelindafinal\proyectos\menuproy\_notes\menuproyecto_r1_c1.gif.mno --> www.ggmdesign.com /public_html/proyectos/torrelinda/proyectos/menuproy/_notes menuproyecto_r1_c1.gif.mno
2006.11.20 08:51 B C:\Documents and Settings\User\Mis documentos\paginas web\nering\torre linda\torrelindafinal\proyectos\menuproy\_notes\menuproyecto_r2_c1.gif.mno --> www.ggmdesign.com /public_html/proyectos/torrelinda/proyectos/menuproy/_notes menuproyecto_r2_c1.gif.mno
2006.11.20 08:51 B C:\Documents and Settings\User\Mis documentos\paginas web\nering\torre linda\torrelindafinal\proyectos\menuproy\_notes\menuproyecto_r2_c1_f2.gif.mno --> www.ggmdesign.com /public_html/proyectos/torrelinda/proyectos/menuproy/_notes menuproyecto_r2_c1_f2.gif.mno
2006.11.20 08:51 B C:\Documents and Settings\User\Mis documentos\paginas web\nering\torre linda\torrelindafinal\proyectos\menuproy\_notes\menuproyecto_r2_c1_f3.gif.mno --> www.ggmdesign.com /public_html/proyectos/torrelinda/proyectos/menuproy/_notes menuproyecto_r2_c1_f3.gif.mno
2006.11.20 08:51 B C:\Documents and Settings\User\Mis documentos\paginas web\nering\torre linda\torrelindafinal\proyectos\menuproy\_notes\menuproyecto_r3_c1.gif.mno --> www.ggmdesign.com /public_html/proyectos/torrelinda/proyectos/menuproy/_notes menuproyecto_r3_c1.gif.mno
2006.11.20 08:51 B C:\Documents and Settings\User\Mis documentos\paginas web\nering\torre linda\torrelindafinal\proyectos\menuproy\_notes\menuproyecto_r4_c1.gif.mno --> www.ggmdesign.com /public_html/proyectos/torrelinda/proyectos/menuproy/_notes menuproyecto_r4_c1.gif.mno
2006.11.20 08:51 B C:\Documents and Settings\User\Mis documentos\paginas web\nering\torre linda\torrelindafinal\proyectos\menuproy\_notes\menuproyecto_r4_c1_f2.gif.mno --> www.ggmdesign.com /public_html/proyectos/torrelinda/proyectos/menuproy/_notes menuproyecto_r4_c1_f2.gif.mno
2006.11.20 08:51 B C:\Documents and Settings\User\Mis documentos\paginas web\nering\torre linda\torrelindafinal\proyectos\menuproy\_notes\menuproyecto_r4_c1_f3.gif.mno --> www.ggmdesign.com /public_html/proyectos/torrelinda/proyectos/menuproy/_notes menuproyecto_r4_c1_f3.gif.mno
2006.11.20 08:51 B C:\Documents and Settings\User\Mis documentos\paginas web\nering\torre linda\torrelindafinal\proyectos\menuproy\_notes\menuproyecto_r5_c1.gif.mno --> www.ggmdesign.com /public_html/proyectos/torrelinda/proyectos/menuproy/_notes menuproyecto_r5_c1.gif.mno
2006.11.20 08:51 B C:\Documents and Settings\User\Mis documentos\paginas web\nering\torre linda\torrelindafinal\proyectos\menuproy\_notes\menuproyecto_r6_c1.gif.mno --> www.ggmdesign.com /public_html/proyectos/torrelinda/proyectos/menuproy/_notes menuproyecto_r6_c1.gif.mno
2006.11.20 08:51 B C:\Documents and Settings\User\Mis documentos\paginas web\nering\torre linda\torrelindafinal\proyectos\menuproy\_notes\menuproyecto_r6_c1_f2.gif.mno --> www.ggmdesign.com /public_html/proyectos/torrelinda/proyectos/menuproy/_notes menuproyecto_r6_c1_f2.gif.mno
2006.11.20 08:51 B C:\Documents and Settings\User\Mis documentos\paginas web\nering\torre linda\torrelindafinal\proyectos\menuproy\_notes\menuproyecto_r6_c1_f3.gif.mno --> www.ggmdesign.com /public_html/proyectos/torrelinda/proyectos/menuproy/_notes menuproyecto_r6_c1_f3.gif.mno
2006.11.20 08:51 B C:\Documents and Settings\User\Mis documentos\paginas web\nering\torre linda\torrelindafinal\proyectos\menuproy\_notes\menuproyecto_r7_c1.gif.mno --> www.ggmdesign.com /public_html/proyectos/torrelinda/proyectos/menuproy/_notes menuproyecto_r7_c1.gif.mno
2006.12.14 13:26 B C:\Documents and Settings\User\Mis documentos\paginas web\nering\torre linda\torrelindafinal\proyectos\menuproy\_notes\menuproyecto_r1_c1.gif.mno --> www.ggmdesign.com /public_html/proyectos/torrelindafinal/proyectos/menuproy/_notes menuproyecto_r1_c1.gif.mno
2006.12.14 13:26 B C:\Documents and Settings\User\Mis documentos\paginas web\nering\torre linda\torrelindafinal\proyectos\menuproy\_notes\menuproyecto_r2_c1.gif.mno --> www.ggmdesign.com /public_html/proyectos/torrelindafinal/proyectos/menuproy/_notes menuproyecto_r2_c1.gif.mno
2006.12.14 13:26 B C:\Documents and Settings\User\Mis documentos\paginas web\nering\torre linda\torrelindafinal\proyectos\menuproy\_notes\menuproyecto_r2_c1_f2.gif.mno --> www.ggmdesign.com /public_html/proyectos/torrelindafinal/proyectos/menuproy/_notes menuproyecto_r2_c1_f2.gif.mno
2006.12.14 13:26 B C:\Documents and Settings\User\Mis documentos\paginas web\nering\torre linda\torrelindafinal\proyectos\menuproy\_notes\menuproyecto_r2_c1_f3.gif.mno --> www.ggmdesign.com /public_html/proyectos/torrelindafinal/proyectos/menuproy/_notes menuproyecto_r2_c1_f3.gif.mno
2006.12.14 13:26 B C:\Documents and Settings\User\Mis documentos\paginas web\nering\torre linda\torrelindafinal\proyectos\menuproy\_notes\menuproyecto_r3_c1.gif.mno --> www.ggmdesign.com /public_html/proyectos/torrelindafinal/proyectos/menuproy/_notes menuproyecto_r3_c1.gif.mno
2006.12.14 13:26 B C:\Documents and Settings\User\Mis documentos\paginas web\nering\torre linda\torrelindafinal\proyectos\menuproy\_notes\menuproyecto_r4_c1.gif.mno --> www.ggmdesign.com /public_html/proyectos/torrelindafinal/proyectos/menuproy/_notes menuproyecto_r4_c1.gif.mno
2006.12.14 13:26 B C:\Documents and Settings\User\Mis documentos\paginas web\nering\torre linda\torrelindafinal\proyectos\menuproy\_notes\menuproyecto_r4_c1_f2.gif.mno --> www.ggmdesign.com /public_html/proyectos/torrelindafinal/proyectos/menuproy/_notes menuproyecto_r4_c1_f2.gif.mno
2006.12.14 13:26 B C:\Documents and Settings\User\Mis documentos\paginas web\nering\torre linda\torrelindafinal\proyectos\menuproy\_notes\menuproyecto_r4_c1_f3.gif.mno --> www.ggmdesign.com /public_html/proyectos/torrelindafinal/proyectos/menuproy/_notes menuproyecto_r4_c1_f3.gif.mno
2006.12.14 13:26 B C:\Documents and Settings\User\Mis documentos\paginas web\nering\torre linda\torrelindafinal\proyectos\menuproy\_notes\menuproyecto_r5_c1.gif.mno --> www.ggmdesign.com /public_html/proyectos/torrelindafinal/proyectos/menuproy/_notes menuproyecto_r5_c1.gif.mno
2006.12.14 13:26 B C:\Documents and Settings\User\Mis documentos\paginas web\nering\torre linda\torrelindafinal\proyectos\menuproy\_notes\menuproyecto_r6_c1.gif.mno --> www.ggmdesign.com /public_html/proyectos/torrelindafinal/proyectos/menuproy/_notes menuproyecto_r6_c1.gif.mno
2006.12.14 13:26 B C:\Documents and Settings\User\Mis documentos\paginas web\nering\torre linda\torrelindafinal\proyectos\menuproy\_notes\menuproyecto_r6_c1_f2.gif.mno --> www.ggmdesign.com /public_html/proyectos/torrelindafinal/proyectos/menuproy/_notes menuproyecto_r6_c1_f2.gif.mno
2006.12.14 13:26 B C:\Documents and Settings\User\Mis documentos\paginas web\nering\torre linda\torrelindafinal\proyectos\menuproy\_notes\menuproyecto_r6_c1_f3.gif.mno --> www.ggmdesign.com /public_html/proyectos/torrelindafinal/proyectos/menuproy/_notes menuproyecto_r6_c1_f3.gif.mno
2006.12.14 13:26 B C:\Documents and Settings\User\Mis documentos\paginas web\nering\torre linda\torrelindafinal\proyectos\menuproy\_notes\menuproyecto_r7_c1.gif.mno --> www.ggmdesign.com /public_html/proyectos/torrelindafinal/proyectos/menuproy/_notes menuproyecto_r7_c1.gif.mno
2006.12.14 13:26 B C:\Documents and Settings\User\Mis documentos\paginas web\nering\torre linda\torrelindafinal\proyectos\menuproy\_notes\WS_FTP.LOG --> www.ggmdesign.com /public_html/proyectos/torrelindafinal/proyectos/menuproy/_notes WS_FTP.LOG
2006.12.17 10:50 B C:\Documents and Settings\User\Mis documentos\paginas web\nering\torre linda\torrelindafinal\proyectos\menuproy\_notes\menuproyecto_r1_c1.gif.mno --> www.nering.com.pe /public_html/proyectos/menuproy/_notes menuproyecto_r1_c1.gif.mno
2006.12.17 10:50 B C:\Documents and Settings\User\Mis documentos\paginas web\nering\torre linda\torrelindafinal\proyectos\menuproy\_notes\menuproyecto_r2_c1.gif.mno --> www.nering.com.pe /public_html/proyectos/menuproy/_notes menuproyecto_r2_c1.gif.mno
2006.12.17 10:50 B C:\Documents and Settings\User\Mis documentos\paginas web\nering\torre linda\torrelindafinal\proyectos\menuproy\_notes\menuproyecto_r2_c1_f2.gif.mno --> www.nering.com.pe /public_html/proyectos/menuproy/_notes menuproyecto_r2_c1_f2.gif.mno
2006.12.17 10:50 B C:\Documents and Settings\User\Mis documentos\paginas web\nering\torre linda\torrelindafinal\proyectos\menuproy\_notes\menuproyecto_r2_c1_f3.gif.mno --> www.nering.com.pe /public_html/proyectos/menuproy/_notes menuproyecto_r2_c1_f3.gif.mno
2006.12.17 10:50 B C:\Documents and Settings\User\Mis documentos\paginas web\nering\torre linda\torrelindafinal\proyectos\menuproy\_notes\menuproyecto_r3_c1.gif.mno --> www.nering.com.pe /public_html/proyectos/menuproy/_notes menuproyecto_r3_c1.gif.mno
2006.12.17 10:50 B C:\Documents and Settings\User\Mis documentos\paginas web\nering\torre linda\torrelindafinal\proyectos\menuproy\_notes\menuproyecto_r4_c1.gif.mno --> www.nering.com.pe /public_html/proyectos/menuproy/_notes menuproyecto_r4_c1.gif.mno
2006.12.17 10:50 B C:\Documents and Settings\User\Mis documentos\paginas web\nering\torre linda\torrelindafinal\proyectos\menuproy\_notes\menuproyecto_r4_c1_f2.gif.mno --> www.nering.com.pe /public_html/proyectos/menuproy/_notes menuproyecto_r4_c1_f2.gif.mno
2006.12.17 10:50 B C:\Documents and Settings\User\Mis documentos\paginas web\nering\torre linda\torrelindafinal\proyectos\menuproy\_notes\menuproyecto_r4_c1_f3.gif.mno --> www.nering.com.pe /public_html/proyectos/menuproy/_notes menuproyecto_r4_c1_f3.gif.mno
2006.12.17 10:50 B C:\Documents and Settings\User\Mis documentos\paginas web\nering\torre linda\torrelindafinal\proyectos\menuproy\_notes\menuproyecto_r5_c1.gif.mno --> www.nering.com.pe /public_html/proyectos/menuproy/_notes menuproyecto_r5_c1.gif.mno
2006.12.17 10:50 B C:\Documents and Settings\User\Mis documentos\paginas web\nering\torre linda\torrelindafinal\proyectos\menuproy\_notes\menuproyecto_r6_c1.gif.mno --> www.nering.com.pe /public_html/proyectos/menuproy/_notes menuproyecto_r6_c1.gif.mno
2006.12.17 10:50 B C:\Documents and Settings\User\Mis documentos\paginas web\nering\torre linda\torrelindafinal\proyectos\menuproy\_notes\menuproyecto_r6_c1_f2.gif.mno --> www.nering.com.pe /public_html/proyectos/menuproy/_notes menuproyecto_r6_c1_f2.gif.mno
2006.12.17 10:50 B C:\Documents and Settings\User\Mis documentos\paginas web\nering\torre linda\torrelindafinal\proyectos\menuproy\_notes\menuproyecto_r6_c1_f3.gif.mno --> www.nering.com.pe /public_html/proyectos/menuproy/_notes menuproyecto_r6_c1_f3.gif.mno
2006.12.17 10:50 B C:\Documents and Settings\User\Mis documentos\paginas web\nering\torre linda\torrelindafinal\proyectos\menuproy\_notes\menuproyecto_r7_c1.gif.mno --> www.nering.com.pe /public_html/proyectos/menuproy/_notes menuproyecto_r7_c1.gif.mno
2006.12.17 10:50 B C:\Documents and Settings\User\Mis documentos\paginas web\nering\torre linda\torrelindafinal\proyectos\menuproy\_notes\WS_FTP.LOG --> www.nering.com.pe /public_html/proyectos/menuproy/_notes WS_FTP.LOG
2008.01.07 11:46 B C:\Documents and Settings\Yanina\Mis documentos\PAGINAS WEB\torre linda\torrelindafinal07\proyectos\menuproy\_notes\menuproyecto_r1_c1.gif.mno --> www.nering.net /proyectos/menuproy/_notes menuproyecto_r1_c1.gif.mno
2008.01.07 11:46 B C:\Documents and Settings\Yanina\Mis documentos\PAGINAS WEB\torre linda\torrelindafinal07\proyectos\menuproy\_notes\menuproyecto_r2_c1.gif.mno --> www.nering.net /proyectos/menuproy/_notes menuproyecto_r2_c1.gif.mno
2008.01.07 11:46 B C:\Documents and Settings\Yanina\Mis documentos\PAGINAS WEB\torre linda\torrelindafinal07\proyectos\menuproy\_notes\menuproyecto_r2_c1_f2.gif.mno --> www.nering.net /proyectos/menuproy/_notes menuproyecto_r2_c1_f2.gif.mno
2008.01.07 11:46 B C:\Documents and Settings\Yanina\Mis documentos\PAGINAS WEB\torre linda\torrelindafinal07\proyectos\menuproy\_notes\menuproyecto_r2_c1_f3.gif.mno --> www.nering.net /proyectos/menuproy/_notes menuproyecto_r2_c1_f3.gif.mno
2008.01.07 11:46 B C:\Documents and Settings\Yanina\Mis documentos\PAGINAS WEB\torre linda\torrelindafinal07\proyectos\menuproy\_notes\menuproyecto_r3_c1.gif.mno --> www.nering.net /proyectos/menuproy/_notes menuproyecto_r3_c1.gif.mno
2008.01.07 11:46 B C:\Documents and Settings\Yanina\Mis documentos\PAGINAS WEB\torre linda\torrelindafinal07\proyectos\menuproy\_notes\menuproyecto_r4_c1.gif.mno --> www.nering.net /proyectos/menuproy/_notes menuproyecto_r4_c1.gif.mno
2008.01.07 11:46 B C:\Documents and Settings\Yanina\Mis documentos\PAGINAS WEB\torre linda\torrelindafinal07\proyectos\menuproy\_notes\menuproyecto_r4_c1_f2.gif.mno --> www.nering.net /proyectos/menuproy/_notes menuproyecto_r4_c1_f2.gif.mno
2008.01.07 11:46 B C:\Documents and Settings\Yanina\Mis documentos\PAGINAS WEB\torre linda\torrelindafinal07\proyectos\menuproy\_notes\menuproyecto_r4_c1_f3.gif.mno --> www.nering.net /proyectos/menuproy/_notes menuproyecto_r4_c1_f3.gif.mno
2008.01.07 11:46 B C:\Documents and Settings\Yanina\Mis documentos\PAGINAS WEB\torre linda\torrelindafinal07\proyectos\menuproy\_notes\menuproyecto_r5_c1.gif.mno --> www.nering.net /proyectos/menuproy/_notes menuproyecto_r5_c1.gif.mno
2008.01.07 11:46 B C:\Documents and Settings\Yanina\Mis documentos\PAGINAS WEB\torre linda\torrelindafinal07\proyectos\menuproy\_notes\menuproyecto_r6_c1.gif.mno --> www.nering.net /proyectos/menuproy/_notes menuproyecto_r6_c1.gif.mno
2008.01.07 11:46 B C:\Documents and Settings\Yanina\Mis documentos\PAGINAS WEB\torre linda\torrelindafinal07\proyectos\menuproy\_notes\menuproyecto_r6_c1_f2.gif.mno --> www.nering.net /proyectos/menuproy/_notes menuproyecto_r6_c1_f2.gif.mno
2008.01.07 11:46 B C:\Documents and Settings\Yanina\Mis documentos\PAGINAS WEB\torre linda\torrelindafinal07\proyectos\menuproy\_notes\menuproyecto_r6_c1_f3.gif.mno --> www.nering.net /proyectos/menuproy/_notes menuproyecto_r6_c1_f3.gif.mno
2008.01.07 11:46 B C:\Documents and Settings\Yanina\Mis documentos\PAGINAS WEB\torre linda\torrelindafinal07\proyectos\menuproy\_notes\menuproyecto_r7_c1.gif.mno --> www.nering.net /proyectos/menuproy/_notes menuproyecto_r7_c1.gif.mno
