2007.05.17 23:10 B C:\Documents and Settings\User\Mis documentos\paginas web\torre linda\torrelindafinal07\tecnicas\menutecnica\menutecnicas.htm --> www.nering.com.pe /public_html/tecnicas/menutecnica menutecnicas.htm
2007.05.17 23:10 B C:\Documents and Settings\User\Mis documentos\paginas web\torre linda\torrelindafinal07\tecnicas\menutecnica\menutecnicas_r1_c1.gif --> www.nering.com.pe /public_html/tecnicas/menutecnica menutecnicas_r1_c1.gif
2007.05.17 23:10 B C:\Documents and Settings\User\Mis documentos\paginas web\torre linda\torrelindafinal07\tecnicas\menutecnica\menutecnicas_r2_c1.gif --> www.nering.com.pe /public_html/tecnicas/menutecnica menutecnicas_r2_c1.gif
2007.05.17 23:10 B C:\Documents and Settings\User\Mis documentos\paginas web\torre linda\torrelindafinal07\tecnicas\menutecnica\menutecnicas_r2_c1_f2.gif --> www.nering.com.pe /public_html/tecnicas/menutecnica menutecnicas_r2_c1_f2.gif
2007.05.17 23:10 B C:\Documents and Settings\User\Mis documentos\paginas web\torre linda\torrelindafinal07\tecnicas\menutecnica\menutecnicas_r2_c1_f3.gif --> www.nering.com.pe /public_html/tecnicas/menutecnica menutecnicas_r2_c1_f3.gif
2007.05.17 23:10 B C:\Documents and Settings\User\Mis documentos\paginas web\torre linda\torrelindafinal07\tecnicas\menutecnica\menutecnicas_r3_c1.gif --> www.nering.com.pe /public_html/tecnicas/menutecnica menutecnicas_r3_c1.gif
2007.05.17 23:10 B C:\Documents and Settings\User\Mis documentos\paginas web\torre linda\torrelindafinal07\tecnicas\menutecnica\menutecnicas_r4_c1.gif --> www.nering.com.pe /public_html/tecnicas/menutecnica menutecnicas_r4_c1.gif
2007.05.17 23:10 B C:\Documents and Settings\User\Mis documentos\paginas web\torre linda\torrelindafinal07\tecnicas\menutecnica\menutecnicas_r4_c1_f2.gif --> www.nering.com.pe /public_html/tecnicas/menutecnica menutecnicas_r4_c1_f2.gif
2007.05.17 23:10 B C:\Documents and Settings\User\Mis documentos\paginas web\torre linda\torrelindafinal07\tecnicas\menutecnica\menutecnicas_r4_c1_f3.gif --> www.nering.com.pe /public_html/tecnicas/menutecnica menutecnicas_r4_c1_f3.gif
2007.05.17 23:10 B C:\Documents and Settings\User\Mis documentos\paginas web\torre linda\torrelindafinal07\tecnicas\menutecnica\menutecnicas_r5_c1.gif --> www.nering.com.pe /public_html/tecnicas/menutecnica menutecnicas_r5_c1.gif
2007.05.17 23:10 B C:\Documents and Settings\User\Mis documentos\paginas web\torre linda\torrelindafinal07\tecnicas\menutecnica\spacer.gif --> www.nering.com.pe /public_html/tecnicas/menutecnica spacer.gif
2007.05.18 08:18 B C:\Documents and Settings\User\Mis documentos\paginas web\torre linda\torrelindafinal07\tecnicas\menutecnica\menutecnicas.htm --> www.nering.com.pe /public_html/tecnicas/menutecnica menutecnicas.htm
2007.05.18 08:18 B C:\Documents and Settings\User\Mis documentos\paginas web\torre linda\torrelindafinal07\tecnicas\menutecnica\menutecnicas_r1_c1.gif --> www.nering.com.pe /public_html/tecnicas/menutecnica menutecnicas_r1_c1.gif
2007.05.18 08:18 B C:\Documents and Settings\User\Mis documentos\paginas web\torre linda\torrelindafinal07\tecnicas\menutecnica\menutecnicas_r2_c1.gif --> www.nering.com.pe /public_html/tecnicas/menutecnica menutecnicas_r2_c1.gif
2007.05.18 08:18 B C:\Documents and Settings\User\Mis documentos\paginas web\torre linda\torrelindafinal07\tecnicas\menutecnica\menutecnicas_r2_c1_f2.gif --> www.nering.com.pe /public_html/tecnicas/menutecnica menutecnicas_r2_c1_f2.gif
2007.05.18 08:18 B C:\Documents and Settings\User\Mis documentos\paginas web\torre linda\torrelindafinal07\tecnicas\menutecnica\menutecnicas_r2_c1_f3.gif --> www.nering.com.pe /public_html/tecnicas/menutecnica menutecnicas_r2_c1_f3.gif
2007.05.18 08:18 B C:\Documents and Settings\User\Mis documentos\paginas web\torre linda\torrelindafinal07\tecnicas\menutecnica\menutecnicas_r3_c1.gif --> www.nering.com.pe /public_html/tecnicas/menutecnica menutecnicas_r3_c1.gif
2007.05.18 08:18 B C:\Documents and Settings\User\Mis documentos\paginas web\torre linda\torrelindafinal07\tecnicas\menutecnica\menutecnicas_r4_c1.gif --> www.nering.com.pe /public_html/tecnicas/menutecnica menutecnicas_r4_c1.gif
2007.05.18 08:18 B C:\Documents and Settings\User\Mis documentos\paginas web\torre linda\torrelindafinal07\tecnicas\menutecnica\menutecnicas_r4_c1_f2.gif --> www.nering.com.pe /public_html/tecnicas/menutecnica menutecnicas_r4_c1_f2.gif
2007.05.18 08:18 B C:\Documents and Settings\User\Mis documentos\paginas web\torre linda\torrelindafinal07\tecnicas\menutecnica\menutecnicas_r4_c1_f3.gif --> www.nering.com.pe /public_html/tecnicas/menutecnica menutecnicas_r4_c1_f3.gif
2007.05.18 08:18 B C:\Documents and Settings\User\Mis documentos\paginas web\torre linda\torrelindafinal07\tecnicas\menutecnica\menutecnicas_r5_c1.gif --> www.nering.com.pe /public_html/tecnicas/menutecnica menutecnicas_r5_c1.gif
2007.05.18 08:18 B C:\Documents and Settings\User\Mis documentos\paginas web\torre linda\torrelindafinal07\tecnicas\menutecnica\spacer.gif --> www.nering.com.pe /public_html/tecnicas/menutecnica spacer.gif
2008.01.07 11:47 B C:\Documents and Settings\Yanina\Mis documentos\PAGINAS WEB\torre linda\torrelindafinal07\tecnicas\menutecnica\menutecnicas.htm --> www.nering.net /tecnicas/menutecnica menutecnicas.htm
2008.01.07 11:47 B C:\Documents and Settings\Yanina\Mis documentos\PAGINAS WEB\torre linda\torrelindafinal07\tecnicas\menutecnica\menutecnicas_r1_c1.gif --> www.nering.net /tecnicas/menutecnica menutecnicas_r1_c1.gif
2008.01.07 11:47 B C:\Documents and Settings\Yanina\Mis documentos\PAGINAS WEB\torre linda\torrelindafinal07\tecnicas\menutecnica\menutecnicas_r2_c1.gif --> www.nering.net /tecnicas/menutecnica menutecnicas_r2_c1.gif
2008.01.07 11:47 B C:\Documents and Settings\Yanina\Mis documentos\PAGINAS WEB\torre linda\torrelindafinal07\tecnicas\menutecnica\menutecnicas_r2_c1_f2.gif --> www.nering.net /tecnicas/menutecnica menutecnicas_r2_c1_f2.gif
2008.01.07 11:47 B C:\Documents and Settings\Yanina\Mis documentos\PAGINAS WEB\torre linda\torrelindafinal07\tecnicas\menutecnica\menutecnicas_r2_c1_f3.gif --> www.nering.net /tecnicas/menutecnica menutecnicas_r2_c1_f3.gif
2008.01.07 11:47 B C:\Documents and Settings\Yanina\Mis documentos\PAGINAS WEB\torre linda\torrelindafinal07\tecnicas\menutecnica\menutecnicas_r3_c1.gif --> www.nering.net /tecnicas/menutecnica menutecnicas_r3_c1.gif
2008.01.07 11:47 B C:\Documents and Settings\Yanina\Mis documentos\PAGINAS WEB\torre linda\torrelindafinal07\tecnicas\menutecnica\menutecnicas_r4_c1.gif --> www.nering.net /tecnicas/menutecnica menutecnicas_r4_c1.gif
2008.01.07 11:47 B C:\Documents and Settings\Yanina\Mis documentos\PAGINAS WEB\torre linda\torrelindafinal07\tecnicas\menutecnica\menutecnicas_r4_c1_f2.gif --> www.nering.net /tecnicas/menutecnica menutecnicas_r4_c1_f2.gif
2008.01.07 11:47 B C:\Documents and Settings\Yanina\Mis documentos\PAGINAS WEB\torre linda\torrelindafinal07\tecnicas\menutecnica\menutecnicas_r4_c1_f3.gif --> www.nering.net /tecnicas/menutecnica menutecnicas_r4_c1_f3.gif
2008.01.07 11:47 B C:\Documents and Settings\Yanina\Mis documentos\PAGINAS WEB\torre linda\torrelindafinal07\tecnicas\menutecnica\menutecnicas_r5_c1.gif --> www.nering.net /tecnicas/menutecnica menutecnicas_r5_c1.gif
2008.01.07 11:47 B C:\Documents and Settings\Yanina\Mis documentos\PAGINAS WEB\torre linda\torrelindafinal07\tecnicas\menutecnica\spacer.gif --> www.nering.net /tecnicas/menutecnica spacer.gif
2008.01.07 11:47 B C:\Documents and Settings\Yanina\Mis documentos\PAGINAS WEB\torre linda\torrelindafinal07\tecnicas\menutecnica\Thumbs.db --> www.nering.net /tecnicas/menutecnica Thumbs.db
