2007.05.09 19:22 B C:\Documents and Settings\User\Mis documentos\paginas web\torre linda\torrelindafinal07\menuprinc\menu.htm --> www.nering.com.pe /public_html/menuprinc/_notes menu.htm
2007.05.09 19:22 B C:\Documents and Settings\User\Mis documentos\paginas web\torre linda\torrelindafinal07\menuprinc\menu_r1_c1.gif --> www.nering.com.pe /public_html/menuprinc/_notes menu_r1_c1.gif
2007.05.09 19:22 B C:\Documents and Settings\User\Mis documentos\paginas web\torre linda\torrelindafinal07\menuprinc\menu_r2_c1.gif --> www.nering.com.pe /public_html/menuprinc/_notes menu_r2_c1.gif
2007.05.09 19:22 B C:\Documents and Settings\User\Mis documentos\paginas web\torre linda\torrelindafinal07\menuprinc\menu_r2_c10.gif --> www.nering.com.pe /public_html/menuprinc/_notes menu_r2_c10.gif
2007.05.09 19:22 B C:\Documents and Settings\User\Mis documentos\paginas web\torre linda\torrelindafinal07\menuprinc\menu_r2_c10_f2.gif --> www.nering.com.pe /public_html/menuprinc/_notes menu_r2_c10_f2.gif
2007.05.09 19:22 B C:\Documents and Settings\User\Mis documentos\paginas web\torre linda\torrelindafinal07\menuprinc\menu_r2_c11.gif --> www.nering.com.pe /public_html/menuprinc/_notes menu_r2_c11.gif
2007.05.09 19:22 B C:\Documents and Settings\User\Mis documentos\paginas web\torre linda\torrelindafinal07\menuprinc\menu_r2_c12.gif --> www.nering.com.pe /public_html/menuprinc/_notes menu_r2_c12.gif
2007.05.09 19:22 B C:\Documents and Settings\User\Mis documentos\paginas web\torre linda\torrelindafinal07\menuprinc\menu_r2_c12_f2.gif --> www.nering.com.pe /public_html/menuprinc/_notes menu_r2_c12_f2.gif
2007.05.09 19:22 B C:\Documents and Settings\User\Mis documentos\paginas web\torre linda\torrelindafinal07\menuprinc\menu_r2_c13.gif --> www.nering.com.pe /public_html/menuprinc/_notes menu_r2_c13.gif
2007.05.09 19:22 B C:\Documents and Settings\User\Mis documentos\paginas web\torre linda\torrelindafinal07\menuprinc\menu_r2_c14.gif --> www.nering.com.pe /public_html/menuprinc/_notes menu_r2_c14.gif
2007.05.09 19:22 B C:\Documents and Settings\User\Mis documentos\paginas web\torre linda\torrelindafinal07\menuprinc\menu_r2_c14_f2.gif --> www.nering.com.pe /public_html/menuprinc/_notes menu_r2_c14_f2.gif
2007.05.09 19:22 B C:\Documents and Settings\User\Mis documentos\paginas web\torre linda\torrelindafinal07\menuprinc\menu_r2_c15.gif --> www.nering.com.pe /public_html/menuprinc/_notes menu_r2_c15.gif
2007.05.09 19:22 B C:\Documents and Settings\User\Mis documentos\paginas web\torre linda\torrelindafinal07\menuprinc\menu_r2_c16.gif --> www.nering.com.pe /public_html/menuprinc/_notes menu_r2_c16.gif
2007.05.09 19:22 B C:\Documents and Settings\User\Mis documentos\paginas web\torre linda\torrelindafinal07\menuprinc\menu_r2_c16_f2.gif --> www.nering.com.pe /public_html/menuprinc/_notes menu_r2_c16_f2.gif
2007.05.09 19:22 B C:\Documents and Settings\User\Mis documentos\paginas web\torre linda\torrelindafinal07\menuprinc\menu_r2_c17.gif --> www.nering.com.pe /public_html/menuprinc/_notes menu_r2_c17.gif
2007.05.09 19:22 B C:\Documents and Settings\User\Mis documentos\paginas web\torre linda\torrelindafinal07\menuprinc\menu_r2_c1_f2.gif --> www.nering.com.pe /public_html/menuprinc/_notes menu_r2_c1_f2.gif
2007.05.09 19:22 B C:\Documents and Settings\User\Mis documentos\paginas web\torre linda\torrelindafinal07\menuprinc\menu_r2_c2.gif --> www.nering.com.pe /public_html/menuprinc/_notes menu_r2_c2.gif
2007.05.09 19:23 B C:\Documents and Settings\User\Mis documentos\paginas web\torre linda\torrelindafinal07\menuprinc\menu_r2_c3.gif --> www.nering.com.pe /public_html/menuprinc/_notes menu_r2_c3.gif
2007.05.09 19:23 B C:\Documents and Settings\User\Mis documentos\paginas web\torre linda\torrelindafinal07\menuprinc\menu_r2_c3_f2.gif --> www.nering.com.pe /public_html/menuprinc/_notes menu_r2_c3_f2.gif
2007.05.09 19:23 B C:\Documents and Settings\User\Mis documentos\paginas web\torre linda\torrelindafinal07\menuprinc\menu_r2_c4.gif --> www.nering.com.pe /public_html/menuprinc/_notes menu_r2_c4.gif
2007.05.09 19:23 B C:\Documents and Settings\User\Mis documentos\paginas web\torre linda\torrelindafinal07\menuprinc\menu_r2_c4_f2.gif --> www.nering.com.pe /public_html/menuprinc/_notes menu_r2_c4_f2.gif
2007.05.09 19:23 B C:\Documents and Settings\User\Mis documentos\paginas web\torre linda\torrelindafinal07\menuprinc\menu_r2_c5.gif --> www.nering.com.pe /public_html/menuprinc/_notes menu_r2_c5.gif
2007.05.09 19:23 B C:\Documents and Settings\User\Mis documentos\paginas web\torre linda\torrelindafinal07\menuprinc\menu_r2_c6.gif --> www.nering.com.pe /public_html/menuprinc/_notes menu_r2_c6.gif
2007.05.09 19:23 B C:\Documents and Settings\User\Mis documentos\paginas web\torre linda\torrelindafinal07\menuprinc\menu_r2_c6_f2.gif --> www.nering.com.pe /public_html/menuprinc/_notes menu_r2_c6_f2.gif
2007.05.09 19:23 B C:\Documents and Settings\User\Mis documentos\paginas web\torre linda\torrelindafinal07\menuprinc\menu_r2_c7.gif --> www.nering.com.pe /public_html/menuprinc/_notes menu_r2_c7.gif
2007.05.09 19:23 B C:\Documents and Settings\User\Mis documentos\paginas web\torre linda\torrelindafinal07\menuprinc\menu_r2_c8.gif --> www.nering.com.pe /public_html/menuprinc/_notes menu_r2_c8.gif
2007.05.09 19:23 B C:\Documents and Settings\User\Mis documentos\paginas web\torre linda\torrelindafinal07\menuprinc\menu_r2_c8_f2.gif --> www.nering.com.pe /public_html/menuprinc/_notes menu_r2_c8_f2.gif
2007.05.09 19:23 B C:\Documents and Settings\User\Mis documentos\paginas web\torre linda\torrelindafinal07\menuprinc\menu_r2_c9.gif --> www.nering.com.pe /public_html/menuprinc/_notes menu_r2_c9.gif
2007.05.09 19:23 B C:\Documents and Settings\User\Mis documentos\paginas web\torre linda\torrelindafinal07\menuprinc\menu_r3_c1.gif --> www.nering.com.pe /public_html/menuprinc/_notes menu_r3_c1.gif
2007.05.09 19:23 B C:\Documents and Settings\User\Mis documentos\paginas web\torre linda\torrelindafinal07\menuprinc\menu_r3_c10.gif --> www.nering.com.pe /public_html/menuprinc/_notes menu_r3_c10.gif
2007.05.09 19:23 B C:\Documents and Settings\User\Mis documentos\paginas web\torre linda\torrelindafinal07\menuprinc\menu_r3_c12.gif --> www.nering.com.pe /public_html/menuprinc/_notes menu_r3_c12.gif
2007.05.09 19:23 B C:\Documents and Settings\User\Mis documentos\paginas web\torre linda\torrelindafinal07\menuprinc\menu_r3_c14.gif --> www.nering.com.pe /public_html/menuprinc/_notes menu_r3_c14.gif
2007.05.09 19:23 B C:\Documents and Settings\User\Mis documentos\paginas web\torre linda\torrelindafinal07\menuprinc\menu_r3_c16.gif --> www.nering.com.pe /public_html/menuprinc/_notes menu_r3_c16.gif
2007.05.09 19:23 B C:\Documents and Settings\User\Mis documentos\paginas web\torre linda\torrelindafinal07\menuprinc\menu_r3_c3.gif --> www.nering.com.pe /public_html/menuprinc/_notes menu_r3_c3.gif
2007.05.09 19:23 B C:\Documents and Settings\User\Mis documentos\paginas web\torre linda\torrelindafinal07\menuprinc\menu_r3_c6.gif --> www.nering.com.pe /public_html/menuprinc/_notes menu_r3_c6.gif
2007.05.09 19:23 B C:\Documents and Settings\User\Mis documentos\paginas web\torre linda\torrelindafinal07\menuprinc\menu_r3_c8.gif --> www.nering.com.pe /public_html/menuprinc/_notes menu_r3_c8.gif
2007.05.09 19:23 B C:\Documents and Settings\User\Mis documentos\paginas web\torre linda\torrelindafinal07\menuprinc\spacer.gif --> www.nering.com.pe /public_html/menuprinc/_notes spacer.gif
2007.05.09 19:27 B C:\Documents and Settings\User\Mis documentos\paginas web\torre linda\torrelindafinal07\menuprinc\menu.htm --> www.nering.com.pe /public_html/menuprinc menu.htm
2007.05.09 19:27 B C:\Documents and Settings\User\Mis documentos\paginas web\torre linda\torrelindafinal07\menuprinc\menu_r1_c1.gif --> www.nering.com.pe /public_html/menuprinc menu_r1_c1.gif
2007.05.09 19:27 B C:\Documents and Settings\User\Mis documentos\paginas web\torre linda\torrelindafinal07\menuprinc\menu_r2_c1.gif --> www.nering.com.pe /public_html/menuprinc menu_r2_c1.gif
2007.05.09 19:27 B C:\Documents and Settings\User\Mis documentos\paginas web\torre linda\torrelindafinal07\menuprinc\menu_r2_c10.gif --> www.nering.com.pe /public_html/menuprinc menu_r2_c10.gif
2007.05.09 19:27 B C:\Documents and Settings\User\Mis documentos\paginas web\torre linda\torrelindafinal07\menuprinc\menu_r2_c10_f2.gif --> www.nering.com.pe /public_html/menuprinc menu_r2_c10_f2.gif
2007.05.09 19:27 B C:\Documents and Settings\User\Mis documentos\paginas web\torre linda\torrelindafinal07\menuprinc\menu_r2_c11.gif --> www.nering.com.pe /public_html/menuprinc menu_r2_c11.gif
2007.05.09 19:27 B C:\Documents and Settings\User\Mis documentos\paginas web\torre linda\torrelindafinal07\menuprinc\menu_r2_c12.gif --> www.nering.com.pe /public_html/menuprinc menu_r2_c12.gif
2007.05.09 19:27 B C:\Documents and Settings\User\Mis documentos\paginas web\torre linda\torrelindafinal07\menuprinc\menu_r2_c12_f2.gif --> www.nering.com.pe /public_html/menuprinc menu_r2_c12_f2.gif
2007.05.09 19:27 B C:\Documents and Settings\User\Mis documentos\paginas web\torre linda\torrelindafinal07\menuprinc\menu_r2_c13.gif --> www.nering.com.pe /public_html/menuprinc menu_r2_c13.gif
2007.05.09 19:27 B C:\Documents and Settings\User\Mis documentos\paginas web\torre linda\torrelindafinal07\menuprinc\menu_r2_c14.gif --> www.nering.com.pe /public_html/menuprinc menu_r2_c14.gif
2007.05.09 19:27 B C:\Documents and Settings\User\Mis documentos\paginas web\torre linda\torrelindafinal07\menuprinc\menu_r2_c14_f2.gif --> www.nering.com.pe /public_html/menuprinc menu_r2_c14_f2.gif
2007.05.09 19:27 B C:\Documents and Settings\User\Mis documentos\paginas web\torre linda\torrelindafinal07\menuprinc\menu_r2_c15.gif --> www.nering.com.pe /public_html/menuprinc menu_r2_c15.gif
2007.05.09 19:27 B C:\Documents and Settings\User\Mis documentos\paginas web\torre linda\torrelindafinal07\menuprinc\menu_r2_c16.gif --> www.nering.com.pe /public_html/menuprinc menu_r2_c16.gif
2007.05.09 19:27 B C:\Documents and Settings\User\Mis documentos\paginas web\torre linda\torrelindafinal07\menuprinc\menu_r2_c16_f2.gif --> www.nering.com.pe /public_html/menuprinc menu_r2_c16_f2.gif
2007.05.09 19:27 B C:\Documents and Settings\User\Mis documentos\paginas web\torre linda\torrelindafinal07\menuprinc\menu_r2_c17.gif --> www.nering.com.pe /public_html/menuprinc menu_r2_c17.gif
2007.05.09 19:27 B C:\Documents and Settings\User\Mis documentos\paginas web\torre linda\torrelindafinal07\menuprinc\menu_r2_c1_f2.gif --> www.nering.com.pe /public_html/menuprinc menu_r2_c1_f2.gif
2007.05.09 19:27 B C:\Documents and Settings\User\Mis documentos\paginas web\torre linda\torrelindafinal07\menuprinc\menu_r2_c2.gif --> www.nering.com.pe /public_html/menuprinc menu_r2_c2.gif
2007.05.09 19:27 B C:\Documents and Settings\User\Mis documentos\paginas web\torre linda\torrelindafinal07\menuprinc\menu_r2_c3.gif --> www.nering.com.pe /public_html/menuprinc menu_r2_c3.gif
2007.05.09 19:27 B C:\Documents and Settings\User\Mis documentos\paginas web\torre linda\torrelindafinal07\menuprinc\menu_r2_c3_f2.gif --> www.nering.com.pe /public_html/menuprinc menu_r2_c3_f2.gif
2007.05.09 19:27 B C:\Documents and Settings\User\Mis documentos\paginas web\torre linda\torrelindafinal07\menuprinc\menu_r2_c4.gif --> www.nering.com.pe /public_html/menuprinc menu_r2_c4.gif
2007.05.09 19:27 B C:\Documents and Settings\User\Mis documentos\paginas web\torre linda\torrelindafinal07\menuprinc\menu_r2_c4_f2.gif --> www.nering.com.pe /public_html/menuprinc menu_r2_c4_f2.gif
2007.05.09 19:27 B C:\Documents and Settings\User\Mis documentos\paginas web\torre linda\torrelindafinal07\menuprinc\menu_r2_c5.gif --> www.nering.com.pe /public_html/menuprinc menu_r2_c5.gif
2007.05.09 19:27 B C:\Documents and Settings\User\Mis documentos\paginas web\torre linda\torrelindafinal07\menuprinc\menu_r2_c6.gif --> www.nering.com.pe /public_html/menuprinc menu_r2_c6.gif
2007.05.09 19:27 B C:\Documents and Settings\User\Mis documentos\paginas web\torre linda\torrelindafinal07\menuprinc\menu_r2_c6_f2.gif --> www.nering.com.pe /public_html/menuprinc menu_r2_c6_f2.gif
2007.05.09 19:27 B C:\Documents and Settings\User\Mis documentos\paginas web\torre linda\torrelindafinal07\menuprinc\menu_r2_c7.gif --> www.nering.com.pe /public_html/menuprinc menu_r2_c7.gif
2007.05.09 19:27 B C:\Documents and Settings\User\Mis documentos\paginas web\torre linda\torrelindafinal07\menuprinc\menu_r2_c8.gif --> www.nering.com.pe /public_html/menuprinc menu_r2_c8.gif
2007.05.09 19:27 B C:\Documents and Settings\User\Mis documentos\paginas web\torre linda\torrelindafinal07\menuprinc\menu_r2_c8_f2.gif --> www.nering.com.pe /public_html/menuprinc menu_r2_c8_f2.gif
2007.05.09 19:27 B C:\Documents and Settings\User\Mis documentos\paginas web\torre linda\torrelindafinal07\menuprinc\menu_r2_c9.gif --> www.nering.com.pe /public_html/menuprinc menu_r2_c9.gif
2007.05.09 19:27 B C:\Documents and Settings\User\Mis documentos\paginas web\torre linda\torrelindafinal07\menuprinc\menu_r3_c1.gif --> www.nering.com.pe /public_html/menuprinc menu_r3_c1.gif
2007.05.09 19:27 B C:\Documents and Settings\User\Mis documentos\paginas web\torre linda\torrelindafinal07\menuprinc\menu_r3_c10.gif --> www.nering.com.pe /public_html/menuprinc menu_r3_c10.gif
2007.05.09 19:27 B C:\Documents and Settings\User\Mis documentos\paginas web\torre linda\torrelindafinal07\menuprinc\menu_r3_c12.gif --> www.nering.com.pe /public_html/menuprinc menu_r3_c12.gif
2007.05.09 19:27 B C:\Documents and Settings\User\Mis documentos\paginas web\torre linda\torrelindafinal07\menuprinc\menu_r3_c14.gif --> www.nering.com.pe /public_html/menuprinc menu_r3_c14.gif
2007.05.09 19:27 B C:\Documents and Settings\User\Mis documentos\paginas web\torre linda\torrelindafinal07\menuprinc\menu_r3_c16.gif --> www.nering.com.pe /public_html/menuprinc menu_r3_c16.gif
2007.05.09 19:27 B C:\Documents and Settings\User\Mis documentos\paginas web\torre linda\torrelindafinal07\menuprinc\menu_r3_c3.gif --> www.nering.com.pe /public_html/menuprinc menu_r3_c3.gif
2007.05.09 19:27 B C:\Documents and Settings\User\Mis documentos\paginas web\torre linda\torrelindafinal07\menuprinc\menu_r3_c6.gif --> www.nering.com.pe /public_html/menuprinc menu_r3_c6.gif
2007.05.09 19:27 B C:\Documents and Settings\User\Mis documentos\paginas web\torre linda\torrelindafinal07\menuprinc\menu_r3_c8.gif --> www.nering.com.pe /public_html/menuprinc menu_r3_c8.gif
2007.05.09 19:27 B C:\Documents and Settings\User\Mis documentos\paginas web\torre linda\torrelindafinal07\menuprinc\spacer.gif --> www.nering.com.pe /public_html/menuprinc spacer.gif
2007.05.25 16:43 B C:\Documents and Settings\User\Mis documentos\paginas web\torre linda\torrelindafinal07\menuprinc\menu.htm --> www.nering.com.pe /public_html/menuprinc menu.htm
2007.05.25 16:43 B C:\Documents and Settings\User\Mis documentos\paginas web\torre linda\torrelindafinal07\menuprinc\menu_r1_c1.gif --> www.nering.com.pe /public_html/menuprinc menu_r1_c1.gif
2007.05.25 16:43 B C:\Documents and Settings\User\Mis documentos\paginas web\torre linda\torrelindafinal07\menuprinc\menu_r2_c1.gif --> www.nering.com.pe /public_html/menuprinc menu_r2_c1.gif
2007.05.25 16:43 B C:\Documents and Settings\User\Mis documentos\paginas web\torre linda\torrelindafinal07\menuprinc\menu_r2_c10.gif --> www.nering.com.pe /public_html/menuprinc menu_r2_c10.gif
2007.05.25 16:43 B C:\Documents and Settings\User\Mis documentos\paginas web\torre linda\torrelindafinal07\menuprinc\menu_r2_c10_f2.gif --> www.nering.com.pe /public_html/menuprinc menu_r2_c10_f2.gif
2007.05.25 16:43 B C:\Documents and Settings\User\Mis documentos\paginas web\torre linda\torrelindafinal07\menuprinc\menu_r2_c11.gif --> www.nering.com.pe /public_html/menuprinc menu_r2_c11.gif
2007.05.25 16:43 B C:\Documents and Settings\User\Mis documentos\paginas web\torre linda\torrelindafinal07\menuprinc\menu_r2_c12.gif --> www.nering.com.pe /public_html/menuprinc menu_r2_c12.gif
2007.05.25 16:43 B C:\Documents and Settings\User\Mis documentos\paginas web\torre linda\torrelindafinal07\menuprinc\menu_r2_c12_f2.gif --> www.nering.com.pe /public_html/menuprinc menu_r2_c12_f2.gif
2007.05.25 16:43 B C:\Documents and Settings\User\Mis documentos\paginas web\torre linda\torrelindafinal07\menuprinc\menu_r2_c13.gif --> www.nering.com.pe /public_html/menuprinc menu_r2_c13.gif
2007.05.25 16:44 B C:\Documents and Settings\User\Mis documentos\paginas web\torre linda\torrelindafinal07\menuprinc\menu_r2_c14.gif --> www.nering.com.pe /public_html/menuprinc menu_r2_c14.gif
2007.05.25 16:44 B C:\Documents and Settings\User\Mis documentos\paginas web\torre linda\torrelindafinal07\menuprinc\menu_r2_c14_f2.gif --> www.nering.com.pe /public_html/menuprinc menu_r2_c14_f2.gif
2007.05.25 16:44 B C:\Documents and Settings\User\Mis documentos\paginas web\torre linda\torrelindafinal07\menuprinc\menu_r2_c15.gif --> www.nering.com.pe /public_html/menuprinc menu_r2_c15.gif
2007.05.25 16:44 B C:\Documents and Settings\User\Mis documentos\paginas web\torre linda\torrelindafinal07\menuprinc\menu_r2_c16.gif --> www.nering.com.pe /public_html/menuprinc menu_r2_c16.gif
2007.05.25 16:44 B C:\Documents and Settings\User\Mis documentos\paginas web\torre linda\torrelindafinal07\menuprinc\menu_r2_c16_f2.gif --> www.nering.com.pe /public_html/menuprinc menu_r2_c16_f2.gif
2007.05.25 16:44 B C:\Documents and Settings\User\Mis documentos\paginas web\torre linda\torrelindafinal07\menuprinc\menu_r2_c17.gif --> www.nering.com.pe /public_html/menuprinc menu_r2_c17.gif
2007.05.25 16:44 B C:\Documents and Settings\User\Mis documentos\paginas web\torre linda\torrelindafinal07\menuprinc\menu_r2_c1_f2.gif --> www.nering.com.pe /public_html/menuprinc menu_r2_c1_f2.gif
2007.05.25 16:44 B C:\Documents and Settings\User\Mis documentos\paginas web\torre linda\torrelindafinal07\menuprinc\menu_r2_c2.gif --> www.nering.com.pe /public_html/menuprinc menu_r2_c2.gif
2007.05.25 16:44 B C:\Documents and Settings\User\Mis documentos\paginas web\torre linda\torrelindafinal07\menuprinc\menu_r2_c3.gif --> www.nering.com.pe /public_html/menuprinc menu_r2_c3.gif
2007.05.25 16:44 B C:\Documents and Settings\User\Mis documentos\paginas web\torre linda\torrelindafinal07\menuprinc\menu_r2_c3_f2.gif --> www.nering.com.pe /public_html/menuprinc menu_r2_c3_f2.gif
2007.05.25 16:44 B C:\Documents and Settings\User\Mis documentos\paginas web\torre linda\torrelindafinal07\menuprinc\menu_r2_c4.gif --> www.nering.com.pe /public_html/menuprinc menu_r2_c4.gif
2007.05.25 16:44 B C:\Documents and Settings\User\Mis documentos\paginas web\torre linda\torrelindafinal07\menuprinc\menu_r2_c4_f2.gif --> www.nering.com.pe /public_html/menuprinc menu_r2_c4_f2.gif
2007.05.25 16:44 B C:\Documents and Settings\User\Mis documentos\paginas web\torre linda\torrelindafinal07\menuprinc\menu_r2_c5.gif --> www.nering.com.pe /public_html/menuprinc menu_r2_c5.gif
2007.05.25 16:44 B C:\Documents and Settings\User\Mis documentos\paginas web\torre linda\torrelindafinal07\menuprinc\menu_r2_c6.gif --> www.nering.com.pe /public_html/menuprinc menu_r2_c6.gif
2007.05.25 16:44 B C:\Documents and Settings\User\Mis documentos\paginas web\torre linda\torrelindafinal07\menuprinc\menu_r2_c6_f2.gif --> www.nering.com.pe /public_html/menuprinc menu_r2_c6_f2.gif
2007.05.25 16:44 B C:\Documents and Settings\User\Mis documentos\paginas web\torre linda\torrelindafinal07\menuprinc\menu_r2_c7.gif --> www.nering.com.pe /public_html/menuprinc menu_r2_c7.gif
2007.05.25 16:44 B C:\Documents and Settings\User\Mis documentos\paginas web\torre linda\torrelindafinal07\menuprinc\menu_r2_c8.gif --> www.nering.com.pe /public_html/menuprinc menu_r2_c8.gif
2007.05.25 16:44 B C:\Documents and Settings\User\Mis documentos\paginas web\torre linda\torrelindafinal07\menuprinc\menu_r2_c8_f2.gif --> www.nering.com.pe /public_html/menuprinc menu_r2_c8_f2.gif
2007.05.25 16:44 B C:\Documents and Settings\User\Mis documentos\paginas web\torre linda\torrelindafinal07\menuprinc\menu_r2_c9.gif --> www.nering.com.pe /public_html/menuprinc menu_r2_c9.gif
2007.05.25 16:44 B C:\Documents and Settings\User\Mis documentos\paginas web\torre linda\torrelindafinal07\menuprinc\menu_r3_c1.gif --> www.nering.com.pe /public_html/menuprinc menu_r3_c1.gif
2007.05.25 16:44 B C:\Documents and Settings\User\Mis documentos\paginas web\torre linda\torrelindafinal07\menuprinc\menu_r3_c10.gif --> www.nering.com.pe /public_html/menuprinc menu_r3_c10.gif
2007.05.25 16:44 B C:\Documents and Settings\User\Mis documentos\paginas web\torre linda\torrelindafinal07\menuprinc\menu_r3_c12.gif --> www.nering.com.pe /public_html/menuprinc menu_r3_c12.gif
2007.05.25 16:44 B C:\Documents and Settings\User\Mis documentos\paginas web\torre linda\torrelindafinal07\menuprinc\menu_r3_c14.gif --> www.nering.com.pe /public_html/menuprinc menu_r3_c14.gif
2007.05.25 16:44 B C:\Documents and Settings\User\Mis documentos\paginas web\torre linda\torrelindafinal07\menuprinc\menu_r3_c16.gif --> www.nering.com.pe /public_html/menuprinc menu_r3_c16.gif
2007.05.25 16:44 B C:\Documents and Settings\User\Mis documentos\paginas web\torre linda\torrelindafinal07\menuprinc\menu_r3_c3.gif --> www.nering.com.pe /public_html/menuprinc menu_r3_c3.gif
2007.05.25 16:44 B C:\Documents and Settings\User\Mis documentos\paginas web\torre linda\torrelindafinal07\menuprinc\menu_r3_c6.gif --> www.nering.com.pe /public_html/menuprinc menu_r3_c6.gif
2007.05.25 16:44 B C:\Documents and Settings\User\Mis documentos\paginas web\torre linda\torrelindafinal07\menuprinc\menu_r3_c8.gif --> www.nering.com.pe /public_html/menuprinc menu_r3_c8.gif
2007.05.25 16:44 B C:\Documents and Settings\User\Mis documentos\paginas web\torre linda\torrelindafinal07\menuprinc\spacer.gif --> www.nering.com.pe /public_html/menuprinc spacer.gif
2007.06.19 09:33 B C:\Documents and Settings\Yanina\Mis documentos\PAGINAS WEB\torre linda\torrelindafinal07\menuprinc\menu.htm --> nering.com.pe /public_html/menuprinc menu.htm
2007.06.19 09:33 B C:\Documents and Settings\Yanina\Mis documentos\PAGINAS WEB\torre linda\torrelindafinal07\menuprinc\menu_r1_c1.gif --> nering.com.pe /public_html/menuprinc menu_r1_c1.gif
2007.06.19 09:33 B C:\Documents and Settings\Yanina\Mis documentos\PAGINAS WEB\torre linda\torrelindafinal07\menuprinc\menu_r2_c1.gif --> nering.com.pe /public_html/menuprinc menu_r2_c1.gif
2007.06.19 09:33 B C:\Documents and Settings\Yanina\Mis documentos\PAGINAS WEB\torre linda\torrelindafinal07\menuprinc\menu_r2_c10.gif --> nering.com.pe /public_html/menuprinc menu_r2_c10.gif
2007.06.19 09:33 B C:\Documents and Settings\Yanina\Mis documentos\PAGINAS WEB\torre linda\torrelindafinal07\menuprinc\menu_r2_c10_f2.gif --> nering.com.pe /public_html/menuprinc menu_r2_c10_f2.gif
2007.06.19 09:33 B C:\Documents and Settings\Yanina\Mis documentos\PAGINAS WEB\torre linda\torrelindafinal07\menuprinc\menu_r2_c11.gif --> nering.com.pe /public_html/menuprinc menu_r2_c11.gif
2007.06.19 09:33 B C:\Documents and Settings\Yanina\Mis documentos\PAGINAS WEB\torre linda\torrelindafinal07\menuprinc\menu_r2_c12.gif --> nering.com.pe /public_html/menuprinc menu_r2_c12.gif
2007.06.19 09:33 B C:\Documents and Settings\Yanina\Mis documentos\PAGINAS WEB\torre linda\torrelindafinal07\menuprinc\menu_r2_c12_f2.gif --> nering.com.pe /public_html/menuprinc menu_r2_c12_f2.gif
2007.06.19 09:33 B C:\Documents and Settings\Yanina\Mis documentos\PAGINAS WEB\torre linda\torrelindafinal07\menuprinc\menu_r2_c13.gif --> nering.com.pe /public_html/menuprinc menu_r2_c13.gif
2007.06.19 09:33 B C:\Documents and Settings\Yanina\Mis documentos\PAGINAS WEB\torre linda\torrelindafinal07\menuprinc\menu_r2_c14.gif --> nering.com.pe /public_html/menuprinc menu_r2_c14.gif
2007.06.19 09:33 B C:\Documents and Settings\Yanina\Mis documentos\PAGINAS WEB\torre linda\torrelindafinal07\menuprinc\menu_r2_c14_f2.gif --> nering.com.pe /public_html/menuprinc menu_r2_c14_f2.gif
2007.06.19 09:33 B C:\Documents and Settings\Yanina\Mis documentos\PAGINAS WEB\torre linda\torrelindafinal07\menuprinc\menu_r2_c15.gif --> nering.com.pe /public_html/menuprinc menu_r2_c15.gif
2007.06.19 09:33 B C:\Documents and Settings\Yanina\Mis documentos\PAGINAS WEB\torre linda\torrelindafinal07\menuprinc\menu_r2_c16.gif --> nering.com.pe /public_html/menuprinc menu_r2_c16.gif
2007.06.19 09:33 B C:\Documents and Settings\Yanina\Mis documentos\PAGINAS WEB\torre linda\torrelindafinal07\menuprinc\menu_r2_c16_f2.gif --> nering.com.pe /public_html/menuprinc menu_r2_c16_f2.gif
2007.06.19 09:33 B C:\Documents and Settings\Yanina\Mis documentos\PAGINAS WEB\torre linda\torrelindafinal07\menuprinc\menu_r2_c17.gif --> nering.com.pe /public_html/menuprinc menu_r2_c17.gif
2007.06.19 09:33 B C:\Documents and Settings\Yanina\Mis documentos\PAGINAS WEB\torre linda\torrelindafinal07\menuprinc\menu_r2_c1_f2.gif --> nering.com.pe /public_html/menuprinc menu_r2_c1_f2.gif
2007.06.19 09:33 B C:\Documents and Settings\Yanina\Mis documentos\PAGINAS WEB\torre linda\torrelindafinal07\menuprinc\menu_r2_c2.gif --> nering.com.pe /public_html/menuprinc menu_r2_c2.gif
2007.06.19 09:33 B C:\Documents and Settings\Yanina\Mis documentos\PAGINAS WEB\torre linda\torrelindafinal07\menuprinc\menu_r2_c3.gif --> nering.com.pe /public_html/menuprinc menu_r2_c3.gif
2007.06.19 09:33 B C:\Documents and Settings\Yanina\Mis documentos\PAGINAS WEB\torre linda\torrelindafinal07\menuprinc\menu_r2_c3_f2.gif --> nering.com.pe /public_html/menuprinc menu_r2_c3_f2.gif
2007.06.19 09:33 B C:\Documents and Settings\Yanina\Mis documentos\PAGINAS WEB\torre linda\torrelindafinal07\menuprinc\menu_r2_c4.gif --> nering.com.pe /public_html/menuprinc menu_r2_c4.gif
2007.06.19 09:33 B C:\Documents and Settings\Yanina\Mis documentos\PAGINAS WEB\torre linda\torrelindafinal07\menuprinc\menu_r2_c4_f2.gif --> nering.com.pe /public_html/menuprinc menu_r2_c4_f2.gif
2007.06.19 09:33 B C:\Documents and Settings\Yanina\Mis documentos\PAGINAS WEB\torre linda\torrelindafinal07\menuprinc\menu_r2_c5.gif --> nering.com.pe /public_html/menuprinc menu_r2_c5.gif
2007.06.19 09:33 B C:\Documents and Settings\Yanina\Mis documentos\PAGINAS WEB\torre linda\torrelindafinal07\menuprinc\menu_r2_c6.gif --> nering.com.pe /public_html/menuprinc menu_r2_c6.gif
2007.06.19 09:33 B C:\Documents and Settings\Yanina\Mis documentos\PAGINAS WEB\torre linda\torrelindafinal07\menuprinc\menu_r2_c6_f2.gif --> nering.com.pe /public_html/menuprinc menu_r2_c6_f2.gif
2007.06.19 09:33 B C:\Documents and Settings\Yanina\Mis documentos\PAGINAS WEB\torre linda\torrelindafinal07\menuprinc\menu_r2_c7.gif --> nering.com.pe /public_html/menuprinc menu_r2_c7.gif
2007.06.19 09:33 B C:\Documents and Settings\Yanina\Mis documentos\PAGINAS WEB\torre linda\torrelindafinal07\menuprinc\menu_r2_c8.gif --> nering.com.pe /public_html/menuprinc menu_r2_c8.gif
2007.06.19 09:33 B C:\Documents and Settings\Yanina\Mis documentos\PAGINAS WEB\torre linda\torrelindafinal07\menuprinc\menu_r2_c8_f2.gif --> nering.com.pe /public_html/menuprinc menu_r2_c8_f2.gif
2007.06.19 09:33 B C:\Documents and Settings\Yanina\Mis documentos\PAGINAS WEB\torre linda\torrelindafinal07\menuprinc\menu_r2_c9.gif --> nering.com.pe /public_html/menuprinc menu_r2_c9.gif
2007.06.19 09:33 B C:\Documents and Settings\Yanina\Mis documentos\PAGINAS WEB\torre linda\torrelindafinal07\menuprinc\menu_r3_c1.gif --> nering.com.pe /public_html/menuprinc menu_r3_c1.gif
2007.06.19 09:33 B C:\Documents and Settings\Yanina\Mis documentos\PAGINAS WEB\torre linda\torrelindafinal07\menuprinc\menu_r3_c10.gif --> nering.com.pe /public_html/menuprinc menu_r3_c10.gif
2007.06.19 09:33 B C:\Documents and Settings\Yanina\Mis documentos\PAGINAS WEB\torre linda\torrelindafinal07\menuprinc\menu_r3_c12.gif --> nering.com.pe /public_html/menuprinc menu_r3_c12.gif
2007.06.19 09:33 B C:\Documents and Settings\Yanina\Mis documentos\PAGINAS WEB\torre linda\torrelindafinal07\menuprinc\menu_r3_c14.gif --> nering.com.pe /public_html/menuprinc menu_r3_c14.gif
2007.06.19 09:33 B C:\Documents and Settings\Yanina\Mis documentos\PAGINAS WEB\torre linda\torrelindafinal07\menuprinc\menu_r3_c16.gif --> nering.com.pe /public_html/menuprinc menu_r3_c16.gif
2007.06.19 09:33 B C:\Documents and Settings\Yanina\Mis documentos\PAGINAS WEB\torre linda\torrelindafinal07\menuprinc\menu_r3_c3.gif --> nering.com.pe /public_html/menuprinc menu_r3_c3.gif
2007.06.19 09:33 B C:\Documents and Settings\Yanina\Mis documentos\PAGINAS WEB\torre linda\torrelindafinal07\menuprinc\menu_r3_c6.gif --> nering.com.pe /public_html/menuprinc menu_r3_c6.gif
2007.06.19 09:33 B C:\Documents and Settings\Yanina\Mis documentos\PAGINAS WEB\torre linda\torrelindafinal07\menuprinc\menu_r3_c8.gif --> nering.com.pe /public_html/menuprinc menu_r3_c8.gif
2007.06.19 09:33 B C:\Documents and Settings\Yanina\Mis documentos\PAGINAS WEB\torre linda\torrelindafinal07\menuprinc\spacer.gif --> nering.com.pe /public_html/menuprinc spacer.gif
2008.01.07 11:45 B C:\Documents and Settings\Yanina\Mis documentos\PAGINAS WEB\torre linda\torrelindafinal07\menuprinc\menu.htm --> www.nering.net /menuprinc menu.htm
2008.01.07 11:45 B C:\Documents and Settings\Yanina\Mis documentos\PAGINAS WEB\torre linda\torrelindafinal07\menuprinc\menu_r1_c1.gif --> www.nering.net /menuprinc menu_r1_c1.gif
2008.01.07 11:45 B C:\Documents and Settings\Yanina\Mis documentos\PAGINAS WEB\torre linda\torrelindafinal07\menuprinc\menu_r2_c1.gif --> www.nering.net /menuprinc menu_r2_c1.gif
2008.01.07 11:45 B C:\Documents and Settings\Yanina\Mis documentos\PAGINAS WEB\torre linda\torrelindafinal07\menuprinc\menu_r2_c10.gif --> www.nering.net /menuprinc menu_r2_c10.gif
2008.01.07 11:45 B C:\Documents and Settings\Yanina\Mis documentos\PAGINAS WEB\torre linda\torrelindafinal07\menuprinc\menu_r2_c10_f2.gif --> www.nering.net /menuprinc menu_r2_c10_f2.gif
2008.01.07 11:45 B C:\Documents and Settings\Yanina\Mis documentos\PAGINAS WEB\torre linda\torrelindafinal07\menuprinc\menu_r2_c11.gif --> www.nering.net /menuprinc menu_r2_c11.gif
2008.01.07 11:45 B C:\Documents and Settings\Yanina\Mis documentos\PAGINAS WEB\torre linda\torrelindafinal07\menuprinc\menu_r2_c12.gif --> www.nering.net /menuprinc menu_r2_c12.gif
2008.01.07 11:45 B C:\Documents and Settings\Yanina\Mis documentos\PAGINAS WEB\torre linda\torrelindafinal07\menuprinc\menu_r2_c12_f2.gif --> www.nering.net /menuprinc menu_r2_c12_f2.gif
2008.01.07 11:45 B C:\Documents and Settings\Yanina\Mis documentos\PAGINAS WEB\torre linda\torrelindafinal07\menuprinc\menu_r2_c13.gif --> www.nering.net /menuprinc menu_r2_c13.gif
2008.01.07 11:45 B C:\Documents and Settings\Yanina\Mis documentos\PAGINAS WEB\torre linda\torrelindafinal07\menuprinc\menu_r2_c14.gif --> www.nering.net /menuprinc menu_r2_c14.gif
2008.01.07 11:45 B C:\Documents and Settings\Yanina\Mis documentos\PAGINAS WEB\torre linda\torrelindafinal07\menuprinc\menu_r2_c14_f2.gif --> www.nering.net /menuprinc menu_r2_c14_f2.gif
2008.01.07 11:45 B C:\Documents and Settings\Yanina\Mis documentos\PAGINAS WEB\torre linda\torrelindafinal07\menuprinc\menu_r2_c15.gif --> www.nering.net /menuprinc menu_r2_c15.gif
2008.01.07 11:45 B C:\Documents and Settings\Yanina\Mis documentos\PAGINAS WEB\torre linda\torrelindafinal07\menuprinc\menu_r2_c16.gif --> www.nering.net /menuprinc menu_r2_c16.gif
2008.01.07 11:45 B C:\Documents and Settings\Yanina\Mis documentos\PAGINAS WEB\torre linda\torrelindafinal07\menuprinc\menu_r2_c16_f2.gif --> www.nering.net /menuprinc menu_r2_c16_f2.gif
2008.01.07 11:45 B C:\Documents and Settings\Yanina\Mis documentos\PAGINAS WEB\torre linda\torrelindafinal07\menuprinc\menu_r2_c17.gif --> www.nering.net /menuprinc menu_r2_c17.gif
2008.01.07 11:45 B C:\Documents and Settings\Yanina\Mis documentos\PAGINAS WEB\torre linda\torrelindafinal07\menuprinc\menu_r2_c1_f2.gif --> www.nering.net /menuprinc menu_r2_c1_f2.gif
2008.01.07 11:45 B C:\Documents and Settings\Yanina\Mis documentos\PAGINAS WEB\torre linda\torrelindafinal07\menuprinc\menu_r2_c2.gif --> www.nering.net /menuprinc menu_r2_c2.gif
2008.01.07 11:45 B C:\Documents and Settings\Yanina\Mis documentos\PAGINAS WEB\torre linda\torrelindafinal07\menuprinc\menu_r2_c3.gif --> www.nering.net /menuprinc menu_r2_c3.gif
2008.01.07 11:45 B C:\Documents and Settings\Yanina\Mis documentos\PAGINAS WEB\torre linda\torrelindafinal07\menuprinc\menu_r2_c3_f2.gif --> www.nering.net /menuprinc menu_r2_c3_f2.gif
2008.01.07 11:45 B C:\Documents and Settings\Yanina\Mis documentos\PAGINAS WEB\torre linda\torrelindafinal07\menuprinc\menu_r2_c4.gif --> www.nering.net /menuprinc menu_r2_c4.gif
2008.01.07 11:45 B C:\Documents and Settings\Yanina\Mis documentos\PAGINAS WEB\torre linda\torrelindafinal07\menuprinc\menu_r2_c4_f2.gif --> www.nering.net /menuprinc menu_r2_c4_f2.gif
2008.01.07 11:45 B C:\Documents and Settings\Yanina\Mis documentos\PAGINAS WEB\torre linda\torrelindafinal07\menuprinc\menu_r2_c5.gif --> www.nering.net /menuprinc menu_r2_c5.gif
2008.01.07 11:45 B C:\Documents and Settings\Yanina\Mis documentos\PAGINAS WEB\torre linda\torrelindafinal07\menuprinc\menu_r2_c6.gif --> www.nering.net /menuprinc menu_r2_c6.gif
2008.01.07 11:45 B C:\Documents and Settings\Yanina\Mis documentos\PAGINAS WEB\torre linda\torrelindafinal07\menuprinc\menu_r2_c6_f2.gif --> www.nering.net /menuprinc menu_r2_c6_f2.gif
2008.01.07 11:45 B C:\Documents and Settings\Yanina\Mis documentos\PAGINAS WEB\torre linda\torrelindafinal07\menuprinc\menu_r2_c7.gif --> www.nering.net /menuprinc menu_r2_c7.gif
2008.01.07 11:45 B C:\Documents and Settings\Yanina\Mis documentos\PAGINAS WEB\torre linda\torrelindafinal07\menuprinc\menu_r2_c8.gif --> www.nering.net /menuprinc menu_r2_c8.gif
2008.01.07 11:45 B C:\Documents and Settings\Yanina\Mis documentos\PAGINAS WEB\torre linda\torrelindafinal07\menuprinc\menu_r2_c8_f2.gif --> www.nering.net /menuprinc menu_r2_c8_f2.gif
2008.01.07 11:45 B C:\Documents and Settings\Yanina\Mis documentos\PAGINAS WEB\torre linda\torrelindafinal07\menuprinc\menu_r2_c9.gif --> www.nering.net /menuprinc menu_r2_c9.gif
2008.01.07 11:45 B C:\Documents and Settings\Yanina\Mis documentos\PAGINAS WEB\torre linda\torrelindafinal07\menuprinc\menu_r3_c1.gif --> www.nering.net /menuprinc menu_r3_c1.gif
2008.01.07 11:45 B C:\Documents and Settings\Yanina\Mis documentos\PAGINAS WEB\torre linda\torrelindafinal07\menuprinc\menu_r3_c10.gif --> www.nering.net /menuprinc menu_r3_c10.gif
2008.01.07 11:45 B C:\Documents and Settings\Yanina\Mis documentos\PAGINAS WEB\torre linda\torrelindafinal07\menuprinc\menu_r3_c12.gif --> www.nering.net /menuprinc menu_r3_c12.gif
2008.01.07 11:45 B C:\Documents and Settings\Yanina\Mis documentos\PAGINAS WEB\torre linda\torrelindafinal07\menuprinc\menu_r3_c14.gif --> www.nering.net /menuprinc menu_r3_c14.gif
2008.01.07 11:45 B C:\Documents and Settings\Yanina\Mis documentos\PAGINAS WEB\torre linda\torrelindafinal07\menuprinc\menu_r3_c16.gif --> www.nering.net /menuprinc menu_r3_c16.gif
2008.01.07 11:46 B C:\Documents and Settings\Yanina\Mis documentos\PAGINAS WEB\torre linda\torrelindafinal07\menuprinc\menu_r3_c3.gif --> www.nering.net /menuprinc menu_r3_c3.gif
2008.01.07 11:46 B C:\Documents and Settings\Yanina\Mis documentos\PAGINAS WEB\torre linda\torrelindafinal07\menuprinc\menu_r3_c6.gif --> www.nering.net /menuprinc menu_r3_c6.gif
2008.01.07 11:46 B C:\Documents and Settings\Yanina\Mis documentos\PAGINAS WEB\torre linda\torrelindafinal07\menuprinc\menu_r3_c8.gif --> www.nering.net /menuprinc menu_r3_c8.gif
2008.01.07 11:46 B C:\Documents and Settings\Yanina\Mis documentos\PAGINAS WEB\torre linda\torrelindafinal07\menuprinc\spacer.gif --> www.nering.net /menuprinc spacer.gif
2008.01.07 11:46 B C:\Documents and Settings\Yanina\Mis documentos\PAGINAS WEB\torre linda\torrelindafinal07\menuprinc\Thumbs.db --> www.nering.net /menuprinc Thumbs.db
