2006.11.07 07:21 B C:\Documents and Settings\User\Mis documentos\paginas web\nering\torre linda\torrelindafinal\titulo\_notes\departamentos.gif.mno --> www.ggmdesign.com /public_html/proyectos/torrelinda/titulo/_notes departamentos.gif.mno
2006.11.07 07:21 B C:\Documents and Settings\User\Mis documentos\paginas web\nering\torre linda\torrelindafinal\titulo\_notes\informacion.gif.mno --> www.ggmdesign.com /public_html/proyectos/torrelinda/titulo/_notes informacion.gif.mno
2006.11.07 07:21 B C:\Documents and Settings\User\Mis documentos\paginas web\nering\torre linda\torrelindafinal\titulo\_notes\plantas.gif.mno --> www.ggmdesign.com /public_html/proyectos/torrelinda/titulo/_notes plantas.gif.mno
2006.11.07 07:21 B C:\Documents and Settings\User\Mis documentos\paginas web\nering\torre linda\torrelindafinal\titulo\_notes\ubicacion.gif.mno --> www.ggmdesign.com /public_html/proyectos/torrelinda/titulo/_notes ubicacion.gif.mno
2006.11.20 08:49 B C:\Documents and Settings\User\Mis documentos\paginas web\nering\torre linda\torrelindafinal\titulo\_notes\buscaun proyecto.gif.mno --> www.ggmdesign.com /public_html/proyectos/torrelinda/titulo/_notes buscaun proyecto.gif.mno
2006.11.20 08:49 B C:\Documents and Settings\User\Mis documentos\paginas web\nering\torre linda\torrelindafinal\titulo\_notes\calculocostos.gif.mno --> www.ggmdesign.com /public_html/proyectos/torrelinda/titulo/_notes calculocostos.gif.mno
2006.11.20 08:49 B C:\Documents and Settings\User\Mis documentos\paginas web\nering\torre linda\torrelindafinal\titulo\_notes\contacto.gif.mno --> www.ggmdesign.com /public_html/proyectos/torrelinda/titulo/_notes contacto.gif.mno
2006.11.20 08:49 B C:\Documents and Settings\User\Mis documentos\paginas web\nering\torre linda\torrelindafinal\titulo\_notes\diseñopredefinido.gif.mno --> www.ggmdesign.com /public_html/proyectos/torrelinda/titulo/_notes diseñopredefinido.gif.mno
2006.11.20 08:49 B C:\Documents and Settings\User\Mis documentos\paginas web\nering\torre linda\torrelindafinal\titulo\_notes\encargotramites.gif.mno --> www.ggmdesign.com /public_html/proyectos/torrelinda/titulo/_notes encargotramites.gif.mno
2006.11.20 08:49 B C:\Documents and Settings\User\Mis documentos\paginas web\nering\torre linda\torrelindafinal\titulo\_notes\especiftecnicas.gif.mno --> www.ggmdesign.com /public_html/proyectos/torrelinda/titulo/_notes especiftecnicas.gif.mno
2006.11.20 08:49 B C:\Documents and Settings\User\Mis documentos\paginas web\nering\torre linda\torrelindafinal\titulo\_notes\proyectosmedida1.gif.mno --> www.ggmdesign.com /public_html/proyectos/torrelinda/titulo/_notes proyectosmedida1.gif.mno
2006.11.20 08:49 B C:\Documents and Settings\User\Mis documentos\paginas web\nering\torre linda\torrelindafinal\titulo\_notes\proyectosmedida2.gif.mno --> www.ggmdesign.com /public_html/proyectos/torrelinda/titulo/_notes proyectosmedida2.gif.mno
2006.11.20 08:49 B C:\Documents and Settings\User\Mis documentos\paginas web\nering\torre linda\torrelindafinal\titulo\_notes\servicios.gif.mno --> www.ggmdesign.com /public_html/proyectos/torrelinda/titulo/_notes servicios.gif.mno
2006.11.20 08:49 B C:\Documents and Settings\User\Mis documentos\paginas web\nering\torre linda\torrelindafinal\titulo\_notes\WS_FTP.LOG --> www.ggmdesign.com /public_html/proyectos/torrelinda/titulo/_notes WS_FTP.LOG
2006.12.14 13:29 B C:\Documents and Settings\User\Mis documentos\paginas web\nering\torre linda\torrelindafinal\titulo\_notes\buscaun proyecto.gif.mno --> www.ggmdesign.com /public_html/proyectos/torrelindafinal/titulo/_notes buscaun proyecto.gif.mno
2006.12.14 13:29 B C:\Documents and Settings\User\Mis documentos\paginas web\nering\torre linda\torrelindafinal\titulo\_notes\calculocostos.gif.mno --> www.ggmdesign.com /public_html/proyectos/torrelindafinal/titulo/_notes calculocostos.gif.mno
2006.12.14 13:29 B C:\Documents and Settings\User\Mis documentos\paginas web\nering\torre linda\torrelindafinal\titulo\_notes\contacto.gif.mno --> www.ggmdesign.com /public_html/proyectos/torrelindafinal/titulo/_notes contacto.gif.mno
2006.12.14 13:29 B C:\Documents and Settings\User\Mis documentos\paginas web\nering\torre linda\torrelindafinal\titulo\_notes\departamentos.gif.mno --> www.ggmdesign.com /public_html/proyectos/torrelindafinal/titulo/_notes departamentos.gif.mno
2006.12.14 13:29 B C:\Documents and Settings\User\Mis documentos\paginas web\nering\torre linda\torrelindafinal\titulo\_notes\diseñopredefinido.gif.mno --> www.ggmdesign.com /public_html/proyectos/torrelindafinal/titulo/_notes diseñopredefinido.gif.mno
2006.12.14 13:29 B C:\Documents and Settings\User\Mis documentos\paginas web\nering\torre linda\torrelindafinal\titulo\_notes\encargotramites.gif.mno --> www.ggmdesign.com /public_html/proyectos/torrelindafinal/titulo/_notes encargotramites.gif.mno
2006.12.14 13:29 B C:\Documents and Settings\User\Mis documentos\paginas web\nering\torre linda\torrelindafinal\titulo\_notes\especiftecnicas.gif.mno --> www.ggmdesign.com /public_html/proyectos/torrelindafinal/titulo/_notes especiftecnicas.gif.mno
2006.12.14 13:29 B C:\Documents and Settings\User\Mis documentos\paginas web\nering\torre linda\torrelindafinal\titulo\_notes\informacion.gif.mno --> www.ggmdesign.com /public_html/proyectos/torrelindafinal/titulo/_notes informacion.gif.mno
2006.12.14 13:29 B C:\Documents and Settings\User\Mis documentos\paginas web\nering\torre linda\torrelindafinal\titulo\_notes\plantas.gif.mno --> www.ggmdesign.com /public_html/proyectos/torrelindafinal/titulo/_notes plantas.gif.mno
2006.12.14 13:29 B C:\Documents and Settings\User\Mis documentos\paginas web\nering\torre linda\torrelindafinal\titulo\_notes\precios.gif.mno --> www.ggmdesign.com /public_html/proyectos/torrelindafinal/titulo/_notes precios.gif.mno
2006.12.14 13:29 B C:\Documents and Settings\User\Mis documentos\paginas web\nering\torre linda\torrelindafinal\titulo\_notes\proyectosmedida1.gif.mno --> www.ggmdesign.com /public_html/proyectos/torrelindafinal/titulo/_notes proyectosmedida1.gif.mno
2006.12.14 13:29 B C:\Documents and Settings\User\Mis documentos\paginas web\nering\torre linda\torrelindafinal\titulo\_notes\proyectosmedida2.gif.mno --> www.ggmdesign.com /public_html/proyectos/torrelindafinal/titulo/_notes proyectosmedida2.gif.mno
2006.12.14 13:29 B C:\Documents and Settings\User\Mis documentos\paginas web\nering\torre linda\torrelindafinal\titulo\_notes\servicios.gif.mno --> www.ggmdesign.com /public_html/proyectos/torrelindafinal/titulo/_notes servicios.gif.mno
2006.12.14 13:29 B C:\Documents and Settings\User\Mis documentos\paginas web\nering\torre linda\torrelindafinal\titulo\_notes\ubicacion.gif.mno --> www.ggmdesign.com /public_html/proyectos/torrelindafinal/titulo/_notes ubicacion.gif.mno
2006.12.14 13:29 B C:\Documents and Settings\User\Mis documentos\paginas web\nering\torre linda\torrelindafinal\titulo\_notes\WS_FTP.LOG --> www.ggmdesign.com /public_html/proyectos/torrelindafinal/titulo/_notes WS_FTP.LOG
2006.12.17 10:52 B C:\Documents and Settings\User\Mis documentos\paginas web\nering\torre linda\torrelindafinal\titulo\_notes\buscaun proyecto.gif.mno --> www.nering.com.pe /public_html/titulo/_notes buscaun proyecto.gif.mno
2006.12.17 10:52 B C:\Documents and Settings\User\Mis documentos\paginas web\nering\torre linda\torrelindafinal\titulo\_notes\calculocostos.gif.mno --> www.nering.com.pe /public_html/titulo/_notes calculocostos.gif.mno
2006.12.17 10:52 B C:\Documents and Settings\User\Mis documentos\paginas web\nering\torre linda\torrelindafinal\titulo\_notes\contacto.gif.mno --> www.nering.com.pe /public_html/titulo/_notes contacto.gif.mno
2006.12.17 10:52 B C:\Documents and Settings\User\Mis documentos\paginas web\nering\torre linda\torrelindafinal\titulo\_notes\departamentos.gif.mno --> www.nering.com.pe /public_html/titulo/_notes departamentos.gif.mno
2006.12.17 10:52 B C:\Documents and Settings\User\Mis documentos\paginas web\nering\torre linda\torrelindafinal\titulo\_notes\diseñopredefinido.gif.mno --> www.nering.com.pe /public_html/titulo/_notes diseñopredefinido.gif.mno
2006.12.17 10:52 B C:\Documents and Settings\User\Mis documentos\paginas web\nering\torre linda\torrelindafinal\titulo\_notes\encargotramites.gif.mno --> www.nering.com.pe /public_html/titulo/_notes encargotramites.gif.mno
2006.12.17 10:52 B C:\Documents and Settings\User\Mis documentos\paginas web\nering\torre linda\torrelindafinal\titulo\_notes\especiftecnicas.gif.mno --> www.nering.com.pe /public_html/titulo/_notes especiftecnicas.gif.mno
2006.12.17 10:52 B C:\Documents and Settings\User\Mis documentos\paginas web\nering\torre linda\torrelindafinal\titulo\_notes\informacion.gif.mno --> www.nering.com.pe /public_html/titulo/_notes informacion.gif.mno
2006.12.17 10:52 B C:\Documents and Settings\User\Mis documentos\paginas web\nering\torre linda\torrelindafinal\titulo\_notes\plantas.gif.mno --> www.nering.com.pe /public_html/titulo/_notes plantas.gif.mno
2006.12.17 10:52 B C:\Documents and Settings\User\Mis documentos\paginas web\nering\torre linda\torrelindafinal\titulo\_notes\precios.gif.mno --> www.nering.com.pe /public_html/titulo/_notes precios.gif.mno
2006.12.17 10:52 B C:\Documents and Settings\User\Mis documentos\paginas web\nering\torre linda\torrelindafinal\titulo\_notes\proyectosmedida1.gif.mno --> www.nering.com.pe /public_html/titulo/_notes proyectosmedida1.gif.mno
2006.12.17 10:52 B C:\Documents and Settings\User\Mis documentos\paginas web\nering\torre linda\torrelindafinal\titulo\_notes\proyectosmedida2.gif.mno --> www.nering.com.pe /public_html/titulo/_notes proyectosmedida2.gif.mno
2006.12.17 10:52 B C:\Documents and Settings\User\Mis documentos\paginas web\nering\torre linda\torrelindafinal\titulo\_notes\servicios.gif.mno --> www.nering.com.pe /public_html/titulo/_notes servicios.gif.mno
2006.12.17 10:52 B C:\Documents and Settings\User\Mis documentos\paginas web\nering\torre linda\torrelindafinal\titulo\_notes\ubicacion.gif.mno --> www.nering.com.pe /public_html/titulo/_notes ubicacion.gif.mno
2006.12.17 10:52 B C:\Documents and Settings\User\Mis documentos\paginas web\nering\torre linda\torrelindafinal\titulo\_notes\WS_FTP.LOG --> www.nering.com.pe /public_html/titulo/_notes WS_FTP.LOG
2008.01.07 11:48 B C:\Documents and Settings\Yanina\Mis documentos\PAGINAS WEB\torre linda\torrelindafinal07\titulo\_notes\avancevideos.gif.mno --> www.nering.net /titulo/_notes avancevideos.gif.mno
2008.01.07 11:48 B C:\Documents and Settings\Yanina\Mis documentos\PAGINAS WEB\torre linda\torrelindafinal07\titulo\_notes\buscaun proyecto.gif.mno --> www.nering.net /titulo/_notes buscaun proyecto.gif.mno
2008.01.07 11:48 B C:\Documents and Settings\Yanina\Mis documentos\PAGINAS WEB\torre linda\torrelindafinal07\titulo\_notes\calculocostos.gif.mno --> www.nering.net /titulo/_notes calculocostos.gif.mno
2008.01.07 11:48 B C:\Documents and Settings\Yanina\Mis documentos\PAGINAS WEB\torre linda\torrelindafinal07\titulo\_notes\caracteristicas.gif.mno --> www.nering.net /titulo/_notes caracteristicas.gif.mno
2008.01.07 11:48 B C:\Documents and Settings\Yanina\Mis documentos\PAGINAS WEB\torre linda\torrelindafinal07\titulo\_notes\contacto.gif.mno --> www.nering.net /titulo/_notes contacto.gif.mno
2008.01.07 11:48 B C:\Documents and Settings\Yanina\Mis documentos\PAGINAS WEB\torre linda\torrelindafinal07\titulo\_notes\departamentos.gif.mno --> www.nering.net /titulo/_notes departamentos.gif.mno
2008.01.07 11:48 B C:\Documents and Settings\Yanina\Mis documentos\PAGINAS WEB\torre linda\torrelindafinal07\titulo\_notes\diseñopredefinido.gif.mno --> www.nering.net /titulo/_notes diseñopredefinido.gif.mno
2008.01.07 11:48 B C:\Documents and Settings\Yanina\Mis documentos\PAGINAS WEB\torre linda\torrelindafinal07\titulo\_notes\encargotramites.gif.mno --> www.nering.net /titulo/_notes encargotramites.gif.mno
2008.01.07 11:48 B C:\Documents and Settings\Yanina\Mis documentos\PAGINAS WEB\torre linda\torrelindafinal07\titulo\_notes\enlaces.gif.mno --> www.nering.net /titulo/_notes enlaces.gif.mno
2008.01.07 11:48 B C:\Documents and Settings\Yanina\Mis documentos\PAGINAS WEB\torre linda\torrelindafinal07\titulo\_notes\especiftecnicas.gif.mno --> www.nering.net /titulo/_notes especiftecnicas.gif.mno
2008.01.07 11:48 B C:\Documents and Settings\Yanina\Mis documentos\PAGINAS WEB\torre linda\torrelindafinal07\titulo\_notes\informacion.gif.mno --> www.nering.net /titulo/_notes informacion.gif.mno
2008.01.07 11:48 B C:\Documents and Settings\Yanina\Mis documentos\PAGINAS WEB\torre linda\torrelindafinal07\titulo\_notes\informaciongeneral.gif.mno --> www.nering.net /titulo/_notes informaciongeneral.gif.mno
2008.01.07 11:48 B C:\Documents and Settings\Yanina\Mis documentos\PAGINAS WEB\torre linda\torrelindafinal07\titulo\_notes\modelos.gif.mno --> www.nering.net /titulo/_notes modelos.gif.mno
2008.01.07 11:48 B C:\Documents and Settings\Yanina\Mis documentos\PAGINAS WEB\torre linda\torrelindafinal07\titulo\_notes\planos.gif.mno --> www.nering.net /titulo/_notes planos.gif.mno
2008.01.07 11:48 B C:\Documents and Settings\Yanina\Mis documentos\PAGINAS WEB\torre linda\torrelindafinal07\titulo\_notes\plantas.gif.mno --> www.nering.net /titulo/_notes plantas.gif.mno
2008.01.07 11:48 B C:\Documents and Settings\Yanina\Mis documentos\PAGINAS WEB\torre linda\torrelindafinal07\titulo\_notes\precios.gif.mno --> www.nering.net /titulo/_notes precios.gif.mno
2008.01.07 11:48 B C:\Documents and Settings\Yanina\Mis documentos\PAGINAS WEB\torre linda\torrelindafinal07\titulo\_notes\proyectosmedida1.gif.mno --> www.nering.net /titulo/_notes proyectosmedida1.gif.mno
2008.01.07 11:48 B C:\Documents and Settings\Yanina\Mis documentos\PAGINAS WEB\torre linda\torrelindafinal07\titulo\_notes\proyectosmedida2.gif.mno --> www.nering.net /titulo/_notes proyectosmedida2.gif.mno
2008.01.07 11:48 B C:\Documents and Settings\Yanina\Mis documentos\PAGINAS WEB\torre linda\torrelindafinal07\titulo\_notes\recomendar.gif.mno --> www.nering.net /titulo/_notes recomendar.gif.mno
2008.01.07 11:48 B C:\Documents and Settings\Yanina\Mis documentos\PAGINAS WEB\torre linda\torrelindafinal07\titulo\_notes\servicios.gif.mno --> www.nering.net /titulo/_notes servicios.gif.mno
2008.01.07 11:48 B C:\Documents and Settings\Yanina\Mis documentos\PAGINAS WEB\torre linda\torrelindafinal07\titulo\_notes\ubicacion.gif.mno --> www.nering.net /titulo/_notes ubicacion.gif.mno
