2006.11.20 08:52 B C:\Documents and Settings\User\Mis documentos\paginas web\nering\torre linda\torrelindafinal\areas\menuareas\menuareas.htm --> www.ggmdesign.com /public_html/proyectos/torrelinda/areas/menuareas menuareas.htm
2006.11.20 08:52 B C:\Documents and Settings\User\Mis documentos\paginas web\nering\torre linda\torrelindafinal\areas\menuareas\menuareas_r1_c1.gif --> www.ggmdesign.com /public_html/proyectos/torrelinda/areas/menuareas menuareas_r1_c1.gif
2006.11.20 08:52 B C:\Documents and Settings\User\Mis documentos\paginas web\nering\torre linda\torrelindafinal\areas\menuareas\menuareas_r2_c1.gif --> www.ggmdesign.com /public_html/proyectos/torrelinda/areas/menuareas menuareas_r2_c1.gif
2006.11.20 08:52 B C:\Documents and Settings\User\Mis documentos\paginas web\nering\torre linda\torrelindafinal\areas\menuareas\menuareas_r2_c1_f2.gif --> www.ggmdesign.com /public_html/proyectos/torrelinda/areas/menuareas menuareas_r2_c1_f2.gif
2006.11.20 08:52 B C:\Documents and Settings\User\Mis documentos\paginas web\nering\torre linda\torrelindafinal\areas\menuareas\menuareas_r2_c1_f3.gif --> www.ggmdesign.com /public_html/proyectos/torrelinda/areas/menuareas menuareas_r2_c1_f3.gif
2006.11.20 08:52 B C:\Documents and Settings\User\Mis documentos\paginas web\nering\torre linda\torrelindafinal\areas\menuareas\menuareas_r3_c1.gif --> www.ggmdesign.com /public_html/proyectos/torrelinda/areas/menuareas menuareas_r3_c1.gif
2006.11.20 08:52 B C:\Documents and Settings\User\Mis documentos\paginas web\nering\torre linda\torrelindafinal\areas\menuareas\menuareas_r4_c1.gif --> www.ggmdesign.com /public_html/proyectos/torrelinda/areas/menuareas menuareas_r4_c1.gif
2006.11.20 08:52 B C:\Documents and Settings\User\Mis documentos\paginas web\nering\torre linda\torrelindafinal\areas\menuareas\menuareas_r4_c1_f2.gif --> www.ggmdesign.com /public_html/proyectos/torrelinda/areas/menuareas menuareas_r4_c1_f2.gif
2006.11.20 08:52 B C:\Documents and Settings\User\Mis documentos\paginas web\nering\torre linda\torrelindafinal\areas\menuareas\menuareas_r4_c1_f3.gif --> www.ggmdesign.com /public_html/proyectos/torrelinda/areas/menuareas menuareas_r4_c1_f3.gif
2006.11.20 08:52 B C:\Documents and Settings\User\Mis documentos\paginas web\nering\torre linda\torrelindafinal\areas\menuareas\menuareas_r5_c1.gif --> www.ggmdesign.com /public_html/proyectos/torrelinda/areas/menuareas menuareas_r5_c1.gif
2006.11.20 08:52 B C:\Documents and Settings\User\Mis documentos\paginas web\nering\torre linda\torrelindafinal\areas\menuareas\spacer.gif --> www.ggmdesign.com /public_html/proyectos/torrelinda/areas/menuareas spacer.gif
2006.12.14 11:46 B C:\Documents and Settings\User\Mis documentos\paginas web\nering\torre linda\torrelindafinal\areas\menuareas\menuareas.htm --> www.ggmdesign.com /public_html/proyectos/torrelindafinal/areas/menuareas menuareas.htm
2006.12.14 11:47 B C:\Documents and Settings\User\Mis documentos\paginas web\nering\torre linda\torrelindafinal\areas\menuareas\menuareas_r1_c1.gif --> www.ggmdesign.com /public_html/proyectos/torrelindafinal/areas/menuareas menuareas_r1_c1.gif
2006.12.14 11:47 B C:\Documents and Settings\User\Mis documentos\paginas web\nering\torre linda\torrelindafinal\areas\menuareas\menuareas_r2_c1.gif --> www.ggmdesign.com /public_html/proyectos/torrelindafinal/areas/menuareas menuareas_r2_c1.gif
2006.12.14 11:47 B C:\Documents and Settings\User\Mis documentos\paginas web\nering\torre linda\torrelindafinal\areas\menuareas\menuareas_r2_c1_f2.gif --> www.ggmdesign.com /public_html/proyectos/torrelindafinal/areas/menuareas menuareas_r2_c1_f2.gif
2006.12.14 11:47 B C:\Documents and Settings\User\Mis documentos\paginas web\nering\torre linda\torrelindafinal\areas\menuareas\menuareas_r2_c1_f3.gif --> www.ggmdesign.com /public_html/proyectos/torrelindafinal/areas/menuareas menuareas_r2_c1_f3.gif
2006.12.14 11:47 B C:\Documents and Settings\User\Mis documentos\paginas web\nering\torre linda\torrelindafinal\areas\menuareas\menuareas_r3_c1.gif --> www.ggmdesign.com /public_html/proyectos/torrelindafinal/areas/menuareas menuareas_r3_c1.gif
2006.12.14 11:47 B C:\Documents and Settings\User\Mis documentos\paginas web\nering\torre linda\torrelindafinal\areas\menuareas\menuareas_r4_c1.gif --> www.ggmdesign.com /public_html/proyectos/torrelindafinal/areas/menuareas menuareas_r4_c1.gif
2006.12.14 11:48 B C:\Documents and Settings\User\Mis documentos\paginas web\nering\torre linda\torrelindafinal\areas\menuareas\menuareas_r4_c1_f2.gif --> www.ggmdesign.com /public_html/proyectos/torrelindafinal/areas/menuareas menuareas_r4_c1_f2.gif
2006.12.14 11:48 B C:\Documents and Settings\User\Mis documentos\paginas web\nering\torre linda\torrelindafinal\areas\menuareas\menuareas_r4_c1_f3.gif --> www.ggmdesign.com /public_html/proyectos/torrelindafinal/areas/menuareas menuareas_r4_c1_f3.gif
2006.12.14 11:48 B C:\Documents and Settings\User\Mis documentos\paginas web\nering\torre linda\torrelindafinal\areas\menuareas\menuareas_r5_c1.gif --> www.ggmdesign.com /public_html/proyectos/torrelindafinal/areas/menuareas menuareas_r5_c1.gif
2006.12.14 11:48 B C:\Documents and Settings\User\Mis documentos\paginas web\nering\torre linda\torrelindafinal\areas\menuareas\spacer.gif --> www.ggmdesign.com /public_html/proyectos/torrelindafinal/areas/menuareas spacer.gif
2006.12.14 11:49 B C:\Documents and Settings\User\Mis documentos\paginas web\nering\torre linda\torrelindafinal\areas\menuareas\Thumbs.db --> www.ggmdesign.com /public_html/proyectos/torrelindafinal/areas/menuareas Thumbs.db
2006.12.14 11:49 B C:\Documents and Settings\User\Mis documentos\paginas web\nering\torre linda\torrelindafinal\areas\menuareas\WS_FTP.LOG --> www.ggmdesign.com /public_html/proyectos/torrelindafinal/areas/menuareas WS_FTP.LOG
2006.12.17 10:28 B C:\Documents and Settings\User\Mis documentos\paginas web\nering\torre linda\torrelindafinal\areas\menuareas\menuareas.htm --> www.nering.com.pe /public_html/areas/menuareas menuareas.htm
2006.12.17 10:28 B C:\Documents and Settings\User\Mis documentos\paginas web\nering\torre linda\torrelindafinal\areas\menuareas\menuareas_r1_c1.gif --> www.nering.com.pe /public_html/areas/menuareas menuareas_r1_c1.gif
2006.12.17 10:28 B C:\Documents and Settings\User\Mis documentos\paginas web\nering\torre linda\torrelindafinal\areas\menuareas\menuareas_r2_c1.gif --> www.nering.com.pe /public_html/areas/menuareas menuareas_r2_c1.gif
2006.12.17 10:28 B C:\Documents and Settings\User\Mis documentos\paginas web\nering\torre linda\torrelindafinal\areas\menuareas\menuareas_r2_c1_f2.gif --> www.nering.com.pe /public_html/areas/menuareas menuareas_r2_c1_f2.gif
2006.12.17 10:28 B C:\Documents and Settings\User\Mis documentos\paginas web\nering\torre linda\torrelindafinal\areas\menuareas\menuareas_r2_c1_f3.gif --> www.nering.com.pe /public_html/areas/menuareas menuareas_r2_c1_f3.gif
2006.12.17 10:28 B C:\Documents and Settings\User\Mis documentos\paginas web\nering\torre linda\torrelindafinal\areas\menuareas\menuareas_r3_c1.gif --> www.nering.com.pe /public_html/areas/menuareas menuareas_r3_c1.gif
2006.12.17 10:28 B C:\Documents and Settings\User\Mis documentos\paginas web\nering\torre linda\torrelindafinal\areas\menuareas\menuareas_r4_c1.gif --> www.nering.com.pe /public_html/areas/menuareas menuareas_r4_c1.gif
2006.12.17 10:28 B C:\Documents and Settings\User\Mis documentos\paginas web\nering\torre linda\torrelindafinal\areas\menuareas\menuareas_r4_c1_f2.gif --> www.nering.com.pe /public_html/areas/menuareas menuareas_r4_c1_f2.gif
2006.12.17 10:28 B C:\Documents and Settings\User\Mis documentos\paginas web\nering\torre linda\torrelindafinal\areas\menuareas\menuareas_r4_c1_f3.gif --> www.nering.com.pe /public_html/areas/menuareas menuareas_r4_c1_f3.gif
2006.12.17 10:28 B C:\Documents and Settings\User\Mis documentos\paginas web\nering\torre linda\torrelindafinal\areas\menuareas\menuareas_r5_c1.gif --> www.nering.com.pe /public_html/areas/menuareas menuareas_r5_c1.gif
2006.12.17 10:28 B C:\Documents and Settings\User\Mis documentos\paginas web\nering\torre linda\torrelindafinal\areas\menuareas\spacer.gif --> www.nering.com.pe /public_html/areas/menuareas spacer.gif
2006.12.17 10:28 B C:\Documents and Settings\User\Mis documentos\paginas web\nering\torre linda\torrelindafinal\areas\menuareas\Thumbs.db --> www.nering.com.pe /public_html/areas/menuareas Thumbs.db
2006.12.17 10:28 B C:\Documents and Settings\User\Mis documentos\paginas web\nering\torre linda\torrelindafinal\areas\menuareas\WS_FTP.LOG --> www.nering.com.pe /public_html/areas/menuareas WS_FTP.LOG
2007.06.19 09:41 B C:\Documents and Settings\Yanina\Mis documentos\PAGINAS WEB\torre linda\torrelindafinal07\areas\menuareas\menuareas.htm --> nering.com.pe /public_html/areas/menuareas menuareas.htm
2007.06.19 09:41 B C:\Documents and Settings\Yanina\Mis documentos\PAGINAS WEB\torre linda\torrelindafinal07\areas\menuareas\menuareas_r1_c1.gif --> nering.com.pe /public_html/areas/menuareas menuareas_r1_c1.gif
2007.06.19 09:41 B C:\Documents and Settings\Yanina\Mis documentos\PAGINAS WEB\torre linda\torrelindafinal07\areas\menuareas\menuareas_r2_c1.gif --> nering.com.pe /public_html/areas/menuareas menuareas_r2_c1.gif
2007.06.19 09:41 B C:\Documents and Settings\Yanina\Mis documentos\PAGINAS WEB\torre linda\torrelindafinal07\areas\menuareas\menuareas_r2_c1_f2.gif --> nering.com.pe /public_html/areas/menuareas menuareas_r2_c1_f2.gif
2007.06.19 09:41 B C:\Documents and Settings\Yanina\Mis documentos\PAGINAS WEB\torre linda\torrelindafinal07\areas\menuareas\menuareas_r2_c1_f3.gif --> nering.com.pe /public_html/areas/menuareas menuareas_r2_c1_f3.gif
2007.06.19 09:41 B C:\Documents and Settings\Yanina\Mis documentos\PAGINAS WEB\torre linda\torrelindafinal07\areas\menuareas\menuareas_r3_c1.gif --> nering.com.pe /public_html/areas/menuareas menuareas_r3_c1.gif
2007.06.19 09:41 B C:\Documents and Settings\Yanina\Mis documentos\PAGINAS WEB\torre linda\torrelindafinal07\areas\menuareas\menuareas_r4_c1.gif --> nering.com.pe /public_html/areas/menuareas menuareas_r4_c1.gif
2007.06.19 09:41 B C:\Documents and Settings\Yanina\Mis documentos\PAGINAS WEB\torre linda\torrelindafinal07\areas\menuareas\menuareas_r4_c1_f2.gif --> nering.com.pe /public_html/areas/menuareas menuareas_r4_c1_f2.gif
2007.06.19 09:41 B C:\Documents and Settings\Yanina\Mis documentos\PAGINAS WEB\torre linda\torrelindafinal07\areas\menuareas\menuareas_r4_c1_f3.gif --> nering.com.pe /public_html/areas/menuareas menuareas_r4_c1_f3.gif
2007.06.19 09:41 B C:\Documents and Settings\Yanina\Mis documentos\PAGINAS WEB\torre linda\torrelindafinal07\areas\menuareas\menuareas_r5_c1.gif --> nering.com.pe /public_html/areas/menuareas menuareas_r5_c1.gif
2007.06.19 09:41 B C:\Documents and Settings\Yanina\Mis documentos\PAGINAS WEB\torre linda\torrelindafinal07\areas\menuareas\spacer.gif --> nering.com.pe /public_html/areas/menuareas spacer.gif
2008.01.07 11:28 B C:\Documents and Settings\Yanina\Mis documentos\PAGINAS WEB\torre linda\torrelindafinal07\areas\menuareas\menuareas.htm --> www.nering.net /areas/menuareas menuareas.htm
2008.01.07 11:28 B C:\Documents and Settings\Yanina\Mis documentos\PAGINAS WEB\torre linda\torrelindafinal07\areas\menuareas\menuareas_r1_c1.gif --> www.nering.net /areas/menuareas menuareas_r1_c1.gif
2008.01.07 11:28 B C:\Documents and Settings\Yanina\Mis documentos\PAGINAS WEB\torre linda\torrelindafinal07\areas\menuareas\menuareas_r2_c1.gif --> www.nering.net /areas/menuareas menuareas_r2_c1.gif
2008.01.07 11:28 B C:\Documents and Settings\Yanina\Mis documentos\PAGINAS WEB\torre linda\torrelindafinal07\areas\menuareas\menuareas_r2_c1_f2.gif --> www.nering.net /areas/menuareas menuareas_r2_c1_f2.gif
2008.01.07 11:29 B C:\Documents and Settings\Yanina\Mis documentos\PAGINAS WEB\torre linda\torrelindafinal07\areas\menuareas\menuareas_r2_c1_f3.gif --> www.nering.net /areas/menuareas menuareas_r2_c1_f3.gif
2008.01.07 11:29 B C:\Documents and Settings\Yanina\Mis documentos\PAGINAS WEB\torre linda\torrelindafinal07\areas\menuareas\menuareas_r3_c1.gif --> www.nering.net /areas/menuareas menuareas_r3_c1.gif
2008.01.07 11:29 B C:\Documents and Settings\Yanina\Mis documentos\PAGINAS WEB\torre linda\torrelindafinal07\areas\menuareas\menuareas_r4_c1.gif --> www.nering.net /areas/menuareas menuareas_r4_c1.gif
2008.01.07 11:29 B C:\Documents and Settings\Yanina\Mis documentos\PAGINAS WEB\torre linda\torrelindafinal07\areas\menuareas\menuareas_r4_c1_f2.gif --> www.nering.net /areas/menuareas menuareas_r4_c1_f2.gif
2008.01.07 11:29 B C:\Documents and Settings\Yanina\Mis documentos\PAGINAS WEB\torre linda\torrelindafinal07\areas\menuareas\menuareas_r4_c1_f3.gif --> www.nering.net /areas/menuareas menuareas_r4_c1_f3.gif
2008.01.07 11:29 B C:\Documents and Settings\Yanina\Mis documentos\PAGINAS WEB\torre linda\torrelindafinal07\areas\menuareas\menuareas_r5_c1.gif --> www.nering.net /areas/menuareas menuareas_r5_c1.gif
2008.01.07 11:29 B C:\Documents and Settings\Yanina\Mis documentos\PAGINAS WEB\torre linda\torrelindafinal07\areas\menuareas\spacer.gif --> www.nering.net /areas/menuareas spacer.gif
2008.01.07 11:29 B C:\Documents and Settings\Yanina\Mis documentos\PAGINAS WEB\torre linda\torrelindafinal07\areas\menuareas\Thumbs.db --> www.nering.net /areas/menuareas Thumbs.db
