2007.05.09 19:43 B C:\Documents and Settings\User\Mis documentos\paginas web\torre linda\torrelindafinal07\depas\precios\menuprecios\_notes\menudepas_r1_c1.gif.mno --> www.nering.com.pe /public_html/depas/precios/menuprecios/_notes menudepas_r1_c1.gif.mno
2007.05.09 19:43 B C:\Documents and Settings\User\Mis documentos\paginas web\torre linda\torrelindafinal07\depas\precios\menuprecios\_notes\menudepas_r2_c1.gif.mno --> www.nering.com.pe /public_html/depas/precios/menuprecios/_notes menudepas_r2_c1.gif.mno
2007.05.09 19:43 B C:\Documents and Settings\User\Mis documentos\paginas web\torre linda\torrelindafinal07\depas\precios\menuprecios\_notes\menudepas_r2_c1_f2.gif.mno --> www.nering.com.pe /public_html/depas/precios/menuprecios/_notes menudepas_r2_c1_f2.gif.mno
2007.05.09 19:43 B C:\Documents and Settings\User\Mis documentos\paginas web\torre linda\torrelindafinal07\depas\precios\menuprecios\_notes\menudepas_r2_c1_f3.gif.mno --> www.nering.com.pe /public_html/depas/precios/menuprecios/_notes menudepas_r2_c1_f3.gif.mno
2007.05.09 19:43 B C:\Documents and Settings\User\Mis documentos\paginas web\torre linda\torrelindafinal07\depas\precios\menuprecios\_notes\menudepas_r3_c1.gif.mno --> www.nering.com.pe /public_html/depas/precios/menuprecios/_notes menudepas_r3_c1.gif.mno
2007.05.09 19:43 B C:\Documents and Settings\User\Mis documentos\paginas web\torre linda\torrelindafinal07\depas\precios\menuprecios\_notes\menudepas_r4_c1.gif.mno --> www.nering.com.pe /public_html/depas/precios/menuprecios/_notes menudepas_r4_c1.gif.mno
2007.05.09 19:43 B C:\Documents and Settings\User\Mis documentos\paginas web\torre linda\torrelindafinal07\depas\precios\menuprecios\_notes\menudepas_r4_c1_f2.gif.mno --> www.nering.com.pe /public_html/depas/precios/menuprecios/_notes menudepas_r4_c1_f2.gif.mno
2007.05.09 19:43 B C:\Documents and Settings\User\Mis documentos\paginas web\torre linda\torrelindafinal07\depas\precios\menuprecios\_notes\menudepas_r4_c1_f3.gif.mno --> www.nering.com.pe /public_html/depas/precios/menuprecios/_notes menudepas_r4_c1_f3.gif.mno
2007.05.09 19:43 B C:\Documents and Settings\User\Mis documentos\paginas web\torre linda\torrelindafinal07\depas\precios\menuprecios\_notes\menudepas_r5_c1.gif.mno --> www.nering.com.pe /public_html/depas/precios/menuprecios/_notes menudepas_r5_c1.gif.mno
2007.05.09 19:43 B C:\Documents and Settings\User\Mis documentos\paginas web\torre linda\torrelindafinal07\depas\precios\menuprecios\_notes\menudepas_r6_c1.gif.mno --> www.nering.com.pe /public_html/depas/precios/menuprecios/_notes menudepas_r6_c1.gif.mno
2007.05.09 19:43 B C:\Documents and Settings\User\Mis documentos\paginas web\torre linda\torrelindafinal07\depas\precios\menuprecios\_notes\menudepas_r6_c1_f2.gif.mno --> www.nering.com.pe /public_html/depas/precios/menuprecios/_notes menudepas_r6_c1_f2.gif.mno
2007.05.09 19:43 B C:\Documents and Settings\User\Mis documentos\paginas web\torre linda\torrelindafinal07\depas\precios\menuprecios\_notes\menudepas_r6_c1_f3.gif.mno --> www.nering.com.pe /public_html/depas/precios/menuprecios/_notes menudepas_r6_c1_f3.gif.mno
2007.05.09 19:43 B C:\Documents and Settings\User\Mis documentos\paginas web\torre linda\torrelindafinal07\depas\precios\menuprecios\_notes\menudepas_r7_c1.gif.mno --> www.nering.com.pe /public_html/depas/precios/menuprecios/_notes menudepas_r7_c1.gif.mno
2007.05.09 19:43 B C:\Documents and Settings\User\Mis documentos\paginas web\torre linda\torrelindafinal07\depas\precios\menuprecios\_notes\menuprecios_r1_c1.gif.mno --> www.nering.com.pe /public_html/depas/precios/menuprecios/_notes menuprecios_r1_c1.gif.mno
2007.05.09 19:43 B C:\Documents and Settings\User\Mis documentos\paginas web\torre linda\torrelindafinal07\depas\precios\menuprecios\_notes\menuprecios_r2_c1.gif.mno --> www.nering.com.pe /public_html/depas/precios/menuprecios/_notes menuprecios_r2_c1.gif.mno
2007.05.09 19:43 B C:\Documents and Settings\User\Mis documentos\paginas web\torre linda\torrelindafinal07\depas\precios\menuprecios\_notes\menuprecios_r2_c1_f2.gif.mno --> www.nering.com.pe /public_html/depas/precios/menuprecios/_notes menuprecios_r2_c1_f2.gif.mno
2007.05.09 19:43 B C:\Documents and Settings\User\Mis documentos\paginas web\torre linda\torrelindafinal07\depas\precios\menuprecios\_notes\menuprecios_r2_c1_f3.gif.mno --> www.nering.com.pe /public_html/depas/precios/menuprecios/_notes menuprecios_r2_c1_f3.gif.mno
2007.05.09 19:43 B C:\Documents and Settings\User\Mis documentos\paginas web\torre linda\torrelindafinal07\depas\precios\menuprecios\_notes\menuprecios_r3_c1.gif.mno --> www.nering.com.pe /public_html/depas/precios/menuprecios/_notes menuprecios_r3_c1.gif.mno
2007.05.09 19:43 B C:\Documents and Settings\User\Mis documentos\paginas web\torre linda\torrelindafinal07\depas\precios\menuprecios\_notes\menuprecios_r4_c1.gif.mno --> www.nering.com.pe /public_html/depas/precios/menuprecios/_notes menuprecios_r4_c1.gif.mno
2007.05.09 19:43 B C:\Documents and Settings\User\Mis documentos\paginas web\torre linda\torrelindafinal07\depas\precios\menuprecios\_notes\menuprecios_r4_c1_f2.gif.mno --> www.nering.com.pe /public_html/depas/precios/menuprecios/_notes menuprecios_r4_c1_f2.gif.mno
2007.05.09 19:43 B C:\Documents and Settings\User\Mis documentos\paginas web\torre linda\torrelindafinal07\depas\precios\menuprecios\_notes\menuprecios_r4_c1_f3.gif.mno --> www.nering.com.pe /public_html/depas/precios/menuprecios/_notes menuprecios_r4_c1_f3.gif.mno
2007.05.09 19:43 B C:\Documents and Settings\User\Mis documentos\paginas web\torre linda\torrelindafinal07\depas\precios\menuprecios\_notes\menuprecios_r5_c1.gif.mno --> www.nering.com.pe /public_html/depas/precios/menuprecios/_notes menuprecios_r5_c1.gif.mno
2007.05.09 19:43 B C:\Documents and Settings\User\Mis documentos\paginas web\torre linda\torrelindafinal07\depas\precios\menuprecios\_notes\menuprecios_r6_c1.gif.mno --> www.nering.com.pe /public_html/depas/precios/menuprecios/_notes menuprecios_r6_c1.gif.mno
2007.05.09 19:43 B C:\Documents and Settings\User\Mis documentos\paginas web\torre linda\torrelindafinal07\depas\precios\menuprecios\_notes\menuprecios_r6_c1_f2.gif.mno --> www.nering.com.pe /public_html/depas/precios/menuprecios/_notes menuprecios_r6_c1_f2.gif.mno
2007.05.09 19:43 B C:\Documents and Settings\User\Mis documentos\paginas web\torre linda\torrelindafinal07\depas\precios\menuprecios\_notes\menuprecios_r6_c1_f3.gif.mno --> www.nering.com.pe /public_html/depas/precios/menuprecios/_notes menuprecios_r6_c1_f3.gif.mno
2007.05.09 19:43 B C:\Documents and Settings\User\Mis documentos\paginas web\torre linda\torrelindafinal07\depas\precios\menuprecios\_notes\menuprecios_r7_c1.gif.mno --> www.nering.com.pe /public_html/depas/precios/menuprecios/_notes menuprecios_r7_c1.gif.mno
2008.01.07 11:42 B C:\Documents and Settings\Yanina\Mis documentos\PAGINAS WEB\torre linda\torrelindafinal07\depas\precios\menuprecios\_notes\menudepas_r1_c1.gif.mno --> www.nering.net /depas/precios/menuprecios/_notes menudepas_r1_c1.gif.mno
2008.01.07 11:42 B C:\Documents and Settings\Yanina\Mis documentos\PAGINAS WEB\torre linda\torrelindafinal07\depas\precios\menuprecios\_notes\menudepas_r2_c1.gif.mno --> www.nering.net /depas/precios/menuprecios/_notes menudepas_r2_c1.gif.mno
2008.01.07 11:42 B C:\Documents and Settings\Yanina\Mis documentos\PAGINAS WEB\torre linda\torrelindafinal07\depas\precios\menuprecios\_notes\menudepas_r2_c1_f2.gif.mno --> www.nering.net /depas/precios/menuprecios/_notes menudepas_r2_c1_f2.gif.mno
2008.01.07 11:42 B C:\Documents and Settings\Yanina\Mis documentos\PAGINAS WEB\torre linda\torrelindafinal07\depas\precios\menuprecios\_notes\menudepas_r2_c1_f3.gif.mno --> www.nering.net /depas/precios/menuprecios/_notes menudepas_r2_c1_f3.gif.mno
2008.01.07 11:42 B C:\Documents and Settings\Yanina\Mis documentos\PAGINAS WEB\torre linda\torrelindafinal07\depas\precios\menuprecios\_notes\menudepas_r3_c1.gif.mno --> www.nering.net /depas/precios/menuprecios/_notes menudepas_r3_c1.gif.mno
2008.01.07 11:42 B C:\Documents and Settings\Yanina\Mis documentos\PAGINAS WEB\torre linda\torrelindafinal07\depas\precios\menuprecios\_notes\menudepas_r4_c1.gif.mno --> www.nering.net /depas/precios/menuprecios/_notes menudepas_r4_c1.gif.mno
2008.01.07 11:42 B C:\Documents and Settings\Yanina\Mis documentos\PAGINAS WEB\torre linda\torrelindafinal07\depas\precios\menuprecios\_notes\menudepas_r4_c1_f2.gif.mno --> www.nering.net /depas/precios/menuprecios/_notes menudepas_r4_c1_f2.gif.mno
2008.01.07 11:42 B C:\Documents and Settings\Yanina\Mis documentos\PAGINAS WEB\torre linda\torrelindafinal07\depas\precios\menuprecios\_notes\menudepas_r4_c1_f3.gif.mno --> www.nering.net /depas/precios/menuprecios/_notes menudepas_r4_c1_f3.gif.mno
2008.01.07 11:42 B C:\Documents and Settings\Yanina\Mis documentos\PAGINAS WEB\torre linda\torrelindafinal07\depas\precios\menuprecios\_notes\menudepas_r5_c1.gif.mno --> www.nering.net /depas/precios/menuprecios/_notes menudepas_r5_c1.gif.mno
2008.01.07 11:42 B C:\Documents and Settings\Yanina\Mis documentos\PAGINAS WEB\torre linda\torrelindafinal07\depas\precios\menuprecios\_notes\menudepas_r6_c1.gif.mno --> www.nering.net /depas/precios/menuprecios/_notes menudepas_r6_c1.gif.mno
2008.01.07 11:42 B C:\Documents and Settings\Yanina\Mis documentos\PAGINAS WEB\torre linda\torrelindafinal07\depas\precios\menuprecios\_notes\menudepas_r6_c1_f2.gif.mno --> www.nering.net /depas/precios/menuprecios/_notes menudepas_r6_c1_f2.gif.mno
2008.01.07 11:42 B C:\Documents and Settings\Yanina\Mis documentos\PAGINAS WEB\torre linda\torrelindafinal07\depas\precios\menuprecios\_notes\menudepas_r6_c1_f3.gif.mno --> www.nering.net /depas/precios/menuprecios/_notes menudepas_r6_c1_f3.gif.mno
2008.01.07 11:42 B C:\Documents and Settings\Yanina\Mis documentos\PAGINAS WEB\torre linda\torrelindafinal07\depas\precios\menuprecios\_notes\menudepas_r7_c1.gif.mno --> www.nering.net /depas/precios/menuprecios/_notes menudepas_r7_c1.gif.mno
2008.01.07 11:42 B C:\Documents and Settings\Yanina\Mis documentos\PAGINAS WEB\torre linda\torrelindafinal07\depas\precios\menuprecios\_notes\menuprecios_r1_c1.gif.mno --> www.nering.net /depas/precios/menuprecios/_notes menuprecios_r1_c1.gif.mno
2008.01.07 11:42 B C:\Documents and Settings\Yanina\Mis documentos\PAGINAS WEB\torre linda\torrelindafinal07\depas\precios\menuprecios\_notes\menuprecios_r2_c1.gif.mno --> www.nering.net /depas/precios/menuprecios/_notes menuprecios_r2_c1.gif.mno
2008.01.07 11:42 B C:\Documents and Settings\Yanina\Mis documentos\PAGINAS WEB\torre linda\torrelindafinal07\depas\precios\menuprecios\_notes\menuprecios_r2_c1_f2.gif.mno --> www.nering.net /depas/precios/menuprecios/_notes menuprecios_r2_c1_f2.gif.mno
2008.01.07 11:42 B C:\Documents and Settings\Yanina\Mis documentos\PAGINAS WEB\torre linda\torrelindafinal07\depas\precios\menuprecios\_notes\menuprecios_r2_c1_f3.gif.mno --> www.nering.net /depas/precios/menuprecios/_notes menuprecios_r2_c1_f3.gif.mno
2008.01.07 11:42 B C:\Documents and Settings\Yanina\Mis documentos\PAGINAS WEB\torre linda\torrelindafinal07\depas\precios\menuprecios\_notes\menuprecios_r3_c1.gif.mno --> www.nering.net /depas/precios/menuprecios/_notes menuprecios_r3_c1.gif.mno
2008.01.07 11:42 B C:\Documents and Settings\Yanina\Mis documentos\PAGINAS WEB\torre linda\torrelindafinal07\depas\precios\menuprecios\_notes\menuprecios_r4_c1.gif.mno --> www.nering.net /depas/precios/menuprecios/_notes menuprecios_r4_c1.gif.mno
2008.01.07 11:42 B C:\Documents and Settings\Yanina\Mis documentos\PAGINAS WEB\torre linda\torrelindafinal07\depas\precios\menuprecios\_notes\menuprecios_r4_c1_f2.gif.mno --> www.nering.net /depas/precios/menuprecios/_notes menuprecios_r4_c1_f2.gif.mno
2008.01.07 11:42 B C:\Documents and Settings\Yanina\Mis documentos\PAGINAS WEB\torre linda\torrelindafinal07\depas\precios\menuprecios\_notes\menuprecios_r4_c1_f3.gif.mno --> www.nering.net /depas/precios/menuprecios/_notes menuprecios_r4_c1_f3.gif.mno
2008.01.07 11:42 B C:\Documents and Settings\Yanina\Mis documentos\PAGINAS WEB\torre linda\torrelindafinal07\depas\precios\menuprecios\_notes\menuprecios_r5_c1.gif.mno --> www.nering.net /depas/precios/menuprecios/_notes menuprecios_r5_c1.gif.mno
2008.01.07 11:42 B C:\Documents and Settings\Yanina\Mis documentos\PAGINAS WEB\torre linda\torrelindafinal07\depas\precios\menuprecios\_notes\menuprecios_r6_c1.gif.mno --> www.nering.net /depas/precios/menuprecios/_notes menuprecios_r6_c1.gif.mno
2008.01.07 11:43 B C:\Documents and Settings\Yanina\Mis documentos\PAGINAS WEB\torre linda\torrelindafinal07\depas\precios\menuprecios\_notes\menuprecios_r6_c1_f2.gif.mno --> www.nering.net /depas/precios/menuprecios/_notes menuprecios_r6_c1_f2.gif.mno
2008.01.07 11:43 B C:\Documents and Settings\Yanina\Mis documentos\PAGINAS WEB\torre linda\torrelindafinal07\depas\precios\menuprecios\_notes\menuprecios_r6_c1_f3.gif.mno --> www.nering.net /depas/precios/menuprecios/_notes menuprecios_r6_c1_f3.gif.mno
2008.01.07 11:43 B C:\Documents and Settings\Yanina\Mis documentos\PAGINAS WEB\torre linda\torrelindafinal07\depas\precios\menuprecios\_notes\menuprecios_r7_c1.gif.mno --> www.nering.net /depas/precios/menuprecios/_notes menuprecios_r7_c1.gif.mno
