2007.05.09 19:35 B C:\Documents and Settings\User\Mis documentos\paginas web\torre linda\torrelindafinal07\depas\modelos\america1.gif --> www.nering.com.pe /public_html/depas/modelos america1.gif
2007.05.09 19:35 B C:\Documents and Settings\User\Mis documentos\paginas web\torre linda\torrelindafinal07\depas\modelos\america1.htm --> www.nering.com.pe /public_html/depas/modelos america1.htm
2007.05.09 19:35 B C:\Documents and Settings\User\Mis documentos\paginas web\torre linda\torrelindafinal07\depas\modelos\america2.gif --> www.nering.com.pe /public_html/depas/modelos america2.gif
2007.05.09 19:35 B C:\Documents and Settings\User\Mis documentos\paginas web\torre linda\torrelindafinal07\depas\modelos\america2.htm --> www.nering.com.pe /public_html/depas/modelos america2.htm
2007.05.09 19:35 B C:\Documents and Settings\User\Mis documentos\paginas web\torre linda\torrelindafinal07\depas\modelos\asia.gif --> www.nering.com.pe /public_html/depas/modelos asia.gif
2007.05.09 19:35 B C:\Documents and Settings\User\Mis documentos\paginas web\torre linda\torrelindafinal07\depas\modelos\asia.htm --> www.nering.com.pe /public_html/depas/modelos asia.htm
2007.05.09 19:35 B C:\Documents and Settings\User\Mis documentos\paginas web\torre linda\torrelindafinal07\depas\modelos\europa.gif --> www.nering.com.pe /public_html/depas/modelos europa.gif
2007.05.09 19:36 B C:\Documents and Settings\User\Mis documentos\paginas web\torre linda\torrelindafinal07\depas\modelos\oceania.gif --> www.nering.com.pe /public_html/depas/modelos oceania.gif
2007.05.09 19:36 B C:\Documents and Settings\User\Mis documentos\paginas web\torre linda\torrelindafinal07\depas\modelos\oceania.htm --> www.nering.com.pe /public_html/depas/modelos oceania.htm
2007.05.09 19:36 B C:\Documents and Settings\User\Mis documentos\paginas web\torre linda\torrelindafinal07\depas\modelos\Thumbs.db --> www.nering.com.pe /public_html/depas/modelos Thumbs.db
2007.05.17 11:39 B C:\Documents and Settings\User\Mis documentos\paginas web\torre linda\torrelindafinal07\depas\modelos\america1.gif --> www.nering.com.pe /public_html/depas/modelos america1.gif
2007.05.17 11:39 B C:\Documents and Settings\User\Mis documentos\paginas web\torre linda\torrelindafinal07\depas\modelos\america1.htm --> www.nering.com.pe /public_html/depas/modelos america1.htm
2007.05.17 11:39 B C:\Documents and Settings\User\Mis documentos\paginas web\torre linda\torrelindafinal07\depas\modelos\america2.gif --> www.nering.com.pe /public_html/depas/modelos america2.gif
2007.05.17 11:39 B C:\Documents and Settings\User\Mis documentos\paginas web\torre linda\torrelindafinal07\depas\modelos\america2.htm --> www.nering.com.pe /public_html/depas/modelos america2.htm
2007.05.17 11:39 B C:\Documents and Settings\User\Mis documentos\paginas web\torre linda\torrelindafinal07\depas\modelos\asia.gif --> www.nering.com.pe /public_html/depas/modelos asia.gif
2007.05.17 11:39 B C:\Documents and Settings\User\Mis documentos\paginas web\torre linda\torrelindafinal07\depas\modelos\asia.htm --> www.nering.com.pe /public_html/depas/modelos asia.htm
2007.05.17 11:39 B C:\Documents and Settings\User\Mis documentos\paginas web\torre linda\torrelindafinal07\depas\modelos\europa.gif --> www.nering.com.pe /public_html/depas/modelos europa.gif
2007.05.17 11:39 B C:\Documents and Settings\User\Mis documentos\paginas web\torre linda\torrelindafinal07\depas\modelos\oceania.gif --> www.nering.com.pe /public_html/depas/modelos oceania.gif
2007.05.17 11:39 B C:\Documents and Settings\User\Mis documentos\paginas web\torre linda\torrelindafinal07\depas\modelos\oceania.htm --> www.nering.com.pe /public_html/depas/modelos oceania.htm
2008.01.07 11:36 B C:\Documents and Settings\Yanina\Mis documentos\PAGINAS WEB\torre linda\torrelindafinal07\depas\modelos\america1.gif --> www.nering.net /depas/modelos america1.gif
2008.01.07 11:36 B C:\Documents and Settings\Yanina\Mis documentos\PAGINAS WEB\torre linda\torrelindafinal07\depas\modelos\america1.htm --> www.nering.net /depas/modelos america1.htm
2008.01.07 11:36 B C:\Documents and Settings\Yanina\Mis documentos\PAGINAS WEB\torre linda\torrelindafinal07\depas\modelos\america2.gif --> www.nering.net /depas/modelos america2.gif
2008.01.07 11:36 B C:\Documents and Settings\Yanina\Mis documentos\PAGINAS WEB\torre linda\torrelindafinal07\depas\modelos\america2.htm --> www.nering.net /depas/modelos america2.htm
2008.01.07 11:36 B C:\Documents and Settings\Yanina\Mis documentos\PAGINAS WEB\torre linda\torrelindafinal07\depas\modelos\asia.gif --> www.nering.net /depas/modelos asia.gif
2008.01.07 11:36 B C:\Documents and Settings\Yanina\Mis documentos\PAGINAS WEB\torre linda\torrelindafinal07\depas\modelos\asia.htm --> www.nering.net /depas/modelos asia.htm
2008.01.07 11:37 B C:\Documents and Settings\Yanina\Mis documentos\PAGINAS WEB\torre linda\torrelindafinal07\depas\modelos\europa.gif --> www.nering.net /depas/modelos europa.gif
2008.01.07 11:37 B C:\Documents and Settings\Yanina\Mis documentos\PAGINAS WEB\torre linda\torrelindafinal07\depas\modelos\oceania.gif --> www.nering.net /depas/modelos oceania.gif
2008.01.07 11:37 B C:\Documents and Settings\Yanina\Mis documentos\PAGINAS WEB\torre linda\torrelindafinal07\depas\modelos\oceania.htm --> www.nering.net /depas/modelos oceania.htm
2008.01.07 11:37 B C:\Documents and Settings\Yanina\Mis documentos\PAGINAS WEB\torre linda\torrelindafinal07\depas\modelos\Thumbs.db --> www.nering.net /depas/modelos Thumbs.db
