2006.12.14 12:14 B C:\Documents and Settings\User\Mis documentos\paginas web\nering\torre linda\torrelindafinal\depas\departamentos\imagplantas\12-piso.gif --> www.ggmdesign.com /public_html/proyectos/torrelindafinal/depas/departamentos/imagplantas 12-piso.gif
2006.12.14 12:15 B C:\Documents and Settings\User\Mis documentos\paginas web\nering\torre linda\torrelindafinal\depas\departamentos\imagplantas\13-piso.gif --> www.ggmdesign.com /public_html/proyectos/torrelindafinal/depas/departamentos/imagplantas 13-piso.gif
2006.12.14 12:15 B C:\Documents and Settings\User\Mis documentos\paginas web\nering\torre linda\torrelindafinal\depas\departamentos\imagplantas\14-piso.gif --> www.ggmdesign.com /public_html/proyectos/torrelindafinal/depas/departamentos/imagplantas 14-piso.gif
2006.12.14 12:16 B C:\Documents and Settings\User\Mis documentos\paginas web\nering\torre linda\torrelindafinal\depas\departamentos\imagplantas\3-5-7-9-11.gif --> www.ggmdesign.com /public_html/proyectos/torrelindafinal/depas/departamentos/imagplantas 3-5-7-9-11.gif
2006.12.14 12:16 B C:\Documents and Settings\User\Mis documentos\paginas web\nering\torre linda\torrelindafinal\depas\departamentos\imagplantas\4-6-8-10.gif --> www.ggmdesign.com /public_html/proyectos/torrelindafinal/depas/departamentos/imagplantas 4-6-8-10.gif
2006.12.14 12:17 B C:\Documents and Settings\User\Mis documentos\paginas web\nering\torre linda\torrelindafinal\depas\departamentos\imagplantas\azotea.gif --> www.ggmdesign.com /public_html/proyectos/torrelindafinal/depas/departamentos/imagplantas azotea.gif
2006.12.14 12:17 B C:\Documents and Settings\User\Mis documentos\paginas web\nering\torre linda\torrelindafinal\depas\departamentos\imagplantas\primer-piso.gif --> www.ggmdesign.com /public_html/proyectos/torrelindafinal/depas/departamentos/imagplantas primer-piso.gif
2006.12.14 12:17 B C:\Documents and Settings\User\Mis documentos\paginas web\nering\torre linda\torrelindafinal\depas\departamentos\imagplantas\segundo-piso.gif --> www.ggmdesign.com /public_html/proyectos/torrelindafinal/depas/departamentos/imagplantas segundo-piso.gif
2006.12.14 12:18 B C:\Documents and Settings\User\Mis documentos\paginas web\nering\torre linda\torrelindafinal\depas\departamentos\imagplantas\sotano.gif --> www.ggmdesign.com /public_html/proyectos/torrelindafinal/depas/departamentos/imagplantas sotano.gif
2006.12.14 12:18 B C:\Documents and Settings\User\Mis documentos\paginas web\nering\torre linda\torrelindafinal\depas\departamentos\imagplantas\Thumbs.db --> www.ggmdesign.com /public_html/proyectos/torrelindafinal/depas/departamentos/imagplantas Thumbs.db
2006.12.17 10:36 B C:\Documents and Settings\User\Mis documentos\paginas web\nering\torre linda\torrelindafinal\depas\departamentos\imagplantas\12-piso.gif --> www.nering.com.pe /public_html/depas/departamentos/imagplantas 12-piso.gif
2006.12.17 10:36 B C:\Documents and Settings\User\Mis documentos\paginas web\nering\torre linda\torrelindafinal\depas\departamentos\imagplantas\13-piso.gif --> www.nering.com.pe /public_html/depas/departamentos/imagplantas 13-piso.gif
2006.12.17 10:36 B C:\Documents and Settings\User\Mis documentos\paginas web\nering\torre linda\torrelindafinal\depas\departamentos\imagplantas\14-piso.gif --> www.nering.com.pe /public_html/depas/departamentos/imagplantas 14-piso.gif
2006.12.17 10:37 B C:\Documents and Settings\User\Mis documentos\paginas web\nering\torre linda\torrelindafinal\depas\departamentos\imagplantas\3-5-7-9-11.gif --> www.nering.com.pe /public_html/depas/departamentos/imagplantas 3-5-7-9-11.gif
2006.12.17 10:37 B C:\Documents and Settings\User\Mis documentos\paginas web\nering\torre linda\torrelindafinal\depas\departamentos\imagplantas\4-6-8-10.gif --> www.nering.com.pe /public_html/depas/departamentos/imagplantas 4-6-8-10.gif
2006.12.17 10:37 B C:\Documents and Settings\User\Mis documentos\paginas web\nering\torre linda\torrelindafinal\depas\departamentos\imagplantas\azotea.gif --> www.nering.com.pe /public_html/depas/departamentos/imagplantas azotea.gif
2006.12.17 10:37 B C:\Documents and Settings\User\Mis documentos\paginas web\nering\torre linda\torrelindafinal\depas\departamentos\imagplantas\primer-piso.gif --> www.nering.com.pe /public_html/depas/departamentos/imagplantas primer-piso.gif
2006.12.17 10:37 B C:\Documents and Settings\User\Mis documentos\paginas web\nering\torre linda\torrelindafinal\depas\departamentos\imagplantas\segundo-piso.gif --> www.nering.com.pe /public_html/depas/departamentos/imagplantas segundo-piso.gif
2006.12.17 10:37 B C:\Documents and Settings\User\Mis documentos\paginas web\nering\torre linda\torrelindafinal\depas\departamentos\imagplantas\sotano.gif --> www.nering.com.pe /public_html/depas/departamentos/imagplantas sotano.gif
2006.12.17 10:37 B C:\Documents and Settings\User\Mis documentos\paginas web\nering\torre linda\torrelindafinal\depas\departamentos\imagplantas\Thumbs.db --> www.nering.com.pe /public_html/depas/departamentos/imagplantas Thumbs.db
2006.12.17 10:37 B C:\Documents and Settings\User\Mis documentos\paginas web\nering\torre linda\torrelindafinal\depas\departamentos\imagplantas\WS_FTP.LOG --> www.nering.com.pe /public_html/depas/departamentos/imagplantas WS_FTP.LOG
2007.05.09 19:39 B C:\Documents and Settings\User\Mis documentos\paginas web\torre linda\torrelindafinal07\depas\planos\imagplantas\12-piso.gif --> www.nering.com.pe /public_html/depas/planos/imagplantas 12-piso.gif
2007.05.09 19:39 B C:\Documents and Settings\User\Mis documentos\paginas web\torre linda\torrelindafinal07\depas\planos\imagplantas\13-piso.gif --> www.nering.com.pe /public_html/depas/planos/imagplantas 13-piso.gif
2007.05.09 19:39 B C:\Documents and Settings\User\Mis documentos\paginas web\torre linda\torrelindafinal07\depas\planos\imagplantas\14-piso.gif --> www.nering.com.pe /public_html/depas/planos/imagplantas 14-piso.gif
2007.05.09 19:39 B C:\Documents and Settings\User\Mis documentos\paginas web\torre linda\torrelindafinal07\depas\planos\imagplantas\3-5-7-9-11.gif --> www.nering.com.pe /public_html/depas/planos/imagplantas 3-5-7-9-11.gif
2007.05.09 19:40 B C:\Documents and Settings\User\Mis documentos\paginas web\torre linda\torrelindafinal07\depas\planos\imagplantas\4-6-8-10.gif --> www.nering.com.pe /public_html/depas/planos/imagplantas 4-6-8-10.gif
2007.05.09 19:40 B C:\Documents and Settings\User\Mis documentos\paginas web\torre linda\torrelindafinal07\depas\planos\imagplantas\azotea.gif --> www.nering.com.pe /public_html/depas/planos/imagplantas azotea.gif
2007.05.09 19:40 B C:\Documents and Settings\User\Mis documentos\paginas web\torre linda\torrelindafinal07\depas\planos\imagplantas\primer-piso.gif --> www.nering.com.pe /public_html/depas/planos/imagplantas primer-piso.gif
2007.05.09 19:40 B C:\Documents and Settings\User\Mis documentos\paginas web\torre linda\torrelindafinal07\depas\planos\imagplantas\segundo-piso.gif --> www.nering.com.pe /public_html/depas/planos/imagplantas segundo-piso.gif
2007.05.09 19:40 B C:\Documents and Settings\User\Mis documentos\paginas web\torre linda\torrelindafinal07\depas\planos\imagplantas\sotano.gif --> www.nering.com.pe /public_html/depas/planos/imagplantas sotano.gif
2007.05.09 19:40 B C:\Documents and Settings\User\Mis documentos\paginas web\torre linda\torrelindafinal07\depas\planos\imagplantas\Thumbs.db --> www.nering.com.pe /public_html/depas/planos/imagplantas Thumbs.db
2007.05.09 19:40 B C:\Documents and Settings\User\Mis documentos\paginas web\torre linda\torrelindafinal07\depas\planos\imagplantas\WS_FTP.LOG --> www.nering.com.pe /public_html/depas/planos/imagplantas WS_FTP.LOG
2008.01.07 11:39 B C:\Documents and Settings\Yanina\Mis documentos\PAGINAS WEB\torre linda\torrelindafinal07\depas\planos\imagplantas\12-piso.gif --> www.nering.net /depas/planos/imagplantas 12-piso.gif
2008.01.07 11:39 B C:\Documents and Settings\Yanina\Mis documentos\PAGINAS WEB\torre linda\torrelindafinal07\depas\planos\imagplantas\13-piso.gif --> www.nering.net /depas/planos/imagplantas 13-piso.gif
2008.01.07 11:39 B C:\Documents and Settings\Yanina\Mis documentos\PAGINAS WEB\torre linda\torrelindafinal07\depas\planos\imagplantas\14-piso.gif --> www.nering.net /depas/planos/imagplantas 14-piso.gif
2008.01.07 11:39 B C:\Documents and Settings\Yanina\Mis documentos\PAGINAS WEB\torre linda\torrelindafinal07\depas\planos\imagplantas\3-5-7-9-11.gif --> www.nering.net /depas/planos/imagplantas 3-5-7-9-11.gif
2008.01.07 11:39 B C:\Documents and Settings\Yanina\Mis documentos\PAGINAS WEB\torre linda\torrelindafinal07\depas\planos\imagplantas\4-6-8-10.gif --> www.nering.net /depas/planos/imagplantas 4-6-8-10.gif
2008.01.07 11:39 B C:\Documents and Settings\Yanina\Mis documentos\PAGINAS WEB\torre linda\torrelindafinal07\depas\planos\imagplantas\azotea.gif --> www.nering.net /depas/planos/imagplantas azotea.gif
2008.01.07 11:39 B C:\Documents and Settings\Yanina\Mis documentos\PAGINAS WEB\torre linda\torrelindafinal07\depas\planos\imagplantas\primer-piso.gif --> www.nering.net /depas/planos/imagplantas primer-piso.gif
2008.01.07 11:39 B C:\Documents and Settings\Yanina\Mis documentos\PAGINAS WEB\torre linda\torrelindafinal07\depas\planos\imagplantas\segundo-piso.gif --> www.nering.net /depas/planos/imagplantas segundo-piso.gif
2008.01.07 11:39 B C:\Documents and Settings\Yanina\Mis documentos\PAGINAS WEB\torre linda\torrelindafinal07\depas\planos\imagplantas\sotano.gif --> www.nering.net /depas/planos/imagplantas sotano.gif
2008.01.07 11:39 B C:\Documents and Settings\Yanina\Mis documentos\PAGINAS WEB\torre linda\torrelindafinal07\depas\planos\imagplantas\Thumbs.db --> www.nering.net /depas/planos/imagplantas Thumbs.db
