2006.12.14 12:09 B C:\Documents and Settings\User\Mis documentos\paginas web\nering\torre linda\torrelindafinal\depas\departamentos\detalle\impares\impar1.gif --> www.ggmdesign.com /public_html/proyectos/torrelindafinal/depas/departamentos/detalle/impares impar1.gif
2006.12.14 12:09 B C:\Documents and Settings\User\Mis documentos\paginas web\nering\torre linda\torrelindafinal\depas\departamentos\detalle\impares\impar1.htm --> www.ggmdesign.com /public_html/proyectos/torrelindafinal/depas/departamentos/detalle/impares impar1.htm
2006.12.14 12:09 B C:\Documents and Settings\User\Mis documentos\paginas web\nering\torre linda\torrelindafinal\depas\departamentos\detalle\impares\impar2aduplex.gif --> www.ggmdesign.com /public_html/proyectos/torrelindafinal/depas/departamentos/detalle/impares impar2aduplex.gif
2006.12.14 12:10 B C:\Documents and Settings\User\Mis documentos\paginas web\nering\torre linda\torrelindafinal\depas\departamentos\detalle\impares\impar2aduplex.htm --> www.ggmdesign.com /public_html/proyectos/torrelindafinal/depas/departamentos/detalle/impares impar2aduplex.htm
2006.12.14 12:10 B C:\Documents and Settings\User\Mis documentos\paginas web\nering\torre linda\torrelindafinal\depas\departamentos\detalle\impares\impar3.gif --> www.ggmdesign.com /public_html/proyectos/torrelindafinal/depas/departamentos/detalle/impares impar3.gif
2006.12.14 12:10 B C:\Documents and Settings\User\Mis documentos\paginas web\nering\torre linda\torrelindafinal\depas\departamentos\detalle\impares\impar3.htm --> www.ggmdesign.com /public_html/proyectos/torrelindafinal/depas/departamentos/detalle/impares impar3.htm
2006.12.14 12:11 B C:\Documents and Settings\User\Mis documentos\paginas web\nering\torre linda\torrelindafinal\depas\departamentos\detalle\impares\impar4.gif --> www.ggmdesign.com /public_html/proyectos/torrelindafinal/depas/departamentos/detalle/impares impar4.gif
2006.12.14 12:11 B C:\Documents and Settings\User\Mis documentos\paginas web\nering\torre linda\torrelindafinal\depas\departamentos\detalle\impares\impar4.htm --> www.ggmdesign.com /public_html/proyectos/torrelindafinal/depas/departamentos/detalle/impares impar4.htm
2006.12.17 10:34 B C:\Documents and Settings\User\Mis documentos\paginas web\nering\torre linda\torrelindafinal\depas\departamentos\detalle\impares\impar1.gif --> www.nering.com.pe /public_html/depas/departamentos/detalle/impares impar1.gif
2006.12.17 10:34 B C:\Documents and Settings\User\Mis documentos\paginas web\nering\torre linda\torrelindafinal\depas\departamentos\detalle\impares\impar1.htm --> www.nering.com.pe /public_html/depas/departamentos/detalle/impares impar1.htm
2006.12.17 10:35 B C:\Documents and Settings\User\Mis documentos\paginas web\nering\torre linda\torrelindafinal\depas\departamentos\detalle\impares\impar2aduplex.gif --> www.nering.com.pe /public_html/depas/departamentos/detalle/impares impar2aduplex.gif
2006.12.17 10:35 B C:\Documents and Settings\User\Mis documentos\paginas web\nering\torre linda\torrelindafinal\depas\departamentos\detalle\impares\impar2aduplex.htm --> www.nering.com.pe /public_html/depas/departamentos/detalle/impares impar2aduplex.htm
2006.12.17 10:35 B C:\Documents and Settings\User\Mis documentos\paginas web\nering\torre linda\torrelindafinal\depas\departamentos\detalle\impares\impar3.gif --> www.nering.com.pe /public_html/depas/departamentos/detalle/impares impar3.gif
2006.12.17 10:35 B C:\Documents and Settings\User\Mis documentos\paginas web\nering\torre linda\torrelindafinal\depas\departamentos\detalle\impares\impar3.htm --> www.nering.com.pe /public_html/depas/departamentos/detalle/impares impar3.htm
2006.12.17 10:35 B C:\Documents and Settings\User\Mis documentos\paginas web\nering\torre linda\torrelindafinal\depas\departamentos\detalle\impares\impar4.gif --> www.nering.com.pe /public_html/depas/departamentos/detalle/impares impar4.gif
2006.12.17 10:35 B C:\Documents and Settings\User\Mis documentos\paginas web\nering\torre linda\torrelindafinal\depas\departamentos\detalle\impares\impar4.htm --> www.nering.com.pe /public_html/depas/departamentos/detalle/impares impar4.htm
2006.12.17 10:35 B C:\Documents and Settings\User\Mis documentos\paginas web\nering\torre linda\torrelindafinal\depas\departamentos\detalle\impares\WS_FTP.LOG --> www.nering.com.pe /public_html/depas/departamentos/detalle/impares WS_FTP.LOG
2007.05.09 19:38 B C:\Documents and Settings\User\Mis documentos\paginas web\torre linda\torrelindafinal07\depas\planos\detalle\impares\impar1.gif --> www.nering.com.pe /public_html/depas/planos/detalle/impares impar1.gif
2007.05.09 19:38 B C:\Documents and Settings\User\Mis documentos\paginas web\torre linda\torrelindafinal07\depas\planos\detalle\impares\impar1.htm --> www.nering.com.pe /public_html/depas/planos/detalle/impares impar1.htm
2007.05.09 19:39 B C:\Documents and Settings\User\Mis documentos\paginas web\torre linda\torrelindafinal07\depas\planos\detalle\impares\impar2aduplex.gif --> www.nering.com.pe /public_html/depas/planos/detalle/impares impar2aduplex.gif
2007.05.09 19:39 B C:\Documents and Settings\User\Mis documentos\paginas web\torre linda\torrelindafinal07\depas\planos\detalle\impares\impar2aduplex.htm --> www.nering.com.pe /public_html/depas/planos/detalle/impares impar2aduplex.htm
2007.05.09 19:39 B C:\Documents and Settings\User\Mis documentos\paginas web\torre linda\torrelindafinal07\depas\planos\detalle\impares\impar3.gif --> www.nering.com.pe /public_html/depas/planos/detalle/impares impar3.gif
2007.05.09 19:39 B C:\Documents and Settings\User\Mis documentos\paginas web\torre linda\torrelindafinal07\depas\planos\detalle\impares\impar3.htm --> www.nering.com.pe /public_html/depas/planos/detalle/impares impar3.htm
2007.05.09 19:39 B C:\Documents and Settings\User\Mis documentos\paginas web\torre linda\torrelindafinal07\depas\planos\detalle\impares\impar4.gif --> www.nering.com.pe /public_html/depas/planos/detalle/impares impar4.gif
2007.05.09 19:39 B C:\Documents and Settings\User\Mis documentos\paginas web\torre linda\torrelindafinal07\depas\planos\detalle\impares\impar4.htm --> www.nering.com.pe /public_html/depas/planos/detalle/impares impar4.htm
2007.05.09 19:39 B C:\Documents and Settings\User\Mis documentos\paginas web\torre linda\torrelindafinal07\depas\planos\detalle\impares\Thumbs.db --> www.nering.com.pe /public_html/depas/planos/detalle/impares Thumbs.db
2007.05.09 19:39 B C:\Documents and Settings\User\Mis documentos\paginas web\torre linda\torrelindafinal07\depas\planos\detalle\impares\WS_FTP.LOG --> www.nering.com.pe /public_html/depas/planos/detalle/impares WS_FTP.LOG
2007.05.17 11:02 B C:\Documents and Settings\User\Mis documentos\paginas web\torre linda\torrelindafinal07\depas\planos\detalle\impares\impar1.gif --> www.nering.com.pe /public_html/depas/planos/detalle/impares impar1.gif
2007.05.17 11:02 B C:\Documents and Settings\User\Mis documentos\paginas web\torre linda\torrelindafinal07\depas\planos\detalle\impares\impar1.htm --> www.nering.com.pe /public_html/depas/planos/detalle/impares impar1.htm
2007.05.17 11:02 B C:\Documents and Settings\User\Mis documentos\paginas web\torre linda\torrelindafinal07\depas\planos\detalle\impares\impar2aduplex.gif --> www.nering.com.pe /public_html/depas/planos/detalle/impares impar2aduplex.gif
2007.05.17 11:02 B C:\Documents and Settings\User\Mis documentos\paginas web\torre linda\torrelindafinal07\depas\planos\detalle\impares\impar2aduplex.htm --> www.nering.com.pe /public_html/depas/planos/detalle/impares impar2aduplex.htm
2007.05.17 11:02 B C:\Documents and Settings\User\Mis documentos\paginas web\torre linda\torrelindafinal07\depas\planos\detalle\impares\impar3.gif --> www.nering.com.pe /public_html/depas/planos/detalle/impares impar3.gif
2007.05.17 11:02 B C:\Documents and Settings\User\Mis documentos\paginas web\torre linda\torrelindafinal07\depas\planos\detalle\impares\impar3.htm --> www.nering.com.pe /public_html/depas/planos/detalle/impares impar3.htm
2007.05.17 11:02 B C:\Documents and Settings\User\Mis documentos\paginas web\torre linda\torrelindafinal07\depas\planos\detalle\impares\impar4.gif --> www.nering.com.pe /public_html/depas/planos/detalle/impares impar4.gif
2007.05.17 11:02 B C:\Documents and Settings\User\Mis documentos\paginas web\torre linda\torrelindafinal07\depas\planos\detalle\impares\impar4.htm --> www.nering.com.pe /public_html/depas/planos/detalle/impares impar4.htm
2008.01.07 11:38 B C:\Documents and Settings\Yanina\Mis documentos\PAGINAS WEB\torre linda\torrelindafinal07\depas\planos\detalle\impares\impar1.gif --> www.nering.net /depas/planos/detalle/impares impar1.gif
2008.01.07 11:38 B C:\Documents and Settings\Yanina\Mis documentos\PAGINAS WEB\torre linda\torrelindafinal07\depas\planos\detalle\impares\impar1.htm --> www.nering.net /depas/planos/detalle/impares impar1.htm
2008.01.07 11:38 B C:\Documents and Settings\Yanina\Mis documentos\PAGINAS WEB\torre linda\torrelindafinal07\depas\planos\detalle\impares\impar2aduplex.gif --> www.nering.net /depas/planos/detalle/impares impar2aduplex.gif
2008.01.07 11:38 B C:\Documents and Settings\Yanina\Mis documentos\PAGINAS WEB\torre linda\torrelindafinal07\depas\planos\detalle\impares\impar2aduplex.htm --> www.nering.net /depas/planos/detalle/impares impar2aduplex.htm
2008.01.07 11:38 B C:\Documents and Settings\Yanina\Mis documentos\PAGINAS WEB\torre linda\torrelindafinal07\depas\planos\detalle\impares\impar3.gif --> www.nering.net /depas/planos/detalle/impares impar3.gif
2008.01.07 11:38 B C:\Documents and Settings\Yanina\Mis documentos\PAGINAS WEB\torre linda\torrelindafinal07\depas\planos\detalle\impares\impar3.htm --> www.nering.net /depas/planos/detalle/impares impar3.htm
2008.01.07 11:38 B C:\Documents and Settings\Yanina\Mis documentos\PAGINAS WEB\torre linda\torrelindafinal07\depas\planos\detalle\impares\impar4.gif --> www.nering.net /depas/planos/detalle/impares impar4.gif
2008.01.07 11:39 B C:\Documents and Settings\Yanina\Mis documentos\PAGINAS WEB\torre linda\torrelindafinal07\depas\planos\detalle\impares\impar4.htm --> www.nering.net /depas/planos/detalle/impares impar4.htm
2008.01.07 11:39 B C:\Documents and Settings\Yanina\Mis documentos\PAGINAS WEB\torre linda\torrelindafinal07\depas\planos\detalle\impares\Thumbs.db --> www.nering.net /depas/planos/detalle/impares Thumbs.db
