2006.11.20 08:50 B C:\Documents and Settings\User\Mis documentos\paginas web\nering\torre linda\torrelindafinal\tecnicas\menutecnica\_notes\menutecnicas_r1_c1.gif.mno --> www.ggmdesign.com /public_html/proyectos/torrelinda/tecnicas/menutecnica/_notes menutecnicas_r1_c1.gif.mno
2006.11.20 08:50 B C:\Documents and Settings\User\Mis documentos\paginas web\nering\torre linda\torrelindafinal\tecnicas\menutecnica\_notes\menutecnicas_r2_c1.gif.mno --> www.ggmdesign.com /public_html/proyectos/torrelinda/tecnicas/menutecnica/_notes menutecnicas_r2_c1.gif.mno
2006.11.20 08:50 B C:\Documents and Settings\User\Mis documentos\paginas web\nering\torre linda\torrelindafinal\tecnicas\menutecnica\_notes\menutecnicas_r2_c1_f2.gif.mno --> www.ggmdesign.com /public_html/proyectos/torrelinda/tecnicas/menutecnica/_notes menutecnicas_r2_c1_f2.gif.mno
2006.11.20 08:50 B C:\Documents and Settings\User\Mis documentos\paginas web\nering\torre linda\torrelindafinal\tecnicas\menutecnica\_notes\menutecnicas_r2_c1_f3.gif.mno --> www.ggmdesign.com /public_html/proyectos/torrelinda/tecnicas/menutecnica/_notes menutecnicas_r2_c1_f3.gif.mno
2006.11.20 08:50 B C:\Documents and Settings\User\Mis documentos\paginas web\nering\torre linda\torrelindafinal\tecnicas\menutecnica\_notes\menutecnicas_r3_c1.gif.mno --> www.ggmdesign.com /public_html/proyectos/torrelinda/tecnicas/menutecnica/_notes menutecnicas_r3_c1.gif.mno
2006.11.20 08:50 B C:\Documents and Settings\User\Mis documentos\paginas web\nering\torre linda\torrelindafinal\tecnicas\menutecnica\_notes\menutecnicas_r4_c1.gif.mno --> www.ggmdesign.com /public_html/proyectos/torrelinda/tecnicas/menutecnica/_notes menutecnicas_r4_c1.gif.mno
2006.11.20 08:50 B C:\Documents and Settings\User\Mis documentos\paginas web\nering\torre linda\torrelindafinal\tecnicas\menutecnica\_notes\menutecnicas_r4_c1_f2.gif.mno --> www.ggmdesign.com /public_html/proyectos/torrelinda/tecnicas/menutecnica/_notes menutecnicas_r4_c1_f2.gif.mno
2006.11.20 08:50 B C:\Documents and Settings\User\Mis documentos\paginas web\nering\torre linda\torrelindafinal\tecnicas\menutecnica\_notes\menutecnicas_r4_c1_f3.gif.mno --> www.ggmdesign.com /public_html/proyectos/torrelinda/tecnicas/menutecnica/_notes menutecnicas_r4_c1_f3.gif.mno
2006.11.20 08:50 B C:\Documents and Settings\User\Mis documentos\paginas web\nering\torre linda\torrelindafinal\tecnicas\menutecnica\_notes\menutecnicas_r5_c1.gif.mno --> www.ggmdesign.com /public_html/proyectos/torrelinda/tecnicas/menutecnica/_notes menutecnicas_r5_c1.gif.mno
2006.11.20 08:50 B C:\Documents and Settings\User\Mis documentos\paginas web\nering\torre linda\torrelindafinal\tecnicas\menutecnica\_notes\menutecnicas_r6_c1.gif.mno --> www.ggmdesign.com /public_html/proyectos/torrelinda/tecnicas/menutecnica/_notes menutecnicas_r6_c1.gif.mno
2006.11.20 08:50 B C:\Documents and Settings\User\Mis documentos\paginas web\nering\torre linda\torrelindafinal\tecnicas\menutecnica\_notes\menutecnicas_r6_c1_f2.gif.mno --> www.ggmdesign.com /public_html/proyectos/torrelinda/tecnicas/menutecnica/_notes menutecnicas_r6_c1_f2.gif.mno
2006.11.20 08:50 B C:\Documents and Settings\User\Mis documentos\paginas web\nering\torre linda\torrelindafinal\tecnicas\menutecnica\_notes\menutecnicas_r6_c1_f3.gif.mno --> www.ggmdesign.com /public_html/proyectos/torrelinda/tecnicas/menutecnica/_notes menutecnicas_r6_c1_f3.gif.mno
2006.11.20 08:50 B C:\Documents and Settings\User\Mis documentos\paginas web\nering\torre linda\torrelindafinal\tecnicas\menutecnica\_notes\menutecnicas_r7_c1.gif.mno --> www.ggmdesign.com /public_html/proyectos/torrelinda/tecnicas/menutecnica/_notes menutecnicas_r7_c1.gif.mno
2006.11.20 08:50 B C:\Documents and Settings\User\Mis documentos\paginas web\nering\torre linda\torrelindafinal\tecnicas\menutecnica\_notes\menutecnicas_r8_c1.gif.mno --> www.ggmdesign.com /public_html/proyectos/torrelinda/tecnicas/menutecnica/_notes menutecnicas_r8_c1.gif.mno
2006.11.20 08:50 B C:\Documents and Settings\User\Mis documentos\paginas web\nering\torre linda\torrelindafinal\tecnicas\menutecnica\_notes\menutecnicas_r8_c1_f2.gif.mno --> www.ggmdesign.com /public_html/proyectos/torrelinda/tecnicas/menutecnica/_notes menutecnicas_r8_c1_f2.gif.mno
2006.11.20 08:50 B C:\Documents and Settings\User\Mis documentos\paginas web\nering\torre linda\torrelindafinal\tecnicas\menutecnica\_notes\menutecnicas_r8_c1_f3.gif.mno --> www.ggmdesign.com /public_html/proyectos/torrelinda/tecnicas/menutecnica/_notes menutecnicas_r8_c1_f3.gif.mno
2006.11.20 08:50 B C:\Documents and Settings\User\Mis documentos\paginas web\nering\torre linda\torrelindafinal\tecnicas\menutecnica\_notes\menutecnicas_r9_c1.gif.mno --> www.ggmdesign.com /public_html/proyectos/torrelinda/tecnicas/menutecnica/_notes menutecnicas_r9_c1.gif.mno
2006.12.14 13:27 B C:\Documents and Settings\User\Mis documentos\paginas web\nering\torre linda\torrelindafinal\tecnicas\menutecnica\_notes\menutecnicas_r1_c1.gif.mno --> www.ggmdesign.com /public_html/proyectos/torrelindafinal/tecnicas/menutecnica/_notes menutecnicas_r1_c1.gif.mno
2006.12.14 13:27 B C:\Documents and Settings\User\Mis documentos\paginas web\nering\torre linda\torrelindafinal\tecnicas\menutecnica\_notes\menutecnicas_r2_c1.gif.mno --> www.ggmdesign.com /public_html/proyectos/torrelindafinal/tecnicas/menutecnica/_notes menutecnicas_r2_c1.gif.mno
2006.12.14 13:27 B C:\Documents and Settings\User\Mis documentos\paginas web\nering\torre linda\torrelindafinal\tecnicas\menutecnica\_notes\menutecnicas_r2_c1_f2.gif.mno --> www.ggmdesign.com /public_html/proyectos/torrelindafinal/tecnicas/menutecnica/_notes menutecnicas_r2_c1_f2.gif.mno
2006.12.14 13:27 B C:\Documents and Settings\User\Mis documentos\paginas web\nering\torre linda\torrelindafinal\tecnicas\menutecnica\_notes\menutecnicas_r2_c1_f3.gif.mno --> www.ggmdesign.com /public_html/proyectos/torrelindafinal/tecnicas/menutecnica/_notes menutecnicas_r2_c1_f3.gif.mno
2006.12.14 13:28 B C:\Documents and Settings\User\Mis documentos\paginas web\nering\torre linda\torrelindafinal\tecnicas\menutecnica\_notes\menutecnicas_r3_c1.gif.mno --> www.ggmdesign.com /public_html/proyectos/torrelindafinal/tecnicas/menutecnica/_notes menutecnicas_r3_c1.gif.mno
2006.12.14 13:28 B C:\Documents and Settings\User\Mis documentos\paginas web\nering\torre linda\torrelindafinal\tecnicas\menutecnica\_notes\menutecnicas_r4_c1.gif.mno --> www.ggmdesign.com /public_html/proyectos/torrelindafinal/tecnicas/menutecnica/_notes menutecnicas_r4_c1.gif.mno
2006.12.14 13:28 B C:\Documents and Settings\User\Mis documentos\paginas web\nering\torre linda\torrelindafinal\tecnicas\menutecnica\_notes\menutecnicas_r4_c1_f2.gif.mno --> www.ggmdesign.com /public_html/proyectos/torrelindafinal/tecnicas/menutecnica/_notes menutecnicas_r4_c1_f2.gif.mno
2006.12.14 13:28 B C:\Documents and Settings\User\Mis documentos\paginas web\nering\torre linda\torrelindafinal\tecnicas\menutecnica\_notes\menutecnicas_r4_c1_f3.gif.mno --> www.ggmdesign.com /public_html/proyectos/torrelindafinal/tecnicas/menutecnica/_notes menutecnicas_r4_c1_f3.gif.mno
2006.12.14 13:28 B C:\Documents and Settings\User\Mis documentos\paginas web\nering\torre linda\torrelindafinal\tecnicas\menutecnica\_notes\menutecnicas_r5_c1.gif.mno --> www.ggmdesign.com /public_html/proyectos/torrelindafinal/tecnicas/menutecnica/_notes menutecnicas_r5_c1.gif.mno
2006.12.14 13:28 B C:\Documents and Settings\User\Mis documentos\paginas web\nering\torre linda\torrelindafinal\tecnicas\menutecnica\_notes\menutecnicas_r6_c1.gif.mno --> www.ggmdesign.com /public_html/proyectos/torrelindafinal/tecnicas/menutecnica/_notes menutecnicas_r6_c1.gif.mno
2006.12.14 13:28 B C:\Documents and Settings\User\Mis documentos\paginas web\nering\torre linda\torrelindafinal\tecnicas\menutecnica\_notes\menutecnicas_r6_c1_f2.gif.mno --> www.ggmdesign.com /public_html/proyectos/torrelindafinal/tecnicas/menutecnica/_notes menutecnicas_r6_c1_f2.gif.mno
2006.12.14 13:28 B C:\Documents and Settings\User\Mis documentos\paginas web\nering\torre linda\torrelindafinal\tecnicas\menutecnica\_notes\menutecnicas_r6_c1_f3.gif.mno --> www.ggmdesign.com /public_html/proyectos/torrelindafinal/tecnicas/menutecnica/_notes menutecnicas_r6_c1_f3.gif.mno
2006.12.14 13:28 B C:\Documents and Settings\User\Mis documentos\paginas web\nering\torre linda\torrelindafinal\tecnicas\menutecnica\_notes\menutecnicas_r7_c1.gif.mno --> www.ggmdesign.com /public_html/proyectos/torrelindafinal/tecnicas/menutecnica/_notes menutecnicas_r7_c1.gif.mno
2006.12.14 13:28 B C:\Documents and Settings\User\Mis documentos\paginas web\nering\torre linda\torrelindafinal\tecnicas\menutecnica\_notes\menutecnicas_r8_c1.gif.mno --> www.ggmdesign.com /public_html/proyectos/torrelindafinal/tecnicas/menutecnica/_notes menutecnicas_r8_c1.gif.mno
2006.12.14 13:28 B C:\Documents and Settings\User\Mis documentos\paginas web\nering\torre linda\torrelindafinal\tecnicas\menutecnica\_notes\menutecnicas_r8_c1_f2.gif.mno --> www.ggmdesign.com /public_html/proyectos/torrelindafinal/tecnicas/menutecnica/_notes menutecnicas_r8_c1_f2.gif.mno
2006.12.14 13:28 B C:\Documents and Settings\User\Mis documentos\paginas web\nering\torre linda\torrelindafinal\tecnicas\menutecnica\_notes\menutecnicas_r8_c1_f3.gif.mno --> www.ggmdesign.com /public_html/proyectos/torrelindafinal/tecnicas/menutecnica/_notes menutecnicas_r8_c1_f3.gif.mno
2006.12.14 13:28 B C:\Documents and Settings\User\Mis documentos\paginas web\nering\torre linda\torrelindafinal\tecnicas\menutecnica\_notes\menutecnicas_r9_c1.gif.mno --> www.ggmdesign.com /public_html/proyectos/torrelindafinal/tecnicas/menutecnica/_notes menutecnicas_r9_c1.gif.mno
2006.12.14 13:28 B C:\Documents and Settings\User\Mis documentos\paginas web\nering\torre linda\torrelindafinal\tecnicas\menutecnica\_notes\WS_FTP.LOG --> www.ggmdesign.com /public_html/proyectos/torrelindafinal/tecnicas/menutecnica/_notes WS_FTP.LOG
2006.12.17 10:51 B C:\Documents and Settings\User\Mis documentos\paginas web\nering\torre linda\torrelindafinal\tecnicas\menutecnica\_notes\menutecnicas_r1_c1.gif.mno --> www.nering.com.pe /public_html/tecnicas/menutecnica/_notes menutecnicas_r1_c1.gif.mno
2006.12.17 10:51 B C:\Documents and Settings\User\Mis documentos\paginas web\nering\torre linda\torrelindafinal\tecnicas\menutecnica\_notes\menutecnicas_r2_c1.gif.mno --> www.nering.com.pe /public_html/tecnicas/menutecnica/_notes menutecnicas_r2_c1.gif.mno
2006.12.17 10:51 B C:\Documents and Settings\User\Mis documentos\paginas web\nering\torre linda\torrelindafinal\tecnicas\menutecnica\_notes\menutecnicas_r2_c1_f2.gif.mno --> www.nering.com.pe /public_html/tecnicas/menutecnica/_notes menutecnicas_r2_c1_f2.gif.mno
2006.12.17 10:51 B C:\Documents and Settings\User\Mis documentos\paginas web\nering\torre linda\torrelindafinal\tecnicas\menutecnica\_notes\menutecnicas_r2_c1_f3.gif.mno --> www.nering.com.pe /public_html/tecnicas/menutecnica/_notes menutecnicas_r2_c1_f3.gif.mno
2006.12.17 10:51 B C:\Documents and Settings\User\Mis documentos\paginas web\nering\torre linda\torrelindafinal\tecnicas\menutecnica\_notes\menutecnicas_r3_c1.gif.mno --> www.nering.com.pe /public_html/tecnicas/menutecnica/_notes menutecnicas_r3_c1.gif.mno
2006.12.17 10:51 B C:\Documents and Settings\User\Mis documentos\paginas web\nering\torre linda\torrelindafinal\tecnicas\menutecnica\_notes\menutecnicas_r4_c1.gif.mno --> www.nering.com.pe /public_html/tecnicas/menutecnica/_notes menutecnicas_r4_c1.gif.mno
2006.12.17 10:51 B C:\Documents and Settings\User\Mis documentos\paginas web\nering\torre linda\torrelindafinal\tecnicas\menutecnica\_notes\menutecnicas_r4_c1_f2.gif.mno --> www.nering.com.pe /public_html/tecnicas/menutecnica/_notes menutecnicas_r4_c1_f2.gif.mno
2006.12.17 10:51 B C:\Documents and Settings\User\Mis documentos\paginas web\nering\torre linda\torrelindafinal\tecnicas\menutecnica\_notes\menutecnicas_r4_c1_f3.gif.mno --> www.nering.com.pe /public_html/tecnicas/menutecnica/_notes menutecnicas_r4_c1_f3.gif.mno
2006.12.17 10:51 B C:\Documents and Settings\User\Mis documentos\paginas web\nering\torre linda\torrelindafinal\tecnicas\menutecnica\_notes\menutecnicas_r5_c1.gif.mno --> www.nering.com.pe /public_html/tecnicas/menutecnica/_notes menutecnicas_r5_c1.gif.mno
2006.12.17 10:51 B C:\Documents and Settings\User\Mis documentos\paginas web\nering\torre linda\torrelindafinal\tecnicas\menutecnica\_notes\menutecnicas_r6_c1.gif.mno --> www.nering.com.pe /public_html/tecnicas/menutecnica/_notes menutecnicas_r6_c1.gif.mno
2006.12.17 10:51 B C:\Documents and Settings\User\Mis documentos\paginas web\nering\torre linda\torrelindafinal\tecnicas\menutecnica\_notes\menutecnicas_r6_c1_f2.gif.mno --> www.nering.com.pe /public_html/tecnicas/menutecnica/_notes menutecnicas_r6_c1_f2.gif.mno
2006.12.17 10:51 B C:\Documents and Settings\User\Mis documentos\paginas web\nering\torre linda\torrelindafinal\tecnicas\menutecnica\_notes\menutecnicas_r6_c1_f3.gif.mno --> www.nering.com.pe /public_html/tecnicas/menutecnica/_notes menutecnicas_r6_c1_f3.gif.mno
2006.12.17 10:51 B C:\Documents and Settings\User\Mis documentos\paginas web\nering\torre linda\torrelindafinal\tecnicas\menutecnica\_notes\menutecnicas_r7_c1.gif.mno --> www.nering.com.pe /public_html/tecnicas/menutecnica/_notes menutecnicas_r7_c1.gif.mno
2006.12.17 10:51 B C:\Documents and Settings\User\Mis documentos\paginas web\nering\torre linda\torrelindafinal\tecnicas\menutecnica\_notes\menutecnicas_r8_c1.gif.mno --> www.nering.com.pe /public_html/tecnicas/menutecnica/_notes menutecnicas_r8_c1.gif.mno
2006.12.17 10:51 B C:\Documents and Settings\User\Mis documentos\paginas web\nering\torre linda\torrelindafinal\tecnicas\menutecnica\_notes\menutecnicas_r8_c1_f2.gif.mno --> www.nering.com.pe /public_html/tecnicas/menutecnica/_notes menutecnicas_r8_c1_f2.gif.mno
2006.12.17 10:51 B C:\Documents and Settings\User\Mis documentos\paginas web\nering\torre linda\torrelindafinal\tecnicas\menutecnica\_notes\menutecnicas_r8_c1_f3.gif.mno --> www.nering.com.pe /public_html/tecnicas/menutecnica/_notes menutecnicas_r8_c1_f3.gif.mno
2006.12.17 10:51 B C:\Documents and Settings\User\Mis documentos\paginas web\nering\torre linda\torrelindafinal\tecnicas\menutecnica\_notes\menutecnicas_r9_c1.gif.mno --> www.nering.com.pe /public_html/tecnicas/menutecnica/_notes menutecnicas_r9_c1.gif.mno
2006.12.17 10:51 B C:\Documents and Settings\User\Mis documentos\paginas web\nering\torre linda\torrelindafinal\tecnicas\menutecnica\_notes\WS_FTP.LOG --> www.nering.com.pe /public_html/tecnicas/menutecnica/_notes WS_FTP.LOG
2008.01.07 11:47 B C:\Documents and Settings\Yanina\Mis documentos\PAGINAS WEB\torre linda\torrelindafinal07\tecnicas\menutecnica\_notes\menutecnicas_r1_c1.gif.mno --> www.nering.net /tecnicas/menutecnica/_notes menutecnicas_r1_c1.gif.mno
2008.01.07 11:47 B C:\Documents and Settings\Yanina\Mis documentos\PAGINAS WEB\torre linda\torrelindafinal07\tecnicas\menutecnica\_notes\menutecnicas_r2_c1.gif.mno --> www.nering.net /tecnicas/menutecnica/_notes menutecnicas_r2_c1.gif.mno
2008.01.07 11:47 B C:\Documents and Settings\Yanina\Mis documentos\PAGINAS WEB\torre linda\torrelindafinal07\tecnicas\menutecnica\_notes\menutecnicas_r2_c1_f2.gif.mno --> www.nering.net /tecnicas/menutecnica/_notes menutecnicas_r2_c1_f2.gif.mno
2008.01.07 11:47 B C:\Documents and Settings\Yanina\Mis documentos\PAGINAS WEB\torre linda\torrelindafinal07\tecnicas\menutecnica\_notes\menutecnicas_r2_c1_f3.gif.mno --> www.nering.net /tecnicas/menutecnica/_notes menutecnicas_r2_c1_f3.gif.mno
2008.01.07 11:47 B C:\Documents and Settings\Yanina\Mis documentos\PAGINAS WEB\torre linda\torrelindafinal07\tecnicas\menutecnica\_notes\menutecnicas_r3_c1.gif.mno --> www.nering.net /tecnicas/menutecnica/_notes menutecnicas_r3_c1.gif.mno
2008.01.07 11:47 B C:\Documents and Settings\Yanina\Mis documentos\PAGINAS WEB\torre linda\torrelindafinal07\tecnicas\menutecnica\_notes\menutecnicas_r4_c1.gif.mno --> www.nering.net /tecnicas/menutecnica/_notes menutecnicas_r4_c1.gif.mno
2008.01.07 11:47 B C:\Documents and Settings\Yanina\Mis documentos\PAGINAS WEB\torre linda\torrelindafinal07\tecnicas\menutecnica\_notes\menutecnicas_r4_c1_f2.gif.mno --> www.nering.net /tecnicas/menutecnica/_notes menutecnicas_r4_c1_f2.gif.mno
2008.01.07 11:47 B C:\Documents and Settings\Yanina\Mis documentos\PAGINAS WEB\torre linda\torrelindafinal07\tecnicas\menutecnica\_notes\menutecnicas_r4_c1_f3.gif.mno --> www.nering.net /tecnicas/menutecnica/_notes menutecnicas_r4_c1_f3.gif.mno
2008.01.07 11:47 B C:\Documents and Settings\Yanina\Mis documentos\PAGINAS WEB\torre linda\torrelindafinal07\tecnicas\menutecnica\_notes\menutecnicas_r5_c1.gif.mno --> www.nering.net /tecnicas/menutecnica/_notes menutecnicas_r5_c1.gif.mno
