2006.11.20 08:51 B C:\Documents and Settings\User\Mis documentos\paginas web\nering\torre linda\torrelindafinal\proyectos\menuproy\menuproyecto.htm --> www.ggmdesign.com /public_html/proyectos/torrelinda/proyectos/menuproy menuproyecto.htm
2006.11.20 08:51 B C:\Documents and Settings\User\Mis documentos\paginas web\nering\torre linda\torrelindafinal\proyectos\menuproy\menuproyecto_r1_c1.gif --> www.ggmdesign.com /public_html/proyectos/torrelinda/proyectos/menuproy menuproyecto_r1_c1.gif
2006.11.20 08:51 B C:\Documents and Settings\User\Mis documentos\paginas web\nering\torre linda\torrelindafinal\proyectos\menuproy\menuproyecto_r2_c1.gif --> www.ggmdesign.com /public_html/proyectos/torrelinda/proyectos/menuproy menuproyecto_r2_c1.gif
2006.11.20 08:51 B C:\Documents and Settings\User\Mis documentos\paginas web\nering\torre linda\torrelindafinal\proyectos\menuproy\menuproyecto_r2_c1_f2.gif --> www.ggmdesign.com /public_html/proyectos/torrelinda/proyectos/menuproy menuproyecto_r2_c1_f2.gif
2006.11.20 08:51 B C:\Documents and Settings\User\Mis documentos\paginas web\nering\torre linda\torrelindafinal\proyectos\menuproy\menuproyecto_r2_c1_f3.gif --> www.ggmdesign.com /public_html/proyectos/torrelinda/proyectos/menuproy menuproyecto_r2_c1_f3.gif
2006.11.20 08:51 B C:\Documents and Settings\User\Mis documentos\paginas web\nering\torre linda\torrelindafinal\proyectos\menuproy\menuproyecto_r3_c1.gif --> www.ggmdesign.com /public_html/proyectos/torrelinda/proyectos/menuproy menuproyecto_r3_c1.gif
2006.11.20 08:51 B C:\Documents and Settings\User\Mis documentos\paginas web\nering\torre linda\torrelindafinal\proyectos\menuproy\menuproyecto_r4_c1.gif --> www.ggmdesign.com /public_html/proyectos/torrelinda/proyectos/menuproy menuproyecto_r4_c1.gif
2006.11.20 08:51 B C:\Documents and Settings\User\Mis documentos\paginas web\nering\torre linda\torrelindafinal\proyectos\menuproy\menuproyecto_r4_c1_f2.gif --> www.ggmdesign.com /public_html/proyectos/torrelinda/proyectos/menuproy menuproyecto_r4_c1_f2.gif
2006.11.20 08:51 B C:\Documents and Settings\User\Mis documentos\paginas web\nering\torre linda\torrelindafinal\proyectos\menuproy\menuproyecto_r4_c1_f3.gif --> www.ggmdesign.com /public_html/proyectos/torrelinda/proyectos/menuproy menuproyecto_r4_c1_f3.gif
2006.11.20 08:51 B C:\Documents and Settings\User\Mis documentos\paginas web\nering\torre linda\torrelindafinal\proyectos\menuproy\menuproyecto_r5_c1.gif --> www.ggmdesign.com /public_html/proyectos/torrelinda/proyectos/menuproy menuproyecto_r5_c1.gif
2006.11.20 08:51 B C:\Documents and Settings\User\Mis documentos\paginas web\nering\torre linda\torrelindafinal\proyectos\menuproy\menuproyecto_r6_c1.gif --> www.ggmdesign.com /public_html/proyectos/torrelinda/proyectos/menuproy menuproyecto_r6_c1.gif
2006.11.20 08:51 B C:\Documents and Settings\User\Mis documentos\paginas web\nering\torre linda\torrelindafinal\proyectos\menuproy\menuproyecto_r6_c1_f2.gif --> www.ggmdesign.com /public_html/proyectos/torrelinda/proyectos/menuproy menuproyecto_r6_c1_f2.gif
2006.11.20 08:51 B C:\Documents and Settings\User\Mis documentos\paginas web\nering\torre linda\torrelindafinal\proyectos\menuproy\menuproyecto_r6_c1_f3.gif --> www.ggmdesign.com /public_html/proyectos/torrelinda/proyectos/menuproy menuproyecto_r6_c1_f3.gif
2006.11.20 08:51 B C:\Documents and Settings\User\Mis documentos\paginas web\nering\torre linda\torrelindafinal\proyectos\menuproy\menuproyecto_r7_c1.gif --> www.ggmdesign.com /public_html/proyectos/torrelinda/proyectos/menuproy menuproyecto_r7_c1.gif
2006.11.20 08:51 B C:\Documents and Settings\User\Mis documentos\paginas web\nering\torre linda\torrelindafinal\proyectos\menuproy\spacer.gif --> www.ggmdesign.com /public_html/proyectos/torrelinda/proyectos/menuproy spacer.gif
2006.12.14 13:26 B C:\Documents and Settings\User\Mis documentos\paginas web\nering\torre linda\torrelindafinal\proyectos\menuproy\menuproyecto.htm --> www.ggmdesign.com /public_html/proyectos/torrelindafinal/proyectos/menuproy menuproyecto.htm
2006.12.14 13:26 B C:\Documents and Settings\User\Mis documentos\paginas web\nering\torre linda\torrelindafinal\proyectos\menuproy\menuproyecto_r1_c1.gif --> www.ggmdesign.com /public_html/proyectos/torrelindafinal/proyectos/menuproy menuproyecto_r1_c1.gif
2006.12.14 13:26 B C:\Documents and Settings\User\Mis documentos\paginas web\nering\torre linda\torrelindafinal\proyectos\menuproy\menuproyecto_r2_c1.gif --> www.ggmdesign.com /public_html/proyectos/torrelindafinal/proyectos/menuproy menuproyecto_r2_c1.gif
2006.12.14 13:26 B C:\Documents and Settings\User\Mis documentos\paginas web\nering\torre linda\torrelindafinal\proyectos\menuproy\menuproyecto_r2_c1_f2.gif --> www.ggmdesign.com /public_html/proyectos/torrelindafinal/proyectos/menuproy menuproyecto_r2_c1_f2.gif
2006.12.14 13:26 B C:\Documents and Settings\User\Mis documentos\paginas web\nering\torre linda\torrelindafinal\proyectos\menuproy\menuproyecto_r2_c1_f3.gif --> www.ggmdesign.com /public_html/proyectos/torrelindafinal/proyectos/menuproy menuproyecto_r2_c1_f3.gif
2006.12.14 13:27 B C:\Documents and Settings\User\Mis documentos\paginas web\nering\torre linda\torrelindafinal\proyectos\menuproy\menuproyecto_r3_c1.gif --> www.ggmdesign.com /public_html/proyectos/torrelindafinal/proyectos/menuproy menuproyecto_r3_c1.gif
2006.12.14 13:27 B C:\Documents and Settings\User\Mis documentos\paginas web\nering\torre linda\torrelindafinal\proyectos\menuproy\menuproyecto_r4_c1.gif --> www.ggmdesign.com /public_html/proyectos/torrelindafinal/proyectos/menuproy menuproyecto_r4_c1.gif
2006.12.14 13:27 B C:\Documents and Settings\User\Mis documentos\paginas web\nering\torre linda\torrelindafinal\proyectos\menuproy\menuproyecto_r4_c1_f2.gif --> www.ggmdesign.com /public_html/proyectos/torrelindafinal/proyectos/menuproy menuproyecto_r4_c1_f2.gif
2006.12.14 13:27 B C:\Documents and Settings\User\Mis documentos\paginas web\nering\torre linda\torrelindafinal\proyectos\menuproy\menuproyecto_r4_c1_f3.gif --> www.ggmdesign.com /public_html/proyectos/torrelindafinal/proyectos/menuproy menuproyecto_r4_c1_f3.gif
2006.12.14 13:27 B C:\Documents and Settings\User\Mis documentos\paginas web\nering\torre linda\torrelindafinal\proyectos\menuproy\menuproyecto_r5_c1.gif --> www.ggmdesign.com /public_html/proyectos/torrelindafinal/proyectos/menuproy menuproyecto_r5_c1.gif
2006.12.14 13:27 B C:\Documents and Settings\User\Mis documentos\paginas web\nering\torre linda\torrelindafinal\proyectos\menuproy\menuproyecto_r6_c1.gif --> www.ggmdesign.com /public_html/proyectos/torrelindafinal/proyectos/menuproy menuproyecto_r6_c1.gif
2006.12.14 13:27 B C:\Documents and Settings\User\Mis documentos\paginas web\nering\torre linda\torrelindafinal\proyectos\menuproy\menuproyecto_r6_c1_f2.gif --> www.ggmdesign.com /public_html/proyectos/torrelindafinal/proyectos/menuproy menuproyecto_r6_c1_f2.gif
2006.12.14 13:27 B C:\Documents and Settings\User\Mis documentos\paginas web\nering\torre linda\torrelindafinal\proyectos\menuproy\menuproyecto_r6_c1_f3.gif --> www.ggmdesign.com /public_html/proyectos/torrelindafinal/proyectos/menuproy menuproyecto_r6_c1_f3.gif
2006.12.14 13:27 B C:\Documents and Settings\User\Mis documentos\paginas web\nering\torre linda\torrelindafinal\proyectos\menuproy\menuproyecto_r7_c1.gif --> www.ggmdesign.com /public_html/proyectos/torrelindafinal/proyectos/menuproy menuproyecto_r7_c1.gif
2006.12.14 13:27 B C:\Documents and Settings\User\Mis documentos\paginas web\nering\torre linda\torrelindafinal\proyectos\menuproy\spacer.gif --> www.ggmdesign.com /public_html/proyectos/torrelindafinal/proyectos/menuproy spacer.gif
2006.12.14 13:27 B C:\Documents and Settings\User\Mis documentos\paginas web\nering\torre linda\torrelindafinal\proyectos\menuproy\Thumbs.db --> www.ggmdesign.com /public_html/proyectos/torrelindafinal/proyectos/menuproy Thumbs.db
2006.12.14 13:27 B C:\Documents and Settings\User\Mis documentos\paginas web\nering\torre linda\torrelindafinal\proyectos\menuproy\WS_FTP.LOG --> www.ggmdesign.com /public_html/proyectos/torrelindafinal/proyectos/menuproy WS_FTP.LOG
2006.12.17 10:50 B C:\Documents and Settings\User\Mis documentos\paginas web\nering\torre linda\torrelindafinal\proyectos\menuproy\menuproyecto.htm --> www.nering.com.pe /public_html/proyectos/menuproy menuproyecto.htm
2006.12.17 10:50 B C:\Documents and Settings\User\Mis documentos\paginas web\nering\torre linda\torrelindafinal\proyectos\menuproy\menuproyecto_r1_c1.gif --> www.nering.com.pe /public_html/proyectos/menuproy menuproyecto_r1_c1.gif
2006.12.17 10:50 B C:\Documents and Settings\User\Mis documentos\paginas web\nering\torre linda\torrelindafinal\proyectos\menuproy\menuproyecto_r2_c1.gif --> www.nering.com.pe /public_html/proyectos/menuproy menuproyecto_r2_c1.gif
2006.12.17 10:50 B C:\Documents and Settings\User\Mis documentos\paginas web\nering\torre linda\torrelindafinal\proyectos\menuproy\menuproyecto_r2_c1_f2.gif --> www.nering.com.pe /public_html/proyectos/menuproy menuproyecto_r2_c1_f2.gif
2006.12.17 10:50 B C:\Documents and Settings\User\Mis documentos\paginas web\nering\torre linda\torrelindafinal\proyectos\menuproy\menuproyecto_r2_c1_f3.gif --> www.nering.com.pe /public_html/proyectos/menuproy menuproyecto_r2_c1_f3.gif
2006.12.17 10:50 B C:\Documents and Settings\User\Mis documentos\paginas web\nering\torre linda\torrelindafinal\proyectos\menuproy\menuproyecto_r3_c1.gif --> www.nering.com.pe /public_html/proyectos/menuproy menuproyecto_r3_c1.gif
2006.12.17 10:50 B C:\Documents and Settings\User\Mis documentos\paginas web\nering\torre linda\torrelindafinal\proyectos\menuproy\menuproyecto_r4_c1.gif --> www.nering.com.pe /public_html/proyectos/menuproy menuproyecto_r4_c1.gif
2006.12.17 10:50 B C:\Documents and Settings\User\Mis documentos\paginas web\nering\torre linda\torrelindafinal\proyectos\menuproy\menuproyecto_r4_c1_f2.gif --> www.nering.com.pe /public_html/proyectos/menuproy menuproyecto_r4_c1_f2.gif
2006.12.17 10:50 B C:\Documents and Settings\User\Mis documentos\paginas web\nering\torre linda\torrelindafinal\proyectos\menuproy\menuproyecto_r4_c1_f3.gif --> www.nering.com.pe /public_html/proyectos/menuproy menuproyecto_r4_c1_f3.gif
2006.12.17 10:50 B C:\Documents and Settings\User\Mis documentos\paginas web\nering\torre linda\torrelindafinal\proyectos\menuproy\menuproyecto_r5_c1.gif --> www.nering.com.pe /public_html/proyectos/menuproy menuproyecto_r5_c1.gif
2006.12.17 10:50 B C:\Documents and Settings\User\Mis documentos\paginas web\nering\torre linda\torrelindafinal\proyectos\menuproy\menuproyecto_r6_c1.gif --> www.nering.com.pe /public_html/proyectos/menuproy menuproyecto_r6_c1.gif
2006.12.17 10:50 B C:\Documents and Settings\User\Mis documentos\paginas web\nering\torre linda\torrelindafinal\proyectos\menuproy\menuproyecto_r6_c1_f2.gif --> www.nering.com.pe /public_html/proyectos/menuproy menuproyecto_r6_c1_f2.gif
2006.12.17 10:50 B C:\Documents and Settings\User\Mis documentos\paginas web\nering\torre linda\torrelindafinal\proyectos\menuproy\menuproyecto_r6_c1_f3.gif --> www.nering.com.pe /public_html/proyectos/menuproy menuproyecto_r6_c1_f3.gif
2006.12.17 10:50 B C:\Documents and Settings\User\Mis documentos\paginas web\nering\torre linda\torrelindafinal\proyectos\menuproy\menuproyecto_r7_c1.gif --> www.nering.com.pe /public_html/proyectos/menuproy menuproyecto_r7_c1.gif
2006.12.17 10:50 B C:\Documents and Settings\User\Mis documentos\paginas web\nering\torre linda\torrelindafinal\proyectos\menuproy\spacer.gif --> www.nering.com.pe /public_html/proyectos/menuproy spacer.gif
2006.12.17 10:51 B C:\Documents and Settings\User\Mis documentos\paginas web\nering\torre linda\torrelindafinal\proyectos\menuproy\Thumbs.db --> www.nering.com.pe /public_html/proyectos/menuproy Thumbs.db
2006.12.17 10:51 B C:\Documents and Settings\User\Mis documentos\paginas web\nering\torre linda\torrelindafinal\proyectos\menuproy\WS_FTP.LOG --> www.nering.com.pe /public_html/proyectos/menuproy WS_FTP.LOG
2008.01.07 11:46 B C:\Documents and Settings\Yanina\Mis documentos\PAGINAS WEB\torre linda\torrelindafinal07\proyectos\menuproy\menuproyecto.htm --> www.nering.net /proyectos/menuproy menuproyecto.htm
2008.01.07 11:46 B C:\Documents and Settings\Yanina\Mis documentos\PAGINAS WEB\torre linda\torrelindafinal07\proyectos\menuproy\menuproyecto_r1_c1.gif --> www.nering.net /proyectos/menuproy menuproyecto_r1_c1.gif
2008.01.07 11:46 B C:\Documents and Settings\Yanina\Mis documentos\PAGINAS WEB\torre linda\torrelindafinal07\proyectos\menuproy\menuproyecto_r2_c1.gif --> www.nering.net /proyectos/menuproy menuproyecto_r2_c1.gif
2008.01.07 11:46 B C:\Documents and Settings\Yanina\Mis documentos\PAGINAS WEB\torre linda\torrelindafinal07\proyectos\menuproy\menuproyecto_r2_c1_f2.gif --> www.nering.net /proyectos/menuproy menuproyecto_r2_c1_f2.gif
2008.01.07 11:46 B C:\Documents and Settings\Yanina\Mis documentos\PAGINAS WEB\torre linda\torrelindafinal07\proyectos\menuproy\menuproyecto_r2_c1_f3.gif --> www.nering.net /proyectos/menuproy menuproyecto_r2_c1_f3.gif
2008.01.07 11:46 B C:\Documents and Settings\Yanina\Mis documentos\PAGINAS WEB\torre linda\torrelindafinal07\proyectos\menuproy\menuproyecto_r3_c1.gif --> www.nering.net /proyectos/menuproy menuproyecto_r3_c1.gif
2008.01.07 11:46 B C:\Documents and Settings\Yanina\Mis documentos\PAGINAS WEB\torre linda\torrelindafinal07\proyectos\menuproy\menuproyecto_r4_c1.gif --> www.nering.net /proyectos/menuproy menuproyecto_r4_c1.gif
2008.01.07 11:46 B C:\Documents and Settings\Yanina\Mis documentos\PAGINAS WEB\torre linda\torrelindafinal07\proyectos\menuproy\menuproyecto_r4_c1_f2.gif --> www.nering.net /proyectos/menuproy menuproyecto_r4_c1_f2.gif
2008.01.07 11:46 B C:\Documents and Settings\Yanina\Mis documentos\PAGINAS WEB\torre linda\torrelindafinal07\proyectos\menuproy\menuproyecto_r4_c1_f3.gif --> www.nering.net /proyectos/menuproy menuproyecto_r4_c1_f3.gif
2008.01.07 11:46 B C:\Documents and Settings\Yanina\Mis documentos\PAGINAS WEB\torre linda\torrelindafinal07\proyectos\menuproy\menuproyecto_r5_c1.gif --> www.nering.net /proyectos/menuproy menuproyecto_r5_c1.gif
2008.01.07 11:46 B C:\Documents and Settings\Yanina\Mis documentos\PAGINAS WEB\torre linda\torrelindafinal07\proyectos\menuproy\menuproyecto_r6_c1.gif --> www.nering.net /proyectos/menuproy menuproyecto_r6_c1.gif
2008.01.07 11:46 B C:\Documents and Settings\Yanina\Mis documentos\PAGINAS WEB\torre linda\torrelindafinal07\proyectos\menuproy\menuproyecto_r6_c1_f2.gif --> www.nering.net /proyectos/menuproy menuproyecto_r6_c1_f2.gif
2008.01.07 11:46 B C:\Documents and Settings\Yanina\Mis documentos\PAGINAS WEB\torre linda\torrelindafinal07\proyectos\menuproy\menuproyecto_r6_c1_f3.gif --> www.nering.net /proyectos/menuproy menuproyecto_r6_c1_f3.gif
2008.01.07 11:46 B C:\Documents and Settings\Yanina\Mis documentos\PAGINAS WEB\torre linda\torrelindafinal07\proyectos\menuproy\menuproyecto_r7_c1.gif --> www.nering.net /proyectos/menuproy menuproyecto_r7_c1.gif
2008.01.07 11:46 B C:\Documents and Settings\Yanina\Mis documentos\PAGINAS WEB\torre linda\torrelindafinal07\proyectos\menuproy\spacer.gif --> www.nering.net /proyectos/menuproy spacer.gif
2008.01.07 11:46 B C:\Documents and Settings\Yanina\Mis documentos\PAGINAS WEB\torre linda\torrelindafinal07\proyectos\menuproy\Thumbs.db --> www.nering.net /proyectos/menuproy Thumbs.db
