2006.11.07 07:17 B C:\Documents and Settings\User\Mis documentos\paginas web\nering\torre linda\torrelindafinal\depas\menudepas\menudepas.htm --> www.ggmdesign.com /public_html/proyectos/torrelinda/depas/menudepas menudepas.htm
2006.11.07 07:17 B C:\Documents and Settings\User\Mis documentos\paginas web\nering\torre linda\torrelindafinal\depas\menudepas\menudepas_r1_c1.gif --> www.ggmdesign.com /public_html/proyectos/torrelinda/depas/menudepas menudepas_r1_c1.gif
2006.11.07 07:17 B C:\Documents and Settings\User\Mis documentos\paginas web\nering\torre linda\torrelindafinal\depas\menudepas\menudepas_r2_c1.gif --> www.ggmdesign.com /public_html/proyectos/torrelinda/depas/menudepas menudepas_r2_c1.gif
2006.11.07 07:17 B C:\Documents and Settings\User\Mis documentos\paginas web\nering\torre linda\torrelindafinal\depas\menudepas\menudepas_r2_c1_f2.gif --> www.ggmdesign.com /public_html/proyectos/torrelinda/depas/menudepas menudepas_r2_c1_f2.gif
2006.11.07 07:17 B C:\Documents and Settings\User\Mis documentos\paginas web\nering\torre linda\torrelindafinal\depas\menudepas\menudepas_r2_c1_f3.gif --> www.ggmdesign.com /public_html/proyectos/torrelinda/depas/menudepas menudepas_r2_c1_f3.gif
2006.11.07 07:17 B C:\Documents and Settings\User\Mis documentos\paginas web\nering\torre linda\torrelindafinal\depas\menudepas\menudepas_r3_c1.gif --> www.ggmdesign.com /public_html/proyectos/torrelinda/depas/menudepas menudepas_r3_c1.gif
2006.11.07 07:17 B C:\Documents and Settings\User\Mis documentos\paginas web\nering\torre linda\torrelindafinal\depas\menudepas\menudepas_r4_c1.gif --> www.ggmdesign.com /public_html/proyectos/torrelinda/depas/menudepas menudepas_r4_c1.gif
2006.11.07 07:17 B C:\Documents and Settings\User\Mis documentos\paginas web\nering\torre linda\torrelindafinal\depas\menudepas\menudepas_r4_c1_f2.gif --> www.ggmdesign.com /public_html/proyectos/torrelinda/depas/menudepas menudepas_r4_c1_f2.gif
2006.11.07 07:17 B C:\Documents and Settings\User\Mis documentos\paginas web\nering\torre linda\torrelindafinal\depas\menudepas\menudepas_r4_c1_f3.gif --> www.ggmdesign.com /public_html/proyectos/torrelinda/depas/menudepas menudepas_r4_c1_f3.gif
2006.11.07 07:17 B C:\Documents and Settings\User\Mis documentos\paginas web\nering\torre linda\torrelindafinal\depas\menudepas\menudepas_r5_c1.gif --> www.ggmdesign.com /public_html/proyectos/torrelinda/depas/menudepas menudepas_r5_c1.gif
2006.11.07 07:17 B C:\Documents and Settings\User\Mis documentos\paginas web\nering\torre linda\torrelindafinal\depas\menudepas\menudepas_r6_c1.gif --> www.ggmdesign.com /public_html/proyectos/torrelinda/depas/menudepas menudepas_r6_c1.gif
2006.11.07 07:17 B C:\Documents and Settings\User\Mis documentos\paginas web\nering\torre linda\torrelindafinal\depas\menudepas\menudepas_r6_c1_f2.gif --> www.ggmdesign.com /public_html/proyectos/torrelinda/depas/menudepas menudepas_r6_c1_f2.gif
2006.11.07 07:17 B C:\Documents and Settings\User\Mis documentos\paginas web\nering\torre linda\torrelindafinal\depas\menudepas\menudepas_r6_c1_f3.gif --> www.ggmdesign.com /public_html/proyectos/torrelinda/depas/menudepas menudepas_r6_c1_f3.gif
2006.11.07 07:17 B C:\Documents and Settings\User\Mis documentos\paginas web\nering\torre linda\torrelindafinal\depas\menudepas\menudepas_r7_c1.gif --> www.ggmdesign.com /public_html/proyectos/torrelinda/depas/menudepas menudepas_r7_c1.gif
2006.11.07 07:17 B C:\Documents and Settings\User\Mis documentos\paginas web\nering\torre linda\torrelindafinal\depas\menudepas\spacer.gif --> www.ggmdesign.com /public_html/proyectos/torrelinda/depas/menudepas spacer.gif
2006.11.20 08:55 B C:\Documents and Settings\User\Mis documentos\paginas web\nering\torre linda\torrelindafinal\depas\menudepas\WS_FTP.LOG --> www.ggmdesign.com /public_html/proyectos/torrelinda/depas/menudepas WS_FTP.LOG
2006.12.14 12:52 B C:\Documents and Settings\User\Mis documentos\paginas web\nering\torre linda\torrelindafinal\depas\menudepas\menudepas.htm --> www.ggmdesign.com /public_html/proyectos/torrelindafinal/depas/menudepas menudepas.htm
2006.12.14 12:52 B C:\Documents and Settings\User\Mis documentos\paginas web\nering\torre linda\torrelindafinal\depas\menudepas\menudepas_r1_c1.gif --> www.ggmdesign.com /public_html/proyectos/torrelindafinal/depas/menudepas menudepas_r1_c1.gif
2006.12.14 12:53 B C:\Documents and Settings\User\Mis documentos\paginas web\nering\torre linda\torrelindafinal\depas\menudepas\menudepas_r2_c1.gif --> www.ggmdesign.com /public_html/proyectos/torrelindafinal/depas/menudepas menudepas_r2_c1.gif
2006.12.14 12:53 B C:\Documents and Settings\User\Mis documentos\paginas web\nering\torre linda\torrelindafinal\depas\menudepas\menudepas_r2_c1_f2.gif --> www.ggmdesign.com /public_html/proyectos/torrelindafinal/depas/menudepas menudepas_r2_c1_f2.gif
2006.12.14 12:53 B C:\Documents and Settings\User\Mis documentos\paginas web\nering\torre linda\torrelindafinal\depas\menudepas\menudepas_r2_c1_f3.gif --> www.ggmdesign.com /public_html/proyectos/torrelindafinal/depas/menudepas menudepas_r2_c1_f3.gif
2006.12.14 12:53 B C:\Documents and Settings\User\Mis documentos\paginas web\nering\torre linda\torrelindafinal\depas\menudepas\menudepas_r3_c1.gif --> www.ggmdesign.com /public_html/proyectos/torrelindafinal/depas/menudepas menudepas_r3_c1.gif
2006.12.14 12:54 B C:\Documents and Settings\User\Mis documentos\paginas web\nering\torre linda\torrelindafinal\depas\menudepas\menudepas_r4_c1.gif --> www.ggmdesign.com /public_html/proyectos/torrelindafinal/depas/menudepas menudepas_r4_c1.gif
2006.12.14 12:54 B C:\Documents and Settings\User\Mis documentos\paginas web\nering\torre linda\torrelindafinal\depas\menudepas\menudepas_r4_c1_f2.gif --> www.ggmdesign.com /public_html/proyectos/torrelindafinal/depas/menudepas menudepas_r4_c1_f2.gif
2006.12.14 12:54 B C:\Documents and Settings\User\Mis documentos\paginas web\nering\torre linda\torrelindafinal\depas\menudepas\menudepas_r4_c1_f3.gif --> www.ggmdesign.com /public_html/proyectos/torrelindafinal/depas/menudepas menudepas_r4_c1_f3.gif
2006.12.14 12:54 B C:\Documents and Settings\User\Mis documentos\paginas web\nering\torre linda\torrelindafinal\depas\menudepas\menudepas_r5_c1.gif --> www.ggmdesign.com /public_html/proyectos/torrelindafinal/depas/menudepas menudepas_r5_c1.gif
2006.12.14 12:55 B C:\Documents and Settings\User\Mis documentos\paginas web\nering\torre linda\torrelindafinal\depas\menudepas\menudepas_r6_c1.gif --> www.ggmdesign.com /public_html/proyectos/torrelindafinal/depas/menudepas menudepas_r6_c1.gif
2006.12.14 12:55 B C:\Documents and Settings\User\Mis documentos\paginas web\nering\torre linda\torrelindafinal\depas\menudepas\menudepas_r6_c1_f2.gif --> www.ggmdesign.com /public_html/proyectos/torrelindafinal/depas/menudepas menudepas_r6_c1_f2.gif
2006.12.14 12:55 B C:\Documents and Settings\User\Mis documentos\paginas web\nering\torre linda\torrelindafinal\depas\menudepas\menudepas_r6_c1_f3.gif --> www.ggmdesign.com /public_html/proyectos/torrelindafinal/depas/menudepas menudepas_r6_c1_f3.gif
2006.12.14 12:55 B C:\Documents and Settings\User\Mis documentos\paginas web\nering\torre linda\torrelindafinal\depas\menudepas\menudepas_r7_c1.gif --> www.ggmdesign.com /public_html/proyectos/torrelindafinal/depas/menudepas menudepas_r7_c1.gif
2006.12.14 12:56 B C:\Documents and Settings\User\Mis documentos\paginas web\nering\torre linda\torrelindafinal\depas\menudepas\spacer.gif --> www.ggmdesign.com /public_html/proyectos/torrelindafinal/depas/menudepas spacer.gif
2006.12.14 12:56 B C:\Documents and Settings\User\Mis documentos\paginas web\nering\torre linda\torrelindafinal\depas\menudepas\Thumbs.db --> www.ggmdesign.com /public_html/proyectos/torrelindafinal/depas/menudepas Thumbs.db
2006.12.14 12:56 B C:\Documents and Settings\User\Mis documentos\paginas web\nering\torre linda\torrelindafinal\depas\menudepas\WS_FTP.LOG --> www.ggmdesign.com /public_html/proyectos/torrelindafinal/depas/menudepas WS_FTP.LOG
2006.12.17 10:40 B C:\Documents and Settings\User\Mis documentos\paginas web\nering\torre linda\torrelindafinal\depas\menudepas\menudepas.htm --> www.nering.com.pe /public_html/depas/menudepas menudepas.htm
2006.12.17 10:40 B C:\Documents and Settings\User\Mis documentos\paginas web\nering\torre linda\torrelindafinal\depas\menudepas\menudepas_r1_c1.gif --> www.nering.com.pe /public_html/depas/menudepas menudepas_r1_c1.gif
2006.12.17 10:40 B C:\Documents and Settings\User\Mis documentos\paginas web\nering\torre linda\torrelindafinal\depas\menudepas\menudepas_r2_c1.gif --> www.nering.com.pe /public_html/depas/menudepas menudepas_r2_c1.gif
2006.12.17 10:40 B C:\Documents and Settings\User\Mis documentos\paginas web\nering\torre linda\torrelindafinal\depas\menudepas\menudepas_r2_c1_f2.gif --> www.nering.com.pe /public_html/depas/menudepas menudepas_r2_c1_f2.gif
2006.12.17 10:40 B C:\Documents and Settings\User\Mis documentos\paginas web\nering\torre linda\torrelindafinal\depas\menudepas\menudepas_r2_c1_f3.gif --> www.nering.com.pe /public_html/depas/menudepas menudepas_r2_c1_f3.gif
2006.12.17 10:40 B C:\Documents and Settings\User\Mis documentos\paginas web\nering\torre linda\torrelindafinal\depas\menudepas\menudepas_r3_c1.gif --> www.nering.com.pe /public_html/depas/menudepas menudepas_r3_c1.gif
2006.12.17 10:40 B C:\Documents and Settings\User\Mis documentos\paginas web\nering\torre linda\torrelindafinal\depas\menudepas\menudepas_r4_c1.gif --> www.nering.com.pe /public_html/depas/menudepas menudepas_r4_c1.gif
2006.12.17 10:40 B C:\Documents and Settings\User\Mis documentos\paginas web\nering\torre linda\torrelindafinal\depas\menudepas\menudepas_r4_c1_f2.gif --> www.nering.com.pe /public_html/depas/menudepas menudepas_r4_c1_f2.gif
2006.12.17 10:40 B C:\Documents and Settings\User\Mis documentos\paginas web\nering\torre linda\torrelindafinal\depas\menudepas\menudepas_r4_c1_f3.gif --> www.nering.com.pe /public_html/depas/menudepas menudepas_r4_c1_f3.gif
2006.12.17 10:40 B C:\Documents and Settings\User\Mis documentos\paginas web\nering\torre linda\torrelindafinal\depas\menudepas\menudepas_r5_c1.gif --> www.nering.com.pe /public_html/depas/menudepas menudepas_r5_c1.gif
2006.12.17 10:40 B C:\Documents and Settings\User\Mis documentos\paginas web\nering\torre linda\torrelindafinal\depas\menudepas\menudepas_r6_c1.gif --> www.nering.com.pe /public_html/depas/menudepas menudepas_r6_c1.gif
2006.12.17 10:40 B C:\Documents and Settings\User\Mis documentos\paginas web\nering\torre linda\torrelindafinal\depas\menudepas\menudepas_r6_c1_f2.gif --> www.nering.com.pe /public_html/depas/menudepas menudepas_r6_c1_f2.gif
2006.12.17 10:40 B C:\Documents and Settings\User\Mis documentos\paginas web\nering\torre linda\torrelindafinal\depas\menudepas\menudepas_r6_c1_f3.gif --> www.nering.com.pe /public_html/depas/menudepas menudepas_r6_c1_f3.gif
2006.12.17 10:40 B C:\Documents and Settings\User\Mis documentos\paginas web\nering\torre linda\torrelindafinal\depas\menudepas\menudepas_r7_c1.gif --> www.nering.com.pe /public_html/depas/menudepas menudepas_r7_c1.gif
2006.12.17 10:40 B C:\Documents and Settings\User\Mis documentos\paginas web\nering\torre linda\torrelindafinal\depas\menudepas\spacer.gif --> www.nering.com.pe /public_html/depas/menudepas spacer.gif
2006.12.17 10:40 B C:\Documents and Settings\User\Mis documentos\paginas web\nering\torre linda\torrelindafinal\depas\menudepas\Thumbs.db --> www.nering.com.pe /public_html/depas/menudepas Thumbs.db
2006.12.17 10:40 B C:\Documents and Settings\User\Mis documentos\paginas web\nering\torre linda\torrelindafinal\depas\menudepas\WS_FTP.LOG --> www.nering.com.pe /public_html/depas/menudepas WS_FTP.LOG
2007.05.04 10:58 B C:\Documents and Settings\User\Mis documentos\paginas web\torre linda\torrelindafinal07\depas\menudepas\menudepas.htm --> www.nering.com.pe /public_html/depas/menudepas menudepas.htm
2007.05.04 10:58 B C:\Documents and Settings\User\Mis documentos\paginas web\torre linda\torrelindafinal07\depas\menudepas\menudepas_r1_c1.gif --> www.nering.com.pe /public_html/depas/menudepas menudepas_r1_c1.gif
2007.05.04 10:58 B C:\Documents and Settings\User\Mis documentos\paginas web\torre linda\torrelindafinal07\depas\menudepas\menudepas_r2_c1.gif --> www.nering.com.pe /public_html/depas/menudepas menudepas_r2_c1.gif
2007.05.04 10:58 B C:\Documents and Settings\User\Mis documentos\paginas web\torre linda\torrelindafinal07\depas\menudepas\menudepas_r2_c1_f2.gif --> www.nering.com.pe /public_html/depas/menudepas menudepas_r2_c1_f2.gif
2007.05.04 10:58 B C:\Documents and Settings\User\Mis documentos\paginas web\torre linda\torrelindafinal07\depas\menudepas\menudepas_r2_c1_f3.gif --> www.nering.com.pe /public_html/depas/menudepas menudepas_r2_c1_f3.gif
2007.05.04 10:58 B C:\Documents and Settings\User\Mis documentos\paginas web\torre linda\torrelindafinal07\depas\menudepas\menudepas_r3_c1.gif --> www.nering.com.pe /public_html/depas/menudepas menudepas_r3_c1.gif
2007.05.04 10:59 B C:\Documents and Settings\User\Mis documentos\paginas web\torre linda\torrelindafinal07\depas\menudepas\menudepas_r4_c1.gif --> www.nering.com.pe /public_html/depas/menudepas menudepas_r4_c1.gif
2007.05.04 10:59 B C:\Documents and Settings\User\Mis documentos\paginas web\torre linda\torrelindafinal07\depas\menudepas\menudepas_r4_c1_f2.gif --> www.nering.com.pe /public_html/depas/menudepas menudepas_r4_c1_f2.gif
2007.05.04 10:59 B C:\Documents and Settings\User\Mis documentos\paginas web\torre linda\torrelindafinal07\depas\menudepas\menudepas_r4_c1_f3.gif --> www.nering.com.pe /public_html/depas/menudepas menudepas_r4_c1_f3.gif
2007.05.04 10:59 B C:\Documents and Settings\User\Mis documentos\paginas web\torre linda\torrelindafinal07\depas\menudepas\menudepas_r5_c1.gif --> www.nering.com.pe /public_html/depas/menudepas menudepas_r5_c1.gif
2007.05.04 10:59 B C:\Documents and Settings\User\Mis documentos\paginas web\torre linda\torrelindafinal07\depas\menudepas\menudepas_r6_c1.gif --> www.nering.com.pe /public_html/depas/menudepas menudepas_r6_c1.gif
2007.05.04 10:59 B C:\Documents and Settings\User\Mis documentos\paginas web\torre linda\torrelindafinal07\depas\menudepas\menudepas_r6_c1_f2.gif --> www.nering.com.pe /public_html/depas/menudepas menudepas_r6_c1_f2.gif
2007.05.04 10:59 B C:\Documents and Settings\User\Mis documentos\paginas web\torre linda\torrelindafinal07\depas\menudepas\menudepas_r6_c1_f3.gif --> www.nering.com.pe /public_html/depas/menudepas menudepas_r6_c1_f3.gif
2007.05.04 10:59 B C:\Documents and Settings\User\Mis documentos\paginas web\torre linda\torrelindafinal07\depas\menudepas\menudepas_r7_c1.gif --> www.nering.com.pe /public_html/depas/menudepas menudepas_r7_c1.gif
2007.05.04 10:59 B C:\Documents and Settings\User\Mis documentos\paginas web\torre linda\torrelindafinal07\depas\menudepas\spacer.gif --> www.nering.com.pe /public_html/depas/menudepas spacer.gif
2007.05.04 17:43 B C:\Documents and Settings\User\Mis documentos\paginas web\torre linda\torrelindafinal07\depas\menudepas\menudepas.htm --> www.nering.com.pe /public_html/depas/menudepas menudepas.htm
2007.05.04 17:43 B C:\Documents and Settings\User\Mis documentos\paginas web\torre linda\torrelindafinal07\depas\menudepas\menudepas_r1_c1.gif --> www.nering.com.pe /public_html/depas/menudepas menudepas_r1_c1.gif
2007.05.04 17:43 B C:\Documents and Settings\User\Mis documentos\paginas web\torre linda\torrelindafinal07\depas\menudepas\menudepas_r2_c1.gif --> www.nering.com.pe /public_html/depas/menudepas menudepas_r2_c1.gif
2007.05.04 17:43 B C:\Documents and Settings\User\Mis documentos\paginas web\torre linda\torrelindafinal07\depas\menudepas\menudepas_r2_c1_f2.gif --> www.nering.com.pe /public_html/depas/menudepas menudepas_r2_c1_f2.gif
2007.05.04 17:43 B C:\Documents and Settings\User\Mis documentos\paginas web\torre linda\torrelindafinal07\depas\menudepas\menudepas_r2_c1_f3.gif --> www.nering.com.pe /public_html/depas/menudepas menudepas_r2_c1_f3.gif
2007.05.04 17:43 B C:\Documents and Settings\User\Mis documentos\paginas web\torre linda\torrelindafinal07\depas\menudepas\menudepas_r3_c1.gif --> www.nering.com.pe /public_html/depas/menudepas menudepas_r3_c1.gif
2007.05.04 17:43 B C:\Documents and Settings\User\Mis documentos\paginas web\torre linda\torrelindafinal07\depas\menudepas\menudepas_r4_c1.gif --> www.nering.com.pe /public_html/depas/menudepas menudepas_r4_c1.gif
2007.05.04 17:43 B C:\Documents and Settings\User\Mis documentos\paginas web\torre linda\torrelindafinal07\depas\menudepas\menudepas_r4_c1_f2.gif --> www.nering.com.pe /public_html/depas/menudepas menudepas_r4_c1_f2.gif
2007.05.04 17:43 B C:\Documents and Settings\User\Mis documentos\paginas web\torre linda\torrelindafinal07\depas\menudepas\menudepas_r4_c1_f3.gif --> www.nering.com.pe /public_html/depas/menudepas menudepas_r4_c1_f3.gif
2007.05.04 17:43 B C:\Documents and Settings\User\Mis documentos\paginas web\torre linda\torrelindafinal07\depas\menudepas\menudepas_r5_c1.gif --> www.nering.com.pe /public_html/depas/menudepas menudepas_r5_c1.gif
2007.05.04 17:43 B C:\Documents and Settings\User\Mis documentos\paginas web\torre linda\torrelindafinal07\depas\menudepas\menudepas_r6_c1.gif --> www.nering.com.pe /public_html/depas/menudepas menudepas_r6_c1.gif
2007.05.04 17:43 B C:\Documents and Settings\User\Mis documentos\paginas web\torre linda\torrelindafinal07\depas\menudepas\menudepas_r6_c1_f2.gif --> www.nering.com.pe /public_html/depas/menudepas menudepas_r6_c1_f2.gif
2007.05.04 17:43 B C:\Documents and Settings\User\Mis documentos\paginas web\torre linda\torrelindafinal07\depas\menudepas\menudepas_r6_c1_f3.gif --> www.nering.com.pe /public_html/depas/menudepas menudepas_r6_c1_f3.gif
2007.05.04 17:43 B C:\Documents and Settings\User\Mis documentos\paginas web\torre linda\torrelindafinal07\depas\menudepas\menudepas_r7_c1.gif --> www.nering.com.pe /public_html/depas/menudepas menudepas_r7_c1.gif
2007.05.04 17:43 B C:\Documents and Settings\User\Mis documentos\paginas web\torre linda\torrelindafinal07\depas\menudepas\spacer.gif --> www.nering.com.pe /public_html/depas/menudepas spacer.gif
2007.05.04 17:46 B C:\Documents and Settings\User\Mis documentos\paginas web\torre linda\torrelindafinal07\depas\menudepas\menudepas.htm --> www.nering.com.pe /public_html/depas/menudepas menudepas.htm
2007.05.04 17:46 B C:\Documents and Settings\User\Mis documentos\paginas web\torre linda\torrelindafinal07\depas\menudepas\menudepas_r1_c1.gif --> www.nering.com.pe /public_html/depas/menudepas menudepas_r1_c1.gif
2007.05.04 17:46 B C:\Documents and Settings\User\Mis documentos\paginas web\torre linda\torrelindafinal07\depas\menudepas\menudepas_r2_c1.gif --> www.nering.com.pe /public_html/depas/menudepas menudepas_r2_c1.gif
2007.05.04 17:46 B C:\Documents and Settings\User\Mis documentos\paginas web\torre linda\torrelindafinal07\depas\menudepas\menudepas_r2_c1_f2.gif --> www.nering.com.pe /public_html/depas/menudepas menudepas_r2_c1_f2.gif
2007.05.04 17:46 B C:\Documents and Settings\User\Mis documentos\paginas web\torre linda\torrelindafinal07\depas\menudepas\menudepas_r2_c1_f3.gif --> www.nering.com.pe /public_html/depas/menudepas menudepas_r2_c1_f3.gif
2007.05.04 17:46 B C:\Documents and Settings\User\Mis documentos\paginas web\torre linda\torrelindafinal07\depas\menudepas\menudepas_r3_c1.gif --> www.nering.com.pe /public_html/depas/menudepas menudepas_r3_c1.gif
2007.05.04 17:46 B C:\Documents and Settings\User\Mis documentos\paginas web\torre linda\torrelindafinal07\depas\menudepas\menudepas_r4_c1.gif --> www.nering.com.pe /public_html/depas/menudepas menudepas_r4_c1.gif
2007.05.04 17:46 B C:\Documents and Settings\User\Mis documentos\paginas web\torre linda\torrelindafinal07\depas\menudepas\menudepas_r4_c1_f2.gif --> www.nering.com.pe /public_html/depas/menudepas menudepas_r4_c1_f2.gif
2007.05.04 17:46 B C:\Documents and Settings\User\Mis documentos\paginas web\torre linda\torrelindafinal07\depas\menudepas\menudepas_r4_c1_f3.gif --> www.nering.com.pe /public_html/depas/menudepas menudepas_r4_c1_f3.gif
2007.05.04 17:46 B C:\Documents and Settings\User\Mis documentos\paginas web\torre linda\torrelindafinal07\depas\menudepas\menudepas_r5_c1.gif --> www.nering.com.pe /public_html/depas/menudepas menudepas_r5_c1.gif
2007.05.04 17:46 B C:\Documents and Settings\User\Mis documentos\paginas web\torre linda\torrelindafinal07\depas\menudepas\menudepas_r6_c1.gif --> www.nering.com.pe /public_html/depas/menudepas menudepas_r6_c1.gif
2007.05.04 17:46 B C:\Documents and Settings\User\Mis documentos\paginas web\torre linda\torrelindafinal07\depas\menudepas\menudepas_r6_c1_f2.gif --> www.nering.com.pe /public_html/depas/menudepas menudepas_r6_c1_f2.gif
2007.05.04 17:46 B C:\Documents and Settings\User\Mis documentos\paginas web\torre linda\torrelindafinal07\depas\menudepas\menudepas_r6_c1_f3.gif --> www.nering.com.pe /public_html/depas/menudepas menudepas_r6_c1_f3.gif
2007.05.04 17:46 B C:\Documents and Settings\User\Mis documentos\paginas web\torre linda\torrelindafinal07\depas\menudepas\menudepas_r7_c1.gif --> www.nering.com.pe /public_html/depas/menudepas menudepas_r7_c1.gif
2007.05.04 17:46 B C:\Documents and Settings\User\Mis documentos\paginas web\torre linda\torrelindafinal07\depas\menudepas\spacer.gif --> www.nering.com.pe /public_html/depas/menudepas spacer.gif
2007.05.04 17:47 B C:\Documents and Settings\User\Mis documentos\paginas web\torre linda\torrelindafinal07\depas\menudepas\menudepas.htm --> www.nering.com.pe /public_html/depas/menudepas menudepas.htm
2007.05.04 17:47 B C:\Documents and Settings\User\Mis documentos\paginas web\torre linda\torrelindafinal07\depas\menudepas\menudepas_r1_c1.gif --> www.nering.com.pe /public_html/depas/menudepas menudepas_r1_c1.gif
2007.05.04 17:47 B C:\Documents and Settings\User\Mis documentos\paginas web\torre linda\torrelindafinal07\depas\menudepas\menudepas_r2_c1.gif --> www.nering.com.pe /public_html/depas/menudepas menudepas_r2_c1.gif
2007.05.04 17:47 B C:\Documents and Settings\User\Mis documentos\paginas web\torre linda\torrelindafinal07\depas\menudepas\menudepas_r2_c1_f2.gif --> www.nering.com.pe /public_html/depas/menudepas menudepas_r2_c1_f2.gif
2007.05.04 17:47 B C:\Documents and Settings\User\Mis documentos\paginas web\torre linda\torrelindafinal07\depas\menudepas\menudepas_r2_c1_f3.gif --> www.nering.com.pe /public_html/depas/menudepas menudepas_r2_c1_f3.gif
2007.05.04 17:47 B C:\Documents and Settings\User\Mis documentos\paginas web\torre linda\torrelindafinal07\depas\menudepas\menudepas_r3_c1.gif --> www.nering.com.pe /public_html/depas/menudepas menudepas_r3_c1.gif
2007.05.04 17:47 B C:\Documents and Settings\User\Mis documentos\paginas web\torre linda\torrelindafinal07\depas\menudepas\menudepas_r4_c1.gif --> www.nering.com.pe /public_html/depas/menudepas menudepas_r4_c1.gif
2007.05.04 17:47 B C:\Documents and Settings\User\Mis documentos\paginas web\torre linda\torrelindafinal07\depas\menudepas\menudepas_r4_c1_f2.gif --> www.nering.com.pe /public_html/depas/menudepas menudepas_r4_c1_f2.gif
2007.05.04 17:47 B C:\Documents and Settings\User\Mis documentos\paginas web\torre linda\torrelindafinal07\depas\menudepas\menudepas_r4_c1_f3.gif --> www.nering.com.pe /public_html/depas/menudepas menudepas_r4_c1_f3.gif
2007.05.04 17:47 B C:\Documents and Settings\User\Mis documentos\paginas web\torre linda\torrelindafinal07\depas\menudepas\menudepas_r5_c1.gif --> www.nering.com.pe /public_html/depas/menudepas menudepas_r5_c1.gif
2007.05.04 17:47 B C:\Documents and Settings\User\Mis documentos\paginas web\torre linda\torrelindafinal07\depas\menudepas\menudepas_r6_c1.gif --> www.nering.com.pe /public_html/depas/menudepas menudepas_r6_c1.gif
2007.05.04 17:47 B C:\Documents and Settings\User\Mis documentos\paginas web\torre linda\torrelindafinal07\depas\menudepas\menudepas_r6_c1_f2.gif --> www.nering.com.pe /public_html/depas/menudepas menudepas_r6_c1_f2.gif
2007.05.04 17:47 B C:\Documents and Settings\User\Mis documentos\paginas web\torre linda\torrelindafinal07\depas\menudepas\menudepas_r6_c1_f3.gif --> www.nering.com.pe /public_html/depas/menudepas menudepas_r6_c1_f3.gif
2007.05.04 17:47 B C:\Documents and Settings\User\Mis documentos\paginas web\torre linda\torrelindafinal07\depas\menudepas\menudepas_r7_c1.gif --> www.nering.com.pe /public_html/depas/menudepas menudepas_r7_c1.gif
2007.05.04 17:47 B C:\Documents and Settings\User\Mis documentos\paginas web\torre linda\torrelindafinal07\depas\menudepas\spacer.gif --> www.nering.com.pe /public_html/depas/menudepas spacer.gif
2007.05.04 18:35 B C:\Documents and Settings\User\Mis documentos\paginas web\torre linda\torrelindafinal07\depas\menudepas\menudepas.htm --> www.nering.com.pe /public_html/depas/menudepas menudepas.htm
2007.05.04 18:35 B C:\Documents and Settings\User\Mis documentos\paginas web\torre linda\torrelindafinal07\depas\menudepas\menudepas_r1_c1.gif --> www.nering.com.pe /public_html/depas/menudepas menudepas_r1_c1.gif
2007.05.04 18:35 B C:\Documents and Settings\User\Mis documentos\paginas web\torre linda\torrelindafinal07\depas\menudepas\menudepas_r2_c1.gif --> www.nering.com.pe /public_html/depas/menudepas menudepas_r2_c1.gif
2007.05.04 18:35 B C:\Documents and Settings\User\Mis documentos\paginas web\torre linda\torrelindafinal07\depas\menudepas\menudepas_r2_c1_f2.gif --> www.nering.com.pe /public_html/depas/menudepas menudepas_r2_c1_f2.gif
2007.05.04 18:35 B C:\Documents and Settings\User\Mis documentos\paginas web\torre linda\torrelindafinal07\depas\menudepas\menudepas_r2_c1_f3.gif --> www.nering.com.pe /public_html/depas/menudepas menudepas_r2_c1_f3.gif
2007.05.04 18:35 B C:\Documents and Settings\User\Mis documentos\paginas web\torre linda\torrelindafinal07\depas\menudepas\menudepas_r3_c1.gif --> www.nering.com.pe /public_html/depas/menudepas menudepas_r3_c1.gif
2007.05.04 18:36 B C:\Documents and Settings\User\Mis documentos\paginas web\torre linda\torrelindafinal07\depas\menudepas\menudepas_r4_c1.gif --> www.nering.com.pe /public_html/depas/menudepas menudepas_r4_c1.gif
2007.05.04 18:36 B C:\Documents and Settings\User\Mis documentos\paginas web\torre linda\torrelindafinal07\depas\menudepas\menudepas_r4_c1_f2.gif --> www.nering.com.pe /public_html/depas/menudepas menudepas_r4_c1_f2.gif
2007.05.04 18:36 B C:\Documents and Settings\User\Mis documentos\paginas web\torre linda\torrelindafinal07\depas\menudepas\menudepas_r4_c1_f3.gif --> www.nering.com.pe /public_html/depas/menudepas menudepas_r4_c1_f3.gif
2007.05.04 18:36 B C:\Documents and Settings\User\Mis documentos\paginas web\torre linda\torrelindafinal07\depas\menudepas\menudepas_r5_c1.gif --> www.nering.com.pe /public_html/depas/menudepas menudepas_r5_c1.gif
2007.05.04 18:36 B C:\Documents and Settings\User\Mis documentos\paginas web\torre linda\torrelindafinal07\depas\menudepas\menudepas_r6_c1.gif --> www.nering.com.pe /public_html/depas/menudepas menudepas_r6_c1.gif
2007.05.04 18:36 B C:\Documents and Settings\User\Mis documentos\paginas web\torre linda\torrelindafinal07\depas\menudepas\menudepas_r6_c1_f2.gif --> www.nering.com.pe /public_html/depas/menudepas menudepas_r6_c1_f2.gif
2007.05.04 18:36 B C:\Documents and Settings\User\Mis documentos\paginas web\torre linda\torrelindafinal07\depas\menudepas\menudepas_r6_c1_f3.gif --> www.nering.com.pe /public_html/depas/menudepas menudepas_r6_c1_f3.gif
2007.05.04 18:36 B C:\Documents and Settings\User\Mis documentos\paginas web\torre linda\torrelindafinal07\depas\menudepas\menudepas_r7_c1.gif --> www.nering.com.pe /public_html/depas/menudepas menudepas_r7_c1.gif
2007.05.04 18:36 B C:\Documents and Settings\User\Mis documentos\paginas web\torre linda\torrelindafinal07\depas\menudepas\spacer.gif --> www.nering.com.pe /public_html/depas/menudepas spacer.gif
2007.05.09 19:34 B C:\Documents and Settings\User\Mis documentos\paginas web\torre linda\torrelindafinal07\depas\menudepas\menudepas.htm --> www.nering.com.pe /public_html/depas/menudepas menudepas.htm
2007.05.09 19:34 B C:\Documents and Settings\User\Mis documentos\paginas web\torre linda\torrelindafinal07\depas\menudepas\menudepas_r1_c1.gif --> www.nering.com.pe /public_html/depas/menudepas menudepas_r1_c1.gif
2007.05.09 19:34 B C:\Documents and Settings\User\Mis documentos\paginas web\torre linda\torrelindafinal07\depas\menudepas\menudepas_r2_c1.gif --> www.nering.com.pe /public_html/depas/menudepas menudepas_r2_c1.gif
2007.05.09 19:34 B C:\Documents and Settings\User\Mis documentos\paginas web\torre linda\torrelindafinal07\depas\menudepas\menudepas_r2_c1_f2.gif --> www.nering.com.pe /public_html/depas/menudepas menudepas_r2_c1_f2.gif
2007.05.09 19:34 B C:\Documents and Settings\User\Mis documentos\paginas web\torre linda\torrelindafinal07\depas\menudepas\menudepas_r2_c1_f3.gif --> www.nering.com.pe /public_html/depas/menudepas menudepas_r2_c1_f3.gif
2007.05.09 19:34 B C:\Documents and Settings\User\Mis documentos\paginas web\torre linda\torrelindafinal07\depas\menudepas\menudepas_r3_c1.gif --> www.nering.com.pe /public_html/depas/menudepas menudepas_r3_c1.gif
2007.05.09 19:34 B C:\Documents and Settings\User\Mis documentos\paginas web\torre linda\torrelindafinal07\depas\menudepas\menudepas_r4_c1.gif --> www.nering.com.pe /public_html/depas/menudepas menudepas_r4_c1.gif
2007.05.09 19:34 B C:\Documents and Settings\User\Mis documentos\paginas web\torre linda\torrelindafinal07\depas\menudepas\menudepas_r4_c1_f2.gif --> www.nering.com.pe /public_html/depas/menudepas menudepas_r4_c1_f2.gif
2007.05.09 19:34 B C:\Documents and Settings\User\Mis documentos\paginas web\torre linda\torrelindafinal07\depas\menudepas\menudepas_r4_c1_f3.gif --> www.nering.com.pe /public_html/depas/menudepas menudepas_r4_c1_f3.gif
2007.05.09 19:34 B C:\Documents and Settings\User\Mis documentos\paginas web\torre linda\torrelindafinal07\depas\menudepas\menudepas_r5_c1.gif --> www.nering.com.pe /public_html/depas/menudepas menudepas_r5_c1.gif
2007.05.09 19:34 B C:\Documents and Settings\User\Mis documentos\paginas web\torre linda\torrelindafinal07\depas\menudepas\menudepas_r6_c1.gif --> www.nering.com.pe /public_html/depas/menudepas menudepas_r6_c1.gif
2007.05.09 19:34 B C:\Documents and Settings\User\Mis documentos\paginas web\torre linda\torrelindafinal07\depas\menudepas\menudepas_r6_c1_f2.gif --> www.nering.com.pe /public_html/depas/menudepas menudepas_r6_c1_f2.gif
2007.05.09 19:34 B C:\Documents and Settings\User\Mis documentos\paginas web\torre linda\torrelindafinal07\depas\menudepas\menudepas_r6_c1_f3.gif --> www.nering.com.pe /public_html/depas/menudepas menudepas_r6_c1_f3.gif
2007.05.09 19:34 B C:\Documents and Settings\User\Mis documentos\paginas web\torre linda\torrelindafinal07\depas\menudepas\menudepas_r7_c1.gif --> www.nering.com.pe /public_html/depas/menudepas menudepas_r7_c1.gif
2007.05.09 19:34 B C:\Documents and Settings\User\Mis documentos\paginas web\torre linda\torrelindafinal07\depas\menudepas\spacer.gif --> www.nering.com.pe /public_html/depas/menudepas spacer.gif
2007.05.09 19:34 B C:\Documents and Settings\User\Mis documentos\paginas web\torre linda\torrelindafinal07\depas\menudepas\Thumbs.db --> www.nering.com.pe /public_html/depas/menudepas Thumbs.db
2007.05.09 19:34 B C:\Documents and Settings\User\Mis documentos\paginas web\torre linda\torrelindafinal07\depas\menudepas\WS_FTP.LOG --> www.nering.com.pe /public_html/depas/menudepas WS_FTP.LOG
2008.01.07 11:35 B C:\Documents and Settings\Yanina\Mis documentos\PAGINAS WEB\torre linda\torrelindafinal07\depas\menudepas\menudepas.htm --> www.nering.net /depas/menudepas menudepas.htm
2008.01.07 11:35 B C:\Documents and Settings\Yanina\Mis documentos\PAGINAS WEB\torre linda\torrelindafinal07\depas\menudepas\menudepas_r1_c1.gif --> www.nering.net /depas/menudepas menudepas_r1_c1.gif
2008.01.07 11:35 B C:\Documents and Settings\Yanina\Mis documentos\PAGINAS WEB\torre linda\torrelindafinal07\depas\menudepas\menudepas_r2_c1.gif --> www.nering.net /depas/menudepas menudepas_r2_c1.gif
2008.01.07 11:35 B C:\Documents and Settings\Yanina\Mis documentos\PAGINAS WEB\torre linda\torrelindafinal07\depas\menudepas\menudepas_r2_c1_f2.gif --> www.nering.net /depas/menudepas menudepas_r2_c1_f2.gif
2008.01.07 11:35 B C:\Documents and Settings\Yanina\Mis documentos\PAGINAS WEB\torre linda\torrelindafinal07\depas\menudepas\menudepas_r2_c1_f3.gif --> www.nering.net /depas/menudepas menudepas_r2_c1_f3.gif
2008.01.07 11:35 B C:\Documents and Settings\Yanina\Mis documentos\PAGINAS WEB\torre linda\torrelindafinal07\depas\menudepas\menudepas_r3_c1.gif --> www.nering.net /depas/menudepas menudepas_r3_c1.gif
2008.01.07 11:35 B C:\Documents and Settings\Yanina\Mis documentos\PAGINAS WEB\torre linda\torrelindafinal07\depas\menudepas\menudepas_r4_c1.gif --> www.nering.net /depas/menudepas menudepas_r4_c1.gif
2008.01.07 11:35 B C:\Documents and Settings\Yanina\Mis documentos\PAGINAS WEB\torre linda\torrelindafinal07\depas\menudepas\menudepas_r4_c1_f2.gif --> www.nering.net /depas/menudepas menudepas_r4_c1_f2.gif
2008.01.07 11:35 B C:\Documents and Settings\Yanina\Mis documentos\PAGINAS WEB\torre linda\torrelindafinal07\depas\menudepas\menudepas_r4_c1_f3.gif --> www.nering.net /depas/menudepas menudepas_r4_c1_f3.gif
2008.01.07 11:35 B C:\Documents and Settings\Yanina\Mis documentos\PAGINAS WEB\torre linda\torrelindafinal07\depas\menudepas\menudepas_r5_c1.gif --> www.nering.net /depas/menudepas menudepas_r5_c1.gif
2008.01.07 11:35 B C:\Documents and Settings\Yanina\Mis documentos\PAGINAS WEB\torre linda\torrelindafinal07\depas\menudepas\menudepas_r6_c1.gif --> www.nering.net /depas/menudepas menudepas_r6_c1.gif
2008.01.07 11:35 B C:\Documents and Settings\Yanina\Mis documentos\PAGINAS WEB\torre linda\torrelindafinal07\depas\menudepas\menudepas_r6_c1_f2.gif --> www.nering.net /depas/menudepas menudepas_r6_c1_f2.gif
2008.01.07 11:35 B C:\Documents and Settings\Yanina\Mis documentos\PAGINAS WEB\torre linda\torrelindafinal07\depas\menudepas\menudepas_r6_c1_f3.gif --> www.nering.net /depas/menudepas menudepas_r6_c1_f3.gif
2008.01.07 11:35 B C:\Documents and Settings\Yanina\Mis documentos\PAGINAS WEB\torre linda\torrelindafinal07\depas\menudepas\menudepas_r7_c1.gif --> www.nering.net /depas/menudepas menudepas_r7_c1.gif
2008.01.07 11:35 B C:\Documents and Settings\Yanina\Mis documentos\PAGINAS WEB\torre linda\torrelindafinal07\depas\menudepas\spacer.gif --> www.nering.net /depas/menudepas spacer.gif
2008.01.07 11:35 B C:\Documents and Settings\Yanina\Mis documentos\PAGINAS WEB\torre linda\torrelindafinal07\depas\menudepas\Thumbs.db --> www.nering.net /depas/menudepas Thumbs.db
