2006.11.07 07:21 B C:\Documents and Settings\User\Mis documentos\paginas web\nering\torre linda\torrelindafinal\titulo\departamentos.gif --> www.ggmdesign.com /public_html/proyectos/torrelinda/titulo departamentos.gif
2006.11.07 07:21 B C:\Documents and Settings\User\Mis documentos\paginas web\nering\torre linda\torrelindafinal\titulo\informacion.gif --> www.ggmdesign.com /public_html/proyectos/torrelinda/titulo informacion.gif
2006.11.07 07:21 B C:\Documents and Settings\User\Mis documentos\paginas web\nering\torre linda\torrelindafinal\titulo\plantas.gif --> www.ggmdesign.com /public_html/proyectos/torrelinda/titulo plantas.gif
2006.11.07 07:21 B C:\Documents and Settings\User\Mis documentos\paginas web\nering\torre linda\torrelindafinal\titulo\Thumbs.db --> www.ggmdesign.com /public_html/proyectos/torrelinda/titulo Thumbs.db
2006.11.07 07:21 B C:\Documents and Settings\User\Mis documentos\paginas web\nering\torre linda\torrelindafinal\titulo\ubicacion.gif --> www.ggmdesign.com /public_html/proyectos/torrelinda/titulo ubicacion.gif
2006.11.20 08:49 B C:\Documents and Settings\User\Mis documentos\paginas web\nering\torre linda\torrelindafinal\titulo\buscaun proyecto.gif --> www.ggmdesign.com /public_html/proyectos/torrelinda/titulo buscaun proyecto.gif
2006.11.20 08:49 B C:\Documents and Settings\User\Mis documentos\paginas web\nering\torre linda\torrelindafinal\titulo\calculocostos.gif --> www.ggmdesign.com /public_html/proyectos/torrelinda/titulo calculocostos.gif
2006.11.20 08:49 B C:\Documents and Settings\User\Mis documentos\paginas web\nering\torre linda\torrelindafinal\titulo\contacto.gif --> www.ggmdesign.com /public_html/proyectos/torrelinda/titulo contacto.gif
2006.11.20 08:49 B C:\Documents and Settings\User\Mis documentos\paginas web\nering\torre linda\torrelindafinal\titulo\diseñopredefinido.gif --> www.ggmdesign.com /public_html/proyectos/torrelinda/titulo diseñopredefinido.gif
2006.11.20 08:49 B C:\Documents and Settings\User\Mis documentos\paginas web\nering\torre linda\torrelindafinal\titulo\encargotramites.gif --> www.ggmdesign.com /public_html/proyectos/torrelinda/titulo encargotramites.gif
2006.11.20 08:49 B C:\Documents and Settings\User\Mis documentos\paginas web\nering\torre linda\torrelindafinal\titulo\especiftecnicas.gif --> www.ggmdesign.com /public_html/proyectos/torrelinda/titulo especiftecnicas.gif
2006.11.20 08:49 B C:\Documents and Settings\User\Mis documentos\paginas web\nering\torre linda\torrelindafinal\titulo\proyectosmedida1.gif --> www.ggmdesign.com /public_html/proyectos/torrelinda/titulo proyectosmedida1.gif
2006.11.20 08:50 B C:\Documents and Settings\User\Mis documentos\paginas web\nering\torre linda\torrelindafinal\titulo\proyectosmedida2.gif --> www.ggmdesign.com /public_html/proyectos/torrelinda/titulo proyectosmedida2.gif
2006.11.20 08:50 B C:\Documents and Settings\User\Mis documentos\paginas web\nering\torre linda\torrelindafinal\titulo\servicios.gif --> www.ggmdesign.com /public_html/proyectos/torrelinda/titulo servicios.gif
2006.11.20 08:50 B C:\Documents and Settings\User\Mis documentos\paginas web\nering\torre linda\torrelindafinal\titulo\Thumbs.db --> www.ggmdesign.com /public_html/proyectos/torrelinda/titulo Thumbs.db
2006.11.20 08:50 B C:\Documents and Settings\User\Mis documentos\paginas web\nering\torre linda\torrelindafinal\titulo\WS_FTP.LOG --> www.ggmdesign.com /public_html/proyectos/torrelinda/titulo WS_FTP.LOG
2006.12.14 13:29 B C:\Documents and Settings\User\Mis documentos\paginas web\nering\torre linda\torrelindafinal\titulo\buscaun proyecto.gif --> www.ggmdesign.com /public_html/proyectos/torrelindafinal/titulo buscaun proyecto.gif
2006.12.14 13:29 B C:\Documents and Settings\User\Mis documentos\paginas web\nering\torre linda\torrelindafinal\titulo\calculocostos.gif --> www.ggmdesign.com /public_html/proyectos/torrelindafinal/titulo calculocostos.gif
2006.12.14 13:29 B C:\Documents and Settings\User\Mis documentos\paginas web\nering\torre linda\torrelindafinal\titulo\contacto.gif --> www.ggmdesign.com /public_html/proyectos/torrelindafinal/titulo contacto.gif
2006.12.14 13:29 B C:\Documents and Settings\User\Mis documentos\paginas web\nering\torre linda\torrelindafinal\titulo\departamentos.gif --> www.ggmdesign.com /public_html/proyectos/torrelindafinal/titulo departamentos.gif
2006.12.14 13:29 B C:\Documents and Settings\User\Mis documentos\paginas web\nering\torre linda\torrelindafinal\titulo\diseñopredefinido.gif --> www.ggmdesign.com /public_html/proyectos/torrelindafinal/titulo diseñopredefinido.gif
2006.12.14 13:29 B C:\Documents and Settings\User\Mis documentos\paginas web\nering\torre linda\torrelindafinal\titulo\encargotramites.gif --> www.ggmdesign.com /public_html/proyectos/torrelindafinal/titulo encargotramites.gif
2006.12.14 13:29 B C:\Documents and Settings\User\Mis documentos\paginas web\nering\torre linda\torrelindafinal\titulo\especiftecnicas.gif --> www.ggmdesign.com /public_html/proyectos/torrelindafinal/titulo especiftecnicas.gif
2006.12.14 13:29 B C:\Documents and Settings\User\Mis documentos\paginas web\nering\torre linda\torrelindafinal\titulo\informacion.gif --> www.ggmdesign.com /public_html/proyectos/torrelindafinal/titulo informacion.gif
2006.12.14 13:29 B C:\Documents and Settings\User\Mis documentos\paginas web\nering\torre linda\torrelindafinal\titulo\plantas.gif --> www.ggmdesign.com /public_html/proyectos/torrelindafinal/titulo plantas.gif
2006.12.14 13:29 B C:\Documents and Settings\User\Mis documentos\paginas web\nering\torre linda\torrelindafinal\titulo\precios.gif --> www.ggmdesign.com /public_html/proyectos/torrelindafinal/titulo precios.gif
2006.12.14 13:29 B C:\Documents and Settings\User\Mis documentos\paginas web\nering\torre linda\torrelindafinal\titulo\proyectosmedida1.gif --> www.ggmdesign.com /public_html/proyectos/torrelindafinal/titulo proyectosmedida1.gif
2006.12.14 13:29 B C:\Documents and Settings\User\Mis documentos\paginas web\nering\torre linda\torrelindafinal\titulo\proyectosmedida2.gif --> www.ggmdesign.com /public_html/proyectos/torrelindafinal/titulo proyectosmedida2.gif
2006.12.14 13:29 B C:\Documents and Settings\User\Mis documentos\paginas web\nering\torre linda\torrelindafinal\titulo\servicios.gif --> www.ggmdesign.com /public_html/proyectos/torrelindafinal/titulo servicios.gif
2006.12.14 13:30 B C:\Documents and Settings\User\Mis documentos\paginas web\nering\torre linda\torrelindafinal\titulo\Thumbs.db --> www.ggmdesign.com /public_html/proyectos/torrelindafinal/titulo Thumbs.db
2006.12.14 13:30 B C:\Documents and Settings\User\Mis documentos\paginas web\nering\torre linda\torrelindafinal\titulo\ubicacion.gif --> www.ggmdesign.com /public_html/proyectos/torrelindafinal/titulo ubicacion.gif
2006.12.14 13:30 B C:\Documents and Settings\User\Mis documentos\paginas web\nering\torre linda\torrelindafinal\titulo\WS_FTP.LOG --> www.ggmdesign.com /public_html/proyectos/torrelindafinal/titulo WS_FTP.LOG
2006.12.17 10:52 B C:\Documents and Settings\User\Mis documentos\paginas web\nering\torre linda\torrelindafinal\titulo\buscaun proyecto.gif --> www.nering.com.pe /public_html/titulo buscaun proyecto.gif
2006.12.17 10:52 B C:\Documents and Settings\User\Mis documentos\paginas web\nering\torre linda\torrelindafinal\titulo\calculocostos.gif --> www.nering.com.pe /public_html/titulo calculocostos.gif
2006.12.17 10:52 B C:\Documents and Settings\User\Mis documentos\paginas web\nering\torre linda\torrelindafinal\titulo\contacto.gif --> www.nering.com.pe /public_html/titulo contacto.gif
2006.12.17 10:52 B C:\Documents and Settings\User\Mis documentos\paginas web\nering\torre linda\torrelindafinal\titulo\departamentos.gif --> www.nering.com.pe /public_html/titulo departamentos.gif
2006.12.17 10:52 B C:\Documents and Settings\User\Mis documentos\paginas web\nering\torre linda\torrelindafinal\titulo\diseñopredefinido.gif --> www.nering.com.pe /public_html/titulo diseñopredefinido.gif
2006.12.17 10:52 B C:\Documents and Settings\User\Mis documentos\paginas web\nering\torre linda\torrelindafinal\titulo\encargotramites.gif --> www.nering.com.pe /public_html/titulo encargotramites.gif
2006.12.17 10:52 B C:\Documents and Settings\User\Mis documentos\paginas web\nering\torre linda\torrelindafinal\titulo\especiftecnicas.gif --> www.nering.com.pe /public_html/titulo especiftecnicas.gif
2006.12.17 10:52 B C:\Documents and Settings\User\Mis documentos\paginas web\nering\torre linda\torrelindafinal\titulo\informacion.gif --> www.nering.com.pe /public_html/titulo informacion.gif
2006.12.17 10:52 B C:\Documents and Settings\User\Mis documentos\paginas web\nering\torre linda\torrelindafinal\titulo\plantas.gif --> www.nering.com.pe /public_html/titulo plantas.gif
2006.12.17 10:52 B C:\Documents and Settings\User\Mis documentos\paginas web\nering\torre linda\torrelindafinal\titulo\precios.gif --> www.nering.com.pe /public_html/titulo precios.gif
2006.12.17 10:52 B C:\Documents and Settings\User\Mis documentos\paginas web\nering\torre linda\torrelindafinal\titulo\proyectosmedida1.gif --> www.nering.com.pe /public_html/titulo proyectosmedida1.gif
2006.12.17 10:52 B C:\Documents and Settings\User\Mis documentos\paginas web\nering\torre linda\torrelindafinal\titulo\proyectosmedida2.gif --> www.nering.com.pe /public_html/titulo proyectosmedida2.gif
2006.12.17 10:52 B C:\Documents and Settings\User\Mis documentos\paginas web\nering\torre linda\torrelindafinal\titulo\servicios.gif --> www.nering.com.pe /public_html/titulo servicios.gif
2006.12.17 10:52 B C:\Documents and Settings\User\Mis documentos\paginas web\nering\torre linda\torrelindafinal\titulo\Thumbs.db --> www.nering.com.pe /public_html/titulo Thumbs.db
2006.12.17 10:52 B C:\Documents and Settings\User\Mis documentos\paginas web\nering\torre linda\torrelindafinal\titulo\ubicacion.gif --> www.nering.com.pe /public_html/titulo ubicacion.gif
2006.12.17 10:52 B C:\Documents and Settings\User\Mis documentos\paginas web\nering\torre linda\torrelindafinal\titulo\WS_FTP.LOG --> www.nering.com.pe /public_html/titulo WS_FTP.LOG
2007.01.22 09:03 B C:\Documents and Settings\User\Mis documentos\paginas web\nering\torre linda\torrelindafinal\titulo\enlaces.gif --> www.nering.com.pe /public_html/titulo enlaces.gif
2007.01.22 09:24 B C:\Documents and Settings\User\Mis documentos\paginas web\nering\torre linda\torrelindafinal\titulo\recomendar.gif --> www.nering.com.pe /public_html/titulo recomendar.gif
2007.05.03 11:01 B C:\Documents and Settings\User\Mis documentos\paginas web\torre linda\torrelindafinal07\titulo\avancevideos.gif --> www.nering.com.pe /public_html/titulo avancevideos.gif
2007.05.04 10:51 B C:\Documents and Settings\User\Mis documentos\paginas web\torre linda\torrelindafinal07\titulo\caracteristicas.gif --> www.nering.com.pe /public_html/titulo caracteristicas.gif
2007.05.05 09:02 B C:\Documents and Settings\User\Mis documentos\paginas web\torre linda\torrelindafinal07\titulo\avancevideos.gif --> www.nering.com.pe /public_html/titulo avancevideos.gif
2007.05.05 09:02 B C:\Documents and Settings\User\Mis documentos\paginas web\torre linda\torrelindafinal07\titulo\buscaun proyecto.gif --> www.nering.com.pe /public_html/titulo buscaun proyecto.gif
2007.05.05 09:02 B C:\Documents and Settings\User\Mis documentos\paginas web\torre linda\torrelindafinal07\titulo\calculocostos.gif --> www.nering.com.pe /public_html/titulo calculocostos.gif
2007.05.05 09:02 B C:\Documents and Settings\User\Mis documentos\paginas web\torre linda\torrelindafinal07\titulo\caracteristicas.gif --> www.nering.com.pe /public_html/titulo caracteristicas.gif
2007.05.05 09:02 B C:\Documents and Settings\User\Mis documentos\paginas web\torre linda\torrelindafinal07\titulo\contacto.gif --> www.nering.com.pe /public_html/titulo contacto.gif
2007.05.05 09:02 B C:\Documents and Settings\User\Mis documentos\paginas web\torre linda\torrelindafinal07\titulo\departamentos.gif --> www.nering.com.pe /public_html/titulo departamentos.gif
2007.05.05 09:02 B C:\Documents and Settings\User\Mis documentos\paginas web\torre linda\torrelindafinal07\titulo\diseñopredefinido.gif --> www.nering.com.pe /public_html/titulo diseñopredefinido.gif
2007.05.05 09:02 B C:\Documents and Settings\User\Mis documentos\paginas web\torre linda\torrelindafinal07\titulo\encargotramites.gif --> www.nering.com.pe /public_html/titulo encargotramites.gif
2007.05.05 09:02 B C:\Documents and Settings\User\Mis documentos\paginas web\torre linda\torrelindafinal07\titulo\enlaces.gif --> www.nering.com.pe /public_html/titulo enlaces.gif
2007.05.05 09:02 B C:\Documents and Settings\User\Mis documentos\paginas web\torre linda\torrelindafinal07\titulo\especiftecnicas.gif --> www.nering.com.pe /public_html/titulo especiftecnicas.gif
2007.05.05 09:02 B C:\Documents and Settings\User\Mis documentos\paginas web\torre linda\torrelindafinal07\titulo\informacion.gif --> www.nering.com.pe /public_html/titulo informacion.gif
2007.05.05 09:02 B C:\Documents and Settings\User\Mis documentos\paginas web\torre linda\torrelindafinal07\titulo\informaciongeneral.gif --> www.nering.com.pe /public_html/titulo informaciongeneral.gif
2007.05.05 09:02 B C:\Documents and Settings\User\Mis documentos\paginas web\torre linda\torrelindafinal07\titulo\modelos.gif --> www.nering.com.pe /public_html/titulo modelos.gif
2007.05.05 09:02 B C:\Documents and Settings\User\Mis documentos\paginas web\torre linda\torrelindafinal07\titulo\planos.gif --> www.nering.com.pe /public_html/titulo planos.gif
2007.05.05 09:02 B C:\Documents and Settings\User\Mis documentos\paginas web\torre linda\torrelindafinal07\titulo\plantas.gif --> www.nering.com.pe /public_html/titulo plantas.gif
2007.05.05 09:02 B C:\Documents and Settings\User\Mis documentos\paginas web\torre linda\torrelindafinal07\titulo\precios.gif --> www.nering.com.pe /public_html/titulo precios.gif
2007.05.05 09:02 B C:\Documents and Settings\User\Mis documentos\paginas web\torre linda\torrelindafinal07\titulo\proyectosmedida1.gif --> www.nering.com.pe /public_html/titulo proyectosmedida1.gif
2007.05.05 09:02 B C:\Documents and Settings\User\Mis documentos\paginas web\torre linda\torrelindafinal07\titulo\proyectosmedida2.gif --> www.nering.com.pe /public_html/titulo proyectosmedida2.gif
2007.05.05 09:02 B C:\Documents and Settings\User\Mis documentos\paginas web\torre linda\torrelindafinal07\titulo\recomendar.gif --> www.nering.com.pe /public_html/titulo recomendar.gif
2007.05.05 09:02 B C:\Documents and Settings\User\Mis documentos\paginas web\torre linda\torrelindafinal07\titulo\servicios.gif --> www.nering.com.pe /public_html/titulo servicios.gif
2007.05.05 09:02 B C:\Documents and Settings\User\Mis documentos\paginas web\torre linda\torrelindafinal07\titulo\ubicacion.gif --> www.nering.com.pe /public_html/titulo ubicacion.gif
2007.05.09 19:20 B C:\Documents and Settings\User\Mis documentos\paginas web\torre linda\torrelindafinal07\titulo\avancevideos.gif --> www.nering.com.pe /public_html/titulo avancevideos.gif
2007.05.09 19:20 B C:\Documents and Settings\User\Mis documentos\paginas web\torre linda\torrelindafinal07\titulo\buscaun proyecto.gif --> www.nering.com.pe /public_html/titulo buscaun proyecto.gif
2007.05.09 19:20 B C:\Documents and Settings\User\Mis documentos\paginas web\torre linda\torrelindafinal07\titulo\calculocostos.gif --> www.nering.com.pe /public_html/titulo calculocostos.gif
2007.05.09 19:20 B C:\Documents and Settings\User\Mis documentos\paginas web\torre linda\torrelindafinal07\titulo\caracteristicas.gif --> www.nering.com.pe /public_html/titulo caracteristicas.gif
2007.05.09 19:20 B C:\Documents and Settings\User\Mis documentos\paginas web\torre linda\torrelindafinal07\titulo\contacto.gif --> www.nering.com.pe /public_html/titulo contacto.gif
2007.05.09 19:20 B C:\Documents and Settings\User\Mis documentos\paginas web\torre linda\torrelindafinal07\titulo\departamentos.gif --> www.nering.com.pe /public_html/titulo departamentos.gif
2007.05.09 19:20 B C:\Documents and Settings\User\Mis documentos\paginas web\torre linda\torrelindafinal07\titulo\diseñopredefinido.gif --> www.nering.com.pe /public_html/titulo diseñopredefinido.gif
2007.05.09 19:20 B C:\Documents and Settings\User\Mis documentos\paginas web\torre linda\torrelindafinal07\titulo\encargotramites.gif --> www.nering.com.pe /public_html/titulo encargotramites.gif
2007.05.09 19:20 B C:\Documents and Settings\User\Mis documentos\paginas web\torre linda\torrelindafinal07\titulo\enlaces.gif --> www.nering.com.pe /public_html/titulo enlaces.gif
2007.05.09 19:20 B C:\Documents and Settings\User\Mis documentos\paginas web\torre linda\torrelindafinal07\titulo\especiftecnicas.gif --> www.nering.com.pe /public_html/titulo especiftecnicas.gif
2007.05.09 19:20 B C:\Documents and Settings\User\Mis documentos\paginas web\torre linda\torrelindafinal07\titulo\informacion.gif --> www.nering.com.pe /public_html/titulo informacion.gif
2007.05.09 19:20 B C:\Documents and Settings\User\Mis documentos\paginas web\torre linda\torrelindafinal07\titulo\informaciongeneral.gif --> www.nering.com.pe /public_html/titulo informaciongeneral.gif
2007.05.09 19:20 B C:\Documents and Settings\User\Mis documentos\paginas web\torre linda\torrelindafinal07\titulo\modelos.gif --> www.nering.com.pe /public_html/titulo modelos.gif
2007.05.09 19:20 B C:\Documents and Settings\User\Mis documentos\paginas web\torre linda\torrelindafinal07\titulo\planos.gif --> www.nering.com.pe /public_html/titulo planos.gif
2007.05.09 19:20 B C:\Documents and Settings\User\Mis documentos\paginas web\torre linda\torrelindafinal07\titulo\plantas.gif --> www.nering.com.pe /public_html/titulo plantas.gif
2007.05.09 19:20 B C:\Documents and Settings\User\Mis documentos\paginas web\torre linda\torrelindafinal07\titulo\precios.gif --> www.nering.com.pe /public_html/titulo precios.gif
2007.05.09 19:20 B C:\Documents and Settings\User\Mis documentos\paginas web\torre linda\torrelindafinal07\titulo\proyectosmedida1.gif --> www.nering.com.pe /public_html/titulo proyectosmedida1.gif
2007.05.09 19:20 B C:\Documents and Settings\User\Mis documentos\paginas web\torre linda\torrelindafinal07\titulo\proyectosmedida2.gif --> www.nering.com.pe /public_html/titulo proyectosmedida2.gif
2007.05.09 19:20 B C:\Documents and Settings\User\Mis documentos\paginas web\torre linda\torrelindafinal07\titulo\recomendar.gif --> www.nering.com.pe /public_html/titulo recomendar.gif
2007.05.09 19:20 B C:\Documents and Settings\User\Mis documentos\paginas web\torre linda\torrelindafinal07\titulo\servicios.gif --> www.nering.com.pe /public_html/titulo servicios.gif
2007.05.09 19:20 B C:\Documents and Settings\User\Mis documentos\paginas web\torre linda\torrelindafinal07\titulo\ubicacion.gif --> www.nering.com.pe /public_html/titulo ubicacion.gif
2007.05.09 19:54 B C:\Documents and Settings\User\Mis documentos\paginas web\torre linda\torrelindafinal07\titulo\avancevideos.gif --> www.nering.com.pe /public_html/titulo avancevideos.gif
2007.05.09 19:54 B C:\Documents and Settings\User\Mis documentos\paginas web\torre linda\torrelindafinal07\titulo\buscaun proyecto.gif --> www.nering.com.pe /public_html/titulo buscaun proyecto.gif
2007.05.09 19:54 B C:\Documents and Settings\User\Mis documentos\paginas web\torre linda\torrelindafinal07\titulo\calculocostos.gif --> www.nering.com.pe /public_html/titulo calculocostos.gif
2007.05.09 19:54 B C:\Documents and Settings\User\Mis documentos\paginas web\torre linda\torrelindafinal07\titulo\caracteristicas.gif --> www.nering.com.pe /public_html/titulo caracteristicas.gif
2007.05.09 19:54 B C:\Documents and Settings\User\Mis documentos\paginas web\torre linda\torrelindafinal07\titulo\contacto.gif --> www.nering.com.pe /public_html/titulo contacto.gif
2007.05.09 19:54 B C:\Documents and Settings\User\Mis documentos\paginas web\torre linda\torrelindafinal07\titulo\departamentos.gif --> www.nering.com.pe /public_html/titulo departamentos.gif
2007.05.09 19:54 B C:\Documents and Settings\User\Mis documentos\paginas web\torre linda\torrelindafinal07\titulo\diseñopredefinido.gif --> www.nering.com.pe /public_html/titulo diseñopredefinido.gif
2007.05.09 19:54 B C:\Documents and Settings\User\Mis documentos\paginas web\torre linda\torrelindafinal07\titulo\encargotramites.gif --> www.nering.com.pe /public_html/titulo encargotramites.gif
2007.05.09 19:54 B C:\Documents and Settings\User\Mis documentos\paginas web\torre linda\torrelindafinal07\titulo\enlaces.gif --> www.nering.com.pe /public_html/titulo enlaces.gif
2007.05.09 19:54 B C:\Documents and Settings\User\Mis documentos\paginas web\torre linda\torrelindafinal07\titulo\especiftecnicas.gif --> www.nering.com.pe /public_html/titulo especiftecnicas.gif
2007.05.09 19:54 B C:\Documents and Settings\User\Mis documentos\paginas web\torre linda\torrelindafinal07\titulo\informacion.gif --> www.nering.com.pe /public_html/titulo informacion.gif
2007.05.09 19:54 B C:\Documents and Settings\User\Mis documentos\paginas web\torre linda\torrelindafinal07\titulo\informaciongeneral.gif --> www.nering.com.pe /public_html/titulo informaciongeneral.gif
2007.05.09 19:54 B C:\Documents and Settings\User\Mis documentos\paginas web\torre linda\torrelindafinal07\titulo\modelos.gif --> www.nering.com.pe /public_html/titulo modelos.gif
2007.05.09 19:54 B C:\Documents and Settings\User\Mis documentos\paginas web\torre linda\torrelindafinal07\titulo\planos.gif --> www.nering.com.pe /public_html/titulo planos.gif
2007.05.09 19:54 B C:\Documents and Settings\User\Mis documentos\paginas web\torre linda\torrelindafinal07\titulo\plantas.gif --> www.nering.com.pe /public_html/titulo plantas.gif
2007.05.09 19:54 B C:\Documents and Settings\User\Mis documentos\paginas web\torre linda\torrelindafinal07\titulo\precios.gif --> www.nering.com.pe /public_html/titulo precios.gif
2007.05.09 19:54 B C:\Documents and Settings\User\Mis documentos\paginas web\torre linda\torrelindafinal07\titulo\proyectosmedida1.gif --> www.nering.com.pe /public_html/titulo proyectosmedida1.gif
2007.05.09 19:54 B C:\Documents and Settings\User\Mis documentos\paginas web\torre linda\torrelindafinal07\titulo\proyectosmedida2.gif --> www.nering.com.pe /public_html/titulo proyectosmedida2.gif
2007.05.09 19:54 B C:\Documents and Settings\User\Mis documentos\paginas web\torre linda\torrelindafinal07\titulo\recomendar.gif --> www.nering.com.pe /public_html/titulo recomendar.gif
2007.05.09 19:54 B C:\Documents and Settings\User\Mis documentos\paginas web\torre linda\torrelindafinal07\titulo\servicios.gif --> www.nering.com.pe /public_html/titulo servicios.gif
2007.05.09 19:54 B C:\Documents and Settings\User\Mis documentos\paginas web\torre linda\torrelindafinal07\titulo\ubicacion.gif --> www.nering.com.pe /public_html/titulo ubicacion.gif
2007.05.18 08:26 B C:\Documents and Settings\User\Mis documentos\paginas web\torre linda\torrelindafinal07\titulo\avancevideos.gif --> www.nering.com.pe /public_html/titulo avancevideos.gif
2007.05.18 08:26 B C:\Documents and Settings\User\Mis documentos\paginas web\torre linda\torrelindafinal07\titulo\buscaun proyecto.gif --> www.nering.com.pe /public_html/titulo buscaun proyecto.gif
2007.05.18 08:26 B C:\Documents and Settings\User\Mis documentos\paginas web\torre linda\torrelindafinal07\titulo\calculocostos.gif --> www.nering.com.pe /public_html/titulo calculocostos.gif
2007.05.18 08:26 B C:\Documents and Settings\User\Mis documentos\paginas web\torre linda\torrelindafinal07\titulo\caracteristicas.gif --> www.nering.com.pe /public_html/titulo caracteristicas.gif
2007.05.18 08:26 B C:\Documents and Settings\User\Mis documentos\paginas web\torre linda\torrelindafinal07\titulo\contacto.gif --> www.nering.com.pe /public_html/titulo contacto.gif
2007.05.18 08:26 B C:\Documents and Settings\User\Mis documentos\paginas web\torre linda\torrelindafinal07\titulo\departamentos.gif --> www.nering.com.pe /public_html/titulo departamentos.gif
2007.05.18 08:26 B C:\Documents and Settings\User\Mis documentos\paginas web\torre linda\torrelindafinal07\titulo\diseñopredefinido.gif --> www.nering.com.pe /public_html/titulo diseñopredefinido.gif
2007.05.18 08:26 B C:\Documents and Settings\User\Mis documentos\paginas web\torre linda\torrelindafinal07\titulo\encargotramites.gif --> www.nering.com.pe /public_html/titulo encargotramites.gif
2007.05.18 08:26 B C:\Documents and Settings\User\Mis documentos\paginas web\torre linda\torrelindafinal07\titulo\enlaces.gif --> www.nering.com.pe /public_html/titulo enlaces.gif
2007.05.18 08:26 B C:\Documents and Settings\User\Mis documentos\paginas web\torre linda\torrelindafinal07\titulo\especiftecnicas.gif --> www.nering.com.pe /public_html/titulo especiftecnicas.gif
2007.05.18 08:26 B C:\Documents and Settings\User\Mis documentos\paginas web\torre linda\torrelindafinal07\titulo\informacion.gif --> www.nering.com.pe /public_html/titulo informacion.gif
2007.05.18 08:26 B C:\Documents and Settings\User\Mis documentos\paginas web\torre linda\torrelindafinal07\titulo\informaciongeneral.gif --> www.nering.com.pe /public_html/titulo informaciongeneral.gif
2007.05.18 08:26 B C:\Documents and Settings\User\Mis documentos\paginas web\torre linda\torrelindafinal07\titulo\modelos.gif --> www.nering.com.pe /public_html/titulo modelos.gif
2007.05.18 08:26 B C:\Documents and Settings\User\Mis documentos\paginas web\torre linda\torrelindafinal07\titulo\planos.gif --> www.nering.com.pe /public_html/titulo planos.gif
2007.05.18 08:26 B C:\Documents and Settings\User\Mis documentos\paginas web\torre linda\torrelindafinal07\titulo\plantas.gif --> www.nering.com.pe /public_html/titulo plantas.gif
2007.05.18 08:26 B C:\Documents and Settings\User\Mis documentos\paginas web\torre linda\torrelindafinal07\titulo\precios.gif --> www.nering.com.pe /public_html/titulo precios.gif
2007.05.18 08:26 B C:\Documents and Settings\User\Mis documentos\paginas web\torre linda\torrelindafinal07\titulo\proyectosmedida1.gif --> www.nering.com.pe /public_html/titulo proyectosmedida1.gif
2007.05.18 08:27 B C:\Documents and Settings\User\Mis documentos\paginas web\torre linda\torrelindafinal07\titulo\proyectosmedida2.gif --> www.nering.com.pe /public_html/titulo proyectosmedida2.gif
2007.05.18 08:27 B C:\Documents and Settings\User\Mis documentos\paginas web\torre linda\torrelindafinal07\titulo\recomendar.gif --> www.nering.com.pe /public_html/titulo recomendar.gif
2007.05.18 08:27 B C:\Documents and Settings\User\Mis documentos\paginas web\torre linda\torrelindafinal07\titulo\servicios.gif --> www.nering.com.pe /public_html/titulo servicios.gif
2007.05.18 08:27 B C:\Documents and Settings\User\Mis documentos\paginas web\torre linda\torrelindafinal07\titulo\ubicacion.gif --> www.nering.com.pe /public_html/titulo ubicacion.gif
2008.01.07 11:48 B C:\Documents and Settings\Yanina\Mis documentos\PAGINAS WEB\torre linda\torrelindafinal07\titulo\avancevideos.gif --> www.nering.net /titulo avancevideos.gif
2008.01.07 11:48 B C:\Documents and Settings\Yanina\Mis documentos\PAGINAS WEB\torre linda\torrelindafinal07\titulo\buscaun proyecto.gif --> www.nering.net /titulo buscaun proyecto.gif
2008.01.07 11:48 B C:\Documents and Settings\Yanina\Mis documentos\PAGINAS WEB\torre linda\torrelindafinal07\titulo\calculocostos.gif --> www.nering.net /titulo calculocostos.gif
2008.01.07 11:48 B C:\Documents and Settings\Yanina\Mis documentos\PAGINAS WEB\torre linda\torrelindafinal07\titulo\caracteristicas.gif --> www.nering.net /titulo caracteristicas.gif
2008.01.07 11:48 B C:\Documents and Settings\Yanina\Mis documentos\PAGINAS WEB\torre linda\torrelindafinal07\titulo\contacto.gif --> www.nering.net /titulo contacto.gif
2008.01.07 11:48 B C:\Documents and Settings\Yanina\Mis documentos\PAGINAS WEB\torre linda\torrelindafinal07\titulo\departamentos.gif --> www.nering.net /titulo departamentos.gif
2008.01.07 11:48 B C:\Documents and Settings\Yanina\Mis documentos\PAGINAS WEB\torre linda\torrelindafinal07\titulo\diseñopredefinido.gif --> www.nering.net /titulo diseñopredefinido.gif
2008.01.07 11:48 B C:\Documents and Settings\Yanina\Mis documentos\PAGINAS WEB\torre linda\torrelindafinal07\titulo\encargotramites.gif --> www.nering.net /titulo encargotramites.gif
2008.01.07 11:48 B C:\Documents and Settings\Yanina\Mis documentos\PAGINAS WEB\torre linda\torrelindafinal07\titulo\enlaces.gif --> www.nering.net /titulo enlaces.gif
2008.01.07 11:48 B C:\Documents and Settings\Yanina\Mis documentos\PAGINAS WEB\torre linda\torrelindafinal07\titulo\especiftecnicas.gif --> www.nering.net /titulo especiftecnicas.gif
2008.01.07 11:48 B C:\Documents and Settings\Yanina\Mis documentos\PAGINAS WEB\torre linda\torrelindafinal07\titulo\informacion.gif --> www.nering.net /titulo informacion.gif
2008.01.07 11:48 B C:\Documents and Settings\Yanina\Mis documentos\PAGINAS WEB\torre linda\torrelindafinal07\titulo\informaciongeneral.gif --> www.nering.net /titulo informaciongeneral.gif
2008.01.07 11:48 B C:\Documents and Settings\Yanina\Mis documentos\PAGINAS WEB\torre linda\torrelindafinal07\titulo\modelos.gif --> www.nering.net /titulo modelos.gif
2008.01.07 11:48 B C:\Documents and Settings\Yanina\Mis documentos\PAGINAS WEB\torre linda\torrelindafinal07\titulo\planos.gif --> www.nering.net /titulo planos.gif
2008.01.07 11:48 B C:\Documents and Settings\Yanina\Mis documentos\PAGINAS WEB\torre linda\torrelindafinal07\titulo\plantas.gif --> www.nering.net /titulo plantas.gif
2008.01.07 11:48 B C:\Documents and Settings\Yanina\Mis documentos\PAGINAS WEB\torre linda\torrelindafinal07\titulo\precios.gif --> www.nering.net /titulo precios.gif
2008.01.07 11:48 B C:\Documents and Settings\Yanina\Mis documentos\PAGINAS WEB\torre linda\torrelindafinal07\titulo\proyectosmedida1.gif --> www.nering.net /titulo proyectosmedida1.gif
2008.01.07 11:48 B C:\Documents and Settings\Yanina\Mis documentos\PAGINAS WEB\torre linda\torrelindafinal07\titulo\proyectosmedida2.gif --> www.nering.net /titulo proyectosmedida2.gif
2008.01.07 11:48 B C:\Documents and Settings\Yanina\Mis documentos\PAGINAS WEB\torre linda\torrelindafinal07\titulo\recomendar.gif --> www.nering.net /titulo recomendar.gif
2008.01.07 11:48 B C:\Documents and Settings\Yanina\Mis documentos\PAGINAS WEB\torre linda\torrelindafinal07\titulo\servicios.gif --> www.nering.net /titulo servicios.gif
2008.01.07 11:48 B C:\Documents and Settings\Yanina\Mis documentos\PAGINAS WEB\torre linda\torrelindafinal07\titulo\Thumbs.db --> www.nering.net /titulo Thumbs.db
2008.01.07 11:48 B C:\Documents and Settings\Yanina\Mis documentos\PAGINAS WEB\torre linda\torrelindafinal07\titulo\ubicacion.gif --> www.nering.net /titulo ubicacion.gif
