2006.11.20 08:53 B C:\Documents and Settings\User\Mis documentos\paginas web\nering\torre linda\torrelindafinal\contacto\_notes\menucontacto_r1_c1.gif.mno --> www.ggmdesign.com /public_html/proyectos/torrelinda/contacto/_notes menucontacto_r1_c1.gif.mno
2006.11.20 08:53 B C:\Documents and Settings\User\Mis documentos\paginas web\nering\torre linda\torrelindafinal\contacto\_notes\menucontacto_r2_c1.gif.mno --> www.ggmdesign.com /public_html/proyectos/torrelinda/contacto/_notes menucontacto_r2_c1.gif.mno
2006.11.20 08:53 B C:\Documents and Settings\User\Mis documentos\paginas web\nering\torre linda\torrelindafinal\contacto\_notes\menucontacto_r2_c1_f2.gif.mno --> www.ggmdesign.com /public_html/proyectos/torrelinda/contacto/_notes menucontacto_r2_c1_f2.gif.mno
2006.11.20 08:53 B C:\Documents and Settings\User\Mis documentos\paginas web\nering\torre linda\torrelindafinal\contacto\_notes\menucontacto_r2_c1_f3.gif.mno --> www.ggmdesign.com /public_html/proyectos/torrelinda/contacto/_notes menucontacto_r2_c1_f3.gif.mno
2006.11.20 08:53 B C:\Documents and Settings\User\Mis documentos\paginas web\nering\torre linda\torrelindafinal\contacto\_notes\menucontacto_r3_c1.gif.mno --> www.ggmdesign.com /public_html/proyectos/torrelinda/contacto/_notes menucontacto_r3_c1.gif.mno
2006.11.20 08:53 B C:\Documents and Settings\User\Mis documentos\paginas web\nering\torre linda\torrelindafinal\contacto\_notes\menucontacto_r4_c1.gif.mno --> www.ggmdesign.com /public_html/proyectos/torrelinda/contacto/_notes menucontacto_r4_c1.gif.mno
2006.11.20 08:53 B C:\Documents and Settings\User\Mis documentos\paginas web\nering\torre linda\torrelindafinal\contacto\_notes\menucontacto_r4_c1_f2.gif.mno --> www.ggmdesign.com /public_html/proyectos/torrelinda/contacto/_notes menucontacto_r4_c1_f2.gif.mno
2006.11.20 08:53 B C:\Documents and Settings\User\Mis documentos\paginas web\nering\torre linda\torrelindafinal\contacto\_notes\menucontacto_r4_c1_f3.gif.mno --> www.ggmdesign.com /public_html/proyectos/torrelinda/contacto/_notes menucontacto_r4_c1_f3.gif.mno
2006.11.20 08:53 B C:\Documents and Settings\User\Mis documentos\paginas web\nering\torre linda\torrelindafinal\contacto\_notes\menucontacto_r5_c1.gif.mno --> www.ggmdesign.com /public_html/proyectos/torrelinda/contacto/_notes menucontacto_r5_c1.gif.mno
2006.11.20 08:53 B C:\Documents and Settings\User\Mis documentos\paginas web\nering\torre linda\torrelindafinal\contacto\_notes\menucontacto_r6_c1.gif.mno --> www.ggmdesign.com /public_html/proyectos/torrelinda/contacto/_notes menucontacto_r6_c1.gif.mno
2006.11.20 08:53 B C:\Documents and Settings\User\Mis documentos\paginas web\nering\torre linda\torrelindafinal\contacto\_notes\menucontacto_r6_c1_f2.gif.mno --> www.ggmdesign.com /public_html/proyectos/torrelinda/contacto/_notes menucontacto_r6_c1_f2.gif.mno
2006.11.20 08:53 B C:\Documents and Settings\User\Mis documentos\paginas web\nering\torre linda\torrelindafinal\contacto\_notes\menucontacto_r6_c1_f3.gif.mno --> www.ggmdesign.com /public_html/proyectos/torrelinda/contacto/_notes menucontacto_r6_c1_f3.gif.mno
2006.11.20 08:53 B C:\Documents and Settings\User\Mis documentos\paginas web\nering\torre linda\torrelindafinal\contacto\_notes\menucontacto_r7_c1.gif.mno --> www.ggmdesign.com /public_html/proyectos/torrelinda/contacto/_notes menucontacto_r7_c1.gif.mno
2006.12.14 11:55 B C:\Documents and Settings\User\Mis documentos\paginas web\nering\torre linda\torrelindafinal\contacto\_notes\menucontacto_r1_c1.gif.mno --> www.ggmdesign.com /public_html/proyectos/torrelindafinal/contacto/_notes menucontacto_r1_c1.gif.mno
2006.12.14 11:55 B C:\Documents and Settings\User\Mis documentos\paginas web\nering\torre linda\torrelindafinal\contacto\_notes\menucontacto_r2_c1.gif.mno --> www.ggmdesign.com /public_html/proyectos/torrelindafinal/contacto/_notes menucontacto_r2_c1.gif.mno
2006.12.14 11:55 B C:\Documents and Settings\User\Mis documentos\paginas web\nering\torre linda\torrelindafinal\contacto\_notes\menucontacto_r2_c1_f2.gif.mno --> www.ggmdesign.com /public_html/proyectos/torrelindafinal/contacto/_notes menucontacto_r2_c1_f2.gif.mno
2006.12.14 11:56 B C:\Documents and Settings\User\Mis documentos\paginas web\nering\torre linda\torrelindafinal\contacto\_notes\menucontacto_r2_c1_f3.gif.mno --> www.ggmdesign.com /public_html/proyectos/torrelindafinal/contacto/_notes menucontacto_r2_c1_f3.gif.mno
2006.12.14 11:56 B C:\Documents and Settings\User\Mis documentos\paginas web\nering\torre linda\torrelindafinal\contacto\_notes\menucontacto_r3_c1.gif.mno --> www.ggmdesign.com /public_html/proyectos/torrelindafinal/contacto/_notes menucontacto_r3_c1.gif.mno
2006.12.14 11:56 B C:\Documents and Settings\User\Mis documentos\paginas web\nering\torre linda\torrelindafinal\contacto\_notes\menucontacto_r4_c1.gif.mno --> www.ggmdesign.com /public_html/proyectos/torrelindafinal/contacto/_notes menucontacto_r4_c1.gif.mno
2006.12.14 11:56 B C:\Documents and Settings\User\Mis documentos\paginas web\nering\torre linda\torrelindafinal\contacto\_notes\menucontacto_r4_c1_f2.gif.mno --> www.ggmdesign.com /public_html/proyectos/torrelindafinal/contacto/_notes menucontacto_r4_c1_f2.gif.mno
2006.12.14 11:56 B C:\Documents and Settings\User\Mis documentos\paginas web\nering\torre linda\torrelindafinal\contacto\_notes\menucontacto_r4_c1_f3.gif.mno --> www.ggmdesign.com /public_html/proyectos/torrelindafinal/contacto/_notes menucontacto_r4_c1_f3.gif.mno
2006.12.14 11:57 B C:\Documents and Settings\User\Mis documentos\paginas web\nering\torre linda\torrelindafinal\contacto\_notes\menucontacto_r5_c1.gif.mno --> www.ggmdesign.com /public_html/proyectos/torrelindafinal/contacto/_notes menucontacto_r5_c1.gif.mno
2006.12.14 11:57 B C:\Documents and Settings\User\Mis documentos\paginas web\nering\torre linda\torrelindafinal\contacto\_notes\menucontacto_r6_c1.gif.mno --> www.ggmdesign.com /public_html/proyectos/torrelindafinal/contacto/_notes menucontacto_r6_c1.gif.mno
2006.12.14 11:57 B C:\Documents and Settings\User\Mis documentos\paginas web\nering\torre linda\torrelindafinal\contacto\_notes\menucontacto_r6_c1_f2.gif.mno --> www.ggmdesign.com /public_html/proyectos/torrelindafinal/contacto/_notes menucontacto_r6_c1_f2.gif.mno
2006.12.14 11:57 B C:\Documents and Settings\User\Mis documentos\paginas web\nering\torre linda\torrelindafinal\contacto\_notes\menucontacto_r6_c1_f3.gif.mno --> www.ggmdesign.com /public_html/proyectos/torrelindafinal/contacto/_notes menucontacto_r6_c1_f3.gif.mno
2006.12.14 11:57 B C:\Documents and Settings\User\Mis documentos\paginas web\nering\torre linda\torrelindafinal\contacto\_notes\menucontacto_r7_c1.gif.mno --> www.ggmdesign.com /public_html/proyectos/torrelindafinal/contacto/_notes menucontacto_r7_c1.gif.mno
2006.12.14 11:57 B C:\Documents and Settings\User\Mis documentos\paginas web\nering\torre linda\torrelindafinal\contacto\_notes\WS_FTP.LOG --> www.ggmdesign.com /public_html/proyectos/torrelindafinal/contacto/_notes WS_FTP.LOG
2006.12.17 10:29 B C:\Documents and Settings\User\Mis documentos\paginas web\nering\torre linda\torrelindafinal\contacto\_notes\menucontacto_r1_c1.gif.mno --> www.nering.com.pe /public_html/contacto/_notes menucontacto_r1_c1.gif.mno
2006.12.17 10:29 B C:\Documents and Settings\User\Mis documentos\paginas web\nering\torre linda\torrelindafinal\contacto\_notes\menucontacto_r2_c1.gif.mno --> www.nering.com.pe /public_html/contacto/_notes menucontacto_r2_c1.gif.mno
2006.12.17 10:29 B C:\Documents and Settings\User\Mis documentos\paginas web\nering\torre linda\torrelindafinal\contacto\_notes\menucontacto_r2_c1_f2.gif.mno --> www.nering.com.pe /public_html/contacto/_notes menucontacto_r2_c1_f2.gif.mno
2006.12.17 10:29 B C:\Documents and Settings\User\Mis documentos\paginas web\nering\torre linda\torrelindafinal\contacto\_notes\menucontacto_r2_c1_f3.gif.mno --> www.nering.com.pe /public_html/contacto/_notes menucontacto_r2_c1_f3.gif.mno
2006.12.17 10:29 B C:\Documents and Settings\User\Mis documentos\paginas web\nering\torre linda\torrelindafinal\contacto\_notes\menucontacto_r3_c1.gif.mno --> www.nering.com.pe /public_html/contacto/_notes menucontacto_r3_c1.gif.mno
2006.12.17 10:29 B C:\Documents and Settings\User\Mis documentos\paginas web\nering\torre linda\torrelindafinal\contacto\_notes\menucontacto_r4_c1.gif.mno --> www.nering.com.pe /public_html/contacto/_notes menucontacto_r4_c1.gif.mno
2006.12.17 10:29 B C:\Documents and Settings\User\Mis documentos\paginas web\nering\torre linda\torrelindafinal\contacto\_notes\menucontacto_r4_c1_f2.gif.mno --> www.nering.com.pe /public_html/contacto/_notes menucontacto_r4_c1_f2.gif.mno
2006.12.17 10:29 B C:\Documents and Settings\User\Mis documentos\paginas web\nering\torre linda\torrelindafinal\contacto\_notes\menucontacto_r4_c1_f3.gif.mno --> www.nering.com.pe /public_html/contacto/_notes menucontacto_r4_c1_f3.gif.mno
2006.12.17 10:29 B C:\Documents and Settings\User\Mis documentos\paginas web\nering\torre linda\torrelindafinal\contacto\_notes\menucontacto_r5_c1.gif.mno --> www.nering.com.pe /public_html/contacto/_notes menucontacto_r5_c1.gif.mno
2006.12.17 10:29 B C:\Documents and Settings\User\Mis documentos\paginas web\nering\torre linda\torrelindafinal\contacto\_notes\menucontacto_r6_c1.gif.mno --> www.nering.com.pe /public_html/contacto/_notes menucontacto_r6_c1.gif.mno
2006.12.17 10:29 B C:\Documents and Settings\User\Mis documentos\paginas web\nering\torre linda\torrelindafinal\contacto\_notes\menucontacto_r6_c1_f2.gif.mno --> www.nering.com.pe /public_html/contacto/_notes menucontacto_r6_c1_f2.gif.mno
2006.12.17 10:29 B C:\Documents and Settings\User\Mis documentos\paginas web\nering\torre linda\torrelindafinal\contacto\_notes\menucontacto_r6_c1_f3.gif.mno --> www.nering.com.pe /public_html/contacto/_notes menucontacto_r6_c1_f3.gif.mno
2006.12.17 10:29 B C:\Documents and Settings\User\Mis documentos\paginas web\nering\torre linda\torrelindafinal\contacto\_notes\menucontacto_r7_c1.gif.mno --> www.nering.com.pe /public_html/contacto/_notes menucontacto_r7_c1.gif.mno
2006.12.17 10:29 B C:\Documents and Settings\User\Mis documentos\paginas web\nering\torre linda\torrelindafinal\contacto\_notes\WS_FTP.LOG --> www.nering.com.pe /public_html/contacto/_notes WS_FTP.LOG
2008.01.07 11:34 B C:\Documents and Settings\Yanina\Mis documentos\PAGINAS WEB\torre linda\torrelindafinal07\contacto\_notes\menucontacto_r1_c1.gif.mno --> www.nering.net /contacto/_notes menucontacto_r1_c1.gif.mno
2008.01.07 11:34 B C:\Documents and Settings\Yanina\Mis documentos\PAGINAS WEB\torre linda\torrelindafinal07\contacto\_notes\menucontacto_r2_c1.gif.mno --> www.nering.net /contacto/_notes menucontacto_r2_c1.gif.mno
2008.01.07 11:34 B C:\Documents and Settings\Yanina\Mis documentos\PAGINAS WEB\torre linda\torrelindafinal07\contacto\_notes\menucontacto_r2_c1_f2.gif.mno --> www.nering.net /contacto/_notes menucontacto_r2_c1_f2.gif.mno
2008.01.07 11:34 B C:\Documents and Settings\Yanina\Mis documentos\PAGINAS WEB\torre linda\torrelindafinal07\contacto\_notes\menucontacto_r2_c1_f3.gif.mno --> www.nering.net /contacto/_notes menucontacto_r2_c1_f3.gif.mno
2008.01.07 11:34 B C:\Documents and Settings\Yanina\Mis documentos\PAGINAS WEB\torre linda\torrelindafinal07\contacto\_notes\menucontacto_r3_c1.gif.mno --> www.nering.net /contacto/_notes menucontacto_r3_c1.gif.mno
2008.01.07 11:34 B C:\Documents and Settings\Yanina\Mis documentos\PAGINAS WEB\torre linda\torrelindafinal07\contacto\_notes\menucontacto_r4_c1.gif.mno --> www.nering.net /contacto/_notes menucontacto_r4_c1.gif.mno
2008.01.07 11:34 B C:\Documents and Settings\Yanina\Mis documentos\PAGINAS WEB\torre linda\torrelindafinal07\contacto\_notes\menucontacto_r4_c1_f2.gif.mno --> www.nering.net /contacto/_notes menucontacto_r4_c1_f2.gif.mno
2008.01.07 11:34 B C:\Documents and Settings\Yanina\Mis documentos\PAGINAS WEB\torre linda\torrelindafinal07\contacto\_notes\menucontacto_r4_c1_f3.gif.mno --> www.nering.net /contacto/_notes menucontacto_r4_c1_f3.gif.mno
2008.01.07 11:34 B C:\Documents and Settings\Yanina\Mis documentos\PAGINAS WEB\torre linda\torrelindafinal07\contacto\_notes\menucontacto_r5_c1.gif.mno --> www.nering.net /contacto/_notes menucontacto_r5_c1.gif.mno
2008.01.07 11:35 B C:\Documents and Settings\Yanina\Mis documentos\PAGINAS WEB\torre linda\torrelindafinal07\contacto\_notes\menucontacto_r6_c1.gif.mno --> www.nering.net /contacto/_notes menucontacto_r6_c1.gif.mno
2008.01.07 11:35 B C:\Documents and Settings\Yanina\Mis documentos\PAGINAS WEB\torre linda\torrelindafinal07\contacto\_notes\menucontacto_r6_c1_f2.gif.mno --> www.nering.net /contacto/_notes menucontacto_r6_c1_f2.gif.mno
2008.01.07 11:35 B C:\Documents and Settings\Yanina\Mis documentos\PAGINAS WEB\torre linda\torrelindafinal07\contacto\_notes\menucontacto_r6_c1_f3.gif.mno --> www.nering.net /contacto/_notes menucontacto_r6_c1_f3.gif.mno
2008.01.07 11:35 B C:\Documents and Settings\Yanina\Mis documentos\PAGINAS WEB\torre linda\torrelindafinal07\contacto\_notes\menucontacto_r7_c1.gif.mno --> www.nering.net /contacto/_notes menucontacto_r7_c1.gif.mno
