2006.12.14 12:07 B C:\Documents and Settings\User\Mis documentos\paginas web\nering\torre linda\torrelindafinal\depas\departamentos\detalle\2piso\101b.gif --> www.ggmdesign.com /public_html/proyectos/torrelindafinal/depas/departamentos/detalle/2piso 101b.gif
2006.12.14 12:08 B C:\Documents and Settings\User\Mis documentos\paginas web\nering\torre linda\torrelindafinal\depas\departamentos\detalle\2piso\102b.gif --> www.ggmdesign.com /public_html/proyectos/torrelindafinal/depas/departamentos/detalle/2piso 102b.gif
2006.12.14 12:08 B C:\Documents and Settings\User\Mis documentos\paginas web\nering\torre linda\torrelindafinal\depas\departamentos\detalle\2piso\201.gif --> www.ggmdesign.com /public_html/proyectos/torrelindafinal/depas/departamentos/detalle/2piso 201.gif
2006.12.14 12:08 B C:\Documents and Settings\User\Mis documentos\paginas web\nering\torre linda\torrelindafinal\depas\departamentos\detalle\2piso\201.htm --> www.ggmdesign.com /public_html/proyectos/torrelindafinal/depas/departamentos/detalle/2piso 201.htm
2006.12.14 12:08 B C:\Documents and Settings\User\Mis documentos\paginas web\nering\torre linda\torrelindafinal\depas\departamentos\detalle\2piso\202.gif --> www.ggmdesign.com /public_html/proyectos/torrelindafinal/depas/departamentos/detalle/2piso 202.gif
2006.12.14 12:09 B C:\Documents and Settings\User\Mis documentos\paginas web\nering\torre linda\torrelindafinal\depas\departamentos\detalle\2piso\202.htm --> www.ggmdesign.com /public_html/proyectos/torrelindafinal/depas/departamentos/detalle/2piso 202.htm
2006.12.14 12:09 B C:\Documents and Settings\User\Mis documentos\paginas web\nering\torre linda\torrelindafinal\depas\departamentos\detalle\2piso\duplex101b.htm --> www.ggmdesign.com /public_html/proyectos/torrelindafinal/depas/departamentos/detalle/2piso duplex101b.htm
2006.12.14 12:09 B C:\Documents and Settings\User\Mis documentos\paginas web\nering\torre linda\torrelindafinal\depas\departamentos\detalle\2piso\duplex102b.htm --> www.ggmdesign.com /public_html/proyectos/torrelindafinal/depas/departamentos/detalle/2piso duplex102b.htm
2006.12.17 10:34 B C:\Documents and Settings\User\Mis documentos\paginas web\nering\torre linda\torrelindafinal\depas\departamentos\detalle\2piso\101b.gif --> www.nering.com.pe /public_html/depas/departamentos/detalle/2piso 101b.gif
2006.12.17 10:34 B C:\Documents and Settings\User\Mis documentos\paginas web\nering\torre linda\torrelindafinal\depas\departamentos\detalle\2piso\102b.gif --> www.nering.com.pe /public_html/depas/departamentos/detalle/2piso 102b.gif
2006.12.17 10:34 B C:\Documents and Settings\User\Mis documentos\paginas web\nering\torre linda\torrelindafinal\depas\departamentos\detalle\2piso\201.gif --> www.nering.com.pe /public_html/depas/departamentos/detalle/2piso 201.gif
2006.12.17 10:34 B C:\Documents and Settings\User\Mis documentos\paginas web\nering\torre linda\torrelindafinal\depas\departamentos\detalle\2piso\201.htm --> www.nering.com.pe /public_html/depas/departamentos/detalle/2piso 201.htm
2006.12.17 10:34 B C:\Documents and Settings\User\Mis documentos\paginas web\nering\torre linda\torrelindafinal\depas\departamentos\detalle\2piso\202.gif --> www.nering.com.pe /public_html/depas/departamentos/detalle/2piso 202.gif
2006.12.17 10:34 B C:\Documents and Settings\User\Mis documentos\paginas web\nering\torre linda\torrelindafinal\depas\departamentos\detalle\2piso\202.htm --> www.nering.com.pe /public_html/depas/departamentos/detalle/2piso 202.htm
2006.12.17 10:34 B C:\Documents and Settings\User\Mis documentos\paginas web\nering\torre linda\torrelindafinal\depas\departamentos\detalle\2piso\duplex101b.htm --> www.nering.com.pe /public_html/depas/departamentos/detalle/2piso duplex101b.htm
2006.12.17 10:34 B C:\Documents and Settings\User\Mis documentos\paginas web\nering\torre linda\torrelindafinal\depas\departamentos\detalle\2piso\duplex102b.htm --> www.nering.com.pe /public_html/depas/departamentos/detalle/2piso duplex102b.htm
2006.12.17 10:34 B C:\Documents and Settings\User\Mis documentos\paginas web\nering\torre linda\torrelindafinal\depas\departamentos\detalle\2piso\WS_FTP.LOG --> www.nering.com.pe /public_html/depas/departamentos/detalle/2piso WS_FTP.LOG
2007.05.09 19:38 B C:\Documents and Settings\User\Mis documentos\paginas web\torre linda\torrelindafinal07\depas\planos\detalle\2piso\101b.gif --> www.nering.com.pe /public_html/depas/planos/detalle/2piso 101b.gif
2007.05.09 19:38 B C:\Documents and Settings\User\Mis documentos\paginas web\torre linda\torrelindafinal07\depas\planos\detalle\2piso\102b.gif --> www.nering.com.pe /public_html/depas/planos/detalle/2piso 102b.gif
2007.05.09 19:38 B C:\Documents and Settings\User\Mis documentos\paginas web\torre linda\torrelindafinal07\depas\planos\detalle\2piso\201.gif --> www.nering.com.pe /public_html/depas/planos/detalle/2piso 201.gif
2007.05.09 19:38 B C:\Documents and Settings\User\Mis documentos\paginas web\torre linda\torrelindafinal07\depas\planos\detalle\2piso\201.htm --> www.nering.com.pe /public_html/depas/planos/detalle/2piso 201.htm
2007.05.09 19:38 B C:\Documents and Settings\User\Mis documentos\paginas web\torre linda\torrelindafinal07\depas\planos\detalle\2piso\202.gif --> www.nering.com.pe /public_html/depas/planos/detalle/2piso 202.gif
2007.05.09 19:38 B C:\Documents and Settings\User\Mis documentos\paginas web\torre linda\torrelindafinal07\depas\planos\detalle\2piso\202.htm --> www.nering.com.pe /public_html/depas/planos/detalle/2piso 202.htm
2007.05.09 19:38 B C:\Documents and Settings\User\Mis documentos\paginas web\torre linda\torrelindafinal07\depas\planos\detalle\2piso\duplex101b.htm --> www.nering.com.pe /public_html/depas/planos/detalle/2piso duplex101b.htm
2007.05.09 19:38 B C:\Documents and Settings\User\Mis documentos\paginas web\torre linda\torrelindafinal07\depas\planos\detalle\2piso\duplex102b.htm --> www.nering.com.pe /public_html/depas/planos/detalle/2piso duplex102b.htm
2007.05.09 19:38 B C:\Documents and Settings\User\Mis documentos\paginas web\torre linda\torrelindafinal07\depas\planos\detalle\2piso\Thumbs.db --> www.nering.com.pe /public_html/depas/planos/detalle/2piso Thumbs.db
2007.05.09 19:38 B C:\Documents and Settings\User\Mis documentos\paginas web\torre linda\torrelindafinal07\depas\planos\detalle\2piso\WS_FTP.LOG --> www.nering.com.pe /public_html/depas/planos/detalle/2piso WS_FTP.LOG
2007.05.09 21:24 B C:\Documents and Settings\User\Mis documentos\paginas web\torre linda\torrelindafinal07\depas\planos\detalle\2piso\101b.gif --> www.nering.com.pe /public_html/depas/planos/detalle/2piso 101b.gif
2007.05.09 21:24 B C:\Documents and Settings\User\Mis documentos\paginas web\torre linda\torrelindafinal07\depas\planos\detalle\2piso\102b.gif --> www.nering.com.pe /public_html/depas/planos/detalle/2piso 102b.gif
2007.05.09 21:24 B C:\Documents and Settings\User\Mis documentos\paginas web\torre linda\torrelindafinal07\depas\planos\detalle\2piso\201.gif --> www.nering.com.pe /public_html/depas/planos/detalle/2piso 201.gif
2007.05.09 21:24 B C:\Documents and Settings\User\Mis documentos\paginas web\torre linda\torrelindafinal07\depas\planos\detalle\2piso\201.htm --> www.nering.com.pe /public_html/depas/planos/detalle/2piso 201.htm
2007.05.09 21:24 B C:\Documents and Settings\User\Mis documentos\paginas web\torre linda\torrelindafinal07\depas\planos\detalle\2piso\202.gif --> www.nering.com.pe /public_html/depas/planos/detalle/2piso 202.gif
2007.05.09 21:24 B C:\Documents and Settings\User\Mis documentos\paginas web\torre linda\torrelindafinal07\depas\planos\detalle\2piso\202.htm --> www.nering.com.pe /public_html/depas/planos/detalle/2piso 202.htm
2007.05.09 21:24 B C:\Documents and Settings\User\Mis documentos\paginas web\torre linda\torrelindafinal07\depas\planos\detalle\2piso\duplex101b.htm --> www.nering.com.pe /public_html/depas/planos/detalle/2piso duplex101b.htm
2007.05.09 21:24 B C:\Documents and Settings\User\Mis documentos\paginas web\torre linda\torrelindafinal07\depas\planos\detalle\2piso\duplex102b.htm --> www.nering.com.pe /public_html/depas/planos/detalle/2piso duplex102b.htm
2007.05.17 11:01 B C:\Documents and Settings\User\Mis documentos\paginas web\torre linda\torrelindafinal07\depas\planos\detalle\2piso\101b.gif --> www.nering.com.pe /public_html/depas/planos/detalle/2piso 101b.gif
2007.05.17 11:01 B C:\Documents and Settings\User\Mis documentos\paginas web\torre linda\torrelindafinal07\depas\planos\detalle\2piso\102b.gif --> www.nering.com.pe /public_html/depas/planos/detalle/2piso 102b.gif
2007.05.17 11:01 B C:\Documents and Settings\User\Mis documentos\paginas web\torre linda\torrelindafinal07\depas\planos\detalle\2piso\201.gif --> www.nering.com.pe /public_html/depas/planos/detalle/2piso 201.gif
2007.05.17 11:01 B C:\Documents and Settings\User\Mis documentos\paginas web\torre linda\torrelindafinal07\depas\planos\detalle\2piso\201.htm --> www.nering.com.pe /public_html/depas/planos/detalle/2piso 201.htm
2007.05.17 11:01 B C:\Documents and Settings\User\Mis documentos\paginas web\torre linda\torrelindafinal07\depas\planos\detalle\2piso\202.gif --> www.nering.com.pe /public_html/depas/planos/detalle/2piso 202.gif
2007.05.17 11:01 B C:\Documents and Settings\User\Mis documentos\paginas web\torre linda\torrelindafinal07\depas\planos\detalle\2piso\202.htm --> www.nering.com.pe /public_html/depas/planos/detalle/2piso 202.htm
2007.05.17 11:01 B C:\Documents and Settings\User\Mis documentos\paginas web\torre linda\torrelindafinal07\depas\planos\detalle\2piso\duplex101b.htm --> www.nering.com.pe /public_html/depas/planos/detalle/2piso duplex101b.htm
2007.05.17 11:01 B C:\Documents and Settings\User\Mis documentos\paginas web\torre linda\torrelindafinal07\depas\planos\detalle\2piso\duplex102b.htm --> www.nering.com.pe /public_html/depas/planos/detalle/2piso duplex102b.htm
2008.01.07 11:38 B C:\Documents and Settings\Yanina\Mis documentos\PAGINAS WEB\torre linda\torrelindafinal07\depas\planos\detalle\2piso\101b.gif --> www.nering.net /depas/planos/detalle/2piso 101b.gif
2008.01.07 11:38 B C:\Documents and Settings\Yanina\Mis documentos\PAGINAS WEB\torre linda\torrelindafinal07\depas\planos\detalle\2piso\102b.gif --> www.nering.net /depas/planos/detalle/2piso 102b.gif
2008.01.07 11:38 B C:\Documents and Settings\Yanina\Mis documentos\PAGINAS WEB\torre linda\torrelindafinal07\depas\planos\detalle\2piso\201.gif --> www.nering.net /depas/planos/detalle/2piso 201.gif
2008.01.07 11:38 B C:\Documents and Settings\Yanina\Mis documentos\PAGINAS WEB\torre linda\torrelindafinal07\depas\planos\detalle\2piso\201.htm --> www.nering.net /depas/planos/detalle/2piso 201.htm
2008.01.07 11:38 B C:\Documents and Settings\Yanina\Mis documentos\PAGINAS WEB\torre linda\torrelindafinal07\depas\planos\detalle\2piso\202.gif --> www.nering.net /depas/planos/detalle/2piso 202.gif
2008.01.07 11:38 B C:\Documents and Settings\Yanina\Mis documentos\PAGINAS WEB\torre linda\torrelindafinal07\depas\planos\detalle\2piso\202.htm --> www.nering.net /depas/planos/detalle/2piso 202.htm
2008.01.07 11:38 B C:\Documents and Settings\Yanina\Mis documentos\PAGINAS WEB\torre linda\torrelindafinal07\depas\planos\detalle\2piso\duplex101b.htm --> www.nering.net /depas/planos/detalle/2piso duplex101b.htm
2008.01.07 11:38 B C:\Documents and Settings\Yanina\Mis documentos\PAGINAS WEB\torre linda\torrelindafinal07\depas\planos\detalle\2piso\duplex102b.htm --> www.nering.net /depas/planos/detalle/2piso duplex102b.htm
2008.01.07 11:38 B C:\Documents and Settings\Yanina\Mis documentos\PAGINAS WEB\torre linda\torrelindafinal07\depas\planos\detalle\2piso\Thumbs.db --> www.nering.net /depas/planos/detalle/2piso Thumbs.db
