2006.12.14 12:11 B C:\Documents and Settings\User\Mis documentos\paginas web\nering\torre linda\torrelindafinal\depas\departamentos\detalle\pares\impar2bduplex.gif --> www.ggmdesign.com /public_html/proyectos/torrelindafinal/depas/departamentos/detalle/pares impar2bduplex.gif
2006.12.14 12:11 B C:\Documents and Settings\User\Mis documentos\paginas web\nering\torre linda\torrelindafinal\depas\departamentos\detalle\pares\impar2bduplex.htm --> www.ggmdesign.com /public_html/proyectos/torrelindafinal/depas/departamentos/detalle/pares impar2bduplex.htm
2006.12.14 12:12 B C:\Documents and Settings\User\Mis documentos\paginas web\nering\torre linda\torrelindafinal\depas\departamentos\detalle\pares\pares1.gif --> www.ggmdesign.com /public_html/proyectos/torrelindafinal/depas/departamentos/detalle/pares pares1.gif
2006.12.14 12:12 B C:\Documents and Settings\User\Mis documentos\paginas web\nering\torre linda\torrelindafinal\depas\departamentos\detalle\pares\pares1.htm --> www.ggmdesign.com /public_html/proyectos/torrelindafinal/depas/departamentos/detalle/pares pares1.htm
2006.12.14 12:13 B C:\Documents and Settings\User\Mis documentos\paginas web\nering\torre linda\torrelindafinal\depas\departamentos\detalle\pares\pares2.gif --> www.ggmdesign.com /public_html/proyectos/torrelindafinal/depas/departamentos/detalle/pares pares2.gif
2006.12.14 12:13 B C:\Documents and Settings\User\Mis documentos\paginas web\nering\torre linda\torrelindafinal\depas\departamentos\detalle\pares\pares2.htm --> www.ggmdesign.com /public_html/proyectos/torrelindafinal/depas/departamentos/detalle/pares pares2.htm
2006.12.14 12:14 B C:\Documents and Settings\User\Mis documentos\paginas web\nering\torre linda\torrelindafinal\depas\departamentos\detalle\pares\pares3.gif --> www.ggmdesign.com /public_html/proyectos/torrelindafinal/depas/departamentos/detalle/pares pares3.gif
2006.12.14 12:14 B C:\Documents and Settings\User\Mis documentos\paginas web\nering\torre linda\torrelindafinal\depas\departamentos\detalle\pares\pares3.htm --> www.ggmdesign.com /public_html/proyectos/torrelindafinal/depas/departamentos/detalle/pares pares3.htm
2006.12.17 10:35 B C:\Documents and Settings\User\Mis documentos\paginas web\nering\torre linda\torrelindafinal\depas\departamentos\detalle\pares\impar2bduplex.gif --> www.nering.com.pe /public_html/depas/departamentos/detalle/pares impar2bduplex.gif
2006.12.17 10:35 B C:\Documents and Settings\User\Mis documentos\paginas web\nering\torre linda\torrelindafinal\depas\departamentos\detalle\pares\impar2bduplex.htm --> www.nering.com.pe /public_html/depas/departamentos/detalle/pares impar2bduplex.htm
2006.12.17 10:35 B C:\Documents and Settings\User\Mis documentos\paginas web\nering\torre linda\torrelindafinal\depas\departamentos\detalle\pares\pares1.gif --> www.nering.com.pe /public_html/depas/departamentos/detalle/pares pares1.gif
2006.12.17 10:35 B C:\Documents and Settings\User\Mis documentos\paginas web\nering\torre linda\torrelindafinal\depas\departamentos\detalle\pares\pares1.htm --> www.nering.com.pe /public_html/depas/departamentos/detalle/pares pares1.htm
2006.12.17 10:36 B C:\Documents and Settings\User\Mis documentos\paginas web\nering\torre linda\torrelindafinal\depas\departamentos\detalle\pares\pares2.gif --> www.nering.com.pe /public_html/depas/departamentos/detalle/pares pares2.gif
2006.12.17 10:36 B C:\Documents and Settings\User\Mis documentos\paginas web\nering\torre linda\torrelindafinal\depas\departamentos\detalle\pares\pares2.htm --> www.nering.com.pe /public_html/depas/departamentos/detalle/pares pares2.htm
2006.12.17 10:36 B C:\Documents and Settings\User\Mis documentos\paginas web\nering\torre linda\torrelindafinal\depas\departamentos\detalle\pares\pares3.gif --> www.nering.com.pe /public_html/depas/departamentos/detalle/pares pares3.gif
2006.12.17 10:36 B C:\Documents and Settings\User\Mis documentos\paginas web\nering\torre linda\torrelindafinal\depas\departamentos\detalle\pares\pares3.htm --> www.nering.com.pe /public_html/depas/departamentos/detalle/pares pares3.htm
2006.12.17 10:36 B C:\Documents and Settings\User\Mis documentos\paginas web\nering\torre linda\torrelindafinal\depas\departamentos\detalle\pares\WS_FTP.LOG --> www.nering.com.pe /public_html/depas/departamentos/detalle/pares WS_FTP.LOG
2007.05.09 19:39 B C:\Documents and Settings\User\Mis documentos\paginas web\torre linda\torrelindafinal07\depas\planos\detalle\pares\impar2bduplex.gif --> www.nering.com.pe /public_html/depas/planos/detalle/pares impar2bduplex.gif
2007.05.09 19:39 B C:\Documents and Settings\User\Mis documentos\paginas web\torre linda\torrelindafinal07\depas\planos\detalle\pares\impar2bduplex.htm --> www.nering.com.pe /public_html/depas/planos/detalle/pares impar2bduplex.htm
2007.05.09 19:39 B C:\Documents and Settings\User\Mis documentos\paginas web\torre linda\torrelindafinal07\depas\planos\detalle\pares\pares1.gif --> www.nering.com.pe /public_html/depas/planos/detalle/pares pares1.gif
2007.05.09 19:39 B C:\Documents and Settings\User\Mis documentos\paginas web\torre linda\torrelindafinal07\depas\planos\detalle\pares\pares1.htm --> www.nering.com.pe /public_html/depas/planos/detalle/pares pares1.htm
2007.05.09 19:39 B C:\Documents and Settings\User\Mis documentos\paginas web\torre linda\torrelindafinal07\depas\planos\detalle\pares\pares2.gif --> www.nering.com.pe /public_html/depas/planos/detalle/pares pares2.gif
2007.05.09 19:39 B C:\Documents and Settings\User\Mis documentos\paginas web\torre linda\torrelindafinal07\depas\planos\detalle\pares\pares2.htm --> www.nering.com.pe /public_html/depas/planos/detalle/pares pares2.htm
2007.05.09 19:39 B C:\Documents and Settings\User\Mis documentos\paginas web\torre linda\torrelindafinal07\depas\planos\detalle\pares\pares3.gif --> www.nering.com.pe /public_html/depas/planos/detalle/pares pares3.gif
2007.05.09 19:39 B C:\Documents and Settings\User\Mis documentos\paginas web\torre linda\torrelindafinal07\depas\planos\detalle\pares\pares3.htm --> www.nering.com.pe /public_html/depas/planos/detalle/pares pares3.htm
2007.05.09 19:39 B C:\Documents and Settings\User\Mis documentos\paginas web\torre linda\torrelindafinal07\depas\planos\detalle\pares\Thumbs.db --> www.nering.com.pe /public_html/depas/planos/detalle/pares Thumbs.db
2007.05.09 19:39 B C:\Documents and Settings\User\Mis documentos\paginas web\torre linda\torrelindafinal07\depas\planos\detalle\pares\WS_FTP.LOG --> www.nering.com.pe /public_html/depas/planos/detalle/pares WS_FTP.LOG
2007.05.17 11:04 B C:\Documents and Settings\User\Mis documentos\paginas web\torre linda\torrelindafinal07\depas\planos\detalle\pares\impar2bduplex.gif --> www.nering.com.pe /public_html/depas/planos/detalle/pares impar2bduplex.gif
2007.05.17 11:04 B C:\Documents and Settings\User\Mis documentos\paginas web\torre linda\torrelindafinal07\depas\planos\detalle\pares\impar2bduplex.htm --> www.nering.com.pe /public_html/depas/planos/detalle/pares impar2bduplex.htm
2007.05.17 11:04 B C:\Documents and Settings\User\Mis documentos\paginas web\torre linda\torrelindafinal07\depas\planos\detalle\pares\pares1.gif --> www.nering.com.pe /public_html/depas/planos/detalle/pares pares1.gif
2007.05.17 11:04 B C:\Documents and Settings\User\Mis documentos\paginas web\torre linda\torrelindafinal07\depas\planos\detalle\pares\pares1.htm --> www.nering.com.pe /public_html/depas/planos/detalle/pares pares1.htm
2007.05.17 11:04 B C:\Documents and Settings\User\Mis documentos\paginas web\torre linda\torrelindafinal07\depas\planos\detalle\pares\pares2.gif --> www.nering.com.pe /public_html/depas/planos/detalle/pares pares2.gif
2007.05.17 11:04 B C:\Documents and Settings\User\Mis documentos\paginas web\torre linda\torrelindafinal07\depas\planos\detalle\pares\pares2.htm --> www.nering.com.pe /public_html/depas/planos/detalle/pares pares2.htm
2007.05.17 11:04 B C:\Documents and Settings\User\Mis documentos\paginas web\torre linda\torrelindafinal07\depas\planos\detalle\pares\pares3.gif --> www.nering.com.pe /public_html/depas/planos/detalle/pares pares3.gif
2007.05.17 11:04 B C:\Documents and Settings\User\Mis documentos\paginas web\torre linda\torrelindafinal07\depas\planos\detalle\pares\pares3.htm --> www.nering.com.pe /public_html/depas/planos/detalle/pares pares3.htm
2008.01.07 11:39 B C:\Documents and Settings\Yanina\Mis documentos\PAGINAS WEB\torre linda\torrelindafinal07\depas\planos\detalle\pares\impar2bduplex.gif --> www.nering.net /depas/planos/detalle/pares impar2bduplex.gif
2008.01.07 11:39 B C:\Documents and Settings\Yanina\Mis documentos\PAGINAS WEB\torre linda\torrelindafinal07\depas\planos\detalle\pares\impar2bduplex.htm --> www.nering.net /depas/planos/detalle/pares impar2bduplex.htm
2008.01.07 11:39 B C:\Documents and Settings\Yanina\Mis documentos\PAGINAS WEB\torre linda\torrelindafinal07\depas\planos\detalle\pares\pares1.gif --> www.nering.net /depas/planos/detalle/pares pares1.gif
2008.01.07 11:39 B C:\Documents and Settings\Yanina\Mis documentos\PAGINAS WEB\torre linda\torrelindafinal07\depas\planos\detalle\pares\pares1.htm --> www.nering.net /depas/planos/detalle/pares pares1.htm
2008.01.07 11:39 B C:\Documents and Settings\Yanina\Mis documentos\PAGINAS WEB\torre linda\torrelindafinal07\depas\planos\detalle\pares\pares2.gif --> www.nering.net /depas/planos/detalle/pares pares2.gif
2008.01.07 11:39 B C:\Documents and Settings\Yanina\Mis documentos\PAGINAS WEB\torre linda\torrelindafinal07\depas\planos\detalle\pares\pares2.htm --> www.nering.net /depas/planos/detalle/pares pares2.htm
2008.01.07 11:39 B C:\Documents and Settings\Yanina\Mis documentos\PAGINAS WEB\torre linda\torrelindafinal07\depas\planos\detalle\pares\pares3.gif --> www.nering.net /depas/planos/detalle/pares pares3.gif
2008.01.07 11:39 B C:\Documents and Settings\Yanina\Mis documentos\PAGINAS WEB\torre linda\torrelindafinal07\depas\planos\detalle\pares\pares3.htm --> www.nering.net /depas/planos/detalle/pares pares3.htm
2008.01.07 11:39 B C:\Documents and Settings\Yanina\Mis documentos\PAGINAS WEB\torre linda\torrelindafinal07\depas\planos\detalle\pares\Thumbs.db --> www.nering.net /depas/planos/detalle/pares Thumbs.db
