2007.03.06 11:22 B C:\Documents and Settings\User\Mis documentos\paginas web\nering\torre linda\torrelindafinal\avanceobras\menuavance\menuavance.htm --> www.nering.com.pe /public_html/avanceobras/menuavance menuavance.htm
2007.03.06 11:22 B C:\Documents and Settings\User\Mis documentos\paginas web\nering\torre linda\torrelindafinal\avanceobras\menuavance\menuavance_r1_c1.gif --> www.nering.com.pe /public_html/avanceobras/menuavance menuavance_r1_c1.gif
2007.03.06 11:22 B C:\Documents and Settings\User\Mis documentos\paginas web\nering\torre linda\torrelindafinal\avanceobras\menuavance\menuavance_r2_c1.gif --> www.nering.com.pe /public_html/avanceobras/menuavance menuavance_r2_c1.gif
2007.03.06 11:22 B C:\Documents and Settings\User\Mis documentos\paginas web\nering\torre linda\torrelindafinal\avanceobras\menuavance\menuavance_r2_c1_f2.gif --> www.nering.com.pe /public_html/avanceobras/menuavance menuavance_r2_c1_f2.gif
2007.03.06 11:22 B C:\Documents and Settings\User\Mis documentos\paginas web\nering\torre linda\torrelindafinal\avanceobras\menuavance\menuavance_r2_c1_f3.gif --> www.nering.com.pe /public_html/avanceobras/menuavance menuavance_r2_c1_f3.gif
2007.03.06 11:22 B C:\Documents and Settings\User\Mis documentos\paginas web\nering\torre linda\torrelindafinal\avanceobras\menuavance\menuavance_r3_c1.gif --> www.nering.com.pe /public_html/avanceobras/menuavance menuavance_r3_c1.gif
2007.03.06 11:22 B C:\Documents and Settings\User\Mis documentos\paginas web\nering\torre linda\torrelindafinal\avanceobras\menuavance\menuavance_r4_c1.gif --> www.nering.com.pe /public_html/avanceobras/menuavance menuavance_r4_c1.gif
2007.03.06 11:22 B C:\Documents and Settings\User\Mis documentos\paginas web\nering\torre linda\torrelindafinal\avanceobras\menuavance\menuavance_r4_c1_f2.gif --> www.nering.com.pe /public_html/avanceobras/menuavance menuavance_r4_c1_f2.gif
2007.03.06 11:22 B C:\Documents and Settings\User\Mis documentos\paginas web\nering\torre linda\torrelindafinal\avanceobras\menuavance\menuavance_r4_c1_f3.gif --> www.nering.com.pe /public_html/avanceobras/menuavance menuavance_r4_c1_f3.gif
2007.03.06 11:22 B C:\Documents and Settings\User\Mis documentos\paginas web\nering\torre linda\torrelindafinal\avanceobras\menuavance\menuavance_r5_c1.gif --> www.nering.com.pe /public_html/avanceobras/menuavance menuavance_r5_c1.gif
2007.03.06 11:22 B C:\Documents and Settings\User\Mis documentos\paginas web\nering\torre linda\torrelindafinal\avanceobras\menuavance\spacer.gif --> www.nering.com.pe /public_html/avanceobras/menuavance spacer.gif
2008.01.07 11:33 B C:\Documents and Settings\Yanina\Mis documentos\PAGINAS WEB\torre linda\torrelindafinal07\avanceobras\menuavance\menuavance.htm --> www.nering.net /avanceobras/menuavance menuavance.htm
2008.01.07 11:33 B C:\Documents and Settings\Yanina\Mis documentos\PAGINAS WEB\torre linda\torrelindafinal07\avanceobras\menuavance\menuavance_r1_c1.gif --> www.nering.net /avanceobras/menuavance menuavance_r1_c1.gif
2008.01.07 11:33 B C:\Documents and Settings\Yanina\Mis documentos\PAGINAS WEB\torre linda\torrelindafinal07\avanceobras\menuavance\menuavance_r2_c1.gif --> www.nering.net /avanceobras/menuavance menuavance_r2_c1.gif
2008.01.07 11:33 B C:\Documents and Settings\Yanina\Mis documentos\PAGINAS WEB\torre linda\torrelindafinal07\avanceobras\menuavance\menuavance_r2_c1_f2.gif --> www.nering.net /avanceobras/menuavance menuavance_r2_c1_f2.gif
2008.01.07 11:33 B C:\Documents and Settings\Yanina\Mis documentos\PAGINAS WEB\torre linda\torrelindafinal07\avanceobras\menuavance\menuavance_r2_c1_f3.gif --> www.nering.net /avanceobras/menuavance menuavance_r2_c1_f3.gif
2008.01.07 11:33 B C:\Documents and Settings\Yanina\Mis documentos\PAGINAS WEB\torre linda\torrelindafinal07\avanceobras\menuavance\menuavance_r3_c1.gif --> www.nering.net /avanceobras/menuavance menuavance_r3_c1.gif
2008.01.07 11:33 B C:\Documents and Settings\Yanina\Mis documentos\PAGINAS WEB\torre linda\torrelindafinal07\avanceobras\menuavance\menuavance_r4_c1.gif --> www.nering.net /avanceobras/menuavance menuavance_r4_c1.gif
2008.01.07 11:33 B C:\Documents and Settings\Yanina\Mis documentos\PAGINAS WEB\torre linda\torrelindafinal07\avanceobras\menuavance\menuavance_r4_c1_f2.gif --> www.nering.net /avanceobras/menuavance menuavance_r4_c1_f2.gif
2008.01.07 11:33 B C:\Documents and Settings\Yanina\Mis documentos\PAGINAS WEB\torre linda\torrelindafinal07\avanceobras\menuavance\menuavance_r4_c1_f3.gif --> www.nering.net /avanceobras/menuavance menuavance_r4_c1_f3.gif
2008.01.07 11:33 B C:\Documents and Settings\Yanina\Mis documentos\PAGINAS WEB\torre linda\torrelindafinal07\avanceobras\menuavance\menuavance_r5_c1.gif --> www.nering.net /avanceobras/menuavance menuavance_r5_c1.gif
2008.01.07 11:33 B C:\Documents and Settings\Yanina\Mis documentos\PAGINAS WEB\torre linda\torrelindafinal07\avanceobras\menuavance\spacer.gif --> www.nering.net /avanceobras/menuavance spacer.gif
