2006.11.07 07:19 B C:\Documents and Settings\User\Mis documentos\paginas web\nering\torre linda\torrelindafinal\imag\_notes\ampliar1.gif.mno --> www.ggmdesign.com /public_html/proyectos/torrelinda/imag/_notes ampliar1.gif.mno
2006.11.07 07:19 B C:\Documents and Settings\User\Mis documentos\paginas web\nering\torre linda\torrelindafinal\imag\_notes\ampliar2.gif.mno --> www.ggmdesign.com /public_html/proyectos/torrelinda/imag/_notes ampliar2.gif.mno
2006.11.07 07:19 B C:\Documents and Settings\User\Mis documentos\paginas web\nering\torre linda\torrelindafinal\imag\_notes\ampliarplano.gif.mno --> www.ggmdesign.com /public_html/proyectos/torrelinda/imag/_notes ampliarplano.gif.mno
2006.11.07 07:19 B C:\Documents and Settings\User\Mis documentos\paginas web\nering\torre linda\torrelindafinal\imag\_notes\fondo.gif.mno --> www.ggmdesign.com /public_html/proyectos/torrelinda/imag/_notes fondo.gif.mno
2006.11.07 07:19 B C:\Documents and Settings\User\Mis documentos\paginas web\nering\torre linda\torrelindafinal\imag\_notes\plano_c.gif.mno --> www.ggmdesign.com /public_html/proyectos/torrelinda/imag/_notes plano_c.gif.mno
2006.11.07 07:19 B C:\Documents and Settings\User\Mis documentos\paginas web\nering\torre linda\torrelindafinal\imag\_notes\punto.gif.mno --> www.ggmdesign.com /public_html/proyectos/torrelinda/imag/_notes punto.gif.mno
2006.11.20 08:57 B C:\Documents and Settings\User\Mis documentos\paginas web\nering\torre linda\torrelindafinal\imag\_notes\p1a.jpg.mno --> www.ggmdesign.com /public_html/proyectos/torrelinda/imag/_notes p1a.jpg.mno
2006.11.20 08:57 B C:\Documents and Settings\User\Mis documentos\paginas web\nering\torre linda\torrelindafinal\imag\_notes\p1b.jpg.mno --> www.ggmdesign.com /public_html/proyectos/torrelinda/imag/_notes p1b.jpg.mno
2006.11.20 08:57 B C:\Documents and Settings\User\Mis documentos\paginas web\nering\torre linda\torrelindafinal\imag\_notes\p2a.jpg.mno --> www.ggmdesign.com /public_html/proyectos/torrelinda/imag/_notes p2a.jpg.mno
2006.11.20 08:57 B C:\Documents and Settings\User\Mis documentos\paginas web\nering\torre linda\torrelindafinal\imag\_notes\p2b.jpg.mno --> www.ggmdesign.com /public_html/proyectos/torrelinda/imag/_notes p2b.jpg.mno
2006.11.20 08:57 B C:\Documents and Settings\User\Mis documentos\paginas web\nering\torre linda\torrelindafinal\imag\_notes\p3a.jpg.mno --> www.ggmdesign.com /public_html/proyectos/torrelinda/imag/_notes p3a.jpg.mno
2006.11.20 08:57 B C:\Documents and Settings\User\Mis documentos\paginas web\nering\torre linda\torrelindafinal\imag\_notes\p3b.jpg.mno --> www.ggmdesign.com /public_html/proyectos/torrelinda/imag/_notes p3b.jpg.mno
2006.11.20 08:57 B C:\Documents and Settings\User\Mis documentos\paginas web\nering\torre linda\torrelindafinal\imag\_notes\WS_FTP.LOG --> www.ggmdesign.com /public_html/proyectos/torrelinda/imag/_notes WS_FTP.LOG
2006.11.20 09:49 B C:\Documents and Settings\User\Mis documentos\paginas web\nering\torre linda\torrelindafinal\imag\_notes\WS_FTP.LOG --> www.ggmdesign.com /public_html/proyectos/torrelinda/imag/_notes WS_FTP.LOG
2006.12.14 13:20 B C:\Documents and Settings\User\Mis documentos\paginas web\nering\torre linda\torrelindafinal\imag\_notes\ampliar1.gif.mno --> www.ggmdesign.com /public_html/proyectos/torrelindafinal/imag/_notes ampliar1.gif.mno
2006.12.14 13:20 B C:\Documents and Settings\User\Mis documentos\paginas web\nering\torre linda\torrelindafinal\imag\_notes\ampliar2.gif.mno --> www.ggmdesign.com /public_html/proyectos/torrelindafinal/imag/_notes ampliar2.gif.mno
2006.12.14 13:21 B C:\Documents and Settings\User\Mis documentos\paginas web\nering\torre linda\torrelindafinal\imag\_notes\ampliarplano.gif.mno --> www.ggmdesign.com /public_html/proyectos/torrelindafinal/imag/_notes ampliarplano.gif.mno
2006.12.14 13:21 B C:\Documents and Settings\User\Mis documentos\paginas web\nering\torre linda\torrelindafinal\imag\_notes\fondo.gif.mno --> www.ggmdesign.com /public_html/proyectos/torrelindafinal/imag/_notes fondo.gif.mno
2006.12.14 13:21 B C:\Documents and Settings\User\Mis documentos\paginas web\nering\torre linda\torrelindafinal\imag\_notes\p1a.jpg.mno --> www.ggmdesign.com /public_html/proyectos/torrelindafinal/imag/_notes p1a.jpg.mno
2006.12.14 13:21 B C:\Documents and Settings\User\Mis documentos\paginas web\nering\torre linda\torrelindafinal\imag\_notes\p1b.jpg.mno --> www.ggmdesign.com /public_html/proyectos/torrelindafinal/imag/_notes p1b.jpg.mno
2006.12.14 13:21 B C:\Documents and Settings\User\Mis documentos\paginas web\nering\torre linda\torrelindafinal\imag\_notes\p2a.jpg.mno --> www.ggmdesign.com /public_html/proyectos/torrelindafinal/imag/_notes p2a.jpg.mno
2006.12.14 13:21 B C:\Documents and Settings\User\Mis documentos\paginas web\nering\torre linda\torrelindafinal\imag\_notes\p2b.jpg.mno --> www.ggmdesign.com /public_html/proyectos/torrelindafinal/imag/_notes p2b.jpg.mno
2006.12.14 13:21 B C:\Documents and Settings\User\Mis documentos\paginas web\nering\torre linda\torrelindafinal\imag\_notes\p3a.jpg.mno --> www.ggmdesign.com /public_html/proyectos/torrelindafinal/imag/_notes p3a.jpg.mno
2006.12.14 13:22 B C:\Documents and Settings\User\Mis documentos\paginas web\nering\torre linda\torrelindafinal\imag\_notes\p3b.jpg.mno --> www.ggmdesign.com /public_html/proyectos/torrelindafinal/imag/_notes p3b.jpg.mno
2006.12.14 13:22 B C:\Documents and Settings\User\Mis documentos\paginas web\nering\torre linda\torrelindafinal\imag\_notes\plano_c.gif.mno --> www.ggmdesign.com /public_html/proyectos/torrelindafinal/imag/_notes plano_c.gif.mno
2006.12.14 13:22 B C:\Documents and Settings\User\Mis documentos\paginas web\nering\torre linda\torrelindafinal\imag\_notes\punto.gif.mno --> www.ggmdesign.com /public_html/proyectos/torrelindafinal/imag/_notes punto.gif.mno
2006.12.14 13:22 B C:\Documents and Settings\User\Mis documentos\paginas web\nering\torre linda\torrelindafinal\imag\_notes\WS_FTP.LOG --> www.ggmdesign.com /public_html/proyectos/torrelindafinal/imag/_notes WS_FTP.LOG
2006.12.17 10:46 B C:\Documents and Settings\User\Mis documentos\paginas web\nering\torre linda\torrelindafinal\imag\_notes\ampliar1.gif.mno --> www.nering.com.pe /public_html/imag/_notes ampliar1.gif.mno
2006.12.17 10:46 B C:\Documents and Settings\User\Mis documentos\paginas web\nering\torre linda\torrelindafinal\imag\_notes\ampliar2.gif.mno --> www.nering.com.pe /public_html/imag/_notes ampliar2.gif.mno
2006.12.17 10:46 B C:\Documents and Settings\User\Mis documentos\paginas web\nering\torre linda\torrelindafinal\imag\_notes\ampliarplano.gif.mno --> www.nering.com.pe /public_html/imag/_notes ampliarplano.gif.mno
2006.12.17 10:46 B C:\Documents and Settings\User\Mis documentos\paginas web\nering\torre linda\torrelindafinal\imag\_notes\fondo.gif.mno --> www.nering.com.pe /public_html/imag/_notes fondo.gif.mno
2006.12.17 10:46 B C:\Documents and Settings\User\Mis documentos\paginas web\nering\torre linda\torrelindafinal\imag\_notes\p1a.jpg.mno --> www.nering.com.pe /public_html/imag/_notes p1a.jpg.mno
2006.12.17 10:46 B C:\Documents and Settings\User\Mis documentos\paginas web\nering\torre linda\torrelindafinal\imag\_notes\p1b.jpg.mno --> www.nering.com.pe /public_html/imag/_notes p1b.jpg.mno
2006.12.17 10:46 B C:\Documents and Settings\User\Mis documentos\paginas web\nering\torre linda\torrelindafinal\imag\_notes\p2a.jpg.mno --> www.nering.com.pe /public_html/imag/_notes p2a.jpg.mno
2006.12.17 10:46 B C:\Documents and Settings\User\Mis documentos\paginas web\nering\torre linda\torrelindafinal\imag\_notes\p2b.jpg.mno --> www.nering.com.pe /public_html/imag/_notes p2b.jpg.mno
2006.12.17 10:46 B C:\Documents and Settings\User\Mis documentos\paginas web\nering\torre linda\torrelindafinal\imag\_notes\p3a.jpg.mno --> www.nering.com.pe /public_html/imag/_notes p3a.jpg.mno
2006.12.17 10:46 B C:\Documents and Settings\User\Mis documentos\paginas web\nering\torre linda\torrelindafinal\imag\_notes\p3b.jpg.mno --> www.nering.com.pe /public_html/imag/_notes p3b.jpg.mno
2006.12.17 10:46 B C:\Documents and Settings\User\Mis documentos\paginas web\nering\torre linda\torrelindafinal\imag\_notes\plano_c.gif.mno --> www.nering.com.pe /public_html/imag/_notes plano_c.gif.mno
2006.12.17 10:46 B C:\Documents and Settings\User\Mis documentos\paginas web\nering\torre linda\torrelindafinal\imag\_notes\punto.gif.mno --> www.nering.com.pe /public_html/imag/_notes punto.gif.mno
2006.12.17 10:46 B C:\Documents and Settings\User\Mis documentos\paginas web\nering\torre linda\torrelindafinal\imag\_notes\WS_FTP.LOG --> www.nering.com.pe /public_html/imag/_notes WS_FTP.LOG
2008.01.07 11:43 B C:\Documents and Settings\Yanina\Mis documentos\PAGINAS WEB\torre linda\torrelindafinal07\imag\_notes\ampliar1.gif.mno --> www.nering.net /imag/_notes ampliar1.gif.mno
2008.01.07 11:43 B C:\Documents and Settings\Yanina\Mis documentos\PAGINAS WEB\torre linda\torrelindafinal07\imag\_notes\ampliar2.gif.mno --> www.nering.net /imag/_notes ampliar2.gif.mno
2008.01.07 11:43 B C:\Documents and Settings\Yanina\Mis documentos\PAGINAS WEB\torre linda\torrelindafinal07\imag\_notes\ampliarplano.gif.mno --> www.nering.net /imag/_notes ampliarplano.gif.mno
2008.01.07 11:43 B C:\Documents and Settings\Yanina\Mis documentos\PAGINAS WEB\torre linda\torrelindafinal07\imag\_notes\fondo.gif.mno --> www.nering.net /imag/_notes fondo.gif.mno
2008.01.07 11:43 B C:\Documents and Settings\Yanina\Mis documentos\PAGINAS WEB\torre linda\torrelindafinal07\imag\_notes\p1a.jpg.mno --> www.nering.net /imag/_notes p1a.jpg.mno
2008.01.07 11:43 B C:\Documents and Settings\Yanina\Mis documentos\PAGINAS WEB\torre linda\torrelindafinal07\imag\_notes\p1b.jpg.mno --> www.nering.net /imag/_notes p1b.jpg.mno
2008.01.07 11:43 B C:\Documents and Settings\Yanina\Mis documentos\PAGINAS WEB\torre linda\torrelindafinal07\imag\_notes\p2a.jpg.mno --> www.nering.net /imag/_notes p2a.jpg.mno
2008.01.07 11:43 B C:\Documents and Settings\Yanina\Mis documentos\PAGINAS WEB\torre linda\torrelindafinal07\imag\_notes\p2b.jpg.mno --> www.nering.net /imag/_notes p2b.jpg.mno
2008.01.07 11:43 B C:\Documents and Settings\Yanina\Mis documentos\PAGINAS WEB\torre linda\torrelindafinal07\imag\_notes\p3a.jpg.mno --> www.nering.net /imag/_notes p3a.jpg.mno
2008.01.07 11:43 B C:\Documents and Settings\Yanina\Mis documentos\PAGINAS WEB\torre linda\torrelindafinal07\imag\_notes\p3b.jpg.mno --> www.nering.net /imag/_notes p3b.jpg.mno
2008.01.07 11:44 B C:\Documents and Settings\Yanina\Mis documentos\PAGINAS WEB\torre linda\torrelindafinal07\imag\_notes\plano_c.gif.mno --> www.nering.net /imag/_notes plano_c.gif.mno
2008.01.07 11:44 B C:\Documents and Settings\Yanina\Mis documentos\PAGINAS WEB\torre linda\torrelindafinal07\imag\_notes\punto.gif.mno --> www.nering.net /imag/_notes punto.gif.mno
