2006.11.07 07:18 B C:\Documents and Settings\User\Mis documentos\paginas web\nering\torre linda\torrelindafinal\depas\plantas\mplantas\menuplantas.htm --> www.ggmdesign.com /public_html/proyectos/torrelinda/depas/plantas/mplantas menuplantas.htm
2006.11.07 07:18 B C:\Documents and Settings\User\Mis documentos\paginas web\nering\torre linda\torrelindafinal\depas\plantas\mplantas\menuplantas_r10_c2.gif --> www.ggmdesign.com /public_html/proyectos/torrelinda/depas/plantas/mplantas menuplantas_r10_c2.gif
2006.11.07 07:18 B C:\Documents and Settings\User\Mis documentos\paginas web\nering\torre linda\torrelindafinal\depas\plantas\mplantas\menuplantas_r10_c2_f2.gif --> www.ggmdesign.com /public_html/proyectos/torrelinda/depas/plantas/mplantas menuplantas_r10_c2_f2.gif
2006.11.07 07:18 B C:\Documents and Settings\User\Mis documentos\paginas web\nering\torre linda\torrelindafinal\depas\plantas\mplantas\menuplantas_r10_c2_f3.gif --> www.ggmdesign.com /public_html/proyectos/torrelinda/depas/plantas/mplantas menuplantas_r10_c2_f3.gif
2006.11.07 07:18 B C:\Documents and Settings\User\Mis documentos\paginas web\nering\torre linda\torrelindafinal\depas\plantas\mplantas\menuplantas_r10_c4.gif --> www.ggmdesign.com /public_html/proyectos/torrelinda/depas/plantas/mplantas menuplantas_r10_c4.gif
2006.11.07 07:18 B C:\Documents and Settings\User\Mis documentos\paginas web\nering\torre linda\torrelindafinal\depas\plantas\mplantas\menuplantas_r11_c2.gif --> www.ggmdesign.com /public_html/proyectos/torrelinda/depas/plantas/mplantas menuplantas_r11_c2.gif
2006.11.07 07:18 B C:\Documents and Settings\User\Mis documentos\paginas web\nering\torre linda\torrelindafinal\depas\plantas\mplantas\menuplantas_r12_c2.gif --> www.ggmdesign.com /public_html/proyectos/torrelinda/depas/plantas/mplantas menuplantas_r12_c2.gif
2006.11.07 07:18 B C:\Documents and Settings\User\Mis documentos\paginas web\nering\torre linda\torrelindafinal\depas\plantas\mplantas\menuplantas_r12_c2_f2.gif --> www.ggmdesign.com /public_html/proyectos/torrelinda/depas/plantas/mplantas menuplantas_r12_c2_f2.gif
2006.11.07 07:18 B C:\Documents and Settings\User\Mis documentos\paginas web\nering\torre linda\torrelindafinal\depas\plantas\mplantas\menuplantas_r12_c2_f3.gif --> www.ggmdesign.com /public_html/proyectos/torrelinda/depas/plantas/mplantas menuplantas_r12_c2_f3.gif
2006.11.07 07:18 B C:\Documents and Settings\User\Mis documentos\paginas web\nering\torre linda\torrelindafinal\depas\plantas\mplantas\menuplantas_r13_c2.gif --> www.ggmdesign.com /public_html/proyectos/torrelinda/depas/plantas/mplantas menuplantas_r13_c2.gif
2006.11.07 07:18 B C:\Documents and Settings\User\Mis documentos\paginas web\nering\torre linda\torrelindafinal\depas\plantas\mplantas\menuplantas_r14_c2.gif --> www.ggmdesign.com /public_html/proyectos/torrelinda/depas/plantas/mplantas menuplantas_r14_c2.gif
2006.11.07 07:18 B C:\Documents and Settings\User\Mis documentos\paginas web\nering\torre linda\torrelindafinal\depas\plantas\mplantas\menuplantas_r14_c2_f2.gif --> www.ggmdesign.com /public_html/proyectos/torrelinda/depas/plantas/mplantas menuplantas_r14_c2_f2.gif
2006.11.07 07:18 B C:\Documents and Settings\User\Mis documentos\paginas web\nering\torre linda\torrelindafinal\depas\plantas\mplantas\menuplantas_r14_c2_f3.gif --> www.ggmdesign.com /public_html/proyectos/torrelinda/depas/plantas/mplantas menuplantas_r14_c2_f3.gif
2006.11.07 07:18 B C:\Documents and Settings\User\Mis documentos\paginas web\nering\torre linda\torrelindafinal\depas\plantas\mplantas\menuplantas_r15_c2.gif --> www.ggmdesign.com /public_html/proyectos/torrelinda/depas/plantas/mplantas menuplantas_r15_c2.gif
2006.11.07 07:18 B C:\Documents and Settings\User\Mis documentos\paginas web\nering\torre linda\torrelindafinal\depas\plantas\mplantas\menuplantas_r16_c2.gif --> www.ggmdesign.com /public_html/proyectos/torrelinda/depas/plantas/mplantas menuplantas_r16_c2.gif
2006.11.07 07:18 B C:\Documents and Settings\User\Mis documentos\paginas web\nering\torre linda\torrelindafinal\depas\plantas\mplantas\menuplantas_r16_c2_f2.gif --> www.ggmdesign.com /public_html/proyectos/torrelinda/depas/plantas/mplantas menuplantas_r16_c2_f2.gif
2006.11.07 07:18 B C:\Documents and Settings\User\Mis documentos\paginas web\nering\torre linda\torrelindafinal\depas\plantas\mplantas\menuplantas_r16_c2_f3.gif --> www.ggmdesign.com /public_html/proyectos/torrelinda/depas/plantas/mplantas menuplantas_r16_c2_f3.gif
2006.11.07 07:18 B C:\Documents and Settings\User\Mis documentos\paginas web\nering\torre linda\torrelindafinal\depas\plantas\mplantas\menuplantas_r16_c5.gif --> www.ggmdesign.com /public_html/proyectos/torrelinda/depas/plantas/mplantas menuplantas_r16_c5.gif
2006.11.07 07:18 B C:\Documents and Settings\User\Mis documentos\paginas web\nering\torre linda\torrelindafinal\depas\plantas\mplantas\menuplantas_r17_c2.gif --> www.ggmdesign.com /public_html/proyectos/torrelinda/depas/plantas/mplantas menuplantas_r17_c2.gif
2006.11.07 07:18 B C:\Documents and Settings\User\Mis documentos\paginas web\nering\torre linda\torrelindafinal\depas\plantas\mplantas\menuplantas_r18_c2.gif --> www.ggmdesign.com /public_html/proyectos/torrelinda/depas/plantas/mplantas menuplantas_r18_c2.gif
2006.11.07 07:18 B C:\Documents and Settings\User\Mis documentos\paginas web\nering\torre linda\torrelindafinal\depas\plantas\mplantas\menuplantas_r18_c2_f2.gif --> www.ggmdesign.com /public_html/proyectos/torrelinda/depas/plantas/mplantas menuplantas_r18_c2_f2.gif
2006.11.07 07:18 B C:\Documents and Settings\User\Mis documentos\paginas web\nering\torre linda\torrelindafinal\depas\plantas\mplantas\menuplantas_r18_c2_f3.gif --> www.ggmdesign.com /public_html/proyectos/torrelinda/depas/plantas/mplantas menuplantas_r18_c2_f3.gif
2006.11.07 07:18 B C:\Documents and Settings\User\Mis documentos\paginas web\nering\torre linda\torrelindafinal\depas\plantas\mplantas\menuplantas_r18_c4.gif --> www.ggmdesign.com /public_html/proyectos/torrelinda/depas/plantas/mplantas menuplantas_r18_c4.gif
2006.11.07 07:18 B C:\Documents and Settings\User\Mis documentos\paginas web\nering\torre linda\torrelindafinal\depas\plantas\mplantas\menuplantas_r19_c2.gif --> www.ggmdesign.com /public_html/proyectos/torrelinda/depas/plantas/mplantas menuplantas_r19_c2.gif
2006.11.07 07:18 B C:\Documents and Settings\User\Mis documentos\paginas web\nering\torre linda\torrelindafinal\depas\plantas\mplantas\menuplantas_r1_c1.gif --> www.ggmdesign.com /public_html/proyectos/torrelinda/depas/plantas/mplantas menuplantas_r1_c1.gif
2006.11.07 07:18 B C:\Documents and Settings\User\Mis documentos\paginas web\nering\torre linda\torrelindafinal\depas\plantas\mplantas\menuplantas_r20_c1.gif --> www.ggmdesign.com /public_html/proyectos/torrelinda/depas/plantas/mplantas menuplantas_r20_c1.gif
2006.11.07 07:18 B C:\Documents and Settings\User\Mis documentos\paginas web\nering\torre linda\torrelindafinal\depas\plantas\mplantas\menuplantas_r20_c1_f2.gif --> www.ggmdesign.com /public_html/proyectos/torrelinda/depas/plantas/mplantas menuplantas_r20_c1_f2.gif
2006.11.07 07:18 B C:\Documents and Settings\User\Mis documentos\paginas web\nering\torre linda\torrelindafinal\depas\plantas\mplantas\menuplantas_r20_c1_f3.gif --> www.ggmdesign.com /public_html/proyectos/torrelinda/depas/plantas/mplantas menuplantas_r20_c1_f3.gif
2006.11.07 07:18 B C:\Documents and Settings\User\Mis documentos\paginas web\nering\torre linda\torrelindafinal\depas\plantas\mplantas\menuplantas_r21_c1.gif --> www.ggmdesign.com /public_html/proyectos/torrelinda/depas/plantas/mplantas menuplantas_r21_c1.gif
2006.11.07 07:18 B C:\Documents and Settings\User\Mis documentos\paginas web\nering\torre linda\torrelindafinal\depas\plantas\mplantas\menuplantas_r22_c1.gif --> www.ggmdesign.com /public_html/proyectos/torrelinda/depas/plantas/mplantas menuplantas_r22_c1.gif
2006.11.07 07:18 B C:\Documents and Settings\User\Mis documentos\paginas web\nering\torre linda\torrelindafinal\depas\plantas\mplantas\menuplantas_r22_c1_f2.gif --> www.ggmdesign.com /public_html/proyectos/torrelinda/depas/plantas/mplantas menuplantas_r22_c1_f2.gif
2006.11.07 07:18 B C:\Documents and Settings\User\Mis documentos\paginas web\nering\torre linda\torrelindafinal\depas\plantas\mplantas\menuplantas_r22_c1_f3.gif --> www.ggmdesign.com /public_html/proyectos/torrelinda/depas/plantas/mplantas menuplantas_r22_c1_f3.gif
2006.11.07 07:18 B C:\Documents and Settings\User\Mis documentos\paginas web\nering\torre linda\torrelindafinal\depas\plantas\mplantas\menuplantas_r23_c1.gif --> www.ggmdesign.com /public_html/proyectos/torrelinda/depas/plantas/mplantas menuplantas_r23_c1.gif
2006.11.07 07:19 B C:\Documents and Settings\User\Mis documentos\paginas web\nering\torre linda\torrelindafinal\depas\plantas\mplantas\menuplantas_r2_c1.gif --> www.ggmdesign.com /public_html/proyectos/torrelinda/depas/plantas/mplantas menuplantas_r2_c1.gif
2006.11.07 07:19 B C:\Documents and Settings\User\Mis documentos\paginas web\nering\torre linda\torrelindafinal\depas\plantas\mplantas\menuplantas_r2_c2.gif --> www.ggmdesign.com /public_html/proyectos/torrelinda/depas/plantas/mplantas menuplantas_r2_c2.gif
2006.11.07 07:19 B C:\Documents and Settings\User\Mis documentos\paginas web\nering\torre linda\torrelindafinal\depas\plantas\mplantas\menuplantas_r2_c2_f2.gif --> www.ggmdesign.com /public_html/proyectos/torrelinda/depas/plantas/mplantas menuplantas_r2_c2_f2.gif
2006.11.07 07:19 B C:\Documents and Settings\User\Mis documentos\paginas web\nering\torre linda\torrelindafinal\depas\plantas\mplantas\menuplantas_r2_c2_f3.gif --> www.ggmdesign.com /public_html/proyectos/torrelinda/depas/plantas/mplantas menuplantas_r2_c2_f3.gif
2006.11.07 07:19 B C:\Documents and Settings\User\Mis documentos\paginas web\nering\torre linda\torrelindafinal\depas\plantas\mplantas\menuplantas_r2_c3.gif --> www.ggmdesign.com /public_html/proyectos/torrelinda/depas/plantas/mplantas menuplantas_r2_c3.gif
2006.11.07 07:19 B C:\Documents and Settings\User\Mis documentos\paginas web\nering\torre linda\torrelindafinal\depas\plantas\mplantas\menuplantas_r3_c2.gif --> www.ggmdesign.com /public_html/proyectos/torrelinda/depas/plantas/mplantas menuplantas_r3_c2.gif
2006.11.07 07:19 B C:\Documents and Settings\User\Mis documentos\paginas web\nering\torre linda\torrelindafinal\depas\plantas\mplantas\menuplantas_r4_c2.gif --> www.ggmdesign.com /public_html/proyectos/torrelinda/depas/plantas/mplantas menuplantas_r4_c2.gif
2006.11.07 07:19 B C:\Documents and Settings\User\Mis documentos\paginas web\nering\torre linda\torrelindafinal\depas\plantas\mplantas\menuplantas_r4_c2_f2.gif --> www.ggmdesign.com /public_html/proyectos/torrelinda/depas/plantas/mplantas menuplantas_r4_c2_f2.gif
2006.11.07 07:19 B C:\Documents and Settings\User\Mis documentos\paginas web\nering\torre linda\torrelindafinal\depas\plantas\mplantas\menuplantas_r4_c2_f3.gif --> www.ggmdesign.com /public_html/proyectos/torrelinda/depas/plantas/mplantas menuplantas_r4_c2_f3.gif
2006.11.07 07:19 B C:\Documents and Settings\User\Mis documentos\paginas web\nering\torre linda\torrelindafinal\depas\plantas\mplantas\menuplantas_r5_c2.gif --> www.ggmdesign.com /public_html/proyectos/torrelinda/depas/plantas/mplantas menuplantas_r5_c2.gif
2006.11.07 07:19 B C:\Documents and Settings\User\Mis documentos\paginas web\nering\torre linda\torrelindafinal\depas\plantas\mplantas\menuplantas_r6_c2.gif --> www.ggmdesign.com /public_html/proyectos/torrelinda/depas/plantas/mplantas menuplantas_r6_c2.gif
2006.11.07 07:19 B C:\Documents and Settings\User\Mis documentos\paginas web\nering\torre linda\torrelindafinal\depas\plantas\mplantas\menuplantas_r6_c2_f2.gif --> www.ggmdesign.com /public_html/proyectos/torrelinda/depas/plantas/mplantas menuplantas_r6_c2_f2.gif
2006.11.07 07:19 B C:\Documents and Settings\User\Mis documentos\paginas web\nering\torre linda\torrelindafinal\depas\plantas\mplantas\menuplantas_r6_c2_f3.gif --> www.ggmdesign.com /public_html/proyectos/torrelinda/depas/plantas/mplantas menuplantas_r6_c2_f3.gif
2006.11.07 07:19 B C:\Documents and Settings\User\Mis documentos\paginas web\nering\torre linda\torrelindafinal\depas\plantas\mplantas\menuplantas_r6_c7.gif --> www.ggmdesign.com /public_html/proyectos/torrelinda/depas/plantas/mplantas menuplantas_r6_c7.gif
2006.11.07 07:19 B C:\Documents and Settings\User\Mis documentos\paginas web\nering\torre linda\torrelindafinal\depas\plantas\mplantas\menuplantas_r7_c2.gif --> www.ggmdesign.com /public_html/proyectos/torrelinda/depas/plantas/mplantas menuplantas_r7_c2.gif
2006.11.07 07:19 B C:\Documents and Settings\User\Mis documentos\paginas web\nering\torre linda\torrelindafinal\depas\plantas\mplantas\menuplantas_r8_c2.gif --> www.ggmdesign.com /public_html/proyectos/torrelinda/depas/plantas/mplantas menuplantas_r8_c2.gif
2006.11.07 07:19 B C:\Documents and Settings\User\Mis documentos\paginas web\nering\torre linda\torrelindafinal\depas\plantas\mplantas\menuplantas_r8_c2_f2.gif --> www.ggmdesign.com /public_html/proyectos/torrelinda/depas/plantas/mplantas menuplantas_r8_c2_f2.gif
2006.11.07 07:19 B C:\Documents and Settings\User\Mis documentos\paginas web\nering\torre linda\torrelindafinal\depas\plantas\mplantas\menuplantas_r8_c2_f3.gif --> www.ggmdesign.com /public_html/proyectos/torrelinda/depas/plantas/mplantas menuplantas_r8_c2_f3.gif
2006.11.07 07:19 B C:\Documents and Settings\User\Mis documentos\paginas web\nering\torre linda\torrelindafinal\depas\plantas\mplantas\menuplantas_r8_c6.gif --> www.ggmdesign.com /public_html/proyectos/torrelinda/depas/plantas/mplantas menuplantas_r8_c6.gif
2006.11.07 07:19 B C:\Documents and Settings\User\Mis documentos\paginas web\nering\torre linda\torrelindafinal\depas\plantas\mplantas\menuplantas_r9_c2.gif --> www.ggmdesign.com /public_html/proyectos/torrelinda/depas/plantas/mplantas menuplantas_r9_c2.gif
2006.11.07 07:19 B C:\Documents and Settings\User\Mis documentos\paginas web\nering\torre linda\torrelindafinal\depas\plantas\mplantas\spacer.gif --> www.ggmdesign.com /public_html/proyectos/torrelinda/depas/plantas/mplantas spacer.gif
2006.11.20 08:56 B C:\Documents and Settings\User\Mis documentos\paginas web\nering\torre linda\torrelindafinal\depas\plantas\mplantas\menuplantas.htm --> www.ggmdesign.com /public_html/proyectos/torrelinda/depas/plantas/mplantas menuplantas.htm
2006.11.20 08:56 B C:\Documents and Settings\User\Mis documentos\paginas web\nering\torre linda\torrelindafinal\depas\plantas\mplantas\menuplantas_r10_c2.gif --> www.ggmdesign.com /public_html/proyectos/torrelinda/depas/plantas/mplantas menuplantas_r10_c2.gif
2006.11.20 08:56 B C:\Documents and Settings\User\Mis documentos\paginas web\nering\torre linda\torrelindafinal\depas\plantas\mplantas\menuplantas_r10_c2_f2.gif --> www.ggmdesign.com /public_html/proyectos/torrelinda/depas/plantas/mplantas menuplantas_r10_c2_f2.gif
2006.11.20 08:56 B C:\Documents and Settings\User\Mis documentos\paginas web\nering\torre linda\torrelindafinal\depas\plantas\mplantas\menuplantas_r10_c2_f3.gif --> www.ggmdesign.com /public_html/proyectos/torrelinda/depas/plantas/mplantas menuplantas_r10_c2_f3.gif
2006.11.20 08:56 B C:\Documents and Settings\User\Mis documentos\paginas web\nering\torre linda\torrelindafinal\depas\plantas\mplantas\menuplantas_r10_c4.gif --> www.ggmdesign.com /public_html/proyectos/torrelinda/depas/plantas/mplantas menuplantas_r10_c4.gif
2006.11.20 08:56 B C:\Documents and Settings\User\Mis documentos\paginas web\nering\torre linda\torrelindafinal\depas\plantas\mplantas\menuplantas_r11_c2.gif --> www.ggmdesign.com /public_html/proyectos/torrelinda/depas/plantas/mplantas menuplantas_r11_c2.gif
2006.11.20 08:56 B C:\Documents and Settings\User\Mis documentos\paginas web\nering\torre linda\torrelindafinal\depas\plantas\mplantas\menuplantas_r12_c2.gif --> www.ggmdesign.com /public_html/proyectos/torrelinda/depas/plantas/mplantas menuplantas_r12_c2.gif
2006.11.20 08:56 B C:\Documents and Settings\User\Mis documentos\paginas web\nering\torre linda\torrelindafinal\depas\plantas\mplantas\menuplantas_r12_c2_f2.gif --> www.ggmdesign.com /public_html/proyectos/torrelinda/depas/plantas/mplantas menuplantas_r12_c2_f2.gif
2006.11.20 08:56 B C:\Documents and Settings\User\Mis documentos\paginas web\nering\torre linda\torrelindafinal\depas\plantas\mplantas\menuplantas_r12_c2_f3.gif --> www.ggmdesign.com /public_html/proyectos/torrelinda/depas/plantas/mplantas menuplantas_r12_c2_f3.gif
2006.11.20 08:56 B C:\Documents and Settings\User\Mis documentos\paginas web\nering\torre linda\torrelindafinal\depas\plantas\mplantas\menuplantas_r13_c2.gif --> www.ggmdesign.com /public_html/proyectos/torrelinda/depas/plantas/mplantas menuplantas_r13_c2.gif
2006.11.20 08:56 B C:\Documents and Settings\User\Mis documentos\paginas web\nering\torre linda\torrelindafinal\depas\plantas\mplantas\menuplantas_r14_c2.gif --> www.ggmdesign.com /public_html/proyectos/torrelinda/depas/plantas/mplantas menuplantas_r14_c2.gif
2006.11.20 08:56 B C:\Documents and Settings\User\Mis documentos\paginas web\nering\torre linda\torrelindafinal\depas\plantas\mplantas\menuplantas_r14_c2_f2.gif --> www.ggmdesign.com /public_html/proyectos/torrelinda/depas/plantas/mplantas menuplantas_r14_c2_f2.gif
2006.11.20 08:56 B C:\Documents and Settings\User\Mis documentos\paginas web\nering\torre linda\torrelindafinal\depas\plantas\mplantas\menuplantas_r14_c2_f3.gif --> www.ggmdesign.com /public_html/proyectos/torrelinda/depas/plantas/mplantas menuplantas_r14_c2_f3.gif
2006.11.20 08:56 B C:\Documents and Settings\User\Mis documentos\paginas web\nering\torre linda\torrelindafinal\depas\plantas\mplantas\menuplantas_r15_c2.gif --> www.ggmdesign.com /public_html/proyectos/torrelinda/depas/plantas/mplantas menuplantas_r15_c2.gif
2006.11.20 08:56 B C:\Documents and Settings\User\Mis documentos\paginas web\nering\torre linda\torrelindafinal\depas\plantas\mplantas\menuplantas_r16_c2.gif --> www.ggmdesign.com /public_html/proyectos/torrelinda/depas/plantas/mplantas menuplantas_r16_c2.gif
2006.11.20 08:56 B C:\Documents and Settings\User\Mis documentos\paginas web\nering\torre linda\torrelindafinal\depas\plantas\mplantas\menuplantas_r16_c2_f2.gif --> www.ggmdesign.com /public_html/proyectos/torrelinda/depas/plantas/mplantas menuplantas_r16_c2_f2.gif
2006.11.20 08:56 B C:\Documents and Settings\User\Mis documentos\paginas web\nering\torre linda\torrelindafinal\depas\plantas\mplantas\menuplantas_r16_c2_f3.gif --> www.ggmdesign.com /public_html/proyectos/torrelinda/depas/plantas/mplantas menuplantas_r16_c2_f3.gif
2006.11.20 08:56 B C:\Documents and Settings\User\Mis documentos\paginas web\nering\torre linda\torrelindafinal\depas\plantas\mplantas\menuplantas_r16_c5.gif --> www.ggmdesign.com /public_html/proyectos/torrelinda/depas/plantas/mplantas menuplantas_r16_c5.gif
2006.11.20 08:56 B C:\Documents and Settings\User\Mis documentos\paginas web\nering\torre linda\torrelindafinal\depas\plantas\mplantas\menuplantas_r17_c2.gif --> www.ggmdesign.com /public_html/proyectos/torrelinda/depas/plantas/mplantas menuplantas_r17_c2.gif
2006.11.20 08:56 B C:\Documents and Settings\User\Mis documentos\paginas web\nering\torre linda\torrelindafinal\depas\plantas\mplantas\menuplantas_r18_c2.gif --> www.ggmdesign.com /public_html/proyectos/torrelinda/depas/plantas/mplantas menuplantas_r18_c2.gif
2006.11.20 08:56 B C:\Documents and Settings\User\Mis documentos\paginas web\nering\torre linda\torrelindafinal\depas\plantas\mplantas\menuplantas_r18_c2_f2.gif --> www.ggmdesign.com /public_html/proyectos/torrelinda/depas/plantas/mplantas menuplantas_r18_c2_f2.gif
2006.11.20 08:56 B C:\Documents and Settings\User\Mis documentos\paginas web\nering\torre linda\torrelindafinal\depas\plantas\mplantas\menuplantas_r18_c2_f3.gif --> www.ggmdesign.com /public_html/proyectos/torrelinda/depas/plantas/mplantas menuplantas_r18_c2_f3.gif
2006.11.20 08:56 B C:\Documents and Settings\User\Mis documentos\paginas web\nering\torre linda\torrelindafinal\depas\plantas\mplantas\menuplantas_r18_c4.gif --> www.ggmdesign.com /public_html/proyectos/torrelinda/depas/plantas/mplantas menuplantas_r18_c4.gif
2006.11.20 08:56 B C:\Documents and Settings\User\Mis documentos\paginas web\nering\torre linda\torrelindafinal\depas\plantas\mplantas\menuplantas_r19_c2.gif --> www.ggmdesign.com /public_html/proyectos/torrelinda/depas/plantas/mplantas menuplantas_r19_c2.gif
2006.11.20 08:56 B C:\Documents and Settings\User\Mis documentos\paginas web\nering\torre linda\torrelindafinal\depas\plantas\mplantas\menuplantas_r1_c1.gif --> www.ggmdesign.com /public_html/proyectos/torrelinda/depas/plantas/mplantas menuplantas_r1_c1.gif
2006.11.20 08:56 B C:\Documents and Settings\User\Mis documentos\paginas web\nering\torre linda\torrelindafinal\depas\plantas\mplantas\menuplantas_r20_c1.gif --> www.ggmdesign.com /public_html/proyectos/torrelinda/depas/plantas/mplantas menuplantas_r20_c1.gif
2006.11.20 08:56 B C:\Documents and Settings\User\Mis documentos\paginas web\nering\torre linda\torrelindafinal\depas\plantas\mplantas\menuplantas_r20_c1_f2.gif --> www.ggmdesign.com /public_html/proyectos/torrelinda/depas/plantas/mplantas menuplantas_r20_c1_f2.gif
2006.11.20 08:56 B C:\Documents and Settings\User\Mis documentos\paginas web\nering\torre linda\torrelindafinal\depas\plantas\mplantas\menuplantas_r20_c1_f3.gif --> www.ggmdesign.com /public_html/proyectos/torrelinda/depas/plantas/mplantas menuplantas_r20_c1_f3.gif
2006.11.20 08:56 B C:\Documents and Settings\User\Mis documentos\paginas web\nering\torre linda\torrelindafinal\depas\plantas\mplantas\menuplantas_r21_c1.gif --> www.ggmdesign.com /public_html/proyectos/torrelinda/depas/plantas/mplantas menuplantas_r21_c1.gif
2006.11.20 08:56 B C:\Documents and Settings\User\Mis documentos\paginas web\nering\torre linda\torrelindafinal\depas\plantas\mplantas\menuplantas_r22_c1.gif --> www.ggmdesign.com /public_html/proyectos/torrelinda/depas/plantas/mplantas menuplantas_r22_c1.gif
2006.11.20 08:56 B C:\Documents and Settings\User\Mis documentos\paginas web\nering\torre linda\torrelindafinal\depas\plantas\mplantas\menuplantas_r22_c1_f2.gif --> www.ggmdesign.com /public_html/proyectos/torrelinda/depas/plantas/mplantas menuplantas_r22_c1_f2.gif
2006.11.20 08:56 B C:\Documents and Settings\User\Mis documentos\paginas web\nering\torre linda\torrelindafinal\depas\plantas\mplantas\menuplantas_r22_c1_f3.gif --> www.ggmdesign.com /public_html/proyectos/torrelinda/depas/plantas/mplantas menuplantas_r22_c1_f3.gif
2006.11.20 08:56 B C:\Documents and Settings\User\Mis documentos\paginas web\nering\torre linda\torrelindafinal\depas\plantas\mplantas\menuplantas_r23_c1.gif --> www.ggmdesign.com /public_html/proyectos/torrelinda/depas/plantas/mplantas menuplantas_r23_c1.gif
2006.11.20 08:56 B C:\Documents and Settings\User\Mis documentos\paginas web\nering\torre linda\torrelindafinal\depas\plantas\mplantas\menuplantas_r2_c1.gif --> www.ggmdesign.com /public_html/proyectos/torrelinda/depas/plantas/mplantas menuplantas_r2_c1.gif
2006.11.20 08:56 B C:\Documents and Settings\User\Mis documentos\paginas web\nering\torre linda\torrelindafinal\depas\plantas\mplantas\menuplantas_r2_c2.gif --> www.ggmdesign.com /public_html/proyectos/torrelinda/depas/plantas/mplantas menuplantas_r2_c2.gif
2006.11.20 08:56 B C:\Documents and Settings\User\Mis documentos\paginas web\nering\torre linda\torrelindafinal\depas\plantas\mplantas\menuplantas_r2_c2_f2.gif --> www.ggmdesign.com /public_html/proyectos/torrelinda/depas/plantas/mplantas menuplantas_r2_c2_f2.gif
2006.11.20 08:56 B C:\Documents and Settings\User\Mis documentos\paginas web\nering\torre linda\torrelindafinal\depas\plantas\mplantas\menuplantas_r2_c2_f3.gif --> www.ggmdesign.com /public_html/proyectos/torrelinda/depas/plantas/mplantas menuplantas_r2_c2_f3.gif
2006.11.20 08:56 B C:\Documents and Settings\User\Mis documentos\paginas web\nering\torre linda\torrelindafinal\depas\plantas\mplantas\menuplantas_r2_c3.gif --> www.ggmdesign.com /public_html/proyectos/torrelinda/depas/plantas/mplantas menuplantas_r2_c3.gif
2006.11.20 08:56 B C:\Documents and Settings\User\Mis documentos\paginas web\nering\torre linda\torrelindafinal\depas\plantas\mplantas\menuplantas_r3_c2.gif --> www.ggmdesign.com /public_html/proyectos/torrelinda/depas/plantas/mplantas menuplantas_r3_c2.gif
2006.11.20 08:56 B C:\Documents and Settings\User\Mis documentos\paginas web\nering\torre linda\torrelindafinal\depas\plantas\mplantas\menuplantas_r4_c2.gif --> www.ggmdesign.com /public_html/proyectos/torrelinda/depas/plantas/mplantas menuplantas_r4_c2.gif
2006.11.20 08:56 B C:\Documents and Settings\User\Mis documentos\paginas web\nering\torre linda\torrelindafinal\depas\plantas\mplantas\menuplantas_r4_c2_f2.gif --> www.ggmdesign.com /public_html/proyectos/torrelinda/depas/plantas/mplantas menuplantas_r4_c2_f2.gif
2006.11.20 08:56 B C:\Documents and Settings\User\Mis documentos\paginas web\nering\torre linda\torrelindafinal\depas\plantas\mplantas\menuplantas_r4_c2_f3.gif --> www.ggmdesign.com /public_html/proyectos/torrelinda/depas/plantas/mplantas menuplantas_r4_c2_f3.gif
2006.11.20 08:56 B C:\Documents and Settings\User\Mis documentos\paginas web\nering\torre linda\torrelindafinal\depas\plantas\mplantas\menuplantas_r5_c2.gif --> www.ggmdesign.com /public_html/proyectos/torrelinda/depas/plantas/mplantas menuplantas_r5_c2.gif
2006.11.20 08:56 B C:\Documents and Settings\User\Mis documentos\paginas web\nering\torre linda\torrelindafinal\depas\plantas\mplantas\menuplantas_r6_c2.gif --> www.ggmdesign.com /public_html/proyectos/torrelinda/depas/plantas/mplantas menuplantas_r6_c2.gif
2006.11.20 08:56 B C:\Documents and Settings\User\Mis documentos\paginas web\nering\torre linda\torrelindafinal\depas\plantas\mplantas\menuplantas_r6_c2_f2.gif --> www.ggmdesign.com /public_html/proyectos/torrelinda/depas/plantas/mplantas menuplantas_r6_c2_f2.gif
2006.11.20 08:56 B C:\Documents and Settings\User\Mis documentos\paginas web\nering\torre linda\torrelindafinal\depas\plantas\mplantas\menuplantas_r6_c2_f3.gif --> www.ggmdesign.com /public_html/proyectos/torrelinda/depas/plantas/mplantas menuplantas_r6_c2_f3.gif
2006.11.20 08:56 B C:\Documents and Settings\User\Mis documentos\paginas web\nering\torre linda\torrelindafinal\depas\plantas\mplantas\menuplantas_r6_c7.gif --> www.ggmdesign.com /public_html/proyectos/torrelinda/depas/plantas/mplantas menuplantas_r6_c7.gif
2006.11.20 08:56 B C:\Documents and Settings\User\Mis documentos\paginas web\nering\torre linda\torrelindafinal\depas\plantas\mplantas\menuplantas_r7_c2.gif --> www.ggmdesign.com /public_html/proyectos/torrelinda/depas/plantas/mplantas menuplantas_r7_c2.gif
2006.11.20 08:56 B C:\Documents and Settings\User\Mis documentos\paginas web\nering\torre linda\torrelindafinal\depas\plantas\mplantas\menuplantas_r8_c2.gif --> www.ggmdesign.com /public_html/proyectos/torrelinda/depas/plantas/mplantas menuplantas_r8_c2.gif
2006.11.20 08:56 B C:\Documents and Settings\User\Mis documentos\paginas web\nering\torre linda\torrelindafinal\depas\plantas\mplantas\menuplantas_r8_c2_f2.gif --> www.ggmdesign.com /public_html/proyectos/torrelinda/depas/plantas/mplantas menuplantas_r8_c2_f2.gif
2006.11.20 08:56 B C:\Documents and Settings\User\Mis documentos\paginas web\nering\torre linda\torrelindafinal\depas\plantas\mplantas\menuplantas_r8_c2_f3.gif --> www.ggmdesign.com /public_html/proyectos/torrelinda/depas/plantas/mplantas menuplantas_r8_c2_f3.gif
2006.11.20 08:56 B C:\Documents and Settings\User\Mis documentos\paginas web\nering\torre linda\torrelindafinal\depas\plantas\mplantas\menuplantas_r8_c6.gif --> www.ggmdesign.com /public_html/proyectos/torrelinda/depas/plantas/mplantas menuplantas_r8_c6.gif
2006.11.20 08:56 B C:\Documents and Settings\User\Mis documentos\paginas web\nering\torre linda\torrelindafinal\depas\plantas\mplantas\menuplantas_r9_c2.gif --> www.ggmdesign.com /public_html/proyectos/torrelinda/depas/plantas/mplantas menuplantas_r9_c2.gif
2006.11.20 08:56 B C:\Documents and Settings\User\Mis documentos\paginas web\nering\torre linda\torrelindafinal\depas\plantas\mplantas\spacer.gif --> www.ggmdesign.com /public_html/proyectos/torrelinda/depas/plantas/mplantas spacer.gif
2006.11.20 08:56 B C:\Documents and Settings\User\Mis documentos\paginas web\nering\torre linda\torrelindafinal\depas\plantas\mplantas\WS_FTP.LOG --> www.ggmdesign.com /public_html/proyectos/torrelinda/depas/plantas/mplantas WS_FTP.LOG
2006.12.14 13:00 B C:\Documents and Settings\User\Mis documentos\paginas web\nering\torre linda\torrelindafinal\depas\plantas\mplantas\menuplantas.htm --> www.ggmdesign.com /public_html/proyectos/torrelindafinal/depas/plantas/mplantas menuplantas.htm
2006.12.14 13:00 B C:\Documents and Settings\User\Mis documentos\paginas web\nering\torre linda\torrelindafinal\depas\plantas\mplantas\menuplantas_r10_c2.gif --> www.ggmdesign.com /public_html/proyectos/torrelindafinal/depas/plantas/mplantas menuplantas_r10_c2.gif
2006.12.14 13:01 B C:\Documents and Settings\User\Mis documentos\paginas web\nering\torre linda\torrelindafinal\depas\plantas\mplantas\menuplantas_r10_c2_f2.gif --> www.ggmdesign.com /public_html/proyectos/torrelindafinal/depas/plantas/mplantas menuplantas_r10_c2_f2.gif
2006.12.14 13:01 B C:\Documents and Settings\User\Mis documentos\paginas web\nering\torre linda\torrelindafinal\depas\plantas\mplantas\menuplantas_r10_c2_f3.gif --> www.ggmdesign.com /public_html/proyectos/torrelindafinal/depas/plantas/mplantas menuplantas_r10_c2_f3.gif
2006.12.14 13:01 B C:\Documents and Settings\User\Mis documentos\paginas web\nering\torre linda\torrelindafinal\depas\plantas\mplantas\menuplantas_r10_c4.gif --> www.ggmdesign.com /public_html/proyectos/torrelindafinal/depas/plantas/mplantas menuplantas_r10_c4.gif
2006.12.14 13:01 B C:\Documents and Settings\User\Mis documentos\paginas web\nering\torre linda\torrelindafinal\depas\plantas\mplantas\menuplantas_r11_c2.gif --> www.ggmdesign.com /public_html/proyectos/torrelindafinal/depas/plantas/mplantas menuplantas_r11_c2.gif
2006.12.14 13:01 B C:\Documents and Settings\User\Mis documentos\paginas web\nering\torre linda\torrelindafinal\depas\plantas\mplantas\menuplantas_r12_c2.gif --> www.ggmdesign.com /public_html/proyectos/torrelindafinal/depas/plantas/mplantas menuplantas_r12_c2.gif
2006.12.14 13:01 B C:\Documents and Settings\User\Mis documentos\paginas web\nering\torre linda\torrelindafinal\depas\plantas\mplantas\menuplantas_r12_c2_f2.gif --> www.ggmdesign.com /public_html/proyectos/torrelindafinal/depas/plantas/mplantas menuplantas_r12_c2_f2.gif
2006.12.14 13:01 B C:\Documents and Settings\User\Mis documentos\paginas web\nering\torre linda\torrelindafinal\depas\plantas\mplantas\menuplantas_r12_c2_f3.gif --> www.ggmdesign.com /public_html/proyectos/torrelindafinal/depas/plantas/mplantas menuplantas_r12_c2_f3.gif
2006.12.14 13:01 B C:\Documents and Settings\User\Mis documentos\paginas web\nering\torre linda\torrelindafinal\depas\plantas\mplantas\menuplantas_r13_c2.gif --> www.ggmdesign.com /public_html/proyectos/torrelindafinal/depas/plantas/mplantas menuplantas_r13_c2.gif
2006.12.14 13:01 B C:\Documents and Settings\User\Mis documentos\paginas web\nering\torre linda\torrelindafinal\depas\plantas\mplantas\menuplantas_r14_c2.gif --> www.ggmdesign.com /public_html/proyectos/torrelindafinal/depas/plantas/mplantas menuplantas_r14_c2.gif
2006.12.14 13:01 B C:\Documents and Settings\User\Mis documentos\paginas web\nering\torre linda\torrelindafinal\depas\plantas\mplantas\menuplantas_r14_c2_f2.gif --> www.ggmdesign.com /public_html/proyectos/torrelindafinal/depas/plantas/mplantas menuplantas_r14_c2_f2.gif
2006.12.14 13:01 B C:\Documents and Settings\User\Mis documentos\paginas web\nering\torre linda\torrelindafinal\depas\plantas\mplantas\menuplantas_r14_c2_f3.gif --> www.ggmdesign.com /public_html/proyectos/torrelindafinal/depas/plantas/mplantas menuplantas_r14_c2_f3.gif
2006.12.14 13:02 B C:\Documents and Settings\User\Mis documentos\paginas web\nering\torre linda\torrelindafinal\depas\plantas\mplantas\menuplantas_r15_c2.gif --> www.ggmdesign.com /public_html/proyectos/torrelindafinal/depas/plantas/mplantas menuplantas_r15_c2.gif
2006.12.14 13:02 B C:\Documents and Settings\User\Mis documentos\paginas web\nering\torre linda\torrelindafinal\depas\plantas\mplantas\menuplantas_r16_c2.gif --> www.ggmdesign.com /public_html/proyectos/torrelindafinal/depas/plantas/mplantas menuplantas_r16_c2.gif
2006.12.14 13:02 B C:\Documents and Settings\User\Mis documentos\paginas web\nering\torre linda\torrelindafinal\depas\plantas\mplantas\menuplantas_r16_c2_f2.gif --> www.ggmdesign.com /public_html/proyectos/torrelindafinal/depas/plantas/mplantas menuplantas_r16_c2_f2.gif
2006.12.14 13:02 B C:\Documents and Settings\User\Mis documentos\paginas web\nering\torre linda\torrelindafinal\depas\plantas\mplantas\menuplantas_r16_c2_f3.gif --> www.ggmdesign.com /public_html/proyectos/torrelindafinal/depas/plantas/mplantas menuplantas_r16_c2_f3.gif
2006.12.14 13:02 B C:\Documents and Settings\User\Mis documentos\paginas web\nering\torre linda\torrelindafinal\depas\plantas\mplantas\menuplantas_r16_c5.gif --> www.ggmdesign.com /public_html/proyectos/torrelindafinal/depas/plantas/mplantas menuplantas_r16_c5.gif
2006.12.14 13:02 B C:\Documents and Settings\User\Mis documentos\paginas web\nering\torre linda\torrelindafinal\depas\plantas\mplantas\menuplantas_r17_c2.gif --> www.ggmdesign.com /public_html/proyectos/torrelindafinal/depas/plantas/mplantas menuplantas_r17_c2.gif
2006.12.14 13:02 B C:\Documents and Settings\User\Mis documentos\paginas web\nering\torre linda\torrelindafinal\depas\plantas\mplantas\menuplantas_r18_c2.gif --> www.ggmdesign.com /public_html/proyectos/torrelindafinal/depas/plantas/mplantas menuplantas_r18_c2.gif
2006.12.14 13:03 B C:\Documents and Settings\User\Mis documentos\paginas web\nering\torre linda\torrelindafinal\depas\plantas\mplantas\menuplantas_r18_c2_f2.gif --> www.ggmdesign.com /public_html/proyectos/torrelindafinal/depas/plantas/mplantas menuplantas_r18_c2_f2.gif
2006.12.14 13:03 B C:\Documents and Settings\User\Mis documentos\paginas web\nering\torre linda\torrelindafinal\depas\plantas\mplantas\menuplantas_r18_c2_f3.gif --> www.ggmdesign.com /public_html/proyectos/torrelindafinal/depas/plantas/mplantas menuplantas_r18_c2_f3.gif
2006.12.14 13:03 B C:\Documents and Settings\User\Mis documentos\paginas web\nering\torre linda\torrelindafinal\depas\plantas\mplantas\menuplantas_r18_c4.gif --> www.ggmdesign.com /public_html/proyectos/torrelindafinal/depas/plantas/mplantas menuplantas_r18_c4.gif
2006.12.14 13:03 B C:\Documents and Settings\User\Mis documentos\paginas web\nering\torre linda\torrelindafinal\depas\plantas\mplantas\menuplantas_r19_c2.gif --> www.ggmdesign.com /public_html/proyectos/torrelindafinal/depas/plantas/mplantas menuplantas_r19_c2.gif
2006.12.14 13:03 B C:\Documents and Settings\User\Mis documentos\paginas web\nering\torre linda\torrelindafinal\depas\plantas\mplantas\menuplantas_r1_c1.gif --> www.ggmdesign.com /public_html/proyectos/torrelindafinal/depas/plantas/mplantas menuplantas_r1_c1.gif
2006.12.14 13:04 B C:\Documents and Settings\User\Mis documentos\paginas web\nering\torre linda\torrelindafinal\depas\plantas\mplantas\menuplantas_r20_c1.gif --> www.ggmdesign.com /public_html/proyectos/torrelindafinal/depas/plantas/mplantas menuplantas_r20_c1.gif
2006.12.14 13:04 B C:\Documents and Settings\User\Mis documentos\paginas web\nering\torre linda\torrelindafinal\depas\plantas\mplantas\menuplantas_r20_c1_f2.gif --> www.ggmdesign.com /public_html/proyectos/torrelindafinal/depas/plantas/mplantas menuplantas_r20_c1_f2.gif
2006.12.14 13:04 B C:\Documents and Settings\User\Mis documentos\paginas web\nering\torre linda\torrelindafinal\depas\plantas\mplantas\menuplantas_r20_c1_f3.gif --> www.ggmdesign.com /public_html/proyectos/torrelindafinal/depas/plantas/mplantas menuplantas_r20_c1_f3.gif
2006.12.14 13:04 B C:\Documents and Settings\User\Mis documentos\paginas web\nering\torre linda\torrelindafinal\depas\plantas\mplantas\menuplantas_r21_c1.gif --> www.ggmdesign.com /public_html/proyectos/torrelindafinal/depas/plantas/mplantas menuplantas_r21_c1.gif
2006.12.14 13:04 B C:\Documents and Settings\User\Mis documentos\paginas web\nering\torre linda\torrelindafinal\depas\plantas\mplantas\menuplantas_r22_c1.gif --> www.ggmdesign.com /public_html/proyectos/torrelindafinal/depas/plantas/mplantas menuplantas_r22_c1.gif
2006.12.14 13:05 B C:\Documents and Settings\User\Mis documentos\paginas web\nering\torre linda\torrelindafinal\depas\plantas\mplantas\menuplantas_r22_c1_f2.gif --> www.ggmdesign.com /public_html/proyectos/torrelindafinal/depas/plantas/mplantas menuplantas_r22_c1_f2.gif
2006.12.14 13:05 B C:\Documents and Settings\User\Mis documentos\paginas web\nering\torre linda\torrelindafinal\depas\plantas\mplantas\menuplantas_r22_c1_f3.gif --> www.ggmdesign.com /public_html/proyectos/torrelindafinal/depas/plantas/mplantas menuplantas_r22_c1_f3.gif
2006.12.14 13:05 B C:\Documents and Settings\User\Mis documentos\paginas web\nering\torre linda\torrelindafinal\depas\plantas\mplantas\menuplantas_r23_c1.gif --> www.ggmdesign.com /public_html/proyectos/torrelindafinal/depas/plantas/mplantas menuplantas_r23_c1.gif
2006.12.14 13:05 B C:\Documents and Settings\User\Mis documentos\paginas web\nering\torre linda\torrelindafinal\depas\plantas\mplantas\menuplantas_r2_c1.gif --> www.ggmdesign.com /public_html/proyectos/torrelindafinal/depas/plantas/mplantas menuplantas_r2_c1.gif
2006.12.14 13:06 B C:\Documents and Settings\User\Mis documentos\paginas web\nering\torre linda\torrelindafinal\depas\plantas\mplantas\menuplantas_r2_c2.gif --> www.ggmdesign.com /public_html/proyectos/torrelindafinal/depas/plantas/mplantas menuplantas_r2_c2.gif
2006.12.14 13:06 B C:\Documents and Settings\User\Mis documentos\paginas web\nering\torre linda\torrelindafinal\depas\plantas\mplantas\menuplantas_r2_c2_f2.gif --> www.ggmdesign.com /public_html/proyectos/torrelindafinal/depas/plantas/mplantas menuplantas_r2_c2_f2.gif
2006.12.14 13:06 B C:\Documents and Settings\User\Mis documentos\paginas web\nering\torre linda\torrelindafinal\depas\plantas\mplantas\menuplantas_r2_c2_f3.gif --> www.ggmdesign.com /public_html/proyectos/torrelindafinal/depas/plantas/mplantas menuplantas_r2_c2_f3.gif
2006.12.14 13:06 B C:\Documents and Settings\User\Mis documentos\paginas web\nering\torre linda\torrelindafinal\depas\plantas\mplantas\menuplantas_r2_c3.gif --> www.ggmdesign.com /public_html/proyectos/torrelindafinal/depas/plantas/mplantas menuplantas_r2_c3.gif
2006.12.14 13:06 B C:\Documents and Settings\User\Mis documentos\paginas web\nering\torre linda\torrelindafinal\depas\plantas\mplantas\menuplantas_r3_c2.gif --> www.ggmdesign.com /public_html/proyectos/torrelindafinal/depas/plantas/mplantas menuplantas_r3_c2.gif
2006.12.14 13:06 B C:\Documents and Settings\User\Mis documentos\paginas web\nering\torre linda\torrelindafinal\depas\plantas\mplantas\menuplantas_r4_c2.gif --> www.ggmdesign.com /public_html/proyectos/torrelindafinal/depas/plantas/mplantas menuplantas_r4_c2.gif
2006.12.14 13:07 B C:\Documents and Settings\User\Mis documentos\paginas web\nering\torre linda\torrelindafinal\depas\plantas\mplantas\menuplantas_r4_c2_f2.gif --> www.ggmdesign.com /public_html/proyectos/torrelindafinal/depas/plantas/mplantas menuplantas_r4_c2_f2.gif
2006.12.14 13:07 B C:\Documents and Settings\User\Mis documentos\paginas web\nering\torre linda\torrelindafinal\depas\plantas\mplantas\menuplantas_r4_c2_f3.gif --> www.ggmdesign.com /public_html/proyectos/torrelindafinal/depas/plantas/mplantas menuplantas_r4_c2_f3.gif
2006.12.14 13:07 B C:\Documents and Settings\User\Mis documentos\paginas web\nering\torre linda\torrelindafinal\depas\plantas\mplantas\menuplantas_r5_c2.gif --> www.ggmdesign.com /public_html/proyectos/torrelindafinal/depas/plantas/mplantas menuplantas_r5_c2.gif
2006.12.14 13:07 B C:\Documents and Settings\User\Mis documentos\paginas web\nering\torre linda\torrelindafinal\depas\plantas\mplantas\menuplantas_r6_c2.gif --> www.ggmdesign.com /public_html/proyectos/torrelindafinal/depas/plantas/mplantas menuplantas_r6_c2.gif
2006.12.14 13:07 B C:\Documents and Settings\User\Mis documentos\paginas web\nering\torre linda\torrelindafinal\depas\plantas\mplantas\menuplantas_r6_c2_f2.gif --> www.ggmdesign.com /public_html/proyectos/torrelindafinal/depas/plantas/mplantas menuplantas_r6_c2_f2.gif
2006.12.14 13:08 B C:\Documents and Settings\User\Mis documentos\paginas web\nering\torre linda\torrelindafinal\depas\plantas\mplantas\menuplantas_r6_c2_f3.gif --> www.ggmdesign.com /public_html/proyectos/torrelindafinal/depas/plantas/mplantas menuplantas_r6_c2_f3.gif
2006.12.14 13:08 B C:\Documents and Settings\User\Mis documentos\paginas web\nering\torre linda\torrelindafinal\depas\plantas\mplantas\menuplantas_r6_c7.gif --> www.ggmdesign.com /public_html/proyectos/torrelindafinal/depas/plantas/mplantas menuplantas_r6_c7.gif
2006.12.14 13:08 B C:\Documents and Settings\User\Mis documentos\paginas web\nering\torre linda\torrelindafinal\depas\plantas\mplantas\menuplantas_r7_c2.gif --> www.ggmdesign.com /public_html/proyectos/torrelindafinal/depas/plantas/mplantas menuplantas_r7_c2.gif
2006.12.14 13:09 B C:\Documents and Settings\User\Mis documentos\paginas web\nering\torre linda\torrelindafinal\depas\plantas\mplantas\menuplantas_r8_c2.gif --> www.ggmdesign.com /public_html/proyectos/torrelindafinal/depas/plantas/mplantas menuplantas_r8_c2.gif
2006.12.14 13:09 B C:\Documents and Settings\User\Mis documentos\paginas web\nering\torre linda\torrelindafinal\depas\plantas\mplantas\menuplantas_r8_c2_f2.gif --> www.ggmdesign.com /public_html/proyectos/torrelindafinal/depas/plantas/mplantas menuplantas_r8_c2_f2.gif
2006.12.14 13:10 B C:\Documents and Settings\User\Mis documentos\paginas web\nering\torre linda\torrelindafinal\depas\plantas\mplantas\menuplantas_r8_c2_f3.gif --> www.ggmdesign.com /public_html/proyectos/torrelindafinal/depas/plantas/mplantas menuplantas_r8_c2_f3.gif
2006.12.14 13:10 B C:\Documents and Settings\User\Mis documentos\paginas web\nering\torre linda\torrelindafinal\depas\plantas\mplantas\menuplantas_r8_c6.gif --> www.ggmdesign.com /public_html/proyectos/torrelindafinal/depas/plantas/mplantas menuplantas_r8_c6.gif
2006.12.14 13:10 B C:\Documents and Settings\User\Mis documentos\paginas web\nering\torre linda\torrelindafinal\depas\plantas\mplantas\menuplantas_r9_c2.gif --> www.ggmdesign.com /public_html/proyectos/torrelindafinal/depas/plantas/mplantas menuplantas_r9_c2.gif
2006.12.14 13:11 B C:\Documents and Settings\User\Mis documentos\paginas web\nering\torre linda\torrelindafinal\depas\plantas\mplantas\spacer.gif --> www.ggmdesign.com /public_html/proyectos/torrelindafinal/depas/plantas/mplantas spacer.gif
2006.12.14 13:11 B C:\Documents and Settings\User\Mis documentos\paginas web\nering\torre linda\torrelindafinal\depas\plantas\mplantas\WS_FTP.LOG --> www.ggmdesign.com /public_html/proyectos/torrelindafinal/depas/plantas/mplantas WS_FTP.LOG
2006.12.17 10:41 B C:\Documents and Settings\User\Mis documentos\paginas web\nering\torre linda\torrelindafinal\depas\plantas\mplantas\menuplantas.htm --> www.nering.com.pe /public_html/depas/plantas/mplantas menuplantas.htm
2006.12.17 10:41 B C:\Documents and Settings\User\Mis documentos\paginas web\nering\torre linda\torrelindafinal\depas\plantas\mplantas\menuplantas_r10_c2.gif --> www.nering.com.pe /public_html/depas/plantas/mplantas menuplantas_r10_c2.gif
2006.12.17 10:41 B C:\Documents and Settings\User\Mis documentos\paginas web\nering\torre linda\torrelindafinal\depas\plantas\mplantas\menuplantas_r10_c2_f2.gif --> www.nering.com.pe /public_html/depas/plantas/mplantas menuplantas_r10_c2_f2.gif
2006.12.17 10:41 B C:\Documents and Settings\User\Mis documentos\paginas web\nering\torre linda\torrelindafinal\depas\plantas\mplantas\menuplantas_r10_c2_f3.gif --> www.nering.com.pe /public_html/depas/plantas/mplantas menuplantas_r10_c2_f3.gif
2006.12.17 10:41 B C:\Documents and Settings\User\Mis documentos\paginas web\nering\torre linda\torrelindafinal\depas\plantas\mplantas\menuplantas_r10_c4.gif --> www.nering.com.pe /public_html/depas/plantas/mplantas menuplantas_r10_c4.gif
2006.12.17 10:41 B C:\Documents and Settings\User\Mis documentos\paginas web\nering\torre linda\torrelindafinal\depas\plantas\mplantas\menuplantas_r11_c2.gif --> www.nering.com.pe /public_html/depas/plantas/mplantas menuplantas_r11_c2.gif
2006.12.17 10:41 B C:\Documents and Settings\User\Mis documentos\paginas web\nering\torre linda\torrelindafinal\depas\plantas\mplantas\menuplantas_r12_c2.gif --> www.nering.com.pe /public_html/depas/plantas/mplantas menuplantas_r12_c2.gif
2006.12.17 10:41 B C:\Documents and Settings\User\Mis documentos\paginas web\nering\torre linda\torrelindafinal\depas\plantas\mplantas\menuplantas_r12_c2_f2.gif --> www.nering.com.pe /public_html/depas/plantas/mplantas menuplantas_r12_c2_f2.gif
2006.12.17 10:41 B C:\Documents and Settings\User\Mis documentos\paginas web\nering\torre linda\torrelindafinal\depas\plantas\mplantas\menuplantas_r12_c2_f3.gif --> www.nering.com.pe /public_html/depas/plantas/mplantas menuplantas_r12_c2_f3.gif
2006.12.17 10:41 B C:\Documents and Settings\User\Mis documentos\paginas web\nering\torre linda\torrelindafinal\depas\plantas\mplantas\menuplantas_r13_c2.gif --> www.nering.com.pe /public_html/depas/plantas/mplantas menuplantas_r13_c2.gif
2006.12.17 10:41 B C:\Documents and Settings\User\Mis documentos\paginas web\nering\torre linda\torrelindafinal\depas\plantas\mplantas\menuplantas_r14_c2.gif --> www.nering.com.pe /public_html/depas/plantas/mplantas menuplantas_r14_c2.gif
2006.12.17 10:41 B C:\Documents and Settings\User\Mis documentos\paginas web\nering\torre linda\torrelindafinal\depas\plantas\mplantas\menuplantas_r14_c2_f2.gif --> www.nering.com.pe /public_html/depas/plantas/mplantas menuplantas_r14_c2_f2.gif
2006.12.17 10:42 B C:\Documents and Settings\User\Mis documentos\paginas web\nering\torre linda\torrelindafinal\depas\plantas\mplantas\menuplantas_r14_c2_f3.gif --> www.nering.com.pe /public_html/depas/plantas/mplantas menuplantas_r14_c2_f3.gif
2006.12.17 10:42 B C:\Documents and Settings\User\Mis documentos\paginas web\nering\torre linda\torrelindafinal\depas\plantas\mplantas\menuplantas_r15_c2.gif --> www.nering.com.pe /public_html/depas/plantas/mplantas menuplantas_r15_c2.gif
2006.12.17 10:42 B C:\Documents and Settings\User\Mis documentos\paginas web\nering\torre linda\torrelindafinal\depas\plantas\mplantas\menuplantas_r16_c2.gif --> www.nering.com.pe /public_html/depas/plantas/mplantas menuplantas_r16_c2.gif
2006.12.17 10:42 B C:\Documents and Settings\User\Mis documentos\paginas web\nering\torre linda\torrelindafinal\depas\plantas\mplantas\menuplantas_r16_c2_f2.gif --> www.nering.com.pe /public_html/depas/plantas/mplantas menuplantas_r16_c2_f2.gif
2006.12.17 10:42 B C:\Documents and Settings\User\Mis documentos\paginas web\nering\torre linda\torrelindafinal\depas\plantas\mplantas\menuplantas_r16_c2_f3.gif --> www.nering.com.pe /public_html/depas/plantas/mplantas menuplantas_r16_c2_f3.gif
2006.12.17 10:42 B C:\Documents and Settings\User\Mis documentos\paginas web\nering\torre linda\torrelindafinal\depas\plantas\mplantas\menuplantas_r16_c5.gif --> www.nering.com.pe /public_html/depas/plantas/mplantas menuplantas_r16_c5.gif
2006.12.17 10:42 B C:\Documents and Settings\User\Mis documentos\paginas web\nering\torre linda\torrelindafinal\depas\plantas\mplantas\menuplantas_r17_c2.gif --> www.nering.com.pe /public_html/depas/plantas/mplantas menuplantas_r17_c2.gif
2006.12.17 10:42 B C:\Documents and Settings\User\Mis documentos\paginas web\nering\torre linda\torrelindafinal\depas\plantas\mplantas\menuplantas_r18_c2.gif --> www.nering.com.pe /public_html/depas/plantas/mplantas menuplantas_r18_c2.gif
2006.12.17 10:42 B C:\Documents and Settings\User\Mis documentos\paginas web\nering\torre linda\torrelindafinal\depas\plantas\mplantas\menuplantas_r18_c2_f2.gif --> www.nering.com.pe /public_html/depas/plantas/mplantas menuplantas_r18_c2_f2.gif
2006.12.17 10:42 B C:\Documents and Settings\User\Mis documentos\paginas web\nering\torre linda\torrelindafinal\depas\plantas\mplantas\menuplantas_r18_c2_f3.gif --> www.nering.com.pe /public_html/depas/plantas/mplantas menuplantas_r18_c2_f3.gif
2006.12.17 10:42 B C:\Documents and Settings\User\Mis documentos\paginas web\nering\torre linda\torrelindafinal\depas\plantas\mplantas\menuplantas_r18_c4.gif --> www.nering.com.pe /public_html/depas/plantas/mplantas menuplantas_r18_c4.gif
2006.12.17 10:42 B C:\Documents and Settings\User\Mis documentos\paginas web\nering\torre linda\torrelindafinal\depas\plantas\mplantas\menuplantas_r19_c2.gif --> www.nering.com.pe /public_html/depas/plantas/mplantas menuplantas_r19_c2.gif
2006.12.17 10:42 B C:\Documents and Settings\User\Mis documentos\paginas web\nering\torre linda\torrelindafinal\depas\plantas\mplantas\menuplantas_r1_c1.gif --> www.nering.com.pe /public_html/depas/plantas/mplantas menuplantas_r1_c1.gif
2006.12.17 10:42 B C:\Documents and Settings\User\Mis documentos\paginas web\nering\torre linda\torrelindafinal\depas\plantas\mplantas\menuplantas_r20_c1.gif --> www.nering.com.pe /public_html/depas/plantas/mplantas menuplantas_r20_c1.gif
2006.12.17 10:42 B C:\Documents and Settings\User\Mis documentos\paginas web\nering\torre linda\torrelindafinal\depas\plantas\mplantas\menuplantas_r20_c1_f2.gif --> www.nering.com.pe /public_html/depas/plantas/mplantas menuplantas_r20_c1_f2.gif
2006.12.17 10:42 B C:\Documents and Settings\User\Mis documentos\paginas web\nering\torre linda\torrelindafinal\depas\plantas\mplantas\menuplantas_r20_c1_f3.gif --> www.nering.com.pe /public_html/depas/plantas/mplantas menuplantas_r20_c1_f3.gif
2006.12.17 10:42 B C:\Documents and Settings\User\Mis documentos\paginas web\nering\torre linda\torrelindafinal\depas\plantas\mplantas\menuplantas_r21_c1.gif --> www.nering.com.pe /public_html/depas/plantas/mplantas menuplantas_r21_c1.gif
2006.12.17 10:42 B C:\Documents and Settings\User\Mis documentos\paginas web\nering\torre linda\torrelindafinal\depas\plantas\mplantas\menuplantas_r22_c1.gif --> www.nering.com.pe /public_html/depas/plantas/mplantas menuplantas_r22_c1.gif
2006.12.17 10:42 B C:\Documents and Settings\User\Mis documentos\paginas web\nering\torre linda\torrelindafinal\depas\plantas\mplantas\menuplantas_r22_c1_f2.gif --> www.nering.com.pe /public_html/depas/plantas/mplantas menuplantas_r22_c1_f2.gif
2006.12.17 10:42 B C:\Documents and Settings\User\Mis documentos\paginas web\nering\torre linda\torrelindafinal\depas\plantas\mplantas\menuplantas_r22_c1_f3.gif --> www.nering.com.pe /public_html/depas/plantas/mplantas menuplantas_r22_c1_f3.gif
2006.12.17 10:42 B C:\Documents and Settings\User\Mis documentos\paginas web\nering\torre linda\torrelindafinal\depas\plantas\mplantas\menuplantas_r23_c1.gif --> www.nering.com.pe /public_html/depas/plantas/mplantas menuplantas_r23_c1.gif
2006.12.17 10:42 B C:\Documents and Settings\User\Mis documentos\paginas web\nering\torre linda\torrelindafinal\depas\plantas\mplantas\menuplantas_r2_c1.gif --> www.nering.com.pe /public_html/depas/plantas/mplantas menuplantas_r2_c1.gif
2006.12.17 10:42 B C:\Documents and Settings\User\Mis documentos\paginas web\nering\torre linda\torrelindafinal\depas\plantas\mplantas\menuplantas_r2_c2.gif --> www.nering.com.pe /public_html/depas/plantas/mplantas menuplantas_r2_c2.gif
2006.12.17 10:42 B C:\Documents and Settings\User\Mis documentos\paginas web\nering\torre linda\torrelindafinal\depas\plantas\mplantas\menuplantas_r2_c2_f2.gif --> www.nering.com.pe /public_html/depas/plantas/mplantas menuplantas_r2_c2_f2.gif
2006.12.17 10:42 B C:\Documents and Settings\User\Mis documentos\paginas web\nering\torre linda\torrelindafinal\depas\plantas\mplantas\menuplantas_r2_c2_f3.gif --> www.nering.com.pe /public_html/depas/plantas/mplantas menuplantas_r2_c2_f3.gif
2006.12.17 10:42 B C:\Documents and Settings\User\Mis documentos\paginas web\nering\torre linda\torrelindafinal\depas\plantas\mplantas\menuplantas_r2_c3.gif --> www.nering.com.pe /public_html/depas/plantas/mplantas menuplantas_r2_c3.gif
2006.12.17 10:42 B C:\Documents and Settings\User\Mis documentos\paginas web\nering\torre linda\torrelindafinal\depas\plantas\mplantas\menuplantas_r3_c2.gif --> www.nering.com.pe /public_html/depas/plantas/mplantas menuplantas_r3_c2.gif
2006.12.17 10:42 B C:\Documents and Settings\User\Mis documentos\paginas web\nering\torre linda\torrelindafinal\depas\plantas\mplantas\menuplantas_r4_c2.gif --> www.nering.com.pe /public_html/depas/plantas/mplantas menuplantas_r4_c2.gif
2006.12.17 10:42 B C:\Documents and Settings\User\Mis documentos\paginas web\nering\torre linda\torrelindafinal\depas\plantas\mplantas\menuplantas_r4_c2_f2.gif --> www.nering.com.pe /public_html/depas/plantas/mplantas menuplantas_r4_c2_f2.gif
2006.12.17 10:42 B C:\Documents and Settings\User\Mis documentos\paginas web\nering\torre linda\torrelindafinal\depas\plantas\mplantas\menuplantas_r4_c2_f3.gif --> www.nering.com.pe /public_html/depas/plantas/mplantas menuplantas_r4_c2_f3.gif
2006.12.17 10:42 B C:\Documents and Settings\User\Mis documentos\paginas web\nering\torre linda\torrelindafinal\depas\plantas\mplantas\menuplantas_r5_c2.gif --> www.nering.com.pe /public_html/depas/plantas/mplantas menuplantas_r5_c2.gif
2006.12.17 10:42 B C:\Documents and Settings\User\Mis documentos\paginas web\nering\torre linda\torrelindafinal\depas\plantas\mplantas\menuplantas_r6_c2.gif --> www.nering.com.pe /public_html/depas/plantas/mplantas menuplantas_r6_c2.gif
2006.12.17 10:42 B C:\Documents and Settings\User\Mis documentos\paginas web\nering\torre linda\torrelindafinal\depas\plantas\mplantas\menuplantas_r6_c2_f2.gif --> www.nering.com.pe /public_html/depas/plantas/mplantas menuplantas_r6_c2_f2.gif
2006.12.17 10:42 B C:\Documents and Settings\User\Mis documentos\paginas web\nering\torre linda\torrelindafinal\depas\plantas\mplantas\menuplantas_r6_c2_f3.gif --> www.nering.com.pe /public_html/depas/plantas/mplantas menuplantas_r6_c2_f3.gif
2006.12.17 10:42 B C:\Documents and Settings\User\Mis documentos\paginas web\nering\torre linda\torrelindafinal\depas\plantas\mplantas\menuplantas_r6_c7.gif --> www.nering.com.pe /public_html/depas/plantas/mplantas menuplantas_r6_c7.gif
2006.12.17 10:42 B C:\Documents and Settings\User\Mis documentos\paginas web\nering\torre linda\torrelindafinal\depas\plantas\mplantas\menuplantas_r7_c2.gif --> www.nering.com.pe /public_html/depas/plantas/mplantas menuplantas_r7_c2.gif
2006.12.17 10:42 B C:\Documents and Settings\User\Mis documentos\paginas web\nering\torre linda\torrelindafinal\depas\plantas\mplantas\menuplantas_r8_c2.gif --> www.nering.com.pe /public_html/depas/plantas/mplantas menuplantas_r8_c2.gif
2006.12.17 10:42 B C:\Documents and Settings\User\Mis documentos\paginas web\nering\torre linda\torrelindafinal\depas\plantas\mplantas\menuplantas_r8_c2_f2.gif --> www.nering.com.pe /public_html/depas/plantas/mplantas menuplantas_r8_c2_f2.gif
2006.12.17 10:42 B C:\Documents and Settings\User\Mis documentos\paginas web\nering\torre linda\torrelindafinal\depas\plantas\mplantas\menuplantas_r8_c2_f3.gif --> www.nering.com.pe /public_html/depas/plantas/mplantas menuplantas_r8_c2_f3.gif
2006.12.17 10:42 B C:\Documents and Settings\User\Mis documentos\paginas web\nering\torre linda\torrelindafinal\depas\plantas\mplantas\menuplantas_r8_c6.gif --> www.nering.com.pe /public_html/depas/plantas/mplantas menuplantas_r8_c6.gif
2006.12.17 10:42 B C:\Documents and Settings\User\Mis documentos\paginas web\nering\torre linda\torrelindafinal\depas\plantas\mplantas\menuplantas_r9_c2.gif --> www.nering.com.pe /public_html/depas/plantas/mplantas menuplantas_r9_c2.gif
2006.12.17 10:42 B C:\Documents and Settings\User\Mis documentos\paginas web\nering\torre linda\torrelindafinal\depas\plantas\mplantas\spacer.gif --> www.nering.com.pe /public_html/depas/plantas/mplantas spacer.gif
2006.12.17 10:42 B C:\Documents and Settings\User\Mis documentos\paginas web\nering\torre linda\torrelindafinal\depas\plantas\mplantas\WS_FTP.LOG --> www.nering.com.pe /public_html/depas/plantas/mplantas WS_FTP.LOG
2007.05.04 18:35 B C:\Documents and Settings\User\Mis documentos\paginas web\torre linda\torrelindafinal07\depas\plantas\mplantas\menuplantas.htm --> www.nering.com.pe /public_html/depas/plantas/mplantas menuplantas.htm
2007.05.04 18:35 B C:\Documents and Settings\User\Mis documentos\paginas web\torre linda\torrelindafinal07\depas\plantas\mplantas\menuplantas_r1_c1.gif --> www.nering.com.pe /public_html/depas/plantas/mplantas menuplantas_r1_c1.gif
2007.05.04 18:35 B C:\Documents and Settings\User\Mis documentos\paginas web\torre linda\torrelindafinal07\depas\plantas\mplantas\menuplantas_r2_c1.gif --> www.nering.com.pe /public_html/depas/plantas/mplantas menuplantas_r2_c1.gif
2007.05.04 18:35 B C:\Documents and Settings\User\Mis documentos\paginas web\torre linda\torrelindafinal07\depas\plantas\mplantas\menuplantas_r2_c1_f2.gif --> www.nering.com.pe /public_html/depas/plantas/mplantas menuplantas_r2_c1_f2.gif
2007.05.04 18:35 B C:\Documents and Settings\User\Mis documentos\paginas web\torre linda\torrelindafinal07\depas\plantas\mplantas\menuplantas_r2_c1_f3.gif --> www.nering.com.pe /public_html/depas/plantas/mplantas menuplantas_r2_c1_f3.gif
2007.05.04 18:35 B C:\Documents and Settings\User\Mis documentos\paginas web\torre linda\torrelindafinal07\depas\plantas\mplantas\menuplantas_r3_c1.gif --> www.nering.com.pe /public_html/depas/plantas/mplantas menuplantas_r3_c1.gif
2007.05.04 18:35 B C:\Documents and Settings\User\Mis documentos\paginas web\torre linda\torrelindafinal07\depas\plantas\mplantas\menuplantas_r4_c1.gif --> www.nering.com.pe /public_html/depas/plantas/mplantas menuplantas_r4_c1.gif
2007.05.04 18:35 B C:\Documents and Settings\User\Mis documentos\paginas web\torre linda\torrelindafinal07\depas\plantas\mplantas\menuplantas_r4_c1_f2.gif --> www.nering.com.pe /public_html/depas/plantas/mplantas menuplantas_r4_c1_f2.gif
2007.05.04 18:35 B C:\Documents and Settings\User\Mis documentos\paginas web\torre linda\torrelindafinal07\depas\plantas\mplantas\menuplantas_r4_c1_f3.gif --> www.nering.com.pe /public_html/depas/plantas/mplantas menuplantas_r4_c1_f3.gif
2007.05.04 18:35 B C:\Documents and Settings\User\Mis documentos\paginas web\torre linda\torrelindafinal07\depas\plantas\mplantas\menuplantas_r5_c1.gif --> www.nering.com.pe /public_html/depas/plantas/mplantas menuplantas_r5_c1.gif
2007.05.04 18:35 B C:\Documents and Settings\User\Mis documentos\paginas web\torre linda\torrelindafinal07\depas\plantas\mplantas\menuplantas_r6_c1.gif --> www.nering.com.pe /public_html/depas/plantas/mplantas menuplantas_r6_c1.gif
2007.05.04 18:35 B C:\Documents and Settings\User\Mis documentos\paginas web\torre linda\torrelindafinal07\depas\plantas\mplantas\menuplantas_r6_c1_f2.gif --> www.nering.com.pe /public_html/depas/plantas/mplantas menuplantas_r6_c1_f2.gif
2007.05.04 18:35 B C:\Documents and Settings\User\Mis documentos\paginas web\torre linda\torrelindafinal07\depas\plantas\mplantas\menuplantas_r6_c1_f3.gif --> www.nering.com.pe /public_html/depas/plantas/mplantas menuplantas_r6_c1_f3.gif
2007.05.04 18:35 B C:\Documents and Settings\User\Mis documentos\paginas web\torre linda\torrelindafinal07\depas\plantas\mplantas\menuplantas_r7_c1.gif --> www.nering.com.pe /public_html/depas/plantas/mplantas menuplantas_r7_c1.gif
2007.05.04 18:35 B C:\Documents and Settings\User\Mis documentos\paginas web\torre linda\torrelindafinal07\depas\plantas\mplantas\spacer.gif --> www.nering.com.pe /public_html/depas/plantas/mplantas spacer.gif
2007.05.09 19:35 B C:\Documents and Settings\User\Mis documentos\paginas web\torre linda\torrelindafinal07\depas\modelos\mplantas\menuplantas.htm --> www.nering.com.pe /public_html/depas/modelos/mplantas menuplantas.htm
2007.05.09 19:35 B C:\Documents and Settings\User\Mis documentos\paginas web\torre linda\torrelindafinal07\depas\modelos\mplantas\menuplantas_r1_c1.gif --> www.nering.com.pe /public_html/depas/modelos/mplantas menuplantas_r1_c1.gif
2007.05.09 19:35 B C:\Documents and Settings\User\Mis documentos\paginas web\torre linda\torrelindafinal07\depas\modelos\mplantas\menuplantas_r2_c1.gif --> www.nering.com.pe /public_html/depas/modelos/mplantas menuplantas_r2_c1.gif
2007.05.09 19:35 B C:\Documents and Settings\User\Mis documentos\paginas web\torre linda\torrelindafinal07\depas\modelos\mplantas\menuplantas_r2_c1_f2.gif --> www.nering.com.pe /public_html/depas/modelos/mplantas menuplantas_r2_c1_f2.gif
2007.05.09 19:35 B C:\Documents and Settings\User\Mis documentos\paginas web\torre linda\torrelindafinal07\depas\modelos\mplantas\menuplantas_r2_c1_f3.gif --> www.nering.com.pe /public_html/depas/modelos/mplantas menuplantas_r2_c1_f3.gif
2007.05.09 19:35 B C:\Documents and Settings\User\Mis documentos\paginas web\torre linda\torrelindafinal07\depas\modelos\mplantas\menuplantas_r3_c1.gif --> www.nering.com.pe /public_html/depas/modelos/mplantas menuplantas_r3_c1.gif
2007.05.09 19:35 B C:\Documents and Settings\User\Mis documentos\paginas web\torre linda\torrelindafinal07\depas\modelos\mplantas\menuplantas_r4_c1.gif --> www.nering.com.pe /public_html/depas/modelos/mplantas menuplantas_r4_c1.gif
2007.05.09 19:35 B C:\Documents and Settings\User\Mis documentos\paginas web\torre linda\torrelindafinal07\depas\modelos\mplantas\menuplantas_r4_c1_f2.gif --> www.nering.com.pe /public_html/depas/modelos/mplantas menuplantas_r4_c1_f2.gif
2007.05.09 19:35 B C:\Documents and Settings\User\Mis documentos\paginas web\torre linda\torrelindafinal07\depas\modelos\mplantas\menuplantas_r4_c1_f3.gif --> www.nering.com.pe /public_html/depas/modelos/mplantas menuplantas_r4_c1_f3.gif
2007.05.09 19:35 B C:\Documents and Settings\User\Mis documentos\paginas web\torre linda\torrelindafinal07\depas\modelos\mplantas\menuplantas_r5_c1.gif --> www.nering.com.pe /public_html/depas/modelos/mplantas menuplantas_r5_c1.gif
2007.05.09 19:35 B C:\Documents and Settings\User\Mis documentos\paginas web\torre linda\torrelindafinal07\depas\modelos\mplantas\menuplantas_r6_c1.gif --> www.nering.com.pe /public_html/depas/modelos/mplantas menuplantas_r6_c1.gif
2007.05.09 19:35 B C:\Documents and Settings\User\Mis documentos\paginas web\torre linda\torrelindafinal07\depas\modelos\mplantas\menuplantas_r6_c1_f2.gif --> www.nering.com.pe /public_html/depas/modelos/mplantas menuplantas_r6_c1_f2.gif
2007.05.09 19:35 B C:\Documents and Settings\User\Mis documentos\paginas web\torre linda\torrelindafinal07\depas\modelos\mplantas\menuplantas_r6_c1_f3.gif --> www.nering.com.pe /public_html/depas/modelos/mplantas menuplantas_r6_c1_f3.gif
2007.05.09 19:35 B C:\Documents and Settings\User\Mis documentos\paginas web\torre linda\torrelindafinal07\depas\modelos\mplantas\menuplantas_r7_c1.gif --> www.nering.com.pe /public_html/depas/modelos/mplantas menuplantas_r7_c1.gif
2007.05.09 19:35 B C:\Documents and Settings\User\Mis documentos\paginas web\torre linda\torrelindafinal07\depas\modelos\mplantas\spacer.gif --> www.nering.com.pe /public_html/depas/modelos/mplantas spacer.gif
2007.05.09 19:35 B C:\Documents and Settings\User\Mis documentos\paginas web\torre linda\torrelindafinal07\depas\modelos\mplantas\Thumbs.db --> www.nering.com.pe /public_html/depas/modelos/mplantas Thumbs.db
2007.05.09 19:35 B C:\Documents and Settings\User\Mis documentos\paginas web\torre linda\torrelindafinal07\depas\modelos\mplantas\WS_FTP.LOG --> www.nering.com.pe /public_html/depas/modelos/mplantas WS_FTP.LOG
2007.05.09 20:01 B C:\Documents and Settings\User\Mis documentos\paginas web\torre linda\torrelindafinal07\depas\modelos\mplantas\menuplantas.htm --> www.nering.com.pe /public_html/depas/modelos/mplantas menuplantas.htm
2007.05.09 20:01 B C:\Documents and Settings\User\Mis documentos\paginas web\torre linda\torrelindafinal07\depas\modelos\mplantas\menuplantas_r1_c1.gif --> www.nering.com.pe /public_html/depas/modelos/mplantas menuplantas_r1_c1.gif
2007.05.09 20:01 B C:\Documents and Settings\User\Mis documentos\paginas web\torre linda\torrelindafinal07\depas\modelos\mplantas\menuplantas_r2_c1.gif --> www.nering.com.pe /public_html/depas/modelos/mplantas menuplantas_r2_c1.gif
2007.05.09 20:01 B C:\Documents and Settings\User\Mis documentos\paginas web\torre linda\torrelindafinal07\depas\modelos\mplantas\menuplantas_r2_c1_f2.gif --> www.nering.com.pe /public_html/depas/modelos/mplantas menuplantas_r2_c1_f2.gif
2007.05.09 20:01 B C:\Documents and Settings\User\Mis documentos\paginas web\torre linda\torrelindafinal07\depas\modelos\mplantas\menuplantas_r2_c1_f3.gif --> www.nering.com.pe /public_html/depas/modelos/mplantas menuplantas_r2_c1_f3.gif
2007.05.09 20:01 B C:\Documents and Settings\User\Mis documentos\paginas web\torre linda\torrelindafinal07\depas\modelos\mplantas\menuplantas_r3_c1.gif --> www.nering.com.pe /public_html/depas/modelos/mplantas menuplantas_r3_c1.gif
2007.05.09 20:01 B C:\Documents and Settings\User\Mis documentos\paginas web\torre linda\torrelindafinal07\depas\modelos\mplantas\menuplantas_r4_c1.gif --> www.nering.com.pe /public_html/depas/modelos/mplantas menuplantas_r4_c1.gif
2007.05.09 20:01 B C:\Documents and Settings\User\Mis documentos\paginas web\torre linda\torrelindafinal07\depas\modelos\mplantas\menuplantas_r4_c1_f2.gif --> www.nering.com.pe /public_html/depas/modelos/mplantas menuplantas_r4_c1_f2.gif
2007.05.09 20:01 B C:\Documents and Settings\User\Mis documentos\paginas web\torre linda\torrelindafinal07\depas\modelos\mplantas\menuplantas_r4_c1_f3.gif --> www.nering.com.pe /public_html/depas/modelos/mplantas menuplantas_r4_c1_f3.gif
2007.05.09 20:01 B C:\Documents and Settings\User\Mis documentos\paginas web\torre linda\torrelindafinal07\depas\modelos\mplantas\menuplantas_r5_c1.gif --> www.nering.com.pe /public_html/depas/modelos/mplantas menuplantas_r5_c1.gif
2007.05.09 20:01 B C:\Documents and Settings\User\Mis documentos\paginas web\torre linda\torrelindafinal07\depas\modelos\mplantas\menuplantas_r6_c1.gif --> www.nering.com.pe /public_html/depas/modelos/mplantas menuplantas_r6_c1.gif
2007.05.09 20:01 B C:\Documents and Settings\User\Mis documentos\paginas web\torre linda\torrelindafinal07\depas\modelos\mplantas\menuplantas_r6_c1_f2.gif --> www.nering.com.pe /public_html/depas/modelos/mplantas menuplantas_r6_c1_f2.gif
2007.05.09 20:01 B C:\Documents and Settings\User\Mis documentos\paginas web\torre linda\torrelindafinal07\depas\modelos\mplantas\menuplantas_r6_c1_f3.gif --> www.nering.com.pe /public_html/depas/modelos/mplantas menuplantas_r6_c1_f3.gif
2007.05.09 20:01 B C:\Documents and Settings\User\Mis documentos\paginas web\torre linda\torrelindafinal07\depas\modelos\mplantas\menuplantas_r7_c1.gif --> www.nering.com.pe /public_html/depas/modelos/mplantas menuplantas_r7_c1.gif
2007.05.09 20:01 B C:\Documents and Settings\User\Mis documentos\paginas web\torre linda\torrelindafinal07\depas\modelos\mplantas\spacer.gif --> www.nering.com.pe /public_html/depas/modelos/mplantas spacer.gif
2008.01.07 11:36 B C:\Documents and Settings\Yanina\Mis documentos\PAGINAS WEB\torre linda\torrelindafinal07\depas\modelos\mplantas\menuplantas.htm --> www.nering.net /depas/modelos/mplantas menuplantas.htm
2008.01.07 11:36 B C:\Documents and Settings\Yanina\Mis documentos\PAGINAS WEB\torre linda\torrelindafinal07\depas\modelos\mplantas\menuplantas_r1_c1.gif --> www.nering.net /depas/modelos/mplantas menuplantas_r1_c1.gif
2008.01.07 11:36 B C:\Documents and Settings\Yanina\Mis documentos\PAGINAS WEB\torre linda\torrelindafinal07\depas\modelos\mplantas\menuplantas_r2_c1.gif --> www.nering.net /depas/modelos/mplantas menuplantas_r2_c1.gif
2008.01.07 11:36 B C:\Documents and Settings\Yanina\Mis documentos\PAGINAS WEB\torre linda\torrelindafinal07\depas\modelos\mplantas\menuplantas_r2_c1_f2.gif --> www.nering.net /depas/modelos/mplantas menuplantas_r2_c1_f2.gif
2008.01.07 11:36 B C:\Documents and Settings\Yanina\Mis documentos\PAGINAS WEB\torre linda\torrelindafinal07\depas\modelos\mplantas\menuplantas_r2_c1_f3.gif --> www.nering.net /depas/modelos/mplantas menuplantas_r2_c1_f3.gif
2008.01.07 11:36 B C:\Documents and Settings\Yanina\Mis documentos\PAGINAS WEB\torre linda\torrelindafinal07\depas\modelos\mplantas\menuplantas_r3_c1.gif --> www.nering.net /depas/modelos/mplantas menuplantas_r3_c1.gif
2008.01.07 11:36 B C:\Documents and Settings\Yanina\Mis documentos\PAGINAS WEB\torre linda\torrelindafinal07\depas\modelos\mplantas\menuplantas_r4_c1.gif --> www.nering.net /depas/modelos/mplantas menuplantas_r4_c1.gif
2008.01.07 11:36 B C:\Documents and Settings\Yanina\Mis documentos\PAGINAS WEB\torre linda\torrelindafinal07\depas\modelos\mplantas\menuplantas_r4_c1_f2.gif --> www.nering.net /depas/modelos/mplantas menuplantas_r4_c1_f2.gif
2008.01.07 11:36 B C:\Documents and Settings\Yanina\Mis documentos\PAGINAS WEB\torre linda\torrelindafinal07\depas\modelos\mplantas\menuplantas_r4_c1_f3.gif --> www.nering.net /depas/modelos/mplantas menuplantas_r4_c1_f3.gif
2008.01.07 11:36 B C:\Documents and Settings\Yanina\Mis documentos\PAGINAS WEB\torre linda\torrelindafinal07\depas\modelos\mplantas\menuplantas_r5_c1.gif --> www.nering.net /depas/modelos/mplantas menuplantas_r5_c1.gif
2008.01.07 11:36 B C:\Documents and Settings\Yanina\Mis documentos\PAGINAS WEB\torre linda\torrelindafinal07\depas\modelos\mplantas\menuplantas_r6_c1.gif --> www.nering.net /depas/modelos/mplantas menuplantas_r6_c1.gif
2008.01.07 11:36 B C:\Documents and Settings\Yanina\Mis documentos\PAGINAS WEB\torre linda\torrelindafinal07\depas\modelos\mplantas\menuplantas_r6_c1_f2.gif --> www.nering.net /depas/modelos/mplantas menuplantas_r6_c1_f2.gif
2008.01.07 11:36 B C:\Documents and Settings\Yanina\Mis documentos\PAGINAS WEB\torre linda\torrelindafinal07\depas\modelos\mplantas\menuplantas_r6_c1_f3.gif --> www.nering.net /depas/modelos/mplantas menuplantas_r6_c1_f3.gif
2008.01.07 11:36 B C:\Documents and Settings\Yanina\Mis documentos\PAGINAS WEB\torre linda\torrelindafinal07\depas\modelos\mplantas\menuplantas_r7_c1.gif --> www.nering.net /depas/modelos/mplantas menuplantas_r7_c1.gif
2008.01.07 11:36 B C:\Documents and Settings\Yanina\Mis documentos\PAGINAS WEB\torre linda\torrelindafinal07\depas\modelos\mplantas\spacer.gif --> www.nering.net /depas/modelos/mplantas spacer.gif
2008.01.07 11:36 B C:\Documents and Settings\Yanina\Mis documentos\PAGINAS WEB\torre linda\torrelindafinal07\depas\modelos\mplantas\Thumbs.db --> www.nering.net /depas/modelos/mplantas Thumbs.db
