2006.12.14 13:19 B C:\Documents and Settings\User\Mis documentos\paginas web\nering\torre linda\torrelindafinal\depas\precios\menuprecios\menuprecios.htm --> www.ggmdesign.com /public_html/proyectos/torrelindafinal/depas/precios/menuprecios menuprecios.htm
2006.12.17 10:46 B C:\Documents and Settings\User\Mis documentos\paginas web\nering\torre linda\torrelindafinal\depas\precios\menuprecios\menuprecios.htm --> www.nering.com.pe /public_html/depas/precios/menuprecios menuprecios.htm
2006.12.17 10:46 B C:\Documents and Settings\User\Mis documentos\paginas web\nering\torre linda\torrelindafinal\depas\precios\menuprecios\WS_FTP.LOG --> www.nering.com.pe /public_html/depas/precios/menuprecios WS_FTP.LOG
2007.05.04 18:27 B C:\Documents and Settings\User\Mis documentos\paginas web\torre linda\torrelindafinal07\depas\precios\menuprecios\menuprecios.htm --> www.nering.com.pe /public_html/depas/precios/menuprecios menuprecios.htm
2007.05.04 18:28 B C:\Documents and Settings\User\Mis documentos\paginas web\torre linda\torrelindafinal07\depas\precios\menuprecios\menuprecios_r1_c1.gif --> www.nering.com.pe /public_html/depas/precios/menuprecios menuprecios_r1_c1.gif
2007.05.04 18:28 B C:\Documents and Settings\User\Mis documentos\paginas web\torre linda\torrelindafinal07\depas\precios\menuprecios\menuprecios_r2_c1.gif --> www.nering.com.pe /public_html/depas/precios/menuprecios menuprecios_r2_c1.gif
2007.05.04 18:28 B C:\Documents and Settings\User\Mis documentos\paginas web\torre linda\torrelindafinal07\depas\precios\menuprecios\menuprecios_r2_c1_f2.gif --> www.nering.com.pe /public_html/depas/precios/menuprecios menuprecios_r2_c1_f2.gif
2007.05.04 18:28 B C:\Documents and Settings\User\Mis documentos\paginas web\torre linda\torrelindafinal07\depas\precios\menuprecios\menuprecios_r2_c1_f3.gif --> www.nering.com.pe /public_html/depas/precios/menuprecios menuprecios_r2_c1_f3.gif
2007.05.04 18:28 B C:\Documents and Settings\User\Mis documentos\paginas web\torre linda\torrelindafinal07\depas\precios\menuprecios\menuprecios_r3_c1.gif --> www.nering.com.pe /public_html/depas/precios/menuprecios menuprecios_r3_c1.gif
2007.05.04 18:28 B C:\Documents and Settings\User\Mis documentos\paginas web\torre linda\torrelindafinal07\depas\precios\menuprecios\menuprecios_r4_c1.gif --> www.nering.com.pe /public_html/depas/precios/menuprecios menuprecios_r4_c1.gif
2007.05.04 18:28 B C:\Documents and Settings\User\Mis documentos\paginas web\torre linda\torrelindafinal07\depas\precios\menuprecios\menuprecios_r4_c1_f2.gif --> www.nering.com.pe /public_html/depas/precios/menuprecios menuprecios_r4_c1_f2.gif
2007.05.04 18:28 B C:\Documents and Settings\User\Mis documentos\paginas web\torre linda\torrelindafinal07\depas\precios\menuprecios\menuprecios_r4_c1_f3.gif --> www.nering.com.pe /public_html/depas/precios/menuprecios menuprecios_r4_c1_f3.gif
2007.05.04 18:28 B C:\Documents and Settings\User\Mis documentos\paginas web\torre linda\torrelindafinal07\depas\precios\menuprecios\menuprecios_r5_c1.gif --> www.nering.com.pe /public_html/depas/precios/menuprecios menuprecios_r5_c1.gif
2007.05.04 18:28 B C:\Documents and Settings\User\Mis documentos\paginas web\torre linda\torrelindafinal07\depas\precios\menuprecios\menuprecios_r6_c1.gif --> www.nering.com.pe /public_html/depas/precios/menuprecios menuprecios_r6_c1.gif
2007.05.04 18:28 B C:\Documents and Settings\User\Mis documentos\paginas web\torre linda\torrelindafinal07\depas\precios\menuprecios\menuprecios_r6_c1_f2.gif --> www.nering.com.pe /public_html/depas/precios/menuprecios menuprecios_r6_c1_f2.gif
2007.05.04 18:28 B C:\Documents and Settings\User\Mis documentos\paginas web\torre linda\torrelindafinal07\depas\precios\menuprecios\menuprecios_r6_c1_f3.gif --> www.nering.com.pe /public_html/depas/precios/menuprecios menuprecios_r6_c1_f3.gif
2007.05.04 18:28 B C:\Documents and Settings\User\Mis documentos\paginas web\torre linda\torrelindafinal07\depas\precios\menuprecios\menuprecios_r7_c1.gif --> www.nering.com.pe /public_html/depas/precios/menuprecios menuprecios_r7_c1.gif
2007.05.04 18:28 B C:\Documents and Settings\User\Mis documentos\paginas web\torre linda\torrelindafinal07\depas\precios\menuprecios\spacer.gif --> www.nering.com.pe /public_html/depas/precios/menuprecios spacer.gif
2007.05.09 19:43 B C:\Documents and Settings\User\Mis documentos\paginas web\torre linda\torrelindafinal07\depas\precios\menuprecios\menuprecios.htm --> www.nering.com.pe /public_html/depas/precios/menuprecios menuprecios.htm
2007.05.09 19:43 B C:\Documents and Settings\User\Mis documentos\paginas web\torre linda\torrelindafinal07\depas\precios\menuprecios\menuprecios_r1_c1.gif --> www.nering.com.pe /public_html/depas/precios/menuprecios menuprecios_r1_c1.gif
2007.05.09 19:43 B C:\Documents and Settings\User\Mis documentos\paginas web\torre linda\torrelindafinal07\depas\precios\menuprecios\menuprecios_r2_c1.gif --> www.nering.com.pe /public_html/depas/precios/menuprecios menuprecios_r2_c1.gif
2007.05.09 19:43 B C:\Documents and Settings\User\Mis documentos\paginas web\torre linda\torrelindafinal07\depas\precios\menuprecios\menuprecios_r2_c1_f2.gif --> www.nering.com.pe /public_html/depas/precios/menuprecios menuprecios_r2_c1_f2.gif
2007.05.09 19:43 B C:\Documents and Settings\User\Mis documentos\paginas web\torre linda\torrelindafinal07\depas\precios\menuprecios\menuprecios_r2_c1_f3.gif --> www.nering.com.pe /public_html/depas/precios/menuprecios menuprecios_r2_c1_f3.gif
2007.05.09 19:43 B C:\Documents and Settings\User\Mis documentos\paginas web\torre linda\torrelindafinal07\depas\precios\menuprecios\menuprecios_r3_c1.gif --> www.nering.com.pe /public_html/depas/precios/menuprecios menuprecios_r3_c1.gif
2007.05.09 19:43 B C:\Documents and Settings\User\Mis documentos\paginas web\torre linda\torrelindafinal07\depas\precios\menuprecios\menuprecios_r4_c1.gif --> www.nering.com.pe /public_html/depas/precios/menuprecios menuprecios_r4_c1.gif
2007.05.09 19:43 B C:\Documents and Settings\User\Mis documentos\paginas web\torre linda\torrelindafinal07\depas\precios\menuprecios\menuprecios_r4_c1_f2.gif --> www.nering.com.pe /public_html/depas/precios/menuprecios menuprecios_r4_c1_f2.gif
2007.05.09 19:43 B C:\Documents and Settings\User\Mis documentos\paginas web\torre linda\torrelindafinal07\depas\precios\menuprecios\menuprecios_r4_c1_f3.gif --> www.nering.com.pe /public_html/depas/precios/menuprecios menuprecios_r4_c1_f3.gif
2007.05.09 19:43 B C:\Documents and Settings\User\Mis documentos\paginas web\torre linda\torrelindafinal07\depas\precios\menuprecios\menuprecios_r5_c1.gif --> www.nering.com.pe /public_html/depas/precios/menuprecios menuprecios_r5_c1.gif
2007.05.09 19:43 B C:\Documents and Settings\User\Mis documentos\paginas web\torre linda\torrelindafinal07\depas\precios\menuprecios\menuprecios_r6_c1.gif --> www.nering.com.pe /public_html/depas/precios/menuprecios menuprecios_r6_c1.gif
2007.05.09 19:43 B C:\Documents and Settings\User\Mis documentos\paginas web\torre linda\torrelindafinal07\depas\precios\menuprecios\menuprecios_r6_c1_f2.gif --> www.nering.com.pe /public_html/depas/precios/menuprecios menuprecios_r6_c1_f2.gif
2007.05.09 19:43 B C:\Documents and Settings\User\Mis documentos\paginas web\torre linda\torrelindafinal07\depas\precios\menuprecios\menuprecios_r6_c1_f3.gif --> www.nering.com.pe /public_html/depas/precios/menuprecios menuprecios_r6_c1_f3.gif
2007.05.09 19:43 B C:\Documents and Settings\User\Mis documentos\paginas web\torre linda\torrelindafinal07\depas\precios\menuprecios\menuprecios_r7_c1.gif --> www.nering.com.pe /public_html/depas/precios/menuprecios menuprecios_r7_c1.gif
2007.05.09 19:43 B C:\Documents and Settings\User\Mis documentos\paginas web\torre linda\torrelindafinal07\depas\precios\menuprecios\spacer.gif --> www.nering.com.pe /public_html/depas/precios/menuprecios spacer.gif
2007.05.09 19:43 B C:\Documents and Settings\User\Mis documentos\paginas web\torre linda\torrelindafinal07\depas\precios\menuprecios\WS_FTP.LOG --> www.nering.com.pe /public_html/depas/precios/menuprecios WS_FTP.LOG
2007.05.09 20:08 B C:\Documents and Settings\User\Mis documentos\paginas web\torre linda\torrelindafinal07\depas\precios\menuprecios\menuprecios.htm --> www.nering.com.pe /public_html/depas/precios/menuprecios menuprecios.htm
2007.05.09 20:08 B C:\Documents and Settings\User\Mis documentos\paginas web\torre linda\torrelindafinal07\depas\precios\menuprecios\menuprecios_r1_c1.gif --> www.nering.com.pe /public_html/depas/precios/menuprecios menuprecios_r1_c1.gif
2007.05.09 20:08 B C:\Documents and Settings\User\Mis documentos\paginas web\torre linda\torrelindafinal07\depas\precios\menuprecios\menuprecios_r2_c1.gif --> www.nering.com.pe /public_html/depas/precios/menuprecios menuprecios_r2_c1.gif
2007.05.09 20:08 B C:\Documents and Settings\User\Mis documentos\paginas web\torre linda\torrelindafinal07\depas\precios\menuprecios\menuprecios_r2_c1_f2.gif --> www.nering.com.pe /public_html/depas/precios/menuprecios menuprecios_r2_c1_f2.gif
2007.05.09 20:08 B C:\Documents and Settings\User\Mis documentos\paginas web\torre linda\torrelindafinal07\depas\precios\menuprecios\menuprecios_r2_c1_f3.gif --> www.nering.com.pe /public_html/depas/precios/menuprecios menuprecios_r2_c1_f3.gif
2007.05.09 20:08 B C:\Documents and Settings\User\Mis documentos\paginas web\torre linda\torrelindafinal07\depas\precios\menuprecios\menuprecios_r3_c1.gif --> www.nering.com.pe /public_html/depas/precios/menuprecios menuprecios_r3_c1.gif
2007.05.09 20:08 B C:\Documents and Settings\User\Mis documentos\paginas web\torre linda\torrelindafinal07\depas\precios\menuprecios\menuprecios_r4_c1.gif --> www.nering.com.pe /public_html/depas/precios/menuprecios menuprecios_r4_c1.gif
2007.05.09 20:08 B C:\Documents and Settings\User\Mis documentos\paginas web\torre linda\torrelindafinal07\depas\precios\menuprecios\menuprecios_r4_c1_f2.gif --> www.nering.com.pe /public_html/depas/precios/menuprecios menuprecios_r4_c1_f2.gif
2007.05.09 20:08 B C:\Documents and Settings\User\Mis documentos\paginas web\torre linda\torrelindafinal07\depas\precios\menuprecios\menuprecios_r4_c1_f3.gif --> www.nering.com.pe /public_html/depas/precios/menuprecios menuprecios_r4_c1_f3.gif
2007.05.09 20:08 B C:\Documents and Settings\User\Mis documentos\paginas web\torre linda\torrelindafinal07\depas\precios\menuprecios\menuprecios_r5_c1.gif --> www.nering.com.pe /public_html/depas/precios/menuprecios menuprecios_r5_c1.gif
2007.05.09 20:08 B C:\Documents and Settings\User\Mis documentos\paginas web\torre linda\torrelindafinal07\depas\precios\menuprecios\menuprecios_r6_c1.gif --> www.nering.com.pe /public_html/depas/precios/menuprecios menuprecios_r6_c1.gif
2007.05.09 20:08 B C:\Documents and Settings\User\Mis documentos\paginas web\torre linda\torrelindafinal07\depas\precios\menuprecios\menuprecios_r6_c1_f2.gif --> www.nering.com.pe /public_html/depas/precios/menuprecios menuprecios_r6_c1_f2.gif
2007.05.09 20:08 B C:\Documents and Settings\User\Mis documentos\paginas web\torre linda\torrelindafinal07\depas\precios\menuprecios\menuprecios_r6_c1_f3.gif --> www.nering.com.pe /public_html/depas/precios/menuprecios menuprecios_r6_c1_f3.gif
2007.05.09 20:08 B C:\Documents and Settings\User\Mis documentos\paginas web\torre linda\torrelindafinal07\depas\precios\menuprecios\menuprecios_r7_c1.gif --> www.nering.com.pe /public_html/depas/precios/menuprecios menuprecios_r7_c1.gif
2007.05.09 20:08 B C:\Documents and Settings\User\Mis documentos\paginas web\torre linda\torrelindafinal07\depas\precios\menuprecios\spacer.gif --> www.nering.com.pe /public_html/depas/precios/menuprecios spacer.gif
2008.01.07 11:43 B C:\Documents and Settings\Yanina\Mis documentos\PAGINAS WEB\torre linda\torrelindafinal07\depas\precios\menuprecios\menuprecios.htm --> www.nering.net /depas/precios/menuprecios menuprecios.htm
2008.01.07 11:43 B C:\Documents and Settings\Yanina\Mis documentos\PAGINAS WEB\torre linda\torrelindafinal07\depas\precios\menuprecios\menuprecios_r1_c1.gif --> www.nering.net /depas/precios/menuprecios menuprecios_r1_c1.gif
2008.01.07 11:43 B C:\Documents and Settings\Yanina\Mis documentos\PAGINAS WEB\torre linda\torrelindafinal07\depas\precios\menuprecios\menuprecios_r2_c1.gif --> www.nering.net /depas/precios/menuprecios menuprecios_r2_c1.gif
2008.01.07 11:43 B C:\Documents and Settings\Yanina\Mis documentos\PAGINAS WEB\torre linda\torrelindafinal07\depas\precios\menuprecios\menuprecios_r2_c1_f2.gif --> www.nering.net /depas/precios/menuprecios menuprecios_r2_c1_f2.gif
2008.01.07 11:43 B C:\Documents and Settings\Yanina\Mis documentos\PAGINAS WEB\torre linda\torrelindafinal07\depas\precios\menuprecios\menuprecios_r2_c1_f3.gif --> www.nering.net /depas/precios/menuprecios menuprecios_r2_c1_f3.gif
2008.01.07 11:43 B C:\Documents and Settings\Yanina\Mis documentos\PAGINAS WEB\torre linda\torrelindafinal07\depas\precios\menuprecios\menuprecios_r3_c1.gif --> www.nering.net /depas/precios/menuprecios menuprecios_r3_c1.gif
2008.01.07 11:43 B C:\Documents and Settings\Yanina\Mis documentos\PAGINAS WEB\torre linda\torrelindafinal07\depas\precios\menuprecios\menuprecios_r4_c1.gif --> www.nering.net /depas/precios/menuprecios menuprecios_r4_c1.gif
2008.01.07 11:43 B C:\Documents and Settings\Yanina\Mis documentos\PAGINAS WEB\torre linda\torrelindafinal07\depas\precios\menuprecios\menuprecios_r4_c1_f2.gif --> www.nering.net /depas/precios/menuprecios menuprecios_r4_c1_f2.gif
2008.01.07 11:43 B C:\Documents and Settings\Yanina\Mis documentos\PAGINAS WEB\torre linda\torrelindafinal07\depas\precios\menuprecios\menuprecios_r4_c1_f3.gif --> www.nering.net /depas/precios/menuprecios menuprecios_r4_c1_f3.gif
2008.01.07 11:43 B C:\Documents and Settings\Yanina\Mis documentos\PAGINAS WEB\torre linda\torrelindafinal07\depas\precios\menuprecios\menuprecios_r5_c1.gif --> www.nering.net /depas/precios/menuprecios menuprecios_r5_c1.gif
2008.01.07 11:43 B C:\Documents and Settings\Yanina\Mis documentos\PAGINAS WEB\torre linda\torrelindafinal07\depas\precios\menuprecios\menuprecios_r6_c1.gif --> www.nering.net /depas/precios/menuprecios menuprecios_r6_c1.gif
2008.01.07 11:43 B C:\Documents and Settings\Yanina\Mis documentos\PAGINAS WEB\torre linda\torrelindafinal07\depas\precios\menuprecios\menuprecios_r6_c1_f2.gif --> www.nering.net /depas/precios/menuprecios menuprecios_r6_c1_f2.gif
2008.01.07 11:43 B C:\Documents and Settings\Yanina\Mis documentos\PAGINAS WEB\torre linda\torrelindafinal07\depas\precios\menuprecios\menuprecios_r6_c1_f3.gif --> www.nering.net /depas/precios/menuprecios menuprecios_r6_c1_f3.gif
2008.01.07 11:43 B C:\Documents and Settings\Yanina\Mis documentos\PAGINAS WEB\torre linda\torrelindafinal07\depas\precios\menuprecios\menuprecios_r7_c1.gif --> www.nering.net /depas/precios/menuprecios menuprecios_r7_c1.gif
2008.01.07 11:43 B C:\Documents and Settings\Yanina\Mis documentos\PAGINAS WEB\torre linda\torrelindafinal07\depas\precios\menuprecios\spacer.gif --> www.nering.net /depas/precios/menuprecios spacer.gif
