2006.11.20 08:52 B C:\Documents and Settings\User\Mis documentos\paginas web\nering\torre linda\torrelindafinal\calculo\menucalculo\_notes\menucalculo_r1_c1.gif.mno --> www.ggmdesign.com /public_html/proyectos/torrelinda/calculo/menucalculo/_notes menucalculo_r1_c1.gif.mno
2006.11.20 08:52 B C:\Documents and Settings\User\Mis documentos\paginas web\nering\torre linda\torrelindafinal\calculo\menucalculo\_notes\menucalculo_r2_c1.gif.mno --> www.ggmdesign.com /public_html/proyectos/torrelinda/calculo/menucalculo/_notes menucalculo_r2_c1.gif.mno
2006.11.20 08:52 B C:\Documents and Settings\User\Mis documentos\paginas web\nering\torre linda\torrelindafinal\calculo\menucalculo\_notes\menucalculo_r2_c1_f2.gif.mno --> www.ggmdesign.com /public_html/proyectos/torrelinda/calculo/menucalculo/_notes menucalculo_r2_c1_f2.gif.mno
2006.11.20 08:52 B C:\Documents and Settings\User\Mis documentos\paginas web\nering\torre linda\torrelindafinal\calculo\menucalculo\_notes\menucalculo_r2_c1_f3.gif.mno --> www.ggmdesign.com /public_html/proyectos/torrelinda/calculo/menucalculo/_notes menucalculo_r2_c1_f3.gif.mno
2006.11.20 08:52 B C:\Documents and Settings\User\Mis documentos\paginas web\nering\torre linda\torrelindafinal\calculo\menucalculo\_notes\menucalculo_r3_c1.gif.mno --> www.ggmdesign.com /public_html/proyectos/torrelinda/calculo/menucalculo/_notes menucalculo_r3_c1.gif.mno
2006.11.20 08:52 B C:\Documents and Settings\User\Mis documentos\paginas web\nering\torre linda\torrelindafinal\calculo\menucalculo\_notes\menucalculo_r4_c1.gif.mno --> www.ggmdesign.com /public_html/proyectos/torrelinda/calculo/menucalculo/_notes menucalculo_r4_c1.gif.mno
2006.11.20 08:52 B C:\Documents and Settings\User\Mis documentos\paginas web\nering\torre linda\torrelindafinal\calculo\menucalculo\_notes\menucalculo_r4_c1_f2.gif.mno --> www.ggmdesign.com /public_html/proyectos/torrelinda/calculo/menucalculo/_notes menucalculo_r4_c1_f2.gif.mno
2006.11.20 08:52 B C:\Documents and Settings\User\Mis documentos\paginas web\nering\torre linda\torrelindafinal\calculo\menucalculo\_notes\menucalculo_r4_c1_f3.gif.mno --> www.ggmdesign.com /public_html/proyectos/torrelinda/calculo/menucalculo/_notes menucalculo_r4_c1_f3.gif.mno
2006.11.20 08:52 B C:\Documents and Settings\User\Mis documentos\paginas web\nering\torre linda\torrelindafinal\calculo\menucalculo\_notes\menucalculo_r5_c1.gif.mno --> www.ggmdesign.com /public_html/proyectos/torrelinda/calculo/menucalculo/_notes menucalculo_r5_c1.gif.mno
2006.11.20 08:52 B C:\Documents and Settings\User\Mis documentos\paginas web\nering\torre linda\torrelindafinal\calculo\menucalculo\_notes\menucalculo_r6_c1.gif.mno --> www.ggmdesign.com /public_html/proyectos/torrelinda/calculo/menucalculo/_notes menucalculo_r6_c1.gif.mno
2006.11.20 08:52 B C:\Documents and Settings\User\Mis documentos\paginas web\nering\torre linda\torrelindafinal\calculo\menucalculo\_notes\menucalculo_r6_c1_f2.gif.mno --> www.ggmdesign.com /public_html/proyectos/torrelinda/calculo/menucalculo/_notes menucalculo_r6_c1_f2.gif.mno
2006.11.20 08:52 B C:\Documents and Settings\User\Mis documentos\paginas web\nering\torre linda\torrelindafinal\calculo\menucalculo\_notes\menucalculo_r6_c1_f3.gif.mno --> www.ggmdesign.com /public_html/proyectos/torrelinda/calculo/menucalculo/_notes menucalculo_r6_c1_f3.gif.mno
2006.11.20 08:52 B C:\Documents and Settings\User\Mis documentos\paginas web\nering\torre linda\torrelindafinal\calculo\menucalculo\_notes\menucalculo_r7_c1.gif.mno --> www.ggmdesign.com /public_html/proyectos/torrelinda/calculo/menucalculo/_notes menucalculo_r7_c1.gif.mno
2006.12.14 11:49 B C:\Documents and Settings\User\Mis documentos\paginas web\nering\torre linda\torrelindafinal\calculo\menucalculo\_notes\menucalculo_r1_c1.gif.mno --> www.ggmdesign.com /public_html/proyectos/torrelindafinal/calculo/menucalculo/_notes menucalculo_r1_c1.gif.mno
2006.12.14 11:49 B C:\Documents and Settings\User\Mis documentos\paginas web\nering\torre linda\torrelindafinal\calculo\menucalculo\_notes\menucalculo_r2_c1.gif.mno --> www.ggmdesign.com /public_html/proyectos/torrelindafinal/calculo/menucalculo/_notes menucalculo_r2_c1.gif.mno
2006.12.14 11:49 B C:\Documents and Settings\User\Mis documentos\paginas web\nering\torre linda\torrelindafinal\calculo\menucalculo\_notes\menucalculo_r2_c1_f2.gif.mno --> www.ggmdesign.com /public_html/proyectos/torrelindafinal/calculo/menucalculo/_notes menucalculo_r2_c1_f2.gif.mno
2006.12.14 11:49 B C:\Documents and Settings\User\Mis documentos\paginas web\nering\torre linda\torrelindafinal\calculo\menucalculo\_notes\menucalculo_r2_c1_f3.gif.mno --> www.ggmdesign.com /public_html/proyectos/torrelindafinal/calculo/menucalculo/_notes menucalculo_r2_c1_f3.gif.mno
2006.12.14 11:50 B C:\Documents and Settings\User\Mis documentos\paginas web\nering\torre linda\torrelindafinal\calculo\menucalculo\_notes\menucalculo_r3_c1.gif.mno --> www.ggmdesign.com /public_html/proyectos/torrelindafinal/calculo/menucalculo/_notes menucalculo_r3_c1.gif.mno
2006.12.14 11:50 B C:\Documents and Settings\User\Mis documentos\paginas web\nering\torre linda\torrelindafinal\calculo\menucalculo\_notes\menucalculo_r4_c1.gif.mno --> www.ggmdesign.com /public_html/proyectos/torrelindafinal/calculo/menucalculo/_notes menucalculo_r4_c1.gif.mno
2006.12.14 11:50 B C:\Documents and Settings\User\Mis documentos\paginas web\nering\torre linda\torrelindafinal\calculo\menucalculo\_notes\menucalculo_r4_c1_f2.gif.mno --> www.ggmdesign.com /public_html/proyectos/torrelindafinal/calculo/menucalculo/_notes menucalculo_r4_c1_f2.gif.mno
2006.12.14 11:50 B C:\Documents and Settings\User\Mis documentos\paginas web\nering\torre linda\torrelindafinal\calculo\menucalculo\_notes\menucalculo_r4_c1_f3.gif.mno --> www.ggmdesign.com /public_html/proyectos/torrelindafinal/calculo/menucalculo/_notes menucalculo_r4_c1_f3.gif.mno
2006.12.14 11:50 B C:\Documents and Settings\User\Mis documentos\paginas web\nering\torre linda\torrelindafinal\calculo\menucalculo\_notes\menucalculo_r5_c1.gif.mno --> www.ggmdesign.com /public_html/proyectos/torrelindafinal/calculo/menucalculo/_notes menucalculo_r5_c1.gif.mno
2006.12.14 11:51 B C:\Documents and Settings\User\Mis documentos\paginas web\nering\torre linda\torrelindafinal\calculo\menucalculo\_notes\menucalculo_r6_c1.gif.mno --> www.ggmdesign.com /public_html/proyectos/torrelindafinal/calculo/menucalculo/_notes menucalculo_r6_c1.gif.mno
2006.12.14 11:51 B C:\Documents and Settings\User\Mis documentos\paginas web\nering\torre linda\torrelindafinal\calculo\menucalculo\_notes\menucalculo_r6_c1_f2.gif.mno --> www.ggmdesign.com /public_html/proyectos/torrelindafinal/calculo/menucalculo/_notes menucalculo_r6_c1_f2.gif.mno
2006.12.14 11:51 B C:\Documents and Settings\User\Mis documentos\paginas web\nering\torre linda\torrelindafinal\calculo\menucalculo\_notes\menucalculo_r6_c1_f3.gif.mno --> www.ggmdesign.com /public_html/proyectos/torrelindafinal/calculo/menucalculo/_notes menucalculo_r6_c1_f3.gif.mno
2006.12.14 11:51 B C:\Documents and Settings\User\Mis documentos\paginas web\nering\torre linda\torrelindafinal\calculo\menucalculo\_notes\menucalculo_r7_c1.gif.mno --> www.ggmdesign.com /public_html/proyectos/torrelindafinal/calculo/menucalculo/_notes menucalculo_r7_c1.gif.mno
2006.12.14 11:52 B C:\Documents and Settings\User\Mis documentos\paginas web\nering\torre linda\torrelindafinal\calculo\menucalculo\_notes\WS_FTP.LOG --> www.ggmdesign.com /public_html/proyectos/torrelindafinal/calculo/menucalculo/_notes WS_FTP.LOG
2006.12.17 10:28 B C:\Documents and Settings\User\Mis documentos\paginas web\nering\torre linda\torrelindafinal\calculo\menucalculo\_notes\menucalculo_r1_c1.gif.mno --> www.nering.com.pe /public_html/calculo/menucalculo/_notes menucalculo_r1_c1.gif.mno
2006.12.17 10:28 B C:\Documents and Settings\User\Mis documentos\paginas web\nering\torre linda\torrelindafinal\calculo\menucalculo\_notes\menucalculo_r2_c1.gif.mno --> www.nering.com.pe /public_html/calculo/menucalculo/_notes menucalculo_r2_c1.gif.mno
2006.12.17 10:28 B C:\Documents and Settings\User\Mis documentos\paginas web\nering\torre linda\torrelindafinal\calculo\menucalculo\_notes\menucalculo_r2_c1_f2.gif.mno --> www.nering.com.pe /public_html/calculo/menucalculo/_notes menucalculo_r2_c1_f2.gif.mno
2006.12.17 10:28 B C:\Documents and Settings\User\Mis documentos\paginas web\nering\torre linda\torrelindafinal\calculo\menucalculo\_notes\menucalculo_r2_c1_f3.gif.mno --> www.nering.com.pe /public_html/calculo/menucalculo/_notes menucalculo_r2_c1_f3.gif.mno
2006.12.17 10:28 B C:\Documents and Settings\User\Mis documentos\paginas web\nering\torre linda\torrelindafinal\calculo\menucalculo\_notes\menucalculo_r3_c1.gif.mno --> www.nering.com.pe /public_html/calculo/menucalculo/_notes menucalculo_r3_c1.gif.mno
2006.12.17 10:28 B C:\Documents and Settings\User\Mis documentos\paginas web\nering\torre linda\torrelindafinal\calculo\menucalculo\_notes\menucalculo_r4_c1.gif.mno --> www.nering.com.pe /public_html/calculo/menucalculo/_notes menucalculo_r4_c1.gif.mno
2006.12.17 10:28 B C:\Documents and Settings\User\Mis documentos\paginas web\nering\torre linda\torrelindafinal\calculo\menucalculo\_notes\menucalculo_r4_c1_f2.gif.mno --> www.nering.com.pe /public_html/calculo/menucalculo/_notes menucalculo_r4_c1_f2.gif.mno
2006.12.17 10:28 B C:\Documents and Settings\User\Mis documentos\paginas web\nering\torre linda\torrelindafinal\calculo\menucalculo\_notes\menucalculo_r4_c1_f3.gif.mno --> www.nering.com.pe /public_html/calculo/menucalculo/_notes menucalculo_r4_c1_f3.gif.mno
2006.12.17 10:28 B C:\Documents and Settings\User\Mis documentos\paginas web\nering\torre linda\torrelindafinal\calculo\menucalculo\_notes\menucalculo_r5_c1.gif.mno --> www.nering.com.pe /public_html/calculo/menucalculo/_notes menucalculo_r5_c1.gif.mno
2006.12.17 10:28 B C:\Documents and Settings\User\Mis documentos\paginas web\nering\torre linda\torrelindafinal\calculo\menucalculo\_notes\menucalculo_r6_c1.gif.mno --> www.nering.com.pe /public_html/calculo/menucalculo/_notes menucalculo_r6_c1.gif.mno
2006.12.17 10:28 B C:\Documents and Settings\User\Mis documentos\paginas web\nering\torre linda\torrelindafinal\calculo\menucalculo\_notes\menucalculo_r6_c1_f2.gif.mno --> www.nering.com.pe /public_html/calculo/menucalculo/_notes menucalculo_r6_c1_f2.gif.mno
2006.12.17 10:28 B C:\Documents and Settings\User\Mis documentos\paginas web\nering\torre linda\torrelindafinal\calculo\menucalculo\_notes\menucalculo_r6_c1_f3.gif.mno --> www.nering.com.pe /public_html/calculo/menucalculo/_notes menucalculo_r6_c1_f3.gif.mno
2006.12.17 10:28 B C:\Documents and Settings\User\Mis documentos\paginas web\nering\torre linda\torrelindafinal\calculo\menucalculo\_notes\menucalculo_r7_c1.gif.mno --> www.nering.com.pe /public_html/calculo/menucalculo/_notes menucalculo_r7_c1.gif.mno
2006.12.17 10:28 B C:\Documents and Settings\User\Mis documentos\paginas web\nering\torre linda\torrelindafinal\calculo\menucalculo\_notes\WS_FTP.LOG --> www.nering.com.pe /public_html/calculo/menucalculo/_notes WS_FTP.LOG
2008.01.07 11:33 B C:\Documents and Settings\Yanina\Mis documentos\PAGINAS WEB\torre linda\torrelindafinal07\calculo\menucalculo\_notes\menucalculo_r1_c1.gif.mno --> www.nering.net /calculo/menucalculo/_notes menucalculo_r1_c1.gif.mno
2008.01.07 11:33 B C:\Documents and Settings\Yanina\Mis documentos\PAGINAS WEB\torre linda\torrelindafinal07\calculo\menucalculo\_notes\menucalculo_r2_c1.gif.mno --> www.nering.net /calculo/menucalculo/_notes menucalculo_r2_c1.gif.mno
2008.01.07 11:33 B C:\Documents and Settings\Yanina\Mis documentos\PAGINAS WEB\torre linda\torrelindafinal07\calculo\menucalculo\_notes\menucalculo_r2_c1_f2.gif.mno --> www.nering.net /calculo/menucalculo/_notes menucalculo_r2_c1_f2.gif.mno
2008.01.07 11:33 B C:\Documents and Settings\Yanina\Mis documentos\PAGINAS WEB\torre linda\torrelindafinal07\calculo\menucalculo\_notes\menucalculo_r2_c1_f3.gif.mno --> www.nering.net /calculo/menucalculo/_notes menucalculo_r2_c1_f3.gif.mno
2008.01.07 11:33 B C:\Documents and Settings\Yanina\Mis documentos\PAGINAS WEB\torre linda\torrelindafinal07\calculo\menucalculo\_notes\menucalculo_r3_c1.gif.mno --> www.nering.net /calculo/menucalculo/_notes menucalculo_r3_c1.gif.mno
2008.01.07 11:33 B C:\Documents and Settings\Yanina\Mis documentos\PAGINAS WEB\torre linda\torrelindafinal07\calculo\menucalculo\_notes\menucalculo_r4_c1.gif.mno --> www.nering.net /calculo/menucalculo/_notes menucalculo_r4_c1.gif.mno
2008.01.07 11:33 B C:\Documents and Settings\Yanina\Mis documentos\PAGINAS WEB\torre linda\torrelindafinal07\calculo\menucalculo\_notes\menucalculo_r4_c1_f2.gif.mno --> www.nering.net /calculo/menucalculo/_notes menucalculo_r4_c1_f2.gif.mno
2008.01.07 11:33 B C:\Documents and Settings\Yanina\Mis documentos\PAGINAS WEB\torre linda\torrelindafinal07\calculo\menucalculo\_notes\menucalculo_r4_c1_f3.gif.mno --> www.nering.net /calculo/menucalculo/_notes menucalculo_r4_c1_f3.gif.mno
2008.01.07 11:33 B C:\Documents and Settings\Yanina\Mis documentos\PAGINAS WEB\torre linda\torrelindafinal07\calculo\menucalculo\_notes\menucalculo_r5_c1.gif.mno --> www.nering.net /calculo/menucalculo/_notes menucalculo_r5_c1.gif.mno
2008.01.07 11:33 B C:\Documents and Settings\Yanina\Mis documentos\PAGINAS WEB\torre linda\torrelindafinal07\calculo\menucalculo\_notes\menucalculo_r6_c1.gif.mno --> www.nering.net /calculo/menucalculo/_notes menucalculo_r6_c1.gif.mno
2008.01.07 11:33 B C:\Documents and Settings\Yanina\Mis documentos\PAGINAS WEB\torre linda\torrelindafinal07\calculo\menucalculo\_notes\menucalculo_r6_c1_f2.gif.mno --> www.nering.net /calculo/menucalculo/_notes menucalculo_r6_c1_f2.gif.mno
2008.01.07 11:33 B C:\Documents and Settings\Yanina\Mis documentos\PAGINAS WEB\torre linda\torrelindafinal07\calculo\menucalculo\_notes\menucalculo_r6_c1_f3.gif.mno --> www.nering.net /calculo/menucalculo/_notes menucalculo_r6_c1_f3.gif.mno
2008.01.07 11:33 B C:\Documents and Settings\Yanina\Mis documentos\PAGINAS WEB\torre linda\torrelindafinal07\calculo\menucalculo\_notes\menucalculo_r7_c1.gif.mno --> www.nering.net /calculo/menucalculo/_notes menucalculo_r7_c1.gif.mno
