2006.11.20 08:52 B C:\Documents and Settings\User\Mis documentos\paginas web\nering\torre linda\torrelindafinal\calculo\menucalculo\menucalculo.htm --> www.ggmdesign.com /public_html/proyectos/torrelinda/calculo/menucalculo menucalculo.htm
2006.11.20 08:52 B C:\Documents and Settings\User\Mis documentos\paginas web\nering\torre linda\torrelindafinal\calculo\menucalculo\menucalculo_r1_c1.gif --> www.ggmdesign.com /public_html/proyectos/torrelinda/calculo/menucalculo menucalculo_r1_c1.gif
2006.11.20 08:52 B C:\Documents and Settings\User\Mis documentos\paginas web\nering\torre linda\torrelindafinal\calculo\menucalculo\menucalculo_r2_c1.gif --> www.ggmdesign.com /public_html/proyectos/torrelinda/calculo/menucalculo menucalculo_r2_c1.gif
2006.11.20 08:52 B C:\Documents and Settings\User\Mis documentos\paginas web\nering\torre linda\torrelindafinal\calculo\menucalculo\menucalculo_r2_c1_f2.gif --> www.ggmdesign.com /public_html/proyectos/torrelinda/calculo/menucalculo menucalculo_r2_c1_f2.gif
2006.11.20 08:52 B C:\Documents and Settings\User\Mis documentos\paginas web\nering\torre linda\torrelindafinal\calculo\menucalculo\menucalculo_r2_c1_f3.gif --> www.ggmdesign.com /public_html/proyectos/torrelinda/calculo/menucalculo menucalculo_r2_c1_f3.gif
2006.11.20 08:52 B C:\Documents and Settings\User\Mis documentos\paginas web\nering\torre linda\torrelindafinal\calculo\menucalculo\menucalculo_r3_c1.gif --> www.ggmdesign.com /public_html/proyectos/torrelinda/calculo/menucalculo menucalculo_r3_c1.gif
2006.11.20 08:52 B C:\Documents and Settings\User\Mis documentos\paginas web\nering\torre linda\torrelindafinal\calculo\menucalculo\menucalculo_r4_c1.gif --> www.ggmdesign.com /public_html/proyectos/torrelinda/calculo/menucalculo menucalculo_r4_c1.gif
2006.11.20 08:53 B C:\Documents and Settings\User\Mis documentos\paginas web\nering\torre linda\torrelindafinal\calculo\menucalculo\menucalculo_r4_c1_f2.gif --> www.ggmdesign.com /public_html/proyectos/torrelinda/calculo/menucalculo menucalculo_r4_c1_f2.gif
2006.11.20 08:53 B C:\Documents and Settings\User\Mis documentos\paginas web\nering\torre linda\torrelindafinal\calculo\menucalculo\menucalculo_r4_c1_f3.gif --> www.ggmdesign.com /public_html/proyectos/torrelinda/calculo/menucalculo menucalculo_r4_c1_f3.gif
2006.11.20 08:53 B C:\Documents and Settings\User\Mis documentos\paginas web\nering\torre linda\torrelindafinal\calculo\menucalculo\menucalculo_r5_c1.gif --> www.ggmdesign.com /public_html/proyectos/torrelinda/calculo/menucalculo menucalculo_r5_c1.gif
2006.11.20 08:53 B C:\Documents and Settings\User\Mis documentos\paginas web\nering\torre linda\torrelindafinal\calculo\menucalculo\menucalculo_r6_c1.gif --> www.ggmdesign.com /public_html/proyectos/torrelinda/calculo/menucalculo menucalculo_r6_c1.gif
2006.11.20 08:53 B C:\Documents and Settings\User\Mis documentos\paginas web\nering\torre linda\torrelindafinal\calculo\menucalculo\menucalculo_r6_c1_f2.gif --> www.ggmdesign.com /public_html/proyectos/torrelinda/calculo/menucalculo menucalculo_r6_c1_f2.gif
2006.11.20 08:53 B C:\Documents and Settings\User\Mis documentos\paginas web\nering\torre linda\torrelindafinal\calculo\menucalculo\menucalculo_r6_c1_f3.gif --> www.ggmdesign.com /public_html/proyectos/torrelinda/calculo/menucalculo menucalculo_r6_c1_f3.gif
2006.11.20 08:53 B C:\Documents and Settings\User\Mis documentos\paginas web\nering\torre linda\torrelindafinal\calculo\menucalculo\menucalculo_r7_c1.gif --> www.ggmdesign.com /public_html/proyectos/torrelinda/calculo/menucalculo menucalculo_r7_c1.gif
2006.11.20 08:53 B C:\Documents and Settings\User\Mis documentos\paginas web\nering\torre linda\torrelindafinal\calculo\menucalculo\spacer.gif --> www.ggmdesign.com /public_html/proyectos/torrelinda/calculo/menucalculo spacer.gif
2006.12.14 11:52 B C:\Documents and Settings\User\Mis documentos\paginas web\nering\torre linda\torrelindafinal\calculo\menucalculo\menucalculo.htm --> www.ggmdesign.com /public_html/proyectos/torrelindafinal/calculo/menucalculo menucalculo.htm
2006.12.14 11:52 B C:\Documents and Settings\User\Mis documentos\paginas web\nering\torre linda\torrelindafinal\calculo\menucalculo\menucalculo_r1_c1.gif --> www.ggmdesign.com /public_html/proyectos/torrelindafinal/calculo/menucalculo menucalculo_r1_c1.gif
2006.12.14 11:52 B C:\Documents and Settings\User\Mis documentos\paginas web\nering\torre linda\torrelindafinal\calculo\menucalculo\menucalculo_r2_c1.gif --> www.ggmdesign.com /public_html/proyectos/torrelindafinal/calculo/menucalculo menucalculo_r2_c1.gif
2006.12.14 11:52 B C:\Documents and Settings\User\Mis documentos\paginas web\nering\torre linda\torrelindafinal\calculo\menucalculo\menucalculo_r2_c1_f2.gif --> www.ggmdesign.com /public_html/proyectos/torrelindafinal/calculo/menucalculo menucalculo_r2_c1_f2.gif
2006.12.14 11:52 B C:\Documents and Settings\User\Mis documentos\paginas web\nering\torre linda\torrelindafinal\calculo\menucalculo\menucalculo_r2_c1_f3.gif --> www.ggmdesign.com /public_html/proyectos/torrelindafinal/calculo/menucalculo menucalculo_r2_c1_f3.gif
2006.12.14 11:53 B C:\Documents and Settings\User\Mis documentos\paginas web\nering\torre linda\torrelindafinal\calculo\menucalculo\menucalculo_r3_c1.gif --> www.ggmdesign.com /public_html/proyectos/torrelindafinal/calculo/menucalculo menucalculo_r3_c1.gif
2006.12.14 11:53 B C:\Documents and Settings\User\Mis documentos\paginas web\nering\torre linda\torrelindafinal\calculo\menucalculo\menucalculo_r4_c1.gif --> www.ggmdesign.com /public_html/proyectos/torrelindafinal/calculo/menucalculo menucalculo_r4_c1.gif
2006.12.14 11:53 B C:\Documents and Settings\User\Mis documentos\paginas web\nering\torre linda\torrelindafinal\calculo\menucalculo\menucalculo_r4_c1_f2.gif --> www.ggmdesign.com /public_html/proyectos/torrelindafinal/calculo/menucalculo menucalculo_r4_c1_f2.gif
2006.12.14 11:53 B C:\Documents and Settings\User\Mis documentos\paginas web\nering\torre linda\torrelindafinal\calculo\menucalculo\menucalculo_r4_c1_f3.gif --> www.ggmdesign.com /public_html/proyectos/torrelindafinal/calculo/menucalculo menucalculo_r4_c1_f3.gif
2006.12.14 11:53 B C:\Documents and Settings\User\Mis documentos\paginas web\nering\torre linda\torrelindafinal\calculo\menucalculo\menucalculo_r5_c1.gif --> www.ggmdesign.com /public_html/proyectos/torrelindafinal/calculo/menucalculo menucalculo_r5_c1.gif
2006.12.14 11:53 B C:\Documents and Settings\User\Mis documentos\paginas web\nering\torre linda\torrelindafinal\calculo\menucalculo\menucalculo_r6_c1.gif --> www.ggmdesign.com /public_html/proyectos/torrelindafinal/calculo/menucalculo menucalculo_r6_c1.gif
2006.12.14 11:54 B C:\Documents and Settings\User\Mis documentos\paginas web\nering\torre linda\torrelindafinal\calculo\menucalculo\menucalculo_r6_c1_f2.gif --> www.ggmdesign.com /public_html/proyectos/torrelindafinal/calculo/menucalculo menucalculo_r6_c1_f2.gif
2006.12.14 11:54 B C:\Documents and Settings\User\Mis documentos\paginas web\nering\torre linda\torrelindafinal\calculo\menucalculo\menucalculo_r6_c1_f3.gif --> www.ggmdesign.com /public_html/proyectos/torrelindafinal/calculo/menucalculo menucalculo_r6_c1_f3.gif
2006.12.14 11:54 B C:\Documents and Settings\User\Mis documentos\paginas web\nering\torre linda\torrelindafinal\calculo\menucalculo\menucalculo_r7_c1.gif --> www.ggmdesign.com /public_html/proyectos/torrelindafinal/calculo/menucalculo menucalculo_r7_c1.gif
2006.12.14 11:54 B C:\Documents and Settings\User\Mis documentos\paginas web\nering\torre linda\torrelindafinal\calculo\menucalculo\spacer.gif --> www.ggmdesign.com /public_html/proyectos/torrelindafinal/calculo/menucalculo spacer.gif
2006.12.14 11:54 B C:\Documents and Settings\User\Mis documentos\paginas web\nering\torre linda\torrelindafinal\calculo\menucalculo\WS_FTP.LOG --> www.ggmdesign.com /public_html/proyectos/torrelindafinal/calculo/menucalculo WS_FTP.LOG
2006.12.17 10:28 B C:\Documents and Settings\User\Mis documentos\paginas web\nering\torre linda\torrelindafinal\calculo\menucalculo\menucalculo.htm --> www.nering.com.pe /public_html/calculo/menucalculo menucalculo.htm
2006.12.17 10:28 B C:\Documents and Settings\User\Mis documentos\paginas web\nering\torre linda\torrelindafinal\calculo\menucalculo\menucalculo_r1_c1.gif --> www.nering.com.pe /public_html/calculo/menucalculo menucalculo_r1_c1.gif
2006.12.17 10:28 B C:\Documents and Settings\User\Mis documentos\paginas web\nering\torre linda\torrelindafinal\calculo\menucalculo\menucalculo_r2_c1.gif --> www.nering.com.pe /public_html/calculo/menucalculo menucalculo_r2_c1.gif
2006.12.17 10:28 B C:\Documents and Settings\User\Mis documentos\paginas web\nering\torre linda\torrelindafinal\calculo\menucalculo\menucalculo_r2_c1_f2.gif --> www.nering.com.pe /public_html/calculo/menucalculo menucalculo_r2_c1_f2.gif
2006.12.17 10:28 B C:\Documents and Settings\User\Mis documentos\paginas web\nering\torre linda\torrelindafinal\calculo\menucalculo\menucalculo_r2_c1_f3.gif --> www.nering.com.pe /public_html/calculo/menucalculo menucalculo_r2_c1_f3.gif
2006.12.17 10:28 B C:\Documents and Settings\User\Mis documentos\paginas web\nering\torre linda\torrelindafinal\calculo\menucalculo\menucalculo_r3_c1.gif --> www.nering.com.pe /public_html/calculo/menucalculo menucalculo_r3_c1.gif
2006.12.17 10:28 B C:\Documents and Settings\User\Mis documentos\paginas web\nering\torre linda\torrelindafinal\calculo\menucalculo\menucalculo_r4_c1.gif --> www.nering.com.pe /public_html/calculo/menucalculo menucalculo_r4_c1.gif
2006.12.17 10:28 B C:\Documents and Settings\User\Mis documentos\paginas web\nering\torre linda\torrelindafinal\calculo\menucalculo\menucalculo_r4_c1_f2.gif --> www.nering.com.pe /public_html/calculo/menucalculo menucalculo_r4_c1_f2.gif
2006.12.17 10:28 B C:\Documents and Settings\User\Mis documentos\paginas web\nering\torre linda\torrelindafinal\calculo\menucalculo\menucalculo_r4_c1_f3.gif --> www.nering.com.pe /public_html/calculo/menucalculo menucalculo_r4_c1_f3.gif
2006.12.17 10:28 B C:\Documents and Settings\User\Mis documentos\paginas web\nering\torre linda\torrelindafinal\calculo\menucalculo\menucalculo_r5_c1.gif --> www.nering.com.pe /public_html/calculo/menucalculo menucalculo_r5_c1.gif
2006.12.17 10:28 B C:\Documents and Settings\User\Mis documentos\paginas web\nering\torre linda\torrelindafinal\calculo\menucalculo\menucalculo_r6_c1.gif --> www.nering.com.pe /public_html/calculo/menucalculo menucalculo_r6_c1.gif
2006.12.17 10:28 B C:\Documents and Settings\User\Mis documentos\paginas web\nering\torre linda\torrelindafinal\calculo\menucalculo\menucalculo_r6_c1_f2.gif --> www.nering.com.pe /public_html/calculo/menucalculo menucalculo_r6_c1_f2.gif
2006.12.17 10:28 B C:\Documents and Settings\User\Mis documentos\paginas web\nering\torre linda\torrelindafinal\calculo\menucalculo\menucalculo_r6_c1_f3.gif --> www.nering.com.pe /public_html/calculo/menucalculo menucalculo_r6_c1_f3.gif
2006.12.17 10:28 B C:\Documents and Settings\User\Mis documentos\paginas web\nering\torre linda\torrelindafinal\calculo\menucalculo\menucalculo_r7_c1.gif --> www.nering.com.pe /public_html/calculo/menucalculo menucalculo_r7_c1.gif
2006.12.17 10:28 B C:\Documents and Settings\User\Mis documentos\paginas web\nering\torre linda\torrelindafinal\calculo\menucalculo\spacer.gif --> www.nering.com.pe /public_html/calculo/menucalculo spacer.gif
2006.12.17 10:29 B C:\Documents and Settings\User\Mis documentos\paginas web\nering\torre linda\torrelindafinal\calculo\menucalculo\WS_FTP.LOG --> www.nering.com.pe /public_html/calculo/menucalculo WS_FTP.LOG
2008.01.07 11:33 B C:\Documents and Settings\Yanina\Mis documentos\PAGINAS WEB\torre linda\torrelindafinal07\calculo\menucalculo\menucalculo.htm --> www.nering.net /calculo/menucalculo menucalculo.htm
2008.01.07 11:33 B C:\Documents and Settings\Yanina\Mis documentos\PAGINAS WEB\torre linda\torrelindafinal07\calculo\menucalculo\menucalculo_r1_c1.gif --> www.nering.net /calculo/menucalculo menucalculo_r1_c1.gif
2008.01.07 11:33 B C:\Documents and Settings\Yanina\Mis documentos\PAGINAS WEB\torre linda\torrelindafinal07\calculo\menucalculo\menucalculo_r2_c1.gif --> www.nering.net /calculo/menucalculo menucalculo_r2_c1.gif
2008.01.07 11:33 B C:\Documents and Settings\Yanina\Mis documentos\PAGINAS WEB\torre linda\torrelindafinal07\calculo\menucalculo\menucalculo_r2_c1_f2.gif --> www.nering.net /calculo/menucalculo menucalculo_r2_c1_f2.gif
2008.01.07 11:33 B C:\Documents and Settings\Yanina\Mis documentos\PAGINAS WEB\torre linda\torrelindafinal07\calculo\menucalculo\menucalculo_r2_c1_f3.gif --> www.nering.net /calculo/menucalculo menucalculo_r2_c1_f3.gif
2008.01.07 11:33 B C:\Documents and Settings\Yanina\Mis documentos\PAGINAS WEB\torre linda\torrelindafinal07\calculo\menucalculo\menucalculo_r3_c1.gif --> www.nering.net /calculo/menucalculo menucalculo_r3_c1.gif
2008.01.07 11:33 B C:\Documents and Settings\Yanina\Mis documentos\PAGINAS WEB\torre linda\torrelindafinal07\calculo\menucalculo\menucalculo_r4_c1.gif --> www.nering.net /calculo/menucalculo menucalculo_r4_c1.gif
2008.01.07 11:33 B C:\Documents and Settings\Yanina\Mis documentos\PAGINAS WEB\torre linda\torrelindafinal07\calculo\menucalculo\menucalculo_r4_c1_f2.gif --> www.nering.net /calculo/menucalculo menucalculo_r4_c1_f2.gif
2008.01.07 11:33 B C:\Documents and Settings\Yanina\Mis documentos\PAGINAS WEB\torre linda\torrelindafinal07\calculo\menucalculo\menucalculo_r4_c1_f3.gif --> www.nering.net /calculo/menucalculo menucalculo_r4_c1_f3.gif
2008.01.07 11:33 B C:\Documents and Settings\Yanina\Mis documentos\PAGINAS WEB\torre linda\torrelindafinal07\calculo\menucalculo\menucalculo_r5_c1.gif --> www.nering.net /calculo/menucalculo menucalculo_r5_c1.gif
2008.01.07 11:33 B C:\Documents and Settings\Yanina\Mis documentos\PAGINAS WEB\torre linda\torrelindafinal07\calculo\menucalculo\menucalculo_r6_c1.gif --> www.nering.net /calculo/menucalculo menucalculo_r6_c1.gif
2008.01.07 11:33 B C:\Documents and Settings\Yanina\Mis documentos\PAGINAS WEB\torre linda\torrelindafinal07\calculo\menucalculo\menucalculo_r6_c1_f2.gif --> www.nering.net /calculo/menucalculo menucalculo_r6_c1_f2.gif
2008.01.07 11:33 B C:\Documents and Settings\Yanina\Mis documentos\PAGINAS WEB\torre linda\torrelindafinal07\calculo\menucalculo\menucalculo_r6_c1_f3.gif --> www.nering.net /calculo/menucalculo menucalculo_r6_c1_f3.gif
2008.01.07 11:33 B C:\Documents and Settings\Yanina\Mis documentos\PAGINAS WEB\torre linda\torrelindafinal07\calculo\menucalculo\menucalculo_r7_c1.gif --> www.nering.net /calculo/menucalculo menucalculo_r7_c1.gif
2008.01.07 11:33 B C:\Documents and Settings\Yanina\Mis documentos\PAGINAS WEB\torre linda\torrelindafinal07\calculo\menucalculo\spacer.gif --> www.nering.net /calculo/menucalculo spacer.gif
