2006.12.14 12:00 B C:\Documents and Settings\User\Mis documentos\paginas web\nering\torre linda\torrelindafinal\depas\departamentos\detalle\12piso\1102-bduplex.gif --> www.ggmdesign.com /public_html/proyectos/torrelindafinal/depas/departamentos/detalle/12piso 1102-bduplex.gif
2006.12.14 12:00 B C:\Documents and Settings\User\Mis documentos\paginas web\nering\torre linda\torrelindafinal\depas\departamentos\detalle\12piso\1102duplexb.htm --> www.ggmdesign.com /public_html/proyectos/torrelindafinal/depas/departamentos/detalle/12piso 1102duplexb.htm
2006.12.14 12:01 B C:\Documents and Settings\User\Mis documentos\paginas web\nering\torre linda\torrelindafinal\depas\departamentos\detalle\12piso\1201.gif --> www.ggmdesign.com /public_html/proyectos/torrelindafinal/depas/departamentos/detalle/12piso 1201.gif
2006.12.14 12:01 B C:\Documents and Settings\User\Mis documentos\paginas web\nering\torre linda\torrelindafinal\depas\departamentos\detalle\12piso\1201.htm --> www.ggmdesign.com /public_html/proyectos/torrelindafinal/depas/departamentos/detalle/12piso 1201.htm
2006.12.14 12:01 B C:\Documents and Settings\User\Mis documentos\paginas web\nering\torre linda\torrelindafinal\depas\departamentos\detalle\12piso\1202.gif --> www.ggmdesign.com /public_html/proyectos/torrelindafinal/depas/departamentos/detalle/12piso 1202.gif
2006.12.14 12:01 B C:\Documents and Settings\User\Mis documentos\paginas web\nering\torre linda\torrelindafinal\depas\departamentos\detalle\12piso\1202.htm --> www.ggmdesign.com /public_html/proyectos/torrelindafinal/depas/departamentos/detalle/12piso 1202.htm
2006.12.17 10:31 B C:\Documents and Settings\User\Mis documentos\paginas web\nering\torre linda\torrelindafinal\depas\departamentos\detalle\12piso\1102-bduplex.gif --> www.nering.com.pe /public_html/depas/departamentos/detalle/12piso 1102-bduplex.gif
2006.12.17 10:31 B C:\Documents and Settings\User\Mis documentos\paginas web\nering\torre linda\torrelindafinal\depas\departamentos\detalle\12piso\1102duplexb.htm --> www.nering.com.pe /public_html/depas/departamentos/detalle/12piso 1102duplexb.htm
2006.12.17 10:31 B C:\Documents and Settings\User\Mis documentos\paginas web\nering\torre linda\torrelindafinal\depas\departamentos\detalle\12piso\1201.gif --> www.nering.com.pe /public_html/depas/departamentos/detalle/12piso 1201.gif
2006.12.17 10:31 B C:\Documents and Settings\User\Mis documentos\paginas web\nering\torre linda\torrelindafinal\depas\departamentos\detalle\12piso\1201.htm --> www.nering.com.pe /public_html/depas/departamentos/detalle/12piso 1201.htm
2006.12.17 10:31 B C:\Documents and Settings\User\Mis documentos\paginas web\nering\torre linda\torrelindafinal\depas\departamentos\detalle\12piso\1202.gif --> www.nering.com.pe /public_html/depas/departamentos/detalle/12piso 1202.gif
2006.12.17 10:31 B C:\Documents and Settings\User\Mis documentos\paginas web\nering\torre linda\torrelindafinal\depas\departamentos\detalle\12piso\1202.htm --> www.nering.com.pe /public_html/depas/departamentos/detalle/12piso 1202.htm
2006.12.17 10:31 B C:\Documents and Settings\User\Mis documentos\paginas web\nering\torre linda\torrelindafinal\depas\departamentos\detalle\12piso\WS_FTP.LOG --> www.nering.com.pe /public_html/depas/departamentos/detalle/12piso WS_FTP.LOG
2007.05.09 19:36 B C:\Documents and Settings\User\Mis documentos\paginas web\torre linda\torrelindafinal07\depas\planos\detalle\12piso\1102-bduplex.gif --> www.nering.com.pe /public_html/depas/planos/detalle/12piso 1102-bduplex.gif
2007.05.09 19:36 B C:\Documents and Settings\User\Mis documentos\paginas web\torre linda\torrelindafinal07\depas\planos\detalle\12piso\1102duplexb.htm --> www.nering.com.pe /public_html/depas/planos/detalle/12piso 1102duplexb.htm
2007.05.09 19:36 B C:\Documents and Settings\User\Mis documentos\paginas web\torre linda\torrelindafinal07\depas\planos\detalle\12piso\1201.gif --> www.nering.com.pe /public_html/depas/planos/detalle/12piso 1201.gif
2007.05.09 19:36 B C:\Documents and Settings\User\Mis documentos\paginas web\torre linda\torrelindafinal07\depas\planos\detalle\12piso\1201.htm --> www.nering.com.pe /public_html/depas/planos/detalle/12piso 1201.htm
2007.05.09 19:36 B C:\Documents and Settings\User\Mis documentos\paginas web\torre linda\torrelindafinal07\depas\planos\detalle\12piso\1202.gif --> www.nering.com.pe /public_html/depas/planos/detalle/12piso 1202.gif
2007.05.09 19:36 B C:\Documents and Settings\User\Mis documentos\paginas web\torre linda\torrelindafinal07\depas\planos\detalle\12piso\1202.htm --> www.nering.com.pe /public_html/depas/planos/detalle/12piso 1202.htm
2007.05.09 19:36 B C:\Documents and Settings\User\Mis documentos\paginas web\torre linda\torrelindafinal07\depas\planos\detalle\12piso\Thumbs.db --> www.nering.com.pe /public_html/depas/planos/detalle/12piso Thumbs.db
2007.05.09 19:36 B C:\Documents and Settings\User\Mis documentos\paginas web\torre linda\torrelindafinal07\depas\planos\detalle\12piso\WS_FTP.LOG --> www.nering.com.pe /public_html/depas/planos/detalle/12piso WS_FTP.LOG
2007.05.17 10:16 B C:\Documents and Settings\User\Mis documentos\paginas web\torre linda\torrelindafinal07\depas\planos\detalle\12piso\1102-bduplex.gif --> www.nering.com.pe /public_html/depas/planos/detalle/12piso 1102-bduplex.gif
2007.05.17 10:16 B C:\Documents and Settings\User\Mis documentos\paginas web\torre linda\torrelindafinal07\depas\planos\detalle\12piso\1102duplexb.htm --> www.nering.com.pe /public_html/depas/planos/detalle/12piso 1102duplexb.htm
2007.05.17 10:16 B C:\Documents and Settings\User\Mis documentos\paginas web\torre linda\torrelindafinal07\depas\planos\detalle\12piso\1201.gif --> www.nering.com.pe /public_html/depas/planos/detalle/12piso 1201.gif
2007.05.17 10:16 B C:\Documents and Settings\User\Mis documentos\paginas web\torre linda\torrelindafinal07\depas\planos\detalle\12piso\1201.htm --> www.nering.com.pe /public_html/depas/planos/detalle/12piso 1201.htm
2007.05.17 10:16 B C:\Documents and Settings\User\Mis documentos\paginas web\torre linda\torrelindafinal07\depas\planos\detalle\12piso\1202.gif --> www.nering.com.pe /public_html/depas/planos/detalle/12piso 1202.gif
2007.05.17 10:16 B C:\Documents and Settings\User\Mis documentos\paginas web\torre linda\torrelindafinal07\depas\planos\detalle\12piso\1202.htm --> www.nering.com.pe /public_html/depas/planos/detalle/12piso 1202.htm
2008.01.07 11:37 B C:\Documents and Settings\Yanina\Mis documentos\PAGINAS WEB\torre linda\torrelindafinal07\depas\planos\detalle\12piso\1102-bduplex.gif --> www.nering.net /depas/planos/detalle/12piso 1102-bduplex.gif
2008.01.07 11:37 B C:\Documents and Settings\Yanina\Mis documentos\PAGINAS WEB\torre linda\torrelindafinal07\depas\planos\detalle\12piso\1102duplexb.htm --> www.nering.net /depas/planos/detalle/12piso 1102duplexb.htm
2008.01.07 11:37 B C:\Documents and Settings\Yanina\Mis documentos\PAGINAS WEB\torre linda\torrelindafinal07\depas\planos\detalle\12piso\1201.gif --> www.nering.net /depas/planos/detalle/12piso 1201.gif
2008.01.07 11:37 B C:\Documents and Settings\Yanina\Mis documentos\PAGINAS WEB\torre linda\torrelindafinal07\depas\planos\detalle\12piso\1201.htm --> www.nering.net /depas/planos/detalle/12piso 1201.htm
2008.01.07 11:37 B C:\Documents and Settings\Yanina\Mis documentos\PAGINAS WEB\torre linda\torrelindafinal07\depas\planos\detalle\12piso\1202.gif --> www.nering.net /depas/planos/detalle/12piso 1202.gif
2008.01.07 11:37 B C:\Documents and Settings\Yanina\Mis documentos\PAGINAS WEB\torre linda\torrelindafinal07\depas\planos\detalle\12piso\1202.htm --> www.nering.net /depas/planos/detalle/12piso 1202.htm
2008.01.07 11:37 B C:\Documents and Settings\Yanina\Mis documentos\PAGINAS WEB\torre linda\torrelindafinal07\depas\planos\detalle\12piso\Thumbs.db --> www.nering.net /depas/planos/detalle/12piso Thumbs.db
