2006.11.07 07:18 B C:\Documents and Settings\User\Mis documentos\paginas web\nering\torre linda\torrelindafinal\depas\plantas\mplantas\_notes\menuplantas_r10_c2.gif.mno --> www.ggmdesign.com /public_html/proyectos/torrelinda/depas/plantas/mplantas/_notes menuplantas_r10_c2.gif.mno
2006.11.07 07:18 B C:\Documents and Settings\User\Mis documentos\paginas web\nering\torre linda\torrelindafinal\depas\plantas\mplantas\_notes\menuplantas_r10_c2_f2.gif.mno --> www.ggmdesign.com /public_html/proyectos/torrelinda/depas/plantas/mplantas/_notes menuplantas_r10_c2_f2.gif.mno
2006.11.07 07:18 B C:\Documents and Settings\User\Mis documentos\paginas web\nering\torre linda\torrelindafinal\depas\plantas\mplantas\_notes\menuplantas_r10_c2_f3.gif.mno --> www.ggmdesign.com /public_html/proyectos/torrelinda/depas/plantas/mplantas/_notes menuplantas_r10_c2_f3.gif.mno
2006.11.07 07:18 B C:\Documents and Settings\User\Mis documentos\paginas web\nering\torre linda\torrelindafinal\depas\plantas\mplantas\_notes\menuplantas_r10_c4.gif.mno --> www.ggmdesign.com /public_html/proyectos/torrelinda/depas/plantas/mplantas/_notes menuplantas_r10_c4.gif.mno
2006.11.07 07:18 B C:\Documents and Settings\User\Mis documentos\paginas web\nering\torre linda\torrelindafinal\depas\plantas\mplantas\_notes\menuplantas_r11_c2.gif.mno --> www.ggmdesign.com /public_html/proyectos/torrelinda/depas/plantas/mplantas/_notes menuplantas_r11_c2.gif.mno
2006.11.07 07:18 B C:\Documents and Settings\User\Mis documentos\paginas web\nering\torre linda\torrelindafinal\depas\plantas\mplantas\_notes\menuplantas_r12_c2.gif.mno --> www.ggmdesign.com /public_html/proyectos/torrelinda/depas/plantas/mplantas/_notes menuplantas_r12_c2.gif.mno
2006.11.07 07:18 B C:\Documents and Settings\User\Mis documentos\paginas web\nering\torre linda\torrelindafinal\depas\plantas\mplantas\_notes\menuplantas_r12_c2_f2.gif.mno --> www.ggmdesign.com /public_html/proyectos/torrelinda/depas/plantas/mplantas/_notes menuplantas_r12_c2_f2.gif.mno
2006.11.07 07:18 B C:\Documents and Settings\User\Mis documentos\paginas web\nering\torre linda\torrelindafinal\depas\plantas\mplantas\_notes\menuplantas_r12_c2_f3.gif.mno --> www.ggmdesign.com /public_html/proyectos/torrelinda/depas/plantas/mplantas/_notes menuplantas_r12_c2_f3.gif.mno
2006.11.07 07:18 B C:\Documents and Settings\User\Mis documentos\paginas web\nering\torre linda\torrelindafinal\depas\plantas\mplantas\_notes\menuplantas_r13_c2.gif.mno --> www.ggmdesign.com /public_html/proyectos/torrelinda/depas/plantas/mplantas/_notes menuplantas_r13_c2.gif.mno
2006.11.07 07:18 B C:\Documents and Settings\User\Mis documentos\paginas web\nering\torre linda\torrelindafinal\depas\plantas\mplantas\_notes\menuplantas_r14_c2.gif.mno --> www.ggmdesign.com /public_html/proyectos/torrelinda/depas/plantas/mplantas/_notes menuplantas_r14_c2.gif.mno
2006.11.07 07:18 B C:\Documents and Settings\User\Mis documentos\paginas web\nering\torre linda\torrelindafinal\depas\plantas\mplantas\_notes\menuplantas_r14_c2_f2.gif.mno --> www.ggmdesign.com /public_html/proyectos/torrelinda/depas/plantas/mplantas/_notes menuplantas_r14_c2_f2.gif.mno
2006.11.07 07:18 B C:\Documents and Settings\User\Mis documentos\paginas web\nering\torre linda\torrelindafinal\depas\plantas\mplantas\_notes\menuplantas_r14_c2_f3.gif.mno --> www.ggmdesign.com /public_html/proyectos/torrelinda/depas/plantas/mplantas/_notes menuplantas_r14_c2_f3.gif.mno
2006.11.07 07:18 B C:\Documents and Settings\User\Mis documentos\paginas web\nering\torre linda\torrelindafinal\depas\plantas\mplantas\_notes\menuplantas_r15_c2.gif.mno --> www.ggmdesign.com /public_html/proyectos/torrelinda/depas/plantas/mplantas/_notes menuplantas_r15_c2.gif.mno
2006.11.07 07:18 B C:\Documents and Settings\User\Mis documentos\paginas web\nering\torre linda\torrelindafinal\depas\plantas\mplantas\_notes\menuplantas_r16_c2.gif.mno --> www.ggmdesign.com /public_html/proyectos/torrelinda/depas/plantas/mplantas/_notes menuplantas_r16_c2.gif.mno
2006.11.07 07:18 B C:\Documents and Settings\User\Mis documentos\paginas web\nering\torre linda\torrelindafinal\depas\plantas\mplantas\_notes\menuplantas_r16_c2_f2.gif.mno --> www.ggmdesign.com /public_html/proyectos/torrelinda/depas/plantas/mplantas/_notes menuplantas_r16_c2_f2.gif.mno
2006.11.07 07:18 B C:\Documents and Settings\User\Mis documentos\paginas web\nering\torre linda\torrelindafinal\depas\plantas\mplantas\_notes\menuplantas_r16_c2_f3.gif.mno --> www.ggmdesign.com /public_html/proyectos/torrelinda/depas/plantas/mplantas/_notes menuplantas_r16_c2_f3.gif.mno
2006.11.07 07:18 B C:\Documents and Settings\User\Mis documentos\paginas web\nering\torre linda\torrelindafinal\depas\plantas\mplantas\_notes\menuplantas_r16_c5.gif.mno --> www.ggmdesign.com /public_html/proyectos/torrelinda/depas/plantas/mplantas/_notes menuplantas_r16_c5.gif.mno
2006.11.07 07:18 B C:\Documents and Settings\User\Mis documentos\paginas web\nering\torre linda\torrelindafinal\depas\plantas\mplantas\_notes\menuplantas_r17_c2.gif.mno --> www.ggmdesign.com /public_html/proyectos/torrelinda/depas/plantas/mplantas/_notes menuplantas_r17_c2.gif.mno
2006.11.07 07:18 B C:\Documents and Settings\User\Mis documentos\paginas web\nering\torre linda\torrelindafinal\depas\plantas\mplantas\_notes\menuplantas_r18_c2.gif.mno --> www.ggmdesign.com /public_html/proyectos/torrelinda/depas/plantas/mplantas/_notes menuplantas_r18_c2.gif.mno
2006.11.07 07:18 B C:\Documents and Settings\User\Mis documentos\paginas web\nering\torre linda\torrelindafinal\depas\plantas\mplantas\_notes\menuplantas_r18_c2_f2.gif.mno --> www.ggmdesign.com /public_html/proyectos/torrelinda/depas/plantas/mplantas/_notes menuplantas_r18_c2_f2.gif.mno
2006.11.07 07:18 B C:\Documents and Settings\User\Mis documentos\paginas web\nering\torre linda\torrelindafinal\depas\plantas\mplantas\_notes\menuplantas_r18_c2_f3.gif.mno --> www.ggmdesign.com /public_html/proyectos/torrelinda/depas/plantas/mplantas/_notes menuplantas_r18_c2_f3.gif.mno
2006.11.07 07:18 B C:\Documents and Settings\User\Mis documentos\paginas web\nering\torre linda\torrelindafinal\depas\plantas\mplantas\_notes\menuplantas_r18_c4.gif.mno --> www.ggmdesign.com /public_html/proyectos/torrelinda/depas/plantas/mplantas/_notes menuplantas_r18_c4.gif.mno
2006.11.07 07:18 B C:\Documents and Settings\User\Mis documentos\paginas web\nering\torre linda\torrelindafinal\depas\plantas\mplantas\_notes\menuplantas_r19_c2.gif.mno --> www.ggmdesign.com /public_html/proyectos/torrelinda/depas/plantas/mplantas/_notes menuplantas_r19_c2.gif.mno
2006.11.07 07:18 B C:\Documents and Settings\User\Mis documentos\paginas web\nering\torre linda\torrelindafinal\depas\plantas\mplantas\_notes\menuplantas_r1_c1.gif.mno --> www.ggmdesign.com /public_html/proyectos/torrelinda/depas/plantas/mplantas/_notes menuplantas_r1_c1.gif.mno
2006.11.07 07:18 B C:\Documents and Settings\User\Mis documentos\paginas web\nering\torre linda\torrelindafinal\depas\plantas\mplantas\_notes\menuplantas_r20_c1.gif.mno --> www.ggmdesign.com /public_html/proyectos/torrelinda/depas/plantas/mplantas/_notes menuplantas_r20_c1.gif.mno
2006.11.07 07:18 B C:\Documents and Settings\User\Mis documentos\paginas web\nering\torre linda\torrelindafinal\depas\plantas\mplantas\_notes\menuplantas_r20_c1_f2.gif.mno --> www.ggmdesign.com /public_html/proyectos/torrelinda/depas/plantas/mplantas/_notes menuplantas_r20_c1_f2.gif.mno
2006.11.07 07:18 B C:\Documents and Settings\User\Mis documentos\paginas web\nering\torre linda\torrelindafinal\depas\plantas\mplantas\_notes\menuplantas_r20_c1_f3.gif.mno --> www.ggmdesign.com /public_html/proyectos/torrelinda/depas/plantas/mplantas/_notes menuplantas_r20_c1_f3.gif.mno
2006.11.07 07:18 B C:\Documents and Settings\User\Mis documentos\paginas web\nering\torre linda\torrelindafinal\depas\plantas\mplantas\_notes\menuplantas_r21_c1.gif.mno --> www.ggmdesign.com /public_html/proyectos/torrelinda/depas/plantas/mplantas/_notes menuplantas_r21_c1.gif.mno
2006.11.07 07:18 B C:\Documents and Settings\User\Mis documentos\paginas web\nering\torre linda\torrelindafinal\depas\plantas\mplantas\_notes\menuplantas_r22_c1.gif.mno --> www.ggmdesign.com /public_html/proyectos/torrelinda/depas/plantas/mplantas/_notes menuplantas_r22_c1.gif.mno
2006.11.07 07:18 B C:\Documents and Settings\User\Mis documentos\paginas web\nering\torre linda\torrelindafinal\depas\plantas\mplantas\_notes\menuplantas_r22_c1_f2.gif.mno --> www.ggmdesign.com /public_html/proyectos/torrelinda/depas/plantas/mplantas/_notes menuplantas_r22_c1_f2.gif.mno
2006.11.07 07:18 B C:\Documents and Settings\User\Mis documentos\paginas web\nering\torre linda\torrelindafinal\depas\plantas\mplantas\_notes\menuplantas_r22_c1_f3.gif.mno --> www.ggmdesign.com /public_html/proyectos/torrelinda/depas/plantas/mplantas/_notes menuplantas_r22_c1_f3.gif.mno
2006.11.07 07:18 B C:\Documents and Settings\User\Mis documentos\paginas web\nering\torre linda\torrelindafinal\depas\plantas\mplantas\_notes\menuplantas_r23_c1.gif.mno --> www.ggmdesign.com /public_html/proyectos/torrelinda/depas/plantas/mplantas/_notes menuplantas_r23_c1.gif.mno
2006.11.07 07:18 B C:\Documents and Settings\User\Mis documentos\paginas web\nering\torre linda\torrelindafinal\depas\plantas\mplantas\_notes\menuplantas_r2_c1.gif.mno --> www.ggmdesign.com /public_html/proyectos/torrelinda/depas/plantas/mplantas/_notes menuplantas_r2_c1.gif.mno
2006.11.07 07:18 B C:\Documents and Settings\User\Mis documentos\paginas web\nering\torre linda\torrelindafinal\depas\plantas\mplantas\_notes\menuplantas_r2_c2.gif.mno --> www.ggmdesign.com /public_html/proyectos/torrelinda/depas/plantas/mplantas/_notes menuplantas_r2_c2.gif.mno
2006.11.07 07:18 B C:\Documents and Settings\User\Mis documentos\paginas web\nering\torre linda\torrelindafinal\depas\plantas\mplantas\_notes\menuplantas_r2_c2_f2.gif.mno --> www.ggmdesign.com /public_html/proyectos/torrelinda/depas/plantas/mplantas/_notes menuplantas_r2_c2_f2.gif.mno
2006.11.07 07:18 B C:\Documents and Settings\User\Mis documentos\paginas web\nering\torre linda\torrelindafinal\depas\plantas\mplantas\_notes\menuplantas_r2_c2_f3.gif.mno --> www.ggmdesign.com /public_html/proyectos/torrelinda/depas/plantas/mplantas/_notes menuplantas_r2_c2_f3.gif.mno
2006.11.07 07:18 B C:\Documents and Settings\User\Mis documentos\paginas web\nering\torre linda\torrelindafinal\depas\plantas\mplantas\_notes\menuplantas_r2_c3.gif.mno --> www.ggmdesign.com /public_html/proyectos/torrelinda/depas/plantas/mplantas/_notes menuplantas_r2_c3.gif.mno
2006.11.07 07:18 B C:\Documents and Settings\User\Mis documentos\paginas web\nering\torre linda\torrelindafinal\depas\plantas\mplantas\_notes\menuplantas_r3_c2.gif.mno --> www.ggmdesign.com /public_html/proyectos/torrelinda/depas/plantas/mplantas/_notes menuplantas_r3_c2.gif.mno
2006.11.07 07:18 B C:\Documents and Settings\User\Mis documentos\paginas web\nering\torre linda\torrelindafinal\depas\plantas\mplantas\_notes\menuplantas_r4_c2.gif.mno --> www.ggmdesign.com /public_html/proyectos/torrelinda/depas/plantas/mplantas/_notes menuplantas_r4_c2.gif.mno
2006.11.07 07:18 B C:\Documents and Settings\User\Mis documentos\paginas web\nering\torre linda\torrelindafinal\depas\plantas\mplantas\_notes\menuplantas_r4_c2_f2.gif.mno --> www.ggmdesign.com /public_html/proyectos/torrelinda/depas/plantas/mplantas/_notes menuplantas_r4_c2_f2.gif.mno
2006.11.07 07:18 B C:\Documents and Settings\User\Mis documentos\paginas web\nering\torre linda\torrelindafinal\depas\plantas\mplantas\_notes\menuplantas_r4_c2_f3.gif.mno --> www.ggmdesign.com /public_html/proyectos/torrelinda/depas/plantas/mplantas/_notes menuplantas_r4_c2_f3.gif.mno
2006.11.07 07:18 B C:\Documents and Settings\User\Mis documentos\paginas web\nering\torre linda\torrelindafinal\depas\plantas\mplantas\_notes\menuplantas_r5_c2.gif.mno --> www.ggmdesign.com /public_html/proyectos/torrelinda/depas/plantas/mplantas/_notes menuplantas_r5_c2.gif.mno
2006.11.07 07:18 B C:\Documents and Settings\User\Mis documentos\paginas web\nering\torre linda\torrelindafinal\depas\plantas\mplantas\_notes\menuplantas_r6_c2.gif.mno --> www.ggmdesign.com /public_html/proyectos/torrelinda/depas/plantas/mplantas/_notes menuplantas_r6_c2.gif.mno
2006.11.07 07:18 B C:\Documents and Settings\User\Mis documentos\paginas web\nering\torre linda\torrelindafinal\depas\plantas\mplantas\_notes\menuplantas_r6_c2_f2.gif.mno --> www.ggmdesign.com /public_html/proyectos/torrelinda/depas/plantas/mplantas/_notes menuplantas_r6_c2_f2.gif.mno
2006.11.07 07:18 B C:\Documents and Settings\User\Mis documentos\paginas web\nering\torre linda\torrelindafinal\depas\plantas\mplantas\_notes\menuplantas_r6_c2_f3.gif.mno --> www.ggmdesign.com /public_html/proyectos/torrelinda/depas/plantas/mplantas/_notes menuplantas_r6_c2_f3.gif.mno
2006.11.07 07:18 B C:\Documents and Settings\User\Mis documentos\paginas web\nering\torre linda\torrelindafinal\depas\plantas\mplantas\_notes\menuplantas_r6_c7.gif.mno --> www.ggmdesign.com /public_html/proyectos/torrelinda/depas/plantas/mplantas/_notes menuplantas_r6_c7.gif.mno
2006.11.07 07:18 B C:\Documents and Settings\User\Mis documentos\paginas web\nering\torre linda\torrelindafinal\depas\plantas\mplantas\_notes\menuplantas_r7_c2.gif.mno --> www.ggmdesign.com /public_html/proyectos/torrelinda/depas/plantas/mplantas/_notes menuplantas_r7_c2.gif.mno
2006.11.07 07:18 B C:\Documents and Settings\User\Mis documentos\paginas web\nering\torre linda\torrelindafinal\depas\plantas\mplantas\_notes\menuplantas_r8_c2.gif.mno --> www.ggmdesign.com /public_html/proyectos/torrelinda/depas/plantas/mplantas/_notes menuplantas_r8_c2.gif.mno
2006.11.07 07:18 B C:\Documents and Settings\User\Mis documentos\paginas web\nering\torre linda\torrelindafinal\depas\plantas\mplantas\_notes\menuplantas_r8_c2_f2.gif.mno --> www.ggmdesign.com /public_html/proyectos/torrelinda/depas/plantas/mplantas/_notes menuplantas_r8_c2_f2.gif.mno
2006.11.07 07:18 B C:\Documents and Settings\User\Mis documentos\paginas web\nering\torre linda\torrelindafinal\depas\plantas\mplantas\_notes\menuplantas_r8_c2_f3.gif.mno --> www.ggmdesign.com /public_html/proyectos/torrelinda/depas/plantas/mplantas/_notes menuplantas_r8_c2_f3.gif.mno
2006.11.07 07:18 B C:\Documents and Settings\User\Mis documentos\paginas web\nering\torre linda\torrelindafinal\depas\plantas\mplantas\_notes\menuplantas_r8_c6.gif.mno --> www.ggmdesign.com /public_html/proyectos/torrelinda/depas/plantas/mplantas/_notes menuplantas_r8_c6.gif.mno
2006.11.07 07:18 B C:\Documents and Settings\User\Mis documentos\paginas web\nering\torre linda\torrelindafinal\depas\plantas\mplantas\_notes\menuplantas_r9_c2.gif.mno --> www.ggmdesign.com /public_html/proyectos/torrelinda/depas/plantas/mplantas/_notes menuplantas_r9_c2.gif.mno
2006.11.20 08:55 B C:\Documents and Settings\User\Mis documentos\paginas web\nering\torre linda\torrelindafinal\depas\plantas\mplantas\_notes\menuplantas_r10_c2.gif.mno --> www.ggmdesign.com /public_html/proyectos/torrelinda/depas/plantas/mplantas/_notes menuplantas_r10_c2.gif.mno
2006.11.20 08:55 B C:\Documents and Settings\User\Mis documentos\paginas web\nering\torre linda\torrelindafinal\depas\plantas\mplantas\_notes\menuplantas_r10_c2_f2.gif.mno --> www.ggmdesign.com /public_html/proyectos/torrelinda/depas/plantas/mplantas/_notes menuplantas_r10_c2_f2.gif.mno
2006.11.20 08:55 B C:\Documents and Settings\User\Mis documentos\paginas web\nering\torre linda\torrelindafinal\depas\plantas\mplantas\_notes\menuplantas_r10_c2_f3.gif.mno --> www.ggmdesign.com /public_html/proyectos/torrelinda/depas/plantas/mplantas/_notes menuplantas_r10_c2_f3.gif.mno
2006.11.20 08:55 B C:\Documents and Settings\User\Mis documentos\paginas web\nering\torre linda\torrelindafinal\depas\plantas\mplantas\_notes\menuplantas_r10_c4.gif.mno --> www.ggmdesign.com /public_html/proyectos/torrelinda/depas/plantas/mplantas/_notes menuplantas_r10_c4.gif.mno
2006.11.20 08:55 B C:\Documents and Settings\User\Mis documentos\paginas web\nering\torre linda\torrelindafinal\depas\plantas\mplantas\_notes\menuplantas_r11_c2.gif.mno --> www.ggmdesign.com /public_html/proyectos/torrelinda/depas/plantas/mplantas/_notes menuplantas_r11_c2.gif.mno
2006.11.20 08:55 B C:\Documents and Settings\User\Mis documentos\paginas web\nering\torre linda\torrelindafinal\depas\plantas\mplantas\_notes\menuplantas_r12_c2.gif.mno --> www.ggmdesign.com /public_html/proyectos/torrelinda/depas/plantas/mplantas/_notes menuplantas_r12_c2.gif.mno
2006.11.20 08:55 B C:\Documents and Settings\User\Mis documentos\paginas web\nering\torre linda\torrelindafinal\depas\plantas\mplantas\_notes\menuplantas_r12_c2_f2.gif.mno --> www.ggmdesign.com /public_html/proyectos/torrelinda/depas/plantas/mplantas/_notes menuplantas_r12_c2_f2.gif.mno
2006.11.20 08:55 B C:\Documents and Settings\User\Mis documentos\paginas web\nering\torre linda\torrelindafinal\depas\plantas\mplantas\_notes\menuplantas_r12_c2_f3.gif.mno --> www.ggmdesign.com /public_html/proyectos/torrelinda/depas/plantas/mplantas/_notes menuplantas_r12_c2_f3.gif.mno
2006.11.20 08:55 B C:\Documents and Settings\User\Mis documentos\paginas web\nering\torre linda\torrelindafinal\depas\plantas\mplantas\_notes\menuplantas_r13_c2.gif.mno --> www.ggmdesign.com /public_html/proyectos/torrelinda/depas/plantas/mplantas/_notes menuplantas_r13_c2.gif.mno
2006.11.20 08:55 B C:\Documents and Settings\User\Mis documentos\paginas web\nering\torre linda\torrelindafinal\depas\plantas\mplantas\_notes\menuplantas_r14_c2.gif.mno --> www.ggmdesign.com /public_html/proyectos/torrelinda/depas/plantas/mplantas/_notes menuplantas_r14_c2.gif.mno
2006.11.20 08:55 B C:\Documents and Settings\User\Mis documentos\paginas web\nering\torre linda\torrelindafinal\depas\plantas\mplantas\_notes\menuplantas_r14_c2_f2.gif.mno --> www.ggmdesign.com /public_html/proyectos/torrelinda/depas/plantas/mplantas/_notes menuplantas_r14_c2_f2.gif.mno
2006.11.20 08:55 B C:\Documents and Settings\User\Mis documentos\paginas web\nering\torre linda\torrelindafinal\depas\plantas\mplantas\_notes\menuplantas_r14_c2_f3.gif.mno --> www.ggmdesign.com /public_html/proyectos/torrelinda/depas/plantas/mplantas/_notes menuplantas_r14_c2_f3.gif.mno
2006.11.20 08:55 B C:\Documents and Settings\User\Mis documentos\paginas web\nering\torre linda\torrelindafinal\depas\plantas\mplantas\_notes\menuplantas_r15_c2.gif.mno --> www.ggmdesign.com /public_html/proyectos/torrelinda/depas/plantas/mplantas/_notes menuplantas_r15_c2.gif.mno
2006.11.20 08:55 B C:\Documents and Settings\User\Mis documentos\paginas web\nering\torre linda\torrelindafinal\depas\plantas\mplantas\_notes\menuplantas_r16_c2.gif.mno --> www.ggmdesign.com /public_html/proyectos/torrelinda/depas/plantas/mplantas/_notes menuplantas_r16_c2.gif.mno
2006.11.20 08:55 B C:\Documents and Settings\User\Mis documentos\paginas web\nering\torre linda\torrelindafinal\depas\plantas\mplantas\_notes\menuplantas_r16_c2_f2.gif.mno --> www.ggmdesign.com /public_html/proyectos/torrelinda/depas/plantas/mplantas/_notes menuplantas_r16_c2_f2.gif.mno
2006.11.20 08:55 B C:\Documents and Settings\User\Mis documentos\paginas web\nering\torre linda\torrelindafinal\depas\plantas\mplantas\_notes\menuplantas_r16_c2_f3.gif.mno --> www.ggmdesign.com /public_html/proyectos/torrelinda/depas/plantas/mplantas/_notes menuplantas_r16_c2_f3.gif.mno
2006.11.20 08:55 B C:\Documents and Settings\User\Mis documentos\paginas web\nering\torre linda\torrelindafinal\depas\plantas\mplantas\_notes\menuplantas_r16_c5.gif.mno --> www.ggmdesign.com /public_html/proyectos/torrelinda/depas/plantas/mplantas/_notes menuplantas_r16_c5.gif.mno
2006.11.20 08:55 B C:\Documents and Settings\User\Mis documentos\paginas web\nering\torre linda\torrelindafinal\depas\plantas\mplantas\_notes\menuplantas_r17_c2.gif.mno --> www.ggmdesign.com /public_html/proyectos/torrelinda/depas/plantas/mplantas/_notes menuplantas_r17_c2.gif.mno
2006.11.20 08:55 B C:\Documents and Settings\User\Mis documentos\paginas web\nering\torre linda\torrelindafinal\depas\plantas\mplantas\_notes\menuplantas_r18_c2.gif.mno --> www.ggmdesign.com /public_html/proyectos/torrelinda/depas/plantas/mplantas/_notes menuplantas_r18_c2.gif.mno
2006.11.20 08:55 B C:\Documents and Settings\User\Mis documentos\paginas web\nering\torre linda\torrelindafinal\depas\plantas\mplantas\_notes\menuplantas_r18_c2_f2.gif.mno --> www.ggmdesign.com /public_html/proyectos/torrelinda/depas/plantas/mplantas/_notes menuplantas_r18_c2_f2.gif.mno
2006.11.20 08:55 B C:\Documents and Settings\User\Mis documentos\paginas web\nering\torre linda\torrelindafinal\depas\plantas\mplantas\_notes\menuplantas_r18_c2_f3.gif.mno --> www.ggmdesign.com /public_html/proyectos/torrelinda/depas/plantas/mplantas/_notes menuplantas_r18_c2_f3.gif.mno
2006.11.20 08:55 B C:\Documents and Settings\User\Mis documentos\paginas web\nering\torre linda\torrelindafinal\depas\plantas\mplantas\_notes\menuplantas_r18_c4.gif.mno --> www.ggmdesign.com /public_html/proyectos/torrelinda/depas/plantas/mplantas/_notes menuplantas_r18_c4.gif.mno
2006.11.20 08:55 B C:\Documents and Settings\User\Mis documentos\paginas web\nering\torre linda\torrelindafinal\depas\plantas\mplantas\_notes\menuplantas_r19_c2.gif.mno --> www.ggmdesign.com /public_html/proyectos/torrelinda/depas/plantas/mplantas/_notes menuplantas_r19_c2.gif.mno
2006.11.20 08:55 B C:\Documents and Settings\User\Mis documentos\paginas web\nering\torre linda\torrelindafinal\depas\plantas\mplantas\_notes\menuplantas_r1_c1.gif.mno --> www.ggmdesign.com /public_html/proyectos/torrelinda/depas/plantas/mplantas/_notes menuplantas_r1_c1.gif.mno
2006.11.20 08:55 B C:\Documents and Settings\User\Mis documentos\paginas web\nering\torre linda\torrelindafinal\depas\plantas\mplantas\_notes\menuplantas_r20_c1.gif.mno --> www.ggmdesign.com /public_html/proyectos/torrelinda/depas/plantas/mplantas/_notes menuplantas_r20_c1.gif.mno
2006.11.20 08:55 B C:\Documents and Settings\User\Mis documentos\paginas web\nering\torre linda\torrelindafinal\depas\plantas\mplantas\_notes\menuplantas_r20_c1_f2.gif.mno --> www.ggmdesign.com /public_html/proyectos/torrelinda/depas/plantas/mplantas/_notes menuplantas_r20_c1_f2.gif.mno
2006.11.20 08:55 B C:\Documents and Settings\User\Mis documentos\paginas web\nering\torre linda\torrelindafinal\depas\plantas\mplantas\_notes\menuplantas_r20_c1_f3.gif.mno --> www.ggmdesign.com /public_html/proyectos/torrelinda/depas/plantas/mplantas/_notes menuplantas_r20_c1_f3.gif.mno
2006.11.20 08:55 B C:\Documents and Settings\User\Mis documentos\paginas web\nering\torre linda\torrelindafinal\depas\plantas\mplantas\_notes\menuplantas_r21_c1.gif.mno --> www.ggmdesign.com /public_html/proyectos/torrelinda/depas/plantas/mplantas/_notes menuplantas_r21_c1.gif.mno
2006.11.20 08:55 B C:\Documents and Settings\User\Mis documentos\paginas web\nering\torre linda\torrelindafinal\depas\plantas\mplantas\_notes\menuplantas_r22_c1.gif.mno --> www.ggmdesign.com /public_html/proyectos/torrelinda/depas/plantas/mplantas/_notes menuplantas_r22_c1.gif.mno
2006.11.20 08:55 B C:\Documents and Settings\User\Mis documentos\paginas web\nering\torre linda\torrelindafinal\depas\plantas\mplantas\_notes\menuplantas_r22_c1_f2.gif.mno --> www.ggmdesign.com /public_html/proyectos/torrelinda/depas/plantas/mplantas/_notes menuplantas_r22_c1_f2.gif.mno
2006.11.20 08:55 B C:\Documents and Settings\User\Mis documentos\paginas web\nering\torre linda\torrelindafinal\depas\plantas\mplantas\_notes\menuplantas_r22_c1_f3.gif.mno --> www.ggmdesign.com /public_html/proyectos/torrelinda/depas/plantas/mplantas/_notes menuplantas_r22_c1_f3.gif.mno
2006.11.20 08:55 B C:\Documents and Settings\User\Mis documentos\paginas web\nering\torre linda\torrelindafinal\depas\plantas\mplantas\_notes\menuplantas_r23_c1.gif.mno --> www.ggmdesign.com /public_html/proyectos/torrelinda/depas/plantas/mplantas/_notes menuplantas_r23_c1.gif.mno
2006.11.20 08:55 B C:\Documents and Settings\User\Mis documentos\paginas web\nering\torre linda\torrelindafinal\depas\plantas\mplantas\_notes\menuplantas_r2_c1.gif.mno --> www.ggmdesign.com /public_html/proyectos/torrelinda/depas/plantas/mplantas/_notes menuplantas_r2_c1.gif.mno
2006.11.20 08:55 B C:\Documents and Settings\User\Mis documentos\paginas web\nering\torre linda\torrelindafinal\depas\plantas\mplantas\_notes\menuplantas_r2_c2.gif.mno --> www.ggmdesign.com /public_html/proyectos/torrelinda/depas/plantas/mplantas/_notes menuplantas_r2_c2.gif.mno
2006.11.20 08:55 B C:\Documents and Settings\User\Mis documentos\paginas web\nering\torre linda\torrelindafinal\depas\plantas\mplantas\_notes\menuplantas_r2_c2_f2.gif.mno --> www.ggmdesign.com /public_html/proyectos/torrelinda/depas/plantas/mplantas/_notes menuplantas_r2_c2_f2.gif.mno
2006.11.20 08:55 B C:\Documents and Settings\User\Mis documentos\paginas web\nering\torre linda\torrelindafinal\depas\plantas\mplantas\_notes\menuplantas_r2_c2_f3.gif.mno --> www.ggmdesign.com /public_html/proyectos/torrelinda/depas/plantas/mplantas/_notes menuplantas_r2_c2_f3.gif.mno
2006.11.20 08:55 B C:\Documents and Settings\User\Mis documentos\paginas web\nering\torre linda\torrelindafinal\depas\plantas\mplantas\_notes\menuplantas_r2_c3.gif.mno --> www.ggmdesign.com /public_html/proyectos/torrelinda/depas/plantas/mplantas/_notes menuplantas_r2_c3.gif.mno
2006.11.20 08:55 B C:\Documents and Settings\User\Mis documentos\paginas web\nering\torre linda\torrelindafinal\depas\plantas\mplantas\_notes\menuplantas_r3_c2.gif.mno --> www.ggmdesign.com /public_html/proyectos/torrelinda/depas/plantas/mplantas/_notes menuplantas_r3_c2.gif.mno
2006.11.20 08:55 B C:\Documents and Settings\User\Mis documentos\paginas web\nering\torre linda\torrelindafinal\depas\plantas\mplantas\_notes\menuplantas_r4_c2.gif.mno --> www.ggmdesign.com /public_html/proyectos/torrelinda/depas/plantas/mplantas/_notes menuplantas_r4_c2.gif.mno
2006.11.20 08:55 B C:\Documents and Settings\User\Mis documentos\paginas web\nering\torre linda\torrelindafinal\depas\plantas\mplantas\_notes\menuplantas_r4_c2_f2.gif.mno --> www.ggmdesign.com /public_html/proyectos/torrelinda/depas/plantas/mplantas/_notes menuplantas_r4_c2_f2.gif.mno
2006.11.20 08:55 B C:\Documents and Settings\User\Mis documentos\paginas web\nering\torre linda\torrelindafinal\depas\plantas\mplantas\_notes\menuplantas_r4_c2_f3.gif.mno --> www.ggmdesign.com /public_html/proyectos/torrelinda/depas/plantas/mplantas/_notes menuplantas_r4_c2_f3.gif.mno
2006.11.20 08:55 B C:\Documents and Settings\User\Mis documentos\paginas web\nering\torre linda\torrelindafinal\depas\plantas\mplantas\_notes\menuplantas_r5_c2.gif.mno --> www.ggmdesign.com /public_html/proyectos/torrelinda/depas/plantas/mplantas/_notes menuplantas_r5_c2.gif.mno
2006.11.20 08:55 B C:\Documents and Settings\User\Mis documentos\paginas web\nering\torre linda\torrelindafinal\depas\plantas\mplantas\_notes\menuplantas_r6_c2.gif.mno --> www.ggmdesign.com /public_html/proyectos/torrelinda/depas/plantas/mplantas/_notes menuplantas_r6_c2.gif.mno
2006.11.20 08:55 B C:\Documents and Settings\User\Mis documentos\paginas web\nering\torre linda\torrelindafinal\depas\plantas\mplantas\_notes\menuplantas_r6_c2_f2.gif.mno --> www.ggmdesign.com /public_html/proyectos/torrelinda/depas/plantas/mplantas/_notes menuplantas_r6_c2_f2.gif.mno
2006.11.20 08:55 B C:\Documents and Settings\User\Mis documentos\paginas web\nering\torre linda\torrelindafinal\depas\plantas\mplantas\_notes\menuplantas_r6_c2_f3.gif.mno --> www.ggmdesign.com /public_html/proyectos/torrelinda/depas/plantas/mplantas/_notes menuplantas_r6_c2_f3.gif.mno
2006.11.20 08:55 B C:\Documents and Settings\User\Mis documentos\paginas web\nering\torre linda\torrelindafinal\depas\plantas\mplantas\_notes\menuplantas_r6_c7.gif.mno --> www.ggmdesign.com /public_html/proyectos/torrelinda/depas/plantas/mplantas/_notes menuplantas_r6_c7.gif.mno
2006.11.20 08:55 B C:\Documents and Settings\User\Mis documentos\paginas web\nering\torre linda\torrelindafinal\depas\plantas\mplantas\_notes\menuplantas_r7_c2.gif.mno --> www.ggmdesign.com /public_html/proyectos/torrelinda/depas/plantas/mplantas/_notes menuplantas_r7_c2.gif.mno
2006.11.20 08:55 B C:\Documents and Settings\User\Mis documentos\paginas web\nering\torre linda\torrelindafinal\depas\plantas\mplantas\_notes\menuplantas_r8_c2.gif.mno --> www.ggmdesign.com /public_html/proyectos/torrelinda/depas/plantas/mplantas/_notes menuplantas_r8_c2.gif.mno
2006.11.20 08:55 B C:\Documents and Settings\User\Mis documentos\paginas web\nering\torre linda\torrelindafinal\depas\plantas\mplantas\_notes\menuplantas_r8_c2_f2.gif.mno --> www.ggmdesign.com /public_html/proyectos/torrelinda/depas/plantas/mplantas/_notes menuplantas_r8_c2_f2.gif.mno
2006.11.20 08:55 B C:\Documents and Settings\User\Mis documentos\paginas web\nering\torre linda\torrelindafinal\depas\plantas\mplantas\_notes\menuplantas_r8_c2_f3.gif.mno --> www.ggmdesign.com /public_html/proyectos/torrelinda/depas/plantas/mplantas/_notes menuplantas_r8_c2_f3.gif.mno
2006.11.20 08:55 B C:\Documents and Settings\User\Mis documentos\paginas web\nering\torre linda\torrelindafinal\depas\plantas\mplantas\_notes\menuplantas_r8_c6.gif.mno --> www.ggmdesign.com /public_html/proyectos/torrelinda/depas/plantas/mplantas/_notes menuplantas_r8_c6.gif.mno
2006.11.20 08:55 B C:\Documents and Settings\User\Mis documentos\paginas web\nering\torre linda\torrelindafinal\depas\plantas\mplantas\_notes\menuplantas_r9_c2.gif.mno --> www.ggmdesign.com /public_html/proyectos/torrelinda/depas/plantas/mplantas/_notes menuplantas_r9_c2.gif.mno
2006.11.20 08:56 B C:\Documents and Settings\User\Mis documentos\paginas web\nering\torre linda\torrelindafinal\depas\plantas\mplantas\_notes\WS_FTP.LOG --> www.ggmdesign.com /public_html/proyectos/torrelinda/depas/plantas/mplantas/_notes WS_FTP.LOG
2006.12.14 12:57 B C:\Documents and Settings\User\Mis documentos\paginas web\nering\torre linda\torrelindafinal\depas\plantas\mplantas\_notes\menuplantas_r10_c2.gif.mno --> www.ggmdesign.com /public_html/proyectos/torrelindafinal/depas/plantas/mplantas/_notes menuplantas_r10_c2.gif.mno
2006.12.14 12:57 B C:\Documents and Settings\User\Mis documentos\paginas web\nering\torre linda\torrelindafinal\depas\plantas\mplantas\_notes\menuplantas_r10_c2_f2.gif.mno --> www.ggmdesign.com /public_html/proyectos/torrelindafinal/depas/plantas/mplantas/_notes menuplantas_r10_c2_f2.gif.mno
2006.12.14 12:57 B C:\Documents and Settings\User\Mis documentos\paginas web\nering\torre linda\torrelindafinal\depas\plantas\mplantas\_notes\menuplantas_r10_c2_f3.gif.mno --> www.ggmdesign.com /public_html/proyectos/torrelindafinal/depas/plantas/mplantas/_notes menuplantas_r10_c2_f3.gif.mno
2006.12.14 12:58 B C:\Documents and Settings\User\Mis documentos\paginas web\nering\torre linda\torrelindafinal\depas\plantas\mplantas\_notes\menuplantas_r10_c4.gif.mno --> www.ggmdesign.com /public_html/proyectos/torrelindafinal/depas/plantas/mplantas/_notes menuplantas_r10_c4.gif.mno
2006.12.14 12:58 B C:\Documents and Settings\User\Mis documentos\paginas web\nering\torre linda\torrelindafinal\depas\plantas\mplantas\_notes\menuplantas_r11_c2.gif.mno --> www.ggmdesign.com /public_html/proyectos/torrelindafinal/depas/plantas/mplantas/_notes menuplantas_r11_c2.gif.mno
2006.12.14 12:58 B C:\Documents and Settings\User\Mis documentos\paginas web\nering\torre linda\torrelindafinal\depas\plantas\mplantas\_notes\menuplantas_r12_c2.gif.mno --> www.ggmdesign.com /public_html/proyectos/torrelindafinal/depas/plantas/mplantas/_notes menuplantas_r12_c2.gif.mno
2006.12.14 12:59 B C:\Documents and Settings\User\Mis documentos\paginas web\nering\torre linda\torrelindafinal\depas\plantas\mplantas\_notes\menuplantas_r12_c2_f2.gif.mno --> www.ggmdesign.com /public_html/proyectos/torrelindafinal/depas/plantas/mplantas/_notes menuplantas_r12_c2_f2.gif.mno
2006.12.14 12:59 B C:\Documents and Settings\User\Mis documentos\paginas web\nering\torre linda\torrelindafinal\depas\plantas\mplantas\_notes\menuplantas_r12_c2_f3.gif.mno --> www.ggmdesign.com /public_html/proyectos/torrelindafinal/depas/plantas/mplantas/_notes menuplantas_r12_c2_f3.gif.mno
2006.12.14 12:59 B C:\Documents and Settings\User\Mis documentos\paginas web\nering\torre linda\torrelindafinal\depas\plantas\mplantas\_notes\menuplantas_r13_c2.gif.mno --> www.ggmdesign.com /public_html/proyectos/torrelindafinal/depas/plantas/mplantas/_notes menuplantas_r13_c2.gif.mno
2006.12.14 12:59 B C:\Documents and Settings\User\Mis documentos\paginas web\nering\torre linda\torrelindafinal\depas\plantas\mplantas\_notes\menuplantas_r14_c2.gif.mno --> www.ggmdesign.com /public_html/proyectos/torrelindafinal/depas/plantas/mplantas/_notes menuplantas_r14_c2.gif.mno
2006.12.14 12:59 B C:\Documents and Settings\User\Mis documentos\paginas web\nering\torre linda\torrelindafinal\depas\plantas\mplantas\_notes\menuplantas_r14_c2_f2.gif.mno --> www.ggmdesign.com /public_html/proyectos/torrelindafinal/depas/plantas/mplantas/_notes menuplantas_r14_c2_f2.gif.mno
2006.12.14 12:59 B C:\Documents and Settings\User\Mis documentos\paginas web\nering\torre linda\torrelindafinal\depas\plantas\mplantas\_notes\menuplantas_r14_c2_f3.gif.mno --> www.ggmdesign.com /public_html/proyectos/torrelindafinal/depas/plantas/mplantas/_notes menuplantas_r14_c2_f3.gif.mno
2006.12.14 12:59 B C:\Documents and Settings\User\Mis documentos\paginas web\nering\torre linda\torrelindafinal\depas\plantas\mplantas\_notes\menuplantas_r15_c2.gif.mno --> www.ggmdesign.com /public_html/proyectos/torrelindafinal/depas/plantas/mplantas/_notes menuplantas_r15_c2.gif.mno
2006.12.14 12:59 B C:\Documents and Settings\User\Mis documentos\paginas web\nering\torre linda\torrelindafinal\depas\plantas\mplantas\_notes\menuplantas_r16_c2.gif.mno --> www.ggmdesign.com /public_html/proyectos/torrelindafinal/depas/plantas/mplantas/_notes menuplantas_r16_c2.gif.mno
2006.12.14 12:59 B C:\Documents and Settings\User\Mis documentos\paginas web\nering\torre linda\torrelindafinal\depas\plantas\mplantas\_notes\menuplantas_r16_c2_f2.gif.mno --> www.ggmdesign.com /public_html/proyectos/torrelindafinal/depas/plantas/mplantas/_notes menuplantas_r16_c2_f2.gif.mno
2006.12.14 12:59 B C:\Documents and Settings\User\Mis documentos\paginas web\nering\torre linda\torrelindafinal\depas\plantas\mplantas\_notes\menuplantas_r16_c2_f3.gif.mno --> www.ggmdesign.com /public_html/proyectos/torrelindafinal/depas/plantas/mplantas/_notes menuplantas_r16_c2_f3.gif.mno
2006.12.14 12:59 B C:\Documents and Settings\User\Mis documentos\paginas web\nering\torre linda\torrelindafinal\depas\plantas\mplantas\_notes\menuplantas_r16_c5.gif.mno --> www.ggmdesign.com /public_html/proyectos/torrelindafinal/depas/plantas/mplantas/_notes menuplantas_r16_c5.gif.mno
2006.12.14 12:59 B C:\Documents and Settings\User\Mis documentos\paginas web\nering\torre linda\torrelindafinal\depas\plantas\mplantas\_notes\menuplantas_r17_c2.gif.mno --> www.ggmdesign.com /public_html/proyectos/torrelindafinal/depas/plantas/mplantas/_notes menuplantas_r17_c2.gif.mno
2006.12.14 12:59 B C:\Documents and Settings\User\Mis documentos\paginas web\nering\torre linda\torrelindafinal\depas\plantas\mplantas\_notes\menuplantas_r18_c2.gif.mno --> www.ggmdesign.com /public_html/proyectos/torrelindafinal/depas/plantas/mplantas/_notes menuplantas_r18_c2.gif.mno
2006.12.14 12:59 B C:\Documents and Settings\User\Mis documentos\paginas web\nering\torre linda\torrelindafinal\depas\plantas\mplantas\_notes\menuplantas_r18_c2_f2.gif.mno --> www.ggmdesign.com /public_html/proyectos/torrelindafinal/depas/plantas/mplantas/_notes menuplantas_r18_c2_f2.gif.mno
2006.12.14 12:59 B C:\Documents and Settings\User\Mis documentos\paginas web\nering\torre linda\torrelindafinal\depas\plantas\mplantas\_notes\menuplantas_r18_c2_f3.gif.mno --> www.ggmdesign.com /public_html/proyectos/torrelindafinal/depas/plantas/mplantas/_notes menuplantas_r18_c2_f3.gif.mno
2006.12.14 12:59 B C:\Documents and Settings\User\Mis documentos\paginas web\nering\torre linda\torrelindafinal\depas\plantas\mplantas\_notes\menuplantas_r18_c4.gif.mno --> www.ggmdesign.com /public_html/proyectos/torrelindafinal/depas/plantas/mplantas/_notes menuplantas_r18_c4.gif.mno
2006.12.14 12:59 B C:\Documents and Settings\User\Mis documentos\paginas web\nering\torre linda\torrelindafinal\depas\plantas\mplantas\_notes\menuplantas_r19_c2.gif.mno --> www.ggmdesign.com /public_html/proyectos/torrelindafinal/depas/plantas/mplantas/_notes menuplantas_r19_c2.gif.mno
2006.12.14 12:59 B C:\Documents and Settings\User\Mis documentos\paginas web\nering\torre linda\torrelindafinal\depas\plantas\mplantas\_notes\menuplantas_r1_c1.gif.mno --> www.ggmdesign.com /public_html/proyectos/torrelindafinal/depas/plantas/mplantas/_notes menuplantas_r1_c1.gif.mno
2006.12.14 12:59 B C:\Documents and Settings\User\Mis documentos\paginas web\nering\torre linda\torrelindafinal\depas\plantas\mplantas\_notes\menuplantas_r20_c1.gif.mno --> www.ggmdesign.com /public_html/proyectos/torrelindafinal/depas/plantas/mplantas/_notes menuplantas_r20_c1.gif.mno
2006.12.14 12:59 B C:\Documents and Settings\User\Mis documentos\paginas web\nering\torre linda\torrelindafinal\depas\plantas\mplantas\_notes\menuplantas_r20_c1_f2.gif.mno --> www.ggmdesign.com /public_html/proyectos/torrelindafinal/depas/plantas/mplantas/_notes menuplantas_r20_c1_f2.gif.mno
2006.12.14 12:59 B C:\Documents and Settings\User\Mis documentos\paginas web\nering\torre linda\torrelindafinal\depas\plantas\mplantas\_notes\menuplantas_r20_c1_f3.gif.mno --> www.ggmdesign.com /public_html/proyectos/torrelindafinal/depas/plantas/mplantas/_notes menuplantas_r20_c1_f3.gif.mno
2006.12.14 12:59 B C:\Documents and Settings\User\Mis documentos\paginas web\nering\torre linda\torrelindafinal\depas\plantas\mplantas\_notes\menuplantas_r21_c1.gif.mno --> www.ggmdesign.com /public_html/proyectos/torrelindafinal/depas/plantas/mplantas/_notes menuplantas_r21_c1.gif.mno
2006.12.14 12:59 B C:\Documents and Settings\User\Mis documentos\paginas web\nering\torre linda\torrelindafinal\depas\plantas\mplantas\_notes\menuplantas_r22_c1.gif.mno --> www.ggmdesign.com /public_html/proyectos/torrelindafinal/depas/plantas/mplantas/_notes menuplantas_r22_c1.gif.mno
2006.12.14 12:59 B C:\Documents and Settings\User\Mis documentos\paginas web\nering\torre linda\torrelindafinal\depas\plantas\mplantas\_notes\menuplantas_r22_c1_f2.gif.mno --> www.ggmdesign.com /public_html/proyectos/torrelindafinal/depas/plantas/mplantas/_notes menuplantas_r22_c1_f2.gif.mno
2006.12.14 12:59 B C:\Documents and Settings\User\Mis documentos\paginas web\nering\torre linda\torrelindafinal\depas\plantas\mplantas\_notes\menuplantas_r22_c1_f3.gif.mno --> www.ggmdesign.com /public_html/proyectos/torrelindafinal/depas/plantas/mplantas/_notes menuplantas_r22_c1_f3.gif.mno
2006.12.14 12:59 B C:\Documents and Settings\User\Mis documentos\paginas web\nering\torre linda\torrelindafinal\depas\plantas\mplantas\_notes\menuplantas_r23_c1.gif.mno --> www.ggmdesign.com /public_html/proyectos/torrelindafinal/depas/plantas/mplantas/_notes menuplantas_r23_c1.gif.mno
2006.12.14 13:00 B C:\Documents and Settings\User\Mis documentos\paginas web\nering\torre linda\torrelindafinal\depas\plantas\mplantas\_notes\menuplantas_r2_c1.gif.mno --> www.ggmdesign.com /public_html/proyectos/torrelindafinal/depas/plantas/mplantas/_notes menuplantas_r2_c1.gif.mno
2006.12.14 13:00 B C:\Documents and Settings\User\Mis documentos\paginas web\nering\torre linda\torrelindafinal\depas\plantas\mplantas\_notes\menuplantas_r2_c2.gif.mno --> www.ggmdesign.com /public_html/proyectos/torrelindafinal/depas/plantas/mplantas/_notes menuplantas_r2_c2.gif.mno
2006.12.14 13:00 B C:\Documents and Settings\User\Mis documentos\paginas web\nering\torre linda\torrelindafinal\depas\plantas\mplantas\_notes\menuplantas_r2_c2_f2.gif.mno --> www.ggmdesign.com /public_html/proyectos/torrelindafinal/depas/plantas/mplantas/_notes menuplantas_r2_c2_f2.gif.mno
2006.12.14 13:00 B C:\Documents and Settings\User\Mis documentos\paginas web\nering\torre linda\torrelindafinal\depas\plantas\mplantas\_notes\menuplantas_r2_c2_f3.gif.mno --> www.ggmdesign.com /public_html/proyectos/torrelindafinal/depas/plantas/mplantas/_notes menuplantas_r2_c2_f3.gif.mno
2006.12.14 13:00 B C:\Documents and Settings\User\Mis documentos\paginas web\nering\torre linda\torrelindafinal\depas\plantas\mplantas\_notes\menuplantas_r2_c3.gif.mno --> www.ggmdesign.com /public_html/proyectos/torrelindafinal/depas/plantas/mplantas/_notes menuplantas_r2_c3.gif.mno
2006.12.14 13:00 B C:\Documents and Settings\User\Mis documentos\paginas web\nering\torre linda\torrelindafinal\depas\plantas\mplantas\_notes\menuplantas_r3_c2.gif.mno --> www.ggmdesign.com /public_html/proyectos/torrelindafinal/depas/plantas/mplantas/_notes menuplantas_r3_c2.gif.mno
2006.12.14 13:00 B C:\Documents and Settings\User\Mis documentos\paginas web\nering\torre linda\torrelindafinal\depas\plantas\mplantas\_notes\menuplantas_r4_c2.gif.mno --> www.ggmdesign.com /public_html/proyectos/torrelindafinal/depas/plantas/mplantas/_notes menuplantas_r4_c2.gif.mno
2006.12.14 13:00 B C:\Documents and Settings\User\Mis documentos\paginas web\nering\torre linda\torrelindafinal\depas\plantas\mplantas\_notes\menuplantas_r4_c2_f2.gif.mno --> www.ggmdesign.com /public_html/proyectos/torrelindafinal/depas/plantas/mplantas/_notes menuplantas_r4_c2_f2.gif.mno
2006.12.14 13:00 B C:\Documents and Settings\User\Mis documentos\paginas web\nering\torre linda\torrelindafinal\depas\plantas\mplantas\_notes\menuplantas_r4_c2_f3.gif.mno --> www.ggmdesign.com /public_html/proyectos/torrelindafinal/depas/plantas/mplantas/_notes menuplantas_r4_c2_f3.gif.mno
2006.12.14 13:00 B C:\Documents and Settings\User\Mis documentos\paginas web\nering\torre linda\torrelindafinal\depas\plantas\mplantas\_notes\menuplantas_r5_c2.gif.mno --> www.ggmdesign.com /public_html/proyectos/torrelindafinal/depas/plantas/mplantas/_notes menuplantas_r5_c2.gif.mno
2006.12.14 13:00 B C:\Documents and Settings\User\Mis documentos\paginas web\nering\torre linda\torrelindafinal\depas\plantas\mplantas\_notes\menuplantas_r6_c2.gif.mno --> www.ggmdesign.com /public_html/proyectos/torrelindafinal/depas/plantas/mplantas/_notes menuplantas_r6_c2.gif.mno
2006.12.14 13:00 B C:\Documents and Settings\User\Mis documentos\paginas web\nering\torre linda\torrelindafinal\depas\plantas\mplantas\_notes\menuplantas_r6_c2_f2.gif.mno --> www.ggmdesign.com /public_html/proyectos/torrelindafinal/depas/plantas/mplantas/_notes menuplantas_r6_c2_f2.gif.mno
2006.12.14 13:00 B C:\Documents and Settings\User\Mis documentos\paginas web\nering\torre linda\torrelindafinal\depas\plantas\mplantas\_notes\menuplantas_r6_c2_f3.gif.mno --> www.ggmdesign.com /public_html/proyectos/torrelindafinal/depas/plantas/mplantas/_notes menuplantas_r6_c2_f3.gif.mno
2006.12.14 13:00 B C:\Documents and Settings\User\Mis documentos\paginas web\nering\torre linda\torrelindafinal\depas\plantas\mplantas\_notes\menuplantas_r6_c7.gif.mno --> www.ggmdesign.com /public_html/proyectos/torrelindafinal/depas/plantas/mplantas/_notes menuplantas_r6_c7.gif.mno
2006.12.14 13:00 B C:\Documents and Settings\User\Mis documentos\paginas web\nering\torre linda\torrelindafinal\depas\plantas\mplantas\_notes\menuplantas_r7_c2.gif.mno --> www.ggmdesign.com /public_html/proyectos/torrelindafinal/depas/plantas/mplantas/_notes menuplantas_r7_c2.gif.mno
2006.12.14 13:00 B C:\Documents and Settings\User\Mis documentos\paginas web\nering\torre linda\torrelindafinal\depas\plantas\mplantas\_notes\menuplantas_r8_c2.gif.mno --> www.ggmdesign.com /public_html/proyectos/torrelindafinal/depas/plantas/mplantas/_notes menuplantas_r8_c2.gif.mno
2006.12.14 13:00 B C:\Documents and Settings\User\Mis documentos\paginas web\nering\torre linda\torrelindafinal\depas\plantas\mplantas\_notes\menuplantas_r8_c2_f2.gif.mno --> www.ggmdesign.com /public_html/proyectos/torrelindafinal/depas/plantas/mplantas/_notes menuplantas_r8_c2_f2.gif.mno
2006.12.14 13:00 B C:\Documents and Settings\User\Mis documentos\paginas web\nering\torre linda\torrelindafinal\depas\plantas\mplantas\_notes\menuplantas_r8_c2_f3.gif.mno --> www.ggmdesign.com /public_html/proyectos/torrelindafinal/depas/plantas/mplantas/_notes menuplantas_r8_c2_f3.gif.mno
2006.12.14 13:00 B C:\Documents and Settings\User\Mis documentos\paginas web\nering\torre linda\torrelindafinal\depas\plantas\mplantas\_notes\menuplantas_r8_c6.gif.mno --> www.ggmdesign.com /public_html/proyectos/torrelindafinal/depas/plantas/mplantas/_notes menuplantas_r8_c6.gif.mno
2006.12.14 13:00 B C:\Documents and Settings\User\Mis documentos\paginas web\nering\torre linda\torrelindafinal\depas\plantas\mplantas\_notes\menuplantas_r9_c2.gif.mno --> www.ggmdesign.com /public_html/proyectos/torrelindafinal/depas/plantas/mplantas/_notes menuplantas_r9_c2.gif.mno
2006.12.14 13:00 B C:\Documents and Settings\User\Mis documentos\paginas web\nering\torre linda\torrelindafinal\depas\plantas\mplantas\_notes\WS_FTP.LOG --> www.ggmdesign.com /public_html/proyectos/torrelindafinal/depas/plantas/mplantas/_notes WS_FTP.LOG
2006.12.17 10:40 B C:\Documents and Settings\User\Mis documentos\paginas web\nering\torre linda\torrelindafinal\depas\plantas\mplantas\_notes\menuplantas_r10_c2.gif.mno --> www.nering.com.pe /public_html/depas/plantas/mplantas/_notes menuplantas_r10_c2.gif.mno
2006.12.17 10:40 B C:\Documents and Settings\User\Mis documentos\paginas web\nering\torre linda\torrelindafinal\depas\plantas\mplantas\_notes\menuplantas_r10_c2_f2.gif.mno --> www.nering.com.pe /public_html/depas/plantas/mplantas/_notes menuplantas_r10_c2_f2.gif.mno
2006.12.17 10:40 B C:\Documents and Settings\User\Mis documentos\paginas web\nering\torre linda\torrelindafinal\depas\plantas\mplantas\_notes\menuplantas_r10_c2_f3.gif.mno --> www.nering.com.pe /public_html/depas/plantas/mplantas/_notes menuplantas_r10_c2_f3.gif.mno
2006.12.17 10:40 B C:\Documents and Settings\User\Mis documentos\paginas web\nering\torre linda\torrelindafinal\depas\plantas\mplantas\_notes\menuplantas_r10_c4.gif.mno --> www.nering.com.pe /public_html/depas/plantas/mplantas/_notes menuplantas_r10_c4.gif.mno
2006.12.17 10:41 B C:\Documents and Settings\User\Mis documentos\paginas web\nering\torre linda\torrelindafinal\depas\plantas\mplantas\_notes\menuplantas_r11_c2.gif.mno --> www.nering.com.pe /public_html/depas/plantas/mplantas/_notes menuplantas_r11_c2.gif.mno
2006.12.17 10:41 B C:\Documents and Settings\User\Mis documentos\paginas web\nering\torre linda\torrelindafinal\depas\plantas\mplantas\_notes\menuplantas_r12_c2.gif.mno --> www.nering.com.pe /public_html/depas/plantas/mplantas/_notes menuplantas_r12_c2.gif.mno
2006.12.17 10:41 B C:\Documents and Settings\User\Mis documentos\paginas web\nering\torre linda\torrelindafinal\depas\plantas\mplantas\_notes\menuplantas_r12_c2_f2.gif.mno --> www.nering.com.pe /public_html/depas/plantas/mplantas/_notes menuplantas_r12_c2_f2.gif.mno
2006.12.17 10:41 B C:\Documents and Settings\User\Mis documentos\paginas web\nering\torre linda\torrelindafinal\depas\plantas\mplantas\_notes\menuplantas_r12_c2_f3.gif.mno --> www.nering.com.pe /public_html/depas/plantas/mplantas/_notes menuplantas_r12_c2_f3.gif.mno
2006.12.17 10:41 B C:\Documents and Settings\User\Mis documentos\paginas web\nering\torre linda\torrelindafinal\depas\plantas\mplantas\_notes\menuplantas_r13_c2.gif.mno --> www.nering.com.pe /public_html/depas/plantas/mplantas/_notes menuplantas_r13_c2.gif.mno
2006.12.17 10:41 B C:\Documents and Settings\User\Mis documentos\paginas web\nering\torre linda\torrelindafinal\depas\plantas\mplantas\_notes\menuplantas_r14_c2.gif.mno --> www.nering.com.pe /public_html/depas/plantas/mplantas/_notes menuplantas_r14_c2.gif.mno
2006.12.17 10:41 B C:\Documents and Settings\User\Mis documentos\paginas web\nering\torre linda\torrelindafinal\depas\plantas\mplantas\_notes\menuplantas_r14_c2_f2.gif.mno --> www.nering.com.pe /public_html/depas/plantas/mplantas/_notes menuplantas_r14_c2_f2.gif.mno
2006.12.17 10:41 B C:\Documents and Settings\User\Mis documentos\paginas web\nering\torre linda\torrelindafinal\depas\plantas\mplantas\_notes\menuplantas_r14_c2_f3.gif.mno --> www.nering.com.pe /public_html/depas/plantas/mplantas/_notes menuplantas_r14_c2_f3.gif.mno
2006.12.17 10:41 B C:\Documents and Settings\User\Mis documentos\paginas web\nering\torre linda\torrelindafinal\depas\plantas\mplantas\_notes\menuplantas_r15_c2.gif.mno --> www.nering.com.pe /public_html/depas/plantas/mplantas/_notes menuplantas_r15_c2.gif.mno
2006.12.17 10:41 B C:\Documents and Settings\User\Mis documentos\paginas web\nering\torre linda\torrelindafinal\depas\plantas\mplantas\_notes\menuplantas_r16_c2.gif.mno --> www.nering.com.pe /public_html/depas/plantas/mplantas/_notes menuplantas_r16_c2.gif.mno
2006.12.17 10:41 B C:\Documents and Settings\User\Mis documentos\paginas web\nering\torre linda\torrelindafinal\depas\plantas\mplantas\_notes\menuplantas_r16_c2_f2.gif.mno --> www.nering.com.pe /public_html/depas/plantas/mplantas/_notes menuplantas_r16_c2_f2.gif.mno
2006.12.17 10:41 B C:\Documents and Settings\User\Mis documentos\paginas web\nering\torre linda\torrelindafinal\depas\plantas\mplantas\_notes\menuplantas_r16_c2_f3.gif.mno --> www.nering.com.pe /public_html/depas/plantas/mplantas/_notes menuplantas_r16_c2_f3.gif.mno
2006.12.17 10:41 B C:\Documents and Settings\User\Mis documentos\paginas web\nering\torre linda\torrelindafinal\depas\plantas\mplantas\_notes\menuplantas_r16_c5.gif.mno --> www.nering.com.pe /public_html/depas/plantas/mplantas/_notes menuplantas_r16_c5.gif.mno
2006.12.17 10:41 B C:\Documents and Settings\User\Mis documentos\paginas web\nering\torre linda\torrelindafinal\depas\plantas\mplantas\_notes\menuplantas_r17_c2.gif.mno --> www.nering.com.pe /public_html/depas/plantas/mplantas/_notes menuplantas_r17_c2.gif.mno
2006.12.17 10:41 B C:\Documents and Settings\User\Mis documentos\paginas web\nering\torre linda\torrelindafinal\depas\plantas\mplantas\_notes\menuplantas_r18_c2.gif.mno --> www.nering.com.pe /public_html/depas/plantas/mplantas/_notes menuplantas_r18_c2.gif.mno
2006.12.17 10:41 B C:\Documents and Settings\User\Mis documentos\paginas web\nering\torre linda\torrelindafinal\depas\plantas\mplantas\_notes\menuplantas_r18_c2_f2.gif.mno --> www.nering.com.pe /public_html/depas/plantas/mplantas/_notes menuplantas_r18_c2_f2.gif.mno
2006.12.17 10:41 B C:\Documents and Settings\User\Mis documentos\paginas web\nering\torre linda\torrelindafinal\depas\plantas\mplantas\_notes\menuplantas_r18_c2_f3.gif.mno --> www.nering.com.pe /public_html/depas/plantas/mplantas/_notes menuplantas_r18_c2_f3.gif.mno
2006.12.17 10:41 B C:\Documents and Settings\User\Mis documentos\paginas web\nering\torre linda\torrelindafinal\depas\plantas\mplantas\_notes\menuplantas_r18_c4.gif.mno --> www.nering.com.pe /public_html/depas/plantas/mplantas/_notes menuplantas_r18_c4.gif.mno
2006.12.17 10:41 B C:\Documents and Settings\User\Mis documentos\paginas web\nering\torre linda\torrelindafinal\depas\plantas\mplantas\_notes\menuplantas_r19_c2.gif.mno --> www.nering.com.pe /public_html/depas/plantas/mplantas/_notes menuplantas_r19_c2.gif.mno
2006.12.17 10:41 B C:\Documents and Settings\User\Mis documentos\paginas web\nering\torre linda\torrelindafinal\depas\plantas\mplantas\_notes\menuplantas_r1_c1.gif.mno --> www.nering.com.pe /public_html/depas/plantas/mplantas/_notes menuplantas_r1_c1.gif.mno
2006.12.17 10:41 B C:\Documents and Settings\User\Mis documentos\paginas web\nering\torre linda\torrelindafinal\depas\plantas\mplantas\_notes\menuplantas_r20_c1.gif.mno --> www.nering.com.pe /public_html/depas/plantas/mplantas/_notes menuplantas_r20_c1.gif.mno
2006.12.17 10:41 B C:\Documents and Settings\User\Mis documentos\paginas web\nering\torre linda\torrelindafinal\depas\plantas\mplantas\_notes\menuplantas_r20_c1_f2.gif.mno --> www.nering.com.pe /public_html/depas/plantas/mplantas/_notes menuplantas_r20_c1_f2.gif.mno
2006.12.17 10:41 B C:\Documents and Settings\User\Mis documentos\paginas web\nering\torre linda\torrelindafinal\depas\plantas\mplantas\_notes\menuplantas_r20_c1_f3.gif.mno --> www.nering.com.pe /public_html/depas/plantas/mplantas/_notes menuplantas_r20_c1_f3.gif.mno
2006.12.17 10:41 B C:\Documents and Settings\User\Mis documentos\paginas web\nering\torre linda\torrelindafinal\depas\plantas\mplantas\_notes\menuplantas_r21_c1.gif.mno --> www.nering.com.pe /public_html/depas/plantas/mplantas/_notes menuplantas_r21_c1.gif.mno
2006.12.17 10:41 B C:\Documents and Settings\User\Mis documentos\paginas web\nering\torre linda\torrelindafinal\depas\plantas\mplantas\_notes\menuplantas_r22_c1.gif.mno --> www.nering.com.pe /public_html/depas/plantas/mplantas/_notes menuplantas_r22_c1.gif.mno
2006.12.17 10:41 B C:\Documents and Settings\User\Mis documentos\paginas web\nering\torre linda\torrelindafinal\depas\plantas\mplantas\_notes\menuplantas_r22_c1_f2.gif.mno --> www.nering.com.pe /public_html/depas/plantas/mplantas/_notes menuplantas_r22_c1_f2.gif.mno
2006.12.17 10:41 B C:\Documents and Settings\User\Mis documentos\paginas web\nering\torre linda\torrelindafinal\depas\plantas\mplantas\_notes\menuplantas_r22_c1_f3.gif.mno --> www.nering.com.pe /public_html/depas/plantas/mplantas/_notes menuplantas_r22_c1_f3.gif.mno
2006.12.17 10:41 B C:\Documents and Settings\User\Mis documentos\paginas web\nering\torre linda\torrelindafinal\depas\plantas\mplantas\_notes\menuplantas_r23_c1.gif.mno --> www.nering.com.pe /public_html/depas/plantas/mplantas/_notes menuplantas_r23_c1.gif.mno
2006.12.17 10:41 B C:\Documents and Settings\User\Mis documentos\paginas web\nering\torre linda\torrelindafinal\depas\plantas\mplantas\_notes\menuplantas_r2_c1.gif.mno --> www.nering.com.pe /public_html/depas/plantas/mplantas/_notes menuplantas_r2_c1.gif.mno
2006.12.17 10:41 B C:\Documents and Settings\User\Mis documentos\paginas web\nering\torre linda\torrelindafinal\depas\plantas\mplantas\_notes\menuplantas_r2_c2.gif.mno --> www.nering.com.pe /public_html/depas/plantas/mplantas/_notes menuplantas_r2_c2.gif.mno
2006.12.17 10:41 B C:\Documents and Settings\User\Mis documentos\paginas web\nering\torre linda\torrelindafinal\depas\plantas\mplantas\_notes\menuplantas_r2_c2_f2.gif.mno --> www.nering.com.pe /public_html/depas/plantas/mplantas/_notes menuplantas_r2_c2_f2.gif.mno
2006.12.17 10:41 B C:\Documents and Settings\User\Mis documentos\paginas web\nering\torre linda\torrelindafinal\depas\plantas\mplantas\_notes\menuplantas_r2_c2_f3.gif.mno --> www.nering.com.pe /public_html/depas/plantas/mplantas/_notes menuplantas_r2_c2_f3.gif.mno
2006.12.17 10:41 B C:\Documents and Settings\User\Mis documentos\paginas web\nering\torre linda\torrelindafinal\depas\plantas\mplantas\_notes\menuplantas_r2_c3.gif.mno --> www.nering.com.pe /public_html/depas/plantas/mplantas/_notes menuplantas_r2_c3.gif.mno
2006.12.17 10:41 B C:\Documents and Settings\User\Mis documentos\paginas web\nering\torre linda\torrelindafinal\depas\plantas\mplantas\_notes\menuplantas_r3_c2.gif.mno --> www.nering.com.pe /public_html/depas/plantas/mplantas/_notes menuplantas_r3_c2.gif.mno
2006.12.17 10:41 B C:\Documents and Settings\User\Mis documentos\paginas web\nering\torre linda\torrelindafinal\depas\plantas\mplantas\_notes\menuplantas_r4_c2.gif.mno --> www.nering.com.pe /public_html/depas/plantas/mplantas/_notes menuplantas_r4_c2.gif.mno
2006.12.17 10:41 B C:\Documents and Settings\User\Mis documentos\paginas web\nering\torre linda\torrelindafinal\depas\plantas\mplantas\_notes\menuplantas_r4_c2_f2.gif.mno --> www.nering.com.pe /public_html/depas/plantas/mplantas/_notes menuplantas_r4_c2_f2.gif.mno
2006.12.17 10:41 B C:\Documents and Settings\User\Mis documentos\paginas web\nering\torre linda\torrelindafinal\depas\plantas\mplantas\_notes\menuplantas_r4_c2_f3.gif.mno --> www.nering.com.pe /public_html/depas/plantas/mplantas/_notes menuplantas_r4_c2_f3.gif.mno
2006.12.17 10:41 B C:\Documents and Settings\User\Mis documentos\paginas web\nering\torre linda\torrelindafinal\depas\plantas\mplantas\_notes\menuplantas_r5_c2.gif.mno --> www.nering.com.pe /public_html/depas/plantas/mplantas/_notes menuplantas_r5_c2.gif.mno
2006.12.17 10:41 B C:\Documents and Settings\User\Mis documentos\paginas web\nering\torre linda\torrelindafinal\depas\plantas\mplantas\_notes\menuplantas_r6_c2.gif.mno --> www.nering.com.pe /public_html/depas/plantas/mplantas/_notes menuplantas_r6_c2.gif.mno
2006.12.17 10:41 B C:\Documents and Settings\User\Mis documentos\paginas web\nering\torre linda\torrelindafinal\depas\plantas\mplantas\_notes\menuplantas_r6_c2_f2.gif.mno --> www.nering.com.pe /public_html/depas/plantas/mplantas/_notes menuplantas_r6_c2_f2.gif.mno
2006.12.17 10:41 B C:\Documents and Settings\User\Mis documentos\paginas web\nering\torre linda\torrelindafinal\depas\plantas\mplantas\_notes\menuplantas_r6_c2_f3.gif.mno --> www.nering.com.pe /public_html/depas/plantas/mplantas/_notes menuplantas_r6_c2_f3.gif.mno
2006.12.17 10:41 B C:\Documents and Settings\User\Mis documentos\paginas web\nering\torre linda\torrelindafinal\depas\plantas\mplantas\_notes\menuplantas_r6_c7.gif.mno --> www.nering.com.pe /public_html/depas/plantas/mplantas/_notes menuplantas_r6_c7.gif.mno
2006.12.17 10:41 B C:\Documents and Settings\User\Mis documentos\paginas web\nering\torre linda\torrelindafinal\depas\plantas\mplantas\_notes\menuplantas_r7_c2.gif.mno --> www.nering.com.pe /public_html/depas/plantas/mplantas/_notes menuplantas_r7_c2.gif.mno
2006.12.17 10:41 B C:\Documents and Settings\User\Mis documentos\paginas web\nering\torre linda\torrelindafinal\depas\plantas\mplantas\_notes\menuplantas_r8_c2.gif.mno --> www.nering.com.pe /public_html/depas/plantas/mplantas/_notes menuplantas_r8_c2.gif.mno
2006.12.17 10:41 B C:\Documents and Settings\User\Mis documentos\paginas web\nering\torre linda\torrelindafinal\depas\plantas\mplantas\_notes\menuplantas_r8_c2_f2.gif.mno --> www.nering.com.pe /public_html/depas/plantas/mplantas/_notes menuplantas_r8_c2_f2.gif.mno
2006.12.17 10:41 B C:\Documents and Settings\User\Mis documentos\paginas web\nering\torre linda\torrelindafinal\depas\plantas\mplantas\_notes\menuplantas_r8_c2_f3.gif.mno --> www.nering.com.pe /public_html/depas/plantas/mplantas/_notes menuplantas_r8_c2_f3.gif.mno
2006.12.17 10:41 B C:\Documents and Settings\User\Mis documentos\paginas web\nering\torre linda\torrelindafinal\depas\plantas\mplantas\_notes\menuplantas_r8_c6.gif.mno --> www.nering.com.pe /public_html/depas/plantas/mplantas/_notes menuplantas_r8_c6.gif.mno
2006.12.17 10:41 B C:\Documents and Settings\User\Mis documentos\paginas web\nering\torre linda\torrelindafinal\depas\plantas\mplantas\_notes\menuplantas_r9_c2.gif.mno --> www.nering.com.pe /public_html/depas/plantas/mplantas/_notes menuplantas_r9_c2.gif.mno
2006.12.17 10:41 B C:\Documents and Settings\User\Mis documentos\paginas web\nering\torre linda\torrelindafinal\depas\plantas\mplantas\_notes\WS_FTP.LOG --> www.nering.com.pe /public_html/depas/plantas/mplantas/_notes WS_FTP.LOG
2007.05.09 19:34 B C:\Documents and Settings\User\Mis documentos\paginas web\torre linda\torrelindafinal07\depas\modelos\mplantas\_notes\menuplantas_r1_c1.gif.mno --> www.nering.com.pe /public_html/depas/modelos/mplantas/_notes menuplantas_r1_c1.gif.mno
2007.05.09 19:34 B C:\Documents and Settings\User\Mis documentos\paginas web\torre linda\torrelindafinal07\depas\modelos\mplantas\_notes\menuplantas_r2_c1.gif.mno --> www.nering.com.pe /public_html/depas/modelos/mplantas/_notes menuplantas_r2_c1.gif.mno
2007.05.09 19:34 B C:\Documents and Settings\User\Mis documentos\paginas web\torre linda\torrelindafinal07\depas\modelos\mplantas\_notes\menuplantas_r2_c1_f2.gif.mno --> www.nering.com.pe /public_html/depas/modelos/mplantas/_notes menuplantas_r2_c1_f2.gif.mno
2007.05.09 19:34 B C:\Documents and Settings\User\Mis documentos\paginas web\torre linda\torrelindafinal07\depas\modelos\mplantas\_notes\menuplantas_r2_c1_f3.gif.mno --> www.nering.com.pe /public_html/depas/modelos/mplantas/_notes menuplantas_r2_c1_f3.gif.mno
2007.05.09 19:34 B C:\Documents and Settings\User\Mis documentos\paginas web\torre linda\torrelindafinal07\depas\modelos\mplantas\_notes\menuplantas_r3_c1.gif.mno --> www.nering.com.pe /public_html/depas/modelos/mplantas/_notes menuplantas_r3_c1.gif.mno
2007.05.09 19:34 B C:\Documents and Settings\User\Mis documentos\paginas web\torre linda\torrelindafinal07\depas\modelos\mplantas\_notes\menuplantas_r4_c1.gif.mno --> www.nering.com.pe /public_html/depas/modelos/mplantas/_notes menuplantas_r4_c1.gif.mno
2007.05.09 19:34 B C:\Documents and Settings\User\Mis documentos\paginas web\torre linda\torrelindafinal07\depas\modelos\mplantas\_notes\menuplantas_r4_c1_f2.gif.mno --> www.nering.com.pe /public_html/depas/modelos/mplantas/_notes menuplantas_r4_c1_f2.gif.mno
2007.05.09 19:34 B C:\Documents and Settings\User\Mis documentos\paginas web\torre linda\torrelindafinal07\depas\modelos\mplantas\_notes\menuplantas_r4_c1_f3.gif.mno --> www.nering.com.pe /public_html/depas/modelos/mplantas/_notes menuplantas_r4_c1_f3.gif.mno
2007.05.09 19:34 B C:\Documents and Settings\User\Mis documentos\paginas web\torre linda\torrelindafinal07\depas\modelos\mplantas\_notes\menuplantas_r5_c1.gif.mno --> www.nering.com.pe /public_html/depas/modelos/mplantas/_notes menuplantas_r5_c1.gif.mno
2007.05.09 19:34 B C:\Documents and Settings\User\Mis documentos\paginas web\torre linda\torrelindafinal07\depas\modelos\mplantas\_notes\menuplantas_r6_c1.gif.mno --> www.nering.com.pe /public_html/depas/modelos/mplantas/_notes menuplantas_r6_c1.gif.mno
2007.05.09 19:34 B C:\Documents and Settings\User\Mis documentos\paginas web\torre linda\torrelindafinal07\depas\modelos\mplantas\_notes\menuplantas_r6_c1_f2.gif.mno --> www.nering.com.pe /public_html/depas/modelos/mplantas/_notes menuplantas_r6_c1_f2.gif.mno
2007.05.09 19:34 B C:\Documents and Settings\User\Mis documentos\paginas web\torre linda\torrelindafinal07\depas\modelos\mplantas\_notes\menuplantas_r6_c1_f3.gif.mno --> www.nering.com.pe /public_html/depas/modelos/mplantas/_notes menuplantas_r6_c1_f3.gif.mno
2007.05.09 19:34 B C:\Documents and Settings\User\Mis documentos\paginas web\torre linda\torrelindafinal07\depas\modelos\mplantas\_notes\menuplantas_r7_c1.gif.mno --> www.nering.com.pe /public_html/depas/modelos/mplantas/_notes menuplantas_r7_c1.gif.mno
2007.05.09 19:35 B C:\Documents and Settings\User\Mis documentos\paginas web\torre linda\torrelindafinal07\depas\modelos\mplantas\_notes\WS_FTP.LOG --> www.nering.com.pe /public_html/depas/modelos/mplantas/_notes WS_FTP.LOG
2008.01.07 11:36 B C:\Documents and Settings\Yanina\Mis documentos\PAGINAS WEB\torre linda\torrelindafinal07\depas\modelos\mplantas\_notes\menudepas_r1_c1.gif.mno --> www.nering.net /depas/modelos/mplantas/_notes menudepas_r1_c1.gif.mno
2008.01.07 11:36 B C:\Documents and Settings\Yanina\Mis documentos\PAGINAS WEB\torre linda\torrelindafinal07\depas\modelos\mplantas\_notes\menudepas_r2_c1.gif.mno --> www.nering.net /depas/modelos/mplantas/_notes menudepas_r2_c1.gif.mno
2008.01.07 11:36 B C:\Documents and Settings\Yanina\Mis documentos\PAGINAS WEB\torre linda\torrelindafinal07\depas\modelos\mplantas\_notes\menudepas_r2_c1_f2.gif.mno --> www.nering.net /depas/modelos/mplantas/_notes menudepas_r2_c1_f2.gif.mno
2008.01.07 11:36 B C:\Documents and Settings\Yanina\Mis documentos\PAGINAS WEB\torre linda\torrelindafinal07\depas\modelos\mplantas\_notes\menudepas_r2_c1_f3.gif.mno --> www.nering.net /depas/modelos/mplantas/_notes menudepas_r2_c1_f3.gif.mno
2008.01.07 11:36 B C:\Documents and Settings\Yanina\Mis documentos\PAGINAS WEB\torre linda\torrelindafinal07\depas\modelos\mplantas\_notes\menudepas_r3_c1.gif.mno --> www.nering.net /depas/modelos/mplantas/_notes menudepas_r3_c1.gif.mno
2008.01.07 11:36 B C:\Documents and Settings\Yanina\Mis documentos\PAGINAS WEB\torre linda\torrelindafinal07\depas\modelos\mplantas\_notes\menudepas_r4_c1.gif.mno --> www.nering.net /depas/modelos/mplantas/_notes menudepas_r4_c1.gif.mno
2008.01.07 11:36 B C:\Documents and Settings\Yanina\Mis documentos\PAGINAS WEB\torre linda\torrelindafinal07\depas\modelos\mplantas\_notes\menudepas_r4_c1_f2.gif.mno --> www.nering.net /depas/modelos/mplantas/_notes menudepas_r4_c1_f2.gif.mno
2008.01.07 11:36 B C:\Documents and Settings\Yanina\Mis documentos\PAGINAS WEB\torre linda\torrelindafinal07\depas\modelos\mplantas\_notes\menudepas_r4_c1_f3.gif.mno --> www.nering.net /depas/modelos/mplantas/_notes menudepas_r4_c1_f3.gif.mno
2008.01.07 11:36 B C:\Documents and Settings\Yanina\Mis documentos\PAGINAS WEB\torre linda\torrelindafinal07\depas\modelos\mplantas\_notes\menudepas_r5_c1.gif.mno --> www.nering.net /depas/modelos/mplantas/_notes menudepas_r5_c1.gif.mno
2008.01.07 11:36 B C:\Documents and Settings\Yanina\Mis documentos\PAGINAS WEB\torre linda\torrelindafinal07\depas\modelos\mplantas\_notes\menudepas_r6_c1.gif.mno --> www.nering.net /depas/modelos/mplantas/_notes menudepas_r6_c1.gif.mno
2008.01.07 11:36 B C:\Documents and Settings\Yanina\Mis documentos\PAGINAS WEB\torre linda\torrelindafinal07\depas\modelos\mplantas\_notes\menudepas_r6_c1_f2.gif.mno --> www.nering.net /depas/modelos/mplantas/_notes menudepas_r6_c1_f2.gif.mno
2008.01.07 11:36 B C:\Documents and Settings\Yanina\Mis documentos\PAGINAS WEB\torre linda\torrelindafinal07\depas\modelos\mplantas\_notes\menudepas_r6_c1_f3.gif.mno --> www.nering.net /depas/modelos/mplantas/_notes menudepas_r6_c1_f3.gif.mno
2008.01.07 11:36 B C:\Documents and Settings\Yanina\Mis documentos\PAGINAS WEB\torre linda\torrelindafinal07\depas\modelos\mplantas\_notes\menudepas_r7_c1.gif.mno --> www.nering.net /depas/modelos/mplantas/_notes menudepas_r7_c1.gif.mno
2008.01.07 11:36 B C:\Documents and Settings\Yanina\Mis documentos\PAGINAS WEB\torre linda\torrelindafinal07\depas\modelos\mplantas\_notes\menuplantas_r1_c1.gif.mno --> www.nering.net /depas/modelos/mplantas/_notes menuplantas_r1_c1.gif.mno
2008.01.07 11:36 B C:\Documents and Settings\Yanina\Mis documentos\PAGINAS WEB\torre linda\torrelindafinal07\depas\modelos\mplantas\_notes\menuplantas_r2_c1.gif.mno --> www.nering.net /depas/modelos/mplantas/_notes menuplantas_r2_c1.gif.mno
2008.01.07 11:36 B C:\Documents and Settings\Yanina\Mis documentos\PAGINAS WEB\torre linda\torrelindafinal07\depas\modelos\mplantas\_notes\menuplantas_r2_c1_f2.gif.mno --> www.nering.net /depas/modelos/mplantas/_notes menuplantas_r2_c1_f2.gif.mno
2008.01.07 11:36 B C:\Documents and Settings\Yanina\Mis documentos\PAGINAS WEB\torre linda\torrelindafinal07\depas\modelos\mplantas\_notes\menuplantas_r2_c1_f3.gif.mno --> www.nering.net /depas/modelos/mplantas/_notes menuplantas_r2_c1_f3.gif.mno
2008.01.07 11:36 B C:\Documents and Settings\Yanina\Mis documentos\PAGINAS WEB\torre linda\torrelindafinal07\depas\modelos\mplantas\_notes\menuplantas_r3_c1.gif.mno --> www.nering.net /depas/modelos/mplantas/_notes menuplantas_r3_c1.gif.mno
2008.01.07 11:36 B C:\Documents and Settings\Yanina\Mis documentos\PAGINAS WEB\torre linda\torrelindafinal07\depas\modelos\mplantas\_notes\menuplantas_r4_c1.gif.mno --> www.nering.net /depas/modelos/mplantas/_notes menuplantas_r4_c1.gif.mno
2008.01.07 11:36 B C:\Documents and Settings\Yanina\Mis documentos\PAGINAS WEB\torre linda\torrelindafinal07\depas\modelos\mplantas\_notes\menuplantas_r4_c1_f2.gif.mno --> www.nering.net /depas/modelos/mplantas/_notes menuplantas_r4_c1_f2.gif.mno
2008.01.07 11:36 B C:\Documents and Settings\Yanina\Mis documentos\PAGINAS WEB\torre linda\torrelindafinal07\depas\modelos\mplantas\_notes\menuplantas_r4_c1_f3.gif.mno --> www.nering.net /depas/modelos/mplantas/_notes menuplantas_r4_c1_f3.gif.mno
2008.01.07 11:36 B C:\Documents and Settings\Yanina\Mis documentos\PAGINAS WEB\torre linda\torrelindafinal07\depas\modelos\mplantas\_notes\menuplantas_r5_c1.gif.mno --> www.nering.net /depas/modelos/mplantas/_notes menuplantas_r5_c1.gif.mno
2008.01.07 11:36 B C:\Documents and Settings\Yanina\Mis documentos\PAGINAS WEB\torre linda\torrelindafinal07\depas\modelos\mplantas\_notes\menuplantas_r6_c1.gif.mno --> www.nering.net /depas/modelos/mplantas/_notes menuplantas_r6_c1.gif.mno
2008.01.07 11:36 B C:\Documents and Settings\Yanina\Mis documentos\PAGINAS WEB\torre linda\torrelindafinal07\depas\modelos\mplantas\_notes\menuplantas_r6_c1_f2.gif.mno --> www.nering.net /depas/modelos/mplantas/_notes menuplantas_r6_c1_f2.gif.mno
2008.01.07 11:36 B C:\Documents and Settings\Yanina\Mis documentos\PAGINAS WEB\torre linda\torrelindafinal07\depas\modelos\mplantas\_notes\menuplantas_r6_c1_f3.gif.mno --> www.nering.net /depas/modelos/mplantas/_notes menuplantas_r6_c1_f3.gif.mno
2008.01.07 11:36 B C:\Documents and Settings\Yanina\Mis documentos\PAGINAS WEB\torre linda\torrelindafinal07\depas\modelos\mplantas\_notes\menuplantas_r7_c1.gif.mno --> www.nering.net /depas/modelos/mplantas/_notes menuplantas_r7_c1.gif.mno
