2006.11.07 07:17 B C:\Documents and Settings\User\Mis documentos\paginas web\nering\torre linda\torrelindafinal\depas\menudepas\_notes\menudepas_r1_c1.gif.mno --> www.ggmdesign.com /public_html/proyectos/torrelinda/depas/menudepas/_notes menudepas_r1_c1.gif.mno
2006.11.07 07:17 B C:\Documents and Settings\User\Mis documentos\paginas web\nering\torre linda\torrelindafinal\depas\menudepas\_notes\menudepas_r2_c1.gif.mno --> www.ggmdesign.com /public_html/proyectos/torrelinda/depas/menudepas/_notes menudepas_r2_c1.gif.mno
2006.11.07 07:17 B C:\Documents and Settings\User\Mis documentos\paginas web\nering\torre linda\torrelindafinal\depas\menudepas\_notes\menudepas_r2_c1_f2.gif.mno --> www.ggmdesign.com /public_html/proyectos/torrelinda/depas/menudepas/_notes menudepas_r2_c1_f2.gif.mno
2006.11.07 07:17 B C:\Documents and Settings\User\Mis documentos\paginas web\nering\torre linda\torrelindafinal\depas\menudepas\_notes\menudepas_r2_c1_f3.gif.mno --> www.ggmdesign.com /public_html/proyectos/torrelinda/depas/menudepas/_notes menudepas_r2_c1_f3.gif.mno
2006.11.07 07:17 B C:\Documents and Settings\User\Mis documentos\paginas web\nering\torre linda\torrelindafinal\depas\menudepas\_notes\menudepas_r3_c1.gif.mno --> www.ggmdesign.com /public_html/proyectos/torrelinda/depas/menudepas/_notes menudepas_r3_c1.gif.mno
2006.11.07 07:17 B C:\Documents and Settings\User\Mis documentos\paginas web\nering\torre linda\torrelindafinal\depas\menudepas\_notes\menudepas_r4_c1.gif.mno --> www.ggmdesign.com /public_html/proyectos/torrelinda/depas/menudepas/_notes menudepas_r4_c1.gif.mno
2006.11.07 07:17 B C:\Documents and Settings\User\Mis documentos\paginas web\nering\torre linda\torrelindafinal\depas\menudepas\_notes\menudepas_r4_c1_f2.gif.mno --> www.ggmdesign.com /public_html/proyectos/torrelinda/depas/menudepas/_notes menudepas_r4_c1_f2.gif.mno
2006.11.07 07:17 B C:\Documents and Settings\User\Mis documentos\paginas web\nering\torre linda\torrelindafinal\depas\menudepas\_notes\menudepas_r4_c1_f3.gif.mno --> www.ggmdesign.com /public_html/proyectos/torrelinda/depas/menudepas/_notes menudepas_r4_c1_f3.gif.mno
2006.11.07 07:17 B C:\Documents and Settings\User\Mis documentos\paginas web\nering\torre linda\torrelindafinal\depas\menudepas\_notes\menudepas_r5_c1.gif.mno --> www.ggmdesign.com /public_html/proyectos/torrelinda/depas/menudepas/_notes menudepas_r5_c1.gif.mno
2006.11.07 07:17 B C:\Documents and Settings\User\Mis documentos\paginas web\nering\torre linda\torrelindafinal\depas\menudepas\_notes\menudepas_r6_c1.gif.mno --> www.ggmdesign.com /public_html/proyectos/torrelinda/depas/menudepas/_notes menudepas_r6_c1.gif.mno
2006.11.07 07:17 B C:\Documents and Settings\User\Mis documentos\paginas web\nering\torre linda\torrelindafinal\depas\menudepas\_notes\menudepas_r6_c1_f2.gif.mno --> www.ggmdesign.com /public_html/proyectos/torrelinda/depas/menudepas/_notes menudepas_r6_c1_f2.gif.mno
2006.11.07 07:17 B C:\Documents and Settings\User\Mis documentos\paginas web\nering\torre linda\torrelindafinal\depas\menudepas\_notes\menudepas_r6_c1_f3.gif.mno --> www.ggmdesign.com /public_html/proyectos/torrelinda/depas/menudepas/_notes menudepas_r6_c1_f3.gif.mno
2006.11.07 07:17 B C:\Documents and Settings\User\Mis documentos\paginas web\nering\torre linda\torrelindafinal\depas\menudepas\_notes\menudepas_r7_c1.gif.mno --> www.ggmdesign.com /public_html/proyectos/torrelinda/depas/menudepas/_notes menudepas_r7_c1.gif.mno
2006.11.20 08:55 B C:\Documents and Settings\User\Mis documentos\paginas web\nering\torre linda\torrelindafinal\depas\menudepas\_notes\WS_FTP.LOG --> www.ggmdesign.com /public_html/proyectos/torrelinda/depas/menudepas/_notes WS_FTP.LOG
2006.12.14 12:49 B C:\Documents and Settings\User\Mis documentos\paginas web\nering\torre linda\torrelindafinal\depas\menudepas\_notes\menudepas_r1_c1.gif.mno --> www.ggmdesign.com /public_html/proyectos/torrelindafinal/depas/menudepas/_notes menudepas_r1_c1.gif.mno
2006.12.14 12:49 B C:\Documents and Settings\User\Mis documentos\paginas web\nering\torre linda\torrelindafinal\depas\menudepas\_notes\menudepas_r2_c1.gif.mno --> www.ggmdesign.com /public_html/proyectos/torrelindafinal/depas/menudepas/_notes menudepas_r2_c1.gif.mno
2006.12.14 12:50 B C:\Documents and Settings\User\Mis documentos\paginas web\nering\torre linda\torrelindafinal\depas\menudepas\_notes\menudepas_r2_c1_f2.gif.mno --> www.ggmdesign.com /public_html/proyectos/torrelindafinal/depas/menudepas/_notes menudepas_r2_c1_f2.gif.mno
2006.12.14 12:50 B C:\Documents and Settings\User\Mis documentos\paginas web\nering\torre linda\torrelindafinal\depas\menudepas\_notes\menudepas_r2_c1_f3.gif.mno --> www.ggmdesign.com /public_html/proyectos/torrelindafinal/depas/menudepas/_notes menudepas_r2_c1_f3.gif.mno
2006.12.14 12:50 B C:\Documents and Settings\User\Mis documentos\paginas web\nering\torre linda\torrelindafinal\depas\menudepas\_notes\menudepas_r3_c1.gif.mno --> www.ggmdesign.com /public_html/proyectos/torrelindafinal/depas/menudepas/_notes menudepas_r3_c1.gif.mno
2006.12.14 12:50 B C:\Documents and Settings\User\Mis documentos\paginas web\nering\torre linda\torrelindafinal\depas\menudepas\_notes\menudepas_r4_c1.gif.mno --> www.ggmdesign.com /public_html/proyectos/torrelindafinal/depas/menudepas/_notes menudepas_r4_c1.gif.mno
2006.12.14 12:50 B C:\Documents and Settings\User\Mis documentos\paginas web\nering\torre linda\torrelindafinal\depas\menudepas\_notes\menudepas_r4_c1_f2.gif.mno --> www.ggmdesign.com /public_html/proyectos/torrelindafinal/depas/menudepas/_notes menudepas_r4_c1_f2.gif.mno
2006.12.14 12:50 B C:\Documents and Settings\User\Mis documentos\paginas web\nering\torre linda\torrelindafinal\depas\menudepas\_notes\menudepas_r4_c1_f3.gif.mno --> www.ggmdesign.com /public_html/proyectos/torrelindafinal/depas/menudepas/_notes menudepas_r4_c1_f3.gif.mno
2006.12.14 12:50 B C:\Documents and Settings\User\Mis documentos\paginas web\nering\torre linda\torrelindafinal\depas\menudepas\_notes\menudepas_r5_c1.gif.mno --> www.ggmdesign.com /public_html/proyectos/torrelindafinal/depas/menudepas/_notes menudepas_r5_c1.gif.mno
2006.12.14 12:51 B C:\Documents and Settings\User\Mis documentos\paginas web\nering\torre linda\torrelindafinal\depas\menudepas\_notes\menudepas_r6_c1.gif.mno --> www.ggmdesign.com /public_html/proyectos/torrelindafinal/depas/menudepas/_notes menudepas_r6_c1.gif.mno
2006.12.14 12:51 B C:\Documents and Settings\User\Mis documentos\paginas web\nering\torre linda\torrelindafinal\depas\menudepas\_notes\menudepas_r6_c1_f2.gif.mno --> www.ggmdesign.com /public_html/proyectos/torrelindafinal/depas/menudepas/_notes menudepas_r6_c1_f2.gif.mno
2006.12.14 12:51 B C:\Documents and Settings\User\Mis documentos\paginas web\nering\torre linda\torrelindafinal\depas\menudepas\_notes\menudepas_r6_c1_f3.gif.mno --> www.ggmdesign.com /public_html/proyectos/torrelindafinal/depas/menudepas/_notes menudepas_r6_c1_f3.gif.mno
2006.12.14 12:51 B C:\Documents and Settings\User\Mis documentos\paginas web\nering\torre linda\torrelindafinal\depas\menudepas\_notes\menudepas_r7_c1.gif.mno --> www.ggmdesign.com /public_html/proyectos/torrelindafinal/depas/menudepas/_notes menudepas_r7_c1.gif.mno
2006.12.14 12:52 B C:\Documents and Settings\User\Mis documentos\paginas web\nering\torre linda\torrelindafinal\depas\menudepas\_notes\WS_FTP.LOG --> www.ggmdesign.com /public_html/proyectos/torrelindafinal/depas/menudepas/_notes WS_FTP.LOG
2006.12.17 10:40 B C:\Documents and Settings\User\Mis documentos\paginas web\nering\torre linda\torrelindafinal\depas\menudepas\_notes\menudepas_r1_c1.gif.mno --> www.nering.com.pe /public_html/depas/menudepas/_notes menudepas_r1_c1.gif.mno
2006.12.17 10:40 B C:\Documents and Settings\User\Mis documentos\paginas web\nering\torre linda\torrelindafinal\depas\menudepas\_notes\menudepas_r2_c1.gif.mno --> www.nering.com.pe /public_html/depas/menudepas/_notes menudepas_r2_c1.gif.mno
2006.12.17 10:40 B C:\Documents and Settings\User\Mis documentos\paginas web\nering\torre linda\torrelindafinal\depas\menudepas\_notes\menudepas_r2_c1_f2.gif.mno --> www.nering.com.pe /public_html/depas/menudepas/_notes menudepas_r2_c1_f2.gif.mno
2006.12.17 10:40 B C:\Documents and Settings\User\Mis documentos\paginas web\nering\torre linda\torrelindafinal\depas\menudepas\_notes\menudepas_r2_c1_f3.gif.mno --> www.nering.com.pe /public_html/depas/menudepas/_notes menudepas_r2_c1_f3.gif.mno
2006.12.17 10:40 B C:\Documents and Settings\User\Mis documentos\paginas web\nering\torre linda\torrelindafinal\depas\menudepas\_notes\menudepas_r3_c1.gif.mno --> www.nering.com.pe /public_html/depas/menudepas/_notes menudepas_r3_c1.gif.mno
2006.12.17 10:40 B C:\Documents and Settings\User\Mis documentos\paginas web\nering\torre linda\torrelindafinal\depas\menudepas\_notes\menudepas_r4_c1.gif.mno --> www.nering.com.pe /public_html/depas/menudepas/_notes menudepas_r4_c1.gif.mno
2006.12.17 10:40 B C:\Documents and Settings\User\Mis documentos\paginas web\nering\torre linda\torrelindafinal\depas\menudepas\_notes\menudepas_r4_c1_f2.gif.mno --> www.nering.com.pe /public_html/depas/menudepas/_notes menudepas_r4_c1_f2.gif.mno
2006.12.17 10:40 B C:\Documents and Settings\User\Mis documentos\paginas web\nering\torre linda\torrelindafinal\depas\menudepas\_notes\menudepas_r4_c1_f3.gif.mno --> www.nering.com.pe /public_html/depas/menudepas/_notes menudepas_r4_c1_f3.gif.mno
2006.12.17 10:40 B C:\Documents and Settings\User\Mis documentos\paginas web\nering\torre linda\torrelindafinal\depas\menudepas\_notes\menudepas_r5_c1.gif.mno --> www.nering.com.pe /public_html/depas/menudepas/_notes menudepas_r5_c1.gif.mno
2006.12.17 10:40 B C:\Documents and Settings\User\Mis documentos\paginas web\nering\torre linda\torrelindafinal\depas\menudepas\_notes\menudepas_r6_c1.gif.mno --> www.nering.com.pe /public_html/depas/menudepas/_notes menudepas_r6_c1.gif.mno
2006.12.17 10:40 B C:\Documents and Settings\User\Mis documentos\paginas web\nering\torre linda\torrelindafinal\depas\menudepas\_notes\menudepas_r6_c1_f2.gif.mno --> www.nering.com.pe /public_html/depas/menudepas/_notes menudepas_r6_c1_f2.gif.mno
2006.12.17 10:40 B C:\Documents and Settings\User\Mis documentos\paginas web\nering\torre linda\torrelindafinal\depas\menudepas\_notes\menudepas_r6_c1_f3.gif.mno --> www.nering.com.pe /public_html/depas/menudepas/_notes menudepas_r6_c1_f3.gif.mno
2006.12.17 10:40 B C:\Documents and Settings\User\Mis documentos\paginas web\nering\torre linda\torrelindafinal\depas\menudepas\_notes\menudepas_r7_c1.gif.mno --> www.nering.com.pe /public_html/depas/menudepas/_notes menudepas_r7_c1.gif.mno
2006.12.17 10:40 B C:\Documents and Settings\User\Mis documentos\paginas web\nering\torre linda\torrelindafinal\depas\menudepas\_notes\WS_FTP.LOG --> www.nering.com.pe /public_html/depas/menudepas/_notes WS_FTP.LOG
2007.05.09 19:34 B C:\Documents and Settings\User\Mis documentos\paginas web\torre linda\torrelindafinal07\depas\menudepas\_notes\menudepas_r1_c1.gif.mno --> www.nering.com.pe /public_html/depas/menudepas/_notes menudepas_r1_c1.gif.mno
2007.05.09 19:34 B C:\Documents and Settings\User\Mis documentos\paginas web\torre linda\torrelindafinal07\depas\menudepas\_notes\menudepas_r2_c1.gif.mno --> www.nering.com.pe /public_html/depas/menudepas/_notes menudepas_r2_c1.gif.mno
2007.05.09 19:34 B C:\Documents and Settings\User\Mis documentos\paginas web\torre linda\torrelindafinal07\depas\menudepas\_notes\menudepas_r2_c1_f2.gif.mno --> www.nering.com.pe /public_html/depas/menudepas/_notes menudepas_r2_c1_f2.gif.mno
2007.05.09 19:34 B C:\Documents and Settings\User\Mis documentos\paginas web\torre linda\torrelindafinal07\depas\menudepas\_notes\menudepas_r2_c1_f3.gif.mno --> www.nering.com.pe /public_html/depas/menudepas/_notes menudepas_r2_c1_f3.gif.mno
2007.05.09 19:34 B C:\Documents and Settings\User\Mis documentos\paginas web\torre linda\torrelindafinal07\depas\menudepas\_notes\menudepas_r3_c1.gif.mno --> www.nering.com.pe /public_html/depas/menudepas/_notes menudepas_r3_c1.gif.mno
2007.05.09 19:34 B C:\Documents and Settings\User\Mis documentos\paginas web\torre linda\torrelindafinal07\depas\menudepas\_notes\menudepas_r4_c1.gif.mno --> www.nering.com.pe /public_html/depas/menudepas/_notes menudepas_r4_c1.gif.mno
2007.05.09 19:34 B C:\Documents and Settings\User\Mis documentos\paginas web\torre linda\torrelindafinal07\depas\menudepas\_notes\menudepas_r4_c1_f2.gif.mno --> www.nering.com.pe /public_html/depas/menudepas/_notes menudepas_r4_c1_f2.gif.mno
2007.05.09 19:34 B C:\Documents and Settings\User\Mis documentos\paginas web\torre linda\torrelindafinal07\depas\menudepas\_notes\menudepas_r4_c1_f3.gif.mno --> www.nering.com.pe /public_html/depas/menudepas/_notes menudepas_r4_c1_f3.gif.mno
2007.05.09 19:34 B C:\Documents and Settings\User\Mis documentos\paginas web\torre linda\torrelindafinal07\depas\menudepas\_notes\menudepas_r5_c1.gif.mno --> www.nering.com.pe /public_html/depas/menudepas/_notes menudepas_r5_c1.gif.mno
2007.05.09 19:34 B C:\Documents and Settings\User\Mis documentos\paginas web\torre linda\torrelindafinal07\depas\menudepas\_notes\menudepas_r6_c1.gif.mno --> www.nering.com.pe /public_html/depas/menudepas/_notes menudepas_r6_c1.gif.mno
2007.05.09 19:34 B C:\Documents and Settings\User\Mis documentos\paginas web\torre linda\torrelindafinal07\depas\menudepas\_notes\menudepas_r6_c1_f2.gif.mno --> www.nering.com.pe /public_html/depas/menudepas/_notes menudepas_r6_c1_f2.gif.mno
2007.05.09 19:34 B C:\Documents and Settings\User\Mis documentos\paginas web\torre linda\torrelindafinal07\depas\menudepas\_notes\menudepas_r6_c1_f3.gif.mno --> www.nering.com.pe /public_html/depas/menudepas/_notes menudepas_r6_c1_f3.gif.mno
2007.05.09 19:34 B C:\Documents and Settings\User\Mis documentos\paginas web\torre linda\torrelindafinal07\depas\menudepas\_notes\menudepas_r7_c1.gif.mno --> www.nering.com.pe /public_html/depas/menudepas/_notes menudepas_r7_c1.gif.mno
2007.05.09 19:34 B C:\Documents and Settings\User\Mis documentos\paginas web\torre linda\torrelindafinal07\depas\menudepas\_notes\WS_FTP.LOG --> www.nering.com.pe /public_html/depas/menudepas/_notes WS_FTP.LOG
2008.01.07 11:35 B C:\Documents and Settings\Yanina\Mis documentos\PAGINAS WEB\torre linda\torrelindafinal07\depas\menudepas\_notes\menudepas_r1_c1.gif.mno --> www.nering.net /depas/menudepas/_notes menudepas_r1_c1.gif.mno
2008.01.07 11:35 B C:\Documents and Settings\Yanina\Mis documentos\PAGINAS WEB\torre linda\torrelindafinal07\depas\menudepas\_notes\menudepas_r2_c1.gif.mno --> www.nering.net /depas/menudepas/_notes menudepas_r2_c1.gif.mno
2008.01.07 11:35 B C:\Documents and Settings\Yanina\Mis documentos\PAGINAS WEB\torre linda\torrelindafinal07\depas\menudepas\_notes\menudepas_r2_c1_f2.gif.mno --> www.nering.net /depas/menudepas/_notes menudepas_r2_c1_f2.gif.mno
2008.01.07 11:35 B C:\Documents and Settings\Yanina\Mis documentos\PAGINAS WEB\torre linda\torrelindafinal07\depas\menudepas\_notes\menudepas_r2_c1_f3.gif.mno --> www.nering.net /depas/menudepas/_notes menudepas_r2_c1_f3.gif.mno
2008.01.07 11:35 B C:\Documents and Settings\Yanina\Mis documentos\PAGINAS WEB\torre linda\torrelindafinal07\depas\menudepas\_notes\menudepas_r3_c1.gif.mno --> www.nering.net /depas/menudepas/_notes menudepas_r3_c1.gif.mno
2008.01.07 11:35 B C:\Documents and Settings\Yanina\Mis documentos\PAGINAS WEB\torre linda\torrelindafinal07\depas\menudepas\_notes\menudepas_r4_c1.gif.mno --> www.nering.net /depas/menudepas/_notes menudepas_r4_c1.gif.mno
2008.01.07 11:35 B C:\Documents and Settings\Yanina\Mis documentos\PAGINAS WEB\torre linda\torrelindafinal07\depas\menudepas\_notes\menudepas_r4_c1_f2.gif.mno --> www.nering.net /depas/menudepas/_notes menudepas_r4_c1_f2.gif.mno
2008.01.07 11:35 B C:\Documents and Settings\Yanina\Mis documentos\PAGINAS WEB\torre linda\torrelindafinal07\depas\menudepas\_notes\menudepas_r4_c1_f3.gif.mno --> www.nering.net /depas/menudepas/_notes menudepas_r4_c1_f3.gif.mno
2008.01.07 11:35 B C:\Documents and Settings\Yanina\Mis documentos\PAGINAS WEB\torre linda\torrelindafinal07\depas\menudepas\_notes\menudepas_r5_c1.gif.mno --> www.nering.net /depas/menudepas/_notes menudepas_r5_c1.gif.mno
2008.01.07 11:35 B C:\Documents and Settings\Yanina\Mis documentos\PAGINAS WEB\torre linda\torrelindafinal07\depas\menudepas\_notes\menudepas_r6_c1.gif.mno --> www.nering.net /depas/menudepas/_notes menudepas_r6_c1.gif.mno
2008.01.07 11:35 B C:\Documents and Settings\Yanina\Mis documentos\PAGINAS WEB\torre linda\torrelindafinal07\depas\menudepas\_notes\menudepas_r6_c1_f2.gif.mno --> www.nering.net /depas/menudepas/_notes menudepas_r6_c1_f2.gif.mno
2008.01.07 11:35 B C:\Documents and Settings\Yanina\Mis documentos\PAGINAS WEB\torre linda\torrelindafinal07\depas\menudepas\_notes\menudepas_r6_c1_f3.gif.mno --> www.nering.net /depas/menudepas/_notes menudepas_r6_c1_f3.gif.mno
2008.01.07 11:35 B C:\Documents and Settings\Yanina\Mis documentos\PAGINAS WEB\torre linda\torrelindafinal07\depas\menudepas\_notes\menudepas_r7_c1.gif.mno --> www.nering.net /depas/menudepas/_notes menudepas_r7_c1.gif.mno
