2006.12.14 12:01 B C:\Documents and Settings\User\Mis documentos\paginas web\nering\torre linda\torrelindafinal\depas\departamentos\detalle\13piso\1301.gif --> www.ggmdesign.com /public_html/proyectos/torrelindafinal/depas/departamentos/detalle/13piso 1301.gif
2006.12.14 12:02 B C:\Documents and Settings\User\Mis documentos\paginas web\nering\torre linda\torrelindafinal\depas\departamentos\detalle\13piso\1301.htm --> www.ggmdesign.com /public_html/proyectos/torrelindafinal/depas/departamentos/detalle/13piso 1301.htm
2006.12.14 12:02 B C:\Documents and Settings\User\Mis documentos\paginas web\nering\torre linda\torrelindafinal\depas\departamentos\detalle\13piso\1302.htm --> www.ggmdesign.com /public_html/proyectos/torrelindafinal/depas/departamentos/detalle/13piso 1302.htm
2006.12.14 12:02 B C:\Documents and Settings\User\Mis documentos\paginas web\nering\torre linda\torrelindafinal\depas\departamentos\detalle\13piso\1302duplexa.gif --> www.ggmdesign.com /public_html/proyectos/torrelindafinal/depas/departamentos/detalle/13piso 1302duplexa.gif
2006.12.14 12:02 B C:\Documents and Settings\User\Mis documentos\paginas web\nering\torre linda\torrelindafinal\depas\departamentos\detalle\13piso\1303.gif --> www.ggmdesign.com /public_html/proyectos/torrelindafinal/depas/departamentos/detalle/13piso 1303.gif
2006.12.14 12:03 B C:\Documents and Settings\User\Mis documentos\paginas web\nering\torre linda\torrelindafinal\depas\departamentos\detalle\13piso\1303.htm --> www.ggmdesign.com /public_html/proyectos/torrelindafinal/depas/departamentos/detalle/13piso 1303.htm
2006.12.17 10:31 B C:\Documents and Settings\User\Mis documentos\paginas web\nering\torre linda\torrelindafinal\depas\departamentos\detalle\13piso\1301.gif --> www.nering.com.pe /public_html/depas/departamentos/detalle/13piso 1301.gif
2006.12.17 10:31 B C:\Documents and Settings\User\Mis documentos\paginas web\nering\torre linda\torrelindafinal\depas\departamentos\detalle\13piso\1301.htm --> www.nering.com.pe /public_html/depas/departamentos/detalle/13piso 1301.htm
2006.12.17 10:31 B C:\Documents and Settings\User\Mis documentos\paginas web\nering\torre linda\torrelindafinal\depas\departamentos\detalle\13piso\1302.htm --> www.nering.com.pe /public_html/depas/departamentos/detalle/13piso 1302.htm
2006.12.17 10:31 B C:\Documents and Settings\User\Mis documentos\paginas web\nering\torre linda\torrelindafinal\depas\departamentos\detalle\13piso\1302duplexa.gif --> www.nering.com.pe /public_html/depas/departamentos/detalle/13piso 1302duplexa.gif
2006.12.17 10:32 B C:\Documents and Settings\User\Mis documentos\paginas web\nering\torre linda\torrelindafinal\depas\departamentos\detalle\13piso\1303.gif --> www.nering.com.pe /public_html/depas/departamentos/detalle/13piso 1303.gif
2006.12.17 10:32 B C:\Documents and Settings\User\Mis documentos\paginas web\nering\torre linda\torrelindafinal\depas\departamentos\detalle\13piso\1303.htm --> www.nering.com.pe /public_html/depas/departamentos/detalle/13piso 1303.htm
2006.12.17 10:32 B C:\Documents and Settings\User\Mis documentos\paginas web\nering\torre linda\torrelindafinal\depas\departamentos\detalle\13piso\WS_FTP.LOG --> www.nering.com.pe /public_html/depas/departamentos/detalle/13piso WS_FTP.LOG
2007.05.09 19:37 B C:\Documents and Settings\User\Mis documentos\paginas web\torre linda\torrelindafinal07\depas\planos\detalle\13piso\1301.gif --> www.nering.com.pe /public_html/depas/planos/detalle/13piso 1301.gif
2007.05.09 19:37 B C:\Documents and Settings\User\Mis documentos\paginas web\torre linda\torrelindafinal07\depas\planos\detalle\13piso\1301.htm --> www.nering.com.pe /public_html/depas/planos/detalle/13piso 1301.htm
2007.05.09 19:37 B C:\Documents and Settings\User\Mis documentos\paginas web\torre linda\torrelindafinal07\depas\planos\detalle\13piso\1302.htm --> www.nering.com.pe /public_html/depas/planos/detalle/13piso 1302.htm
2007.05.09 19:37 B C:\Documents and Settings\User\Mis documentos\paginas web\torre linda\torrelindafinal07\depas\planos\detalle\13piso\1302duplexa.gif --> www.nering.com.pe /public_html/depas/planos/detalle/13piso 1302duplexa.gif
2007.05.09 19:37 B C:\Documents and Settings\User\Mis documentos\paginas web\torre linda\torrelindafinal07\depas\planos\detalle\13piso\1303.gif --> www.nering.com.pe /public_html/depas/planos/detalle/13piso 1303.gif
2007.05.09 19:37 B C:\Documents and Settings\User\Mis documentos\paginas web\torre linda\torrelindafinal07\depas\planos\detalle\13piso\1303.htm --> www.nering.com.pe /public_html/depas/planos/detalle/13piso 1303.htm
2007.05.09 19:37 B C:\Documents and Settings\User\Mis documentos\paginas web\torre linda\torrelindafinal07\depas\planos\detalle\13piso\Thumbs.db --> www.nering.com.pe /public_html/depas/planos/detalle/13piso Thumbs.db
2007.05.09 19:37 B C:\Documents and Settings\User\Mis documentos\paginas web\torre linda\torrelindafinal07\depas\planos\detalle\13piso\WS_FTP.LOG --> www.nering.com.pe /public_html/depas/planos/detalle/13piso WS_FTP.LOG
2007.05.17 10:20 B C:\Documents and Settings\User\Mis documentos\paginas web\torre linda\torrelindafinal07\depas\planos\detalle\13piso\1301.gif --> www.nering.com.pe /public_html/depas/planos/detalle/13piso 1301.gif
2007.05.17 10:20 B C:\Documents and Settings\User\Mis documentos\paginas web\torre linda\torrelindafinal07\depas\planos\detalle\13piso\1301.htm --> www.nering.com.pe /public_html/depas/planos/detalle/13piso 1301.htm
2007.05.17 10:20 B C:\Documents and Settings\User\Mis documentos\paginas web\torre linda\torrelindafinal07\depas\planos\detalle\13piso\1302.htm --> www.nering.com.pe /public_html/depas/planos/detalle/13piso 1302.htm
2007.05.17 10:20 B C:\Documents and Settings\User\Mis documentos\paginas web\torre linda\torrelindafinal07\depas\planos\detalle\13piso\1302duplexa.gif --> www.nering.com.pe /public_html/depas/planos/detalle/13piso 1302duplexa.gif
2007.05.17 10:20 B C:\Documents and Settings\User\Mis documentos\paginas web\torre linda\torrelindafinal07\depas\planos\detalle\13piso\1303.gif --> www.nering.com.pe /public_html/depas/planos/detalle/13piso 1303.gif
2007.05.17 10:20 B C:\Documents and Settings\User\Mis documentos\paginas web\torre linda\torrelindafinal07\depas\planos\detalle\13piso\1303.htm --> www.nering.com.pe /public_html/depas/planos/detalle/13piso 1303.htm
2008.01.07 11:37 B C:\Documents and Settings\Yanina\Mis documentos\PAGINAS WEB\torre linda\torrelindafinal07\depas\planos\detalle\13piso\1301.gif --> www.nering.net /depas/planos/detalle/13piso 1301.gif
2008.01.07 11:37 B C:\Documents and Settings\Yanina\Mis documentos\PAGINAS WEB\torre linda\torrelindafinal07\depas\planos\detalle\13piso\1301.htm --> www.nering.net /depas/planos/detalle/13piso 1301.htm
2008.01.07 11:37 B C:\Documents and Settings\Yanina\Mis documentos\PAGINAS WEB\torre linda\torrelindafinal07\depas\planos\detalle\13piso\1302.htm --> www.nering.net /depas/planos/detalle/13piso 1302.htm
2008.01.07 11:37 B C:\Documents and Settings\Yanina\Mis documentos\PAGINAS WEB\torre linda\torrelindafinal07\depas\planos\detalle\13piso\1302duplexa.gif --> www.nering.net /depas/planos/detalle/13piso 1302duplexa.gif
2008.01.07 11:37 B C:\Documents and Settings\Yanina\Mis documentos\PAGINAS WEB\torre linda\torrelindafinal07\depas\planos\detalle\13piso\1303.gif --> www.nering.net /depas/planos/detalle/13piso 1303.gif
2008.01.07 11:37 B C:\Documents and Settings\Yanina\Mis documentos\PAGINAS WEB\torre linda\torrelindafinal07\depas\planos\detalle\13piso\1303.htm --> www.nering.net /depas/planos/detalle/13piso 1303.htm
2008.01.07 11:37 B C:\Documents and Settings\Yanina\Mis documentos\PAGINAS WEB\torre linda\torrelindafinal07\depas\planos\detalle\13piso\Thumbs.db --> www.nering.net /depas/planos/detalle/13piso Thumbs.db
