2006.11.20 08:50 B C:\Documents and Settings\User\Mis documentos\paginas web\nering\torre linda\torrelindafinal\tecnicas\tecnica1a.htm --> www.ggmdesign.com /public_html/proyectos/torrelinda/tecnicas tecnica1a.htm
2006.11.20 08:50 B C:\Documents and Settings\User\Mis documentos\paginas web\nering\torre linda\torrelindafinal\tecnicas\tecnica2.htm --> www.ggmdesign.com /public_html/proyectos/torrelinda/tecnicas tecnica2.htm
2006.11.20 08:50 B C:\Documents and Settings\User\Mis documentos\paginas web\nering\torre linda\torrelindafinal\tecnicas\tecnica3.htm --> www.ggmdesign.com /public_html/proyectos/torrelinda/tecnicas tecnica3.htm
2006.12.14 13:28 B C:\Documents and Settings\User\Mis documentos\paginas web\nering\torre linda\torrelindafinal\tecnicas\arribainter1.swf --> www.ggmdesign.com /public_html/proyectos/torrelindafinal/tecnicas arribainter1.swf
2006.12.14 13:28 B C:\Documents and Settings\User\Mis documentos\paginas web\nering\torre linda\torrelindafinal\tecnicas\tecnica1.jpg --> www.ggmdesign.com /public_html/proyectos/torrelindafinal/tecnicas tecnica1.jpg
2006.12.14 13:28 B C:\Documents and Settings\User\Mis documentos\paginas web\nering\torre linda\torrelindafinal\tecnicas\tecnica1a.htm --> www.ggmdesign.com /public_html/proyectos/torrelindafinal/tecnicas tecnica1a.htm
2006.12.14 13:28 B C:\Documents and Settings\User\Mis documentos\paginas web\nering\torre linda\torrelindafinal\tecnicas\tecnica2.htm --> www.ggmdesign.com /public_html/proyectos/torrelindafinal/tecnicas tecnica2.htm
2006.12.14 13:28 B C:\Documents and Settings\User\Mis documentos\paginas web\nering\torre linda\torrelindafinal\tecnicas\tecnica2.jpg --> www.ggmdesign.com /public_html/proyectos/torrelindafinal/tecnicas tecnica2.jpg
2006.12.14 13:28 B C:\Documents and Settings\User\Mis documentos\paginas web\nering\torre linda\torrelindafinal\tecnicas\tecnica3.htm --> www.ggmdesign.com /public_html/proyectos/torrelindafinal/tecnicas tecnica3.htm
2006.12.14 13:28 B C:\Documents and Settings\User\Mis documentos\paginas web\nering\torre linda\torrelindafinal\tecnicas\tecnica3.jpg --> www.ggmdesign.com /public_html/proyectos/torrelindafinal/tecnicas tecnica3.jpg
2006.12.14 13:28 B C:\Documents and Settings\User\Mis documentos\paginas web\nering\torre linda\torrelindafinal\tecnicas\tecnica4.htm --> www.ggmdesign.com /public_html/proyectos/torrelindafinal/tecnicas tecnica4.htm
2006.12.14 13:29 B C:\Documents and Settings\User\Mis documentos\paginas web\nering\torre linda\torrelindafinal\tecnicas\tecnica4.jpg --> www.ggmdesign.com /public_html/proyectos/torrelindafinal/tecnicas tecnica4.jpg
2006.12.14 13:29 B C:\Documents and Settings\User\Mis documentos\paginas web\nering\torre linda\torrelindafinal\tecnicas\Thumbs.db --> www.ggmdesign.com /public_html/proyectos/torrelindafinal/tecnicas Thumbs.db
2006.12.14 13:29 B C:\Documents and Settings\User\Mis documentos\paginas web\nering\torre linda\torrelindafinal\tecnicas\WS_FTP.LOG --> www.ggmdesign.com /public_html/proyectos/torrelindafinal/tecnicas WS_FTP.LOG
2006.12.17 10:52 B C:\Documents and Settings\User\Mis documentos\paginas web\nering\torre linda\torrelindafinal\tecnicas\arribainter1.swf --> www.nering.com.pe /public_html/tecnicas arribainter1.swf
2006.12.17 10:52 B C:\Documents and Settings\User\Mis documentos\paginas web\nering\torre linda\torrelindafinal\tecnicas\tecnica1.jpg --> www.nering.com.pe /public_html/tecnicas tecnica1.jpg
2006.12.17 10:52 B C:\Documents and Settings\User\Mis documentos\paginas web\nering\torre linda\torrelindafinal\tecnicas\tecnica1a.htm --> www.nering.com.pe /public_html/tecnicas tecnica1a.htm
2006.12.17 10:52 B C:\Documents and Settings\User\Mis documentos\paginas web\nering\torre linda\torrelindafinal\tecnicas\tecnica2.htm --> www.nering.com.pe /public_html/tecnicas tecnica2.htm
2006.12.17 10:52 B C:\Documents and Settings\User\Mis documentos\paginas web\nering\torre linda\torrelindafinal\tecnicas\tecnica2.jpg --> www.nering.com.pe /public_html/tecnicas tecnica2.jpg
2006.12.17 10:52 B C:\Documents and Settings\User\Mis documentos\paginas web\nering\torre linda\torrelindafinal\tecnicas\tecnica3.htm --> www.nering.com.pe /public_html/tecnicas tecnica3.htm
2006.12.17 10:52 B C:\Documents and Settings\User\Mis documentos\paginas web\nering\torre linda\torrelindafinal\tecnicas\tecnica3.jpg --> www.nering.com.pe /public_html/tecnicas tecnica3.jpg
2006.12.17 10:52 B C:\Documents and Settings\User\Mis documentos\paginas web\nering\torre linda\torrelindafinal\tecnicas\tecnica4.htm --> www.nering.com.pe /public_html/tecnicas tecnica4.htm
2006.12.17 10:52 B C:\Documents and Settings\User\Mis documentos\paginas web\nering\torre linda\torrelindafinal\tecnicas\tecnica4.jpg --> www.nering.com.pe /public_html/tecnicas tecnica4.jpg
2006.12.17 10:52 B C:\Documents and Settings\User\Mis documentos\paginas web\nering\torre linda\torrelindafinal\tecnicas\Thumbs.db --> www.nering.com.pe /public_html/tecnicas Thumbs.db
2006.12.17 10:52 B C:\Documents and Settings\User\Mis documentos\paginas web\nering\torre linda\torrelindafinal\tecnicas\WS_FTP.LOG --> www.nering.com.pe /public_html/tecnicas WS_FTP.LOG
2006.12.18 10:26 B C:\Documents and Settings\User\Mis documentos\paginas web\nering\torre linda\torrelindafinal\tecnicas\arribainter1.swf --> www.nering.com.pe /public_html/tecnicas arribainter1.swf
2006.12.31 12:16 B C:\Documents and Settings\User\Mis documentos\paginas web\nering\torre linda\torrelindafinal\tecnicas\arribainter1.swf --> www.nering.com.pe /public_html/tecnicas arribainter1.swf
2007.05.17 23:09 B C:\Documents and Settings\User\Mis documentos\paginas web\torre linda\torrelindafinal07\tecnicas\arribainter1.swf --> www.nering.com.pe /public_html/tecnicas arribainter1.swf
2007.05.17 23:09 B C:\Documents and Settings\User\Mis documentos\paginas web\torre linda\torrelindafinal07\tecnicas\tecnica1.jpg --> www.nering.com.pe /public_html/tecnicas tecnica1.jpg
2007.05.17 23:09 B C:\Documents and Settings\User\Mis documentos\paginas web\torre linda\torrelindafinal07\tecnicas\tecnica1a.htm --> www.nering.com.pe /public_html/tecnicas tecnica1a.htm
2007.05.17 23:09 B C:\Documents and Settings\User\Mis documentos\paginas web\torre linda\torrelindafinal07\tecnicas\tecnica2.htm --> www.nering.com.pe /public_html/tecnicas tecnica2.htm
2007.05.17 23:09 B C:\Documents and Settings\User\Mis documentos\paginas web\torre linda\torrelindafinal07\tecnicas\tecnica2.jpg --> www.nering.com.pe /public_html/tecnicas tecnica2.jpg
2007.05.17 23:09 B C:\Documents and Settings\User\Mis documentos\paginas web\torre linda\torrelindafinal07\tecnicas\tecnica2a.htm --> www.nering.com.pe /public_html/tecnicas tecnica2a.htm
2007.05.18 08:18 B C:\Documents and Settings\User\Mis documentos\paginas web\torre linda\torrelindafinal07\tecnicas\arribainter1.swf --> www.nering.com.pe /public_html/tecnicas arribainter1.swf
2007.05.18 08:18 B C:\Documents and Settings\User\Mis documentos\paginas web\torre linda\torrelindafinal07\tecnicas\tec1.swf --> www.nering.com.pe /public_html/tecnicas tec1.swf
2007.05.18 08:18 B C:\Documents and Settings\User\Mis documentos\paginas web\torre linda\torrelindafinal07\tecnicas\tec2.swf --> www.nering.com.pe /public_html/tecnicas tec2.swf
2007.05.18 08:18 B C:\Documents and Settings\User\Mis documentos\paginas web\torre linda\torrelindafinal07\tecnicas\tecnica1.jpg --> www.nering.com.pe /public_html/tecnicas tecnica1.jpg
2007.05.18 08:18 B C:\Documents and Settings\User\Mis documentos\paginas web\torre linda\torrelindafinal07\tecnicas\tecnica1a.htm --> www.nering.com.pe /public_html/tecnicas tecnica1a.htm
2007.05.18 08:18 B C:\Documents and Settings\User\Mis documentos\paginas web\torre linda\torrelindafinal07\tecnicas\tecnica2.htm --> www.nering.com.pe /public_html/tecnicas tecnica2.htm
2007.05.18 08:18 B C:\Documents and Settings\User\Mis documentos\paginas web\torre linda\torrelindafinal07\tecnicas\tecnica2.jpg --> www.nering.com.pe /public_html/tecnicas tecnica2.jpg
2007.05.18 08:18 B C:\Documents and Settings\User\Mis documentos\paginas web\torre linda\torrelindafinal07\tecnicas\tecnica2a.htm --> www.nering.com.pe /public_html/tecnicas tecnica2a.htm
2007.05.25 16:45 B C:\Documents and Settings\User\Mis documentos\paginas web\torre linda\torrelindafinal07\tecnicas\tecnica1a.htm --> www.nering.com.pe /public_html/tecnicas tecnica1a.htm
2007.05.25 16:45 B C:\Documents and Settings\User\Mis documentos\paginas web\torre linda\torrelindafinal07\tecnicas\tecnica2.htm --> www.nering.com.pe /public_html/tecnicas tecnica2.htm
2007.05.25 16:45 B C:\Documents and Settings\User\Mis documentos\paginas web\torre linda\torrelindafinal07\tecnicas\tecnica2a.htm --> www.nering.com.pe /public_html/tecnicas tecnica2a.htm
2007.05.25 16:46 B C:\Documents and Settings\User\Mis documentos\paginas web\torre linda\torrelindafinal07\tecnicas\tecnica1a.htm --> www.nering.com.pe /public_html/tecnicas tecnica1a.htm
2007.05.25 16:46 B C:\Documents and Settings\User\Mis documentos\paginas web\torre linda\torrelindafinal07\tecnicas\tecnica2.htm --> www.nering.com.pe /public_html/tecnicas tecnica2.htm
2007.05.25 16:46 B C:\Documents and Settings\User\Mis documentos\paginas web\torre linda\torrelindafinal07\tecnicas\tecnica2a.htm --> www.nering.com.pe /public_html/tecnicas tecnica2a.htm
2008.01.07 11:47 B C:\Documents and Settings\Yanina\Mis documentos\PAGINAS WEB\torre linda\torrelindafinal07\tecnicas\arribainter1.swf --> www.nering.net /tecnicas arribainter1.swf
2008.01.07 11:47 B C:\Documents and Settings\Yanina\Mis documentos\PAGINAS WEB\torre linda\torrelindafinal07\tecnicas\tec1.swf --> www.nering.net /tecnicas tec1.swf
2008.01.07 11:47 B C:\Documents and Settings\Yanina\Mis documentos\PAGINAS WEB\torre linda\torrelindafinal07\tecnicas\tec2.swf --> www.nering.net /tecnicas tec2.swf
2008.01.07 11:47 B C:\Documents and Settings\Yanina\Mis documentos\PAGINAS WEB\torre linda\torrelindafinal07\tecnicas\tecnica1.jpg --> www.nering.net /tecnicas tecnica1.jpg
2008.01.07 11:47 B C:\Documents and Settings\Yanina\Mis documentos\PAGINAS WEB\torre linda\torrelindafinal07\tecnicas\tecnica1a.htm --> www.nering.net /tecnicas tecnica1a.htm
2008.01.07 11:47 B C:\Documents and Settings\Yanina\Mis documentos\PAGINAS WEB\torre linda\torrelindafinal07\tecnicas\tecnica2.htm --> www.nering.net /tecnicas tecnica2.htm
2008.01.07 11:47 B C:\Documents and Settings\Yanina\Mis documentos\PAGINAS WEB\torre linda\torrelindafinal07\tecnicas\tecnica2.jpg --> www.nering.net /tecnicas tecnica2.jpg
2008.01.07 11:47 B C:\Documents and Settings\Yanina\Mis documentos\PAGINAS WEB\torre linda\torrelindafinal07\tecnicas\tecnica2a.htm --> www.nering.net /tecnicas tecnica2a.htm
2008.01.07 11:47 B C:\Documents and Settings\Yanina\Mis documentos\PAGINAS WEB\torre linda\torrelindafinal07\tecnicas\Thumbs.db --> www.nering.net /tecnicas Thumbs.db
